#
# There is insufficient memory for the Java Runtime Environment to continue.
# Native memory allocation (mmap) failed to map 266338304 bytes for G1 virtual space
# Possible reasons:
#   The system is out of physical RAM or swap space
#   The process is running with CompressedOops enabled, and the Java Heap may be blocking the growth of the native heap
# Possible solutions:
#   Reduce memory load on the system
#   Increase physical memory or swap space
#   Check if swap backing store is full
#   Decrease Java heap size (-Xmx/-Xms)
#   Decrease number of Java threads
#   Decrease Java thread stack sizes (-Xss)
#   Set larger code cache with -XX:ReservedCodeCacheSize=
#   JVM is running with Zero Based Compressed Oops mode in which the Java heap is
#     placed in the first 32GB address space. The Java Heap base address is the
#     maximum limit for the native heap growth. Please use -XX:HeapBaseMinAddress
#     to set the Java Heap base and to place the Java Heap above 32GB virtual address.
# This output file may be truncated or incomplete.
#
#  Out of Memory Error (os_windows.cpp:3769), pid=17388, tid=20548
#
# JRE version:  (17.0.6) (build )
# Java VM: OpenJDK 64-Bit Server VM (17.0.6+0-b2043.56-10027231, mixed mode, sharing, tiered, compressed oops, compressed class ptrs, g1 gc, windows-amd64)
# No core dump will be written. Minidumps are not enabled by default on client versions of Windows
#

---------------  S U M M A R Y ------------

Command Line: git4idea.http.GitAskPassApp Username for 'https://github.com': 

Host: Intel(R) Core(TM) i7-8565U CPU @ 1.80GHz, 8 cores, 15G,  Windows 11 , 64 bit Build 22621 (10.0.22621.2428)
Time: Mon Oct 16 21:17:55 2023 Maroc (heure d64 bit Build 22621 (10.0.22621.2428) elapsed time: 0.011460 seconds (0d 0h 0m 0s)

---------------  T H R E A D  ---------------

Current thread (0x000002a77d86c7d0):  JavaThread "Unknown thread" [_thread_in_vm, id=20548, stack(0x000000c177e00000,0x000000c177f00000)]

Stack: [0x000000c177e00000,0x000000c177f00000]
Native frames: (J=compiled Java code, j=interpreted, Vv=VM code, C=native code)
V  [jvm.dll+0x683c9a]
V  [jvm.dll+0x8427a4]
V  [jvm.dll+0x843f9e]
V  [jvm.dll+0x844603]
V  [jvm.dll+0x249b75]
V  [jvm.dll+0x680b69]
V  [jvm.dll+0x67505a]
V  [jvm.dll+0x309acb]
V  [jvm.dll+0x310f86]
V  [jvm.dll+0x3608ee]
V  [jvm.dll+0x360b1f]
V  [jvm.dll+0x2dfbf8]
V  [jvm.dll+0x2e0b64]
V  [jvm.dll+0x814091]
V  [jvm.dll+0x36e6a1]
V  [jvm.dll+0x7f35cc]
V  [jvm.dll+0x3f0e8f]
V  [jvm.dll+0x3f29d1]
C  [jli.dll+0x526b]
C  [ucrtbase.dll+0x29363]
C  [KERNEL32.DLL+0x1257d]
C  [ntdll.dll+0x5aa78]


---------------  P R O C E S S  ---------------

Threads class SMR info:
_java_thread_list=0x00007ff984e0c058, length=0, elements={
}

Java Threads: ( => current thread )

Other Threads:
  0x000002a77d8d72c0 GCTaskThread "GC Thread#0" [stack: 0x000000c177f00000,0x000000c178000000] [id=1652]
  0x000002a77d8e7f10 ConcurrentGCThread "G1 Main Marker" [stack: 0x000000c178000000,0x000000c178100000] [id=18196]
  0x000002a77d8e8920 ConcurrentGCThread "G1 Conc#0" [stack: 0x000000c178100000,0x000000c178200000] [id=9392]

[error occurred during error reporting (printing all threads), id 0xc0000005, EXCEPTION_ACCESS_VIOLATION (0xc0000005) at pc=0x00007ff9845c0797]

VM state: not at safepoint (not fully initialized)

VM Mutex/Monitor currently owned by a thread:  ([mutex/lock_event])
[0x000002a77d867580] Heap_lock - owner thread: 0x000002a77d86c7d0

Heap address: 0x0000000702e00000, size: 4050 MB, Compressed Oops mode: Zero based, Oop shift amount: 3

CDS archive(s) mapped at: [0x0000000000000000-0x0000000000000000-0x0000000000000000), size 0, SharedBaseAddress: 0x0000000800000000, ArchiveRelocationMode: 0.
Narrow klass base: 0x0000000000000000, Narrow klass shift: 0, Narrow klass range: 0x0

GC Precious Log:
<Empty>

Heap:
 garbage-first heap   total 0K, used 0K [0x0000000702e00000, 0x0000000800000000)
  region size 2048K, 0 young (0K), 0 survivors (0K)

[error occurred during error reporting (printing heap information), id 0xc0000005, EXCEPTION_ACCESS_VIOLATION (0xc0000005) at pc=0x00007ff9849ada89]

GC Heap History (0 events):
No events

Dll operation events (1 events):
Event: 0.007 Loaded shared library D:\android studio\jbr\bin\java.dll

Deoptimization events (0 events):
No events

Classes unloaded (0 events):
No events

Classes redefined (0 events):
No events

Internal exceptions (0 events):
No events

VM Operations (0 events):
No events

Events (0 events):
No events


Dynamic libraries:
0x00007ff6aa360000 - 0x00007ff6aa36a000 	D:\android studio\jbr\bin\java.exe
0x00007ffa210b0000 - 0x00007ffa212c7000 	C:\WINDOWS\SYSTEM32\ntdll.dll
0x00007ffa20580000 - 0x00007ffa20644000 	C:\WINDOWS\System32\KERNEL32.DLL
0x00007ffa1e4a0000 - 0x00007ffa1e846000 	C:\WINDOWS\System32\KERNELBASE.dll
0x00007ffa1eb90000 - 0x00007ffa1eca1000 	C:\WINDOWS\System32\ucrtbase.dll
0x00007ffa014f0000 - 0x00007ffa01507000 	D:\android studio\jbr\bin\jli.dll
0x00007ffa19f80000 - 0x00007ffa19f9b000 	D:\android studio\jbr\bin\VCRUNTIME140.dll
0x00007ffa1f280000 - 0x00007ffa1f42d000 	C:\WINDOWS\System32\USER32.dll
0x00007ffa1e9f0000 - 0x00007ffa1ea16000 	C:\WINDOWS\System32\win32u.dll
0x00007ffa02e80000 - 0x00007ffa03113000 	C:\WINDOWS\WinSxS\amd64_microsoft.windows.common-controls_6595b64144ccf1df_6.0.22621.2361_none_2712ced57382f843\COMCTL32.dll
0x00007ffa20d80000 - 0x00007ffa20da9000 	C:\WINDOWS\System32\GDI32.dll
0x00007ffa20cd0000 - 0x00007ffa20d77000 	C:\WINDOWS\System32\msvcrt.dll
0x00007ffa1e8d0000 - 0x00007ffa1e9e8000 	C:\WINDOWS\System32\gdi32full.dll
0x00007ffa1ecb0000 - 0x00007ffa1ed4a000 	C:\WINDOWS\System32\msvcp_win.dll
0x00007ffa20490000 - 0x00007ffa204c1000 	C:\WINDOWS\System32\IMM32.DLL
0x00007ffa19f70000 - 0x00007ffa19f7c000 	D:\android studio\jbr\bin\vcruntime140_1.dll
0x00007ff9e9220000 - 0x00007ff9e92ad000 	D:\android studio\jbr\bin\msvcp140.dll
0x00007ff9842d0000 - 0x00007ff984f3e000 	D:\android studio\jbr\bin\server\jvm.dll
0x00007ffa204d0000 - 0x00007ffa20580000 	C:\WINDOWS\System32\ADVAPI32.dll
0x00007ffa209e0000 - 0x00007ffa20a86000 	C:\WINDOWS\System32\sechost.dll
0x00007ffa201b0000 - 0x00007ffa202c7000 	C:\WINDOWS\System32\RPCRT4.dll
0x00007ffa17680000 - 0x00007ffa176b4000 	C:\WINDOWS\SYSTEM32\WINMM.dll
0x00007ffa033d0000 - 0x00007ffa033d9000 	C:\WINDOWS\SYSTEM32\WSOCK32.dll
0x00007ffa18370000 - 0x00007ffa1837a000 	C:\WINDOWS\SYSTEM32\VERSION.dll
0x00007ffa20db0000 - 0x00007ffa20e21000 	C:\WINDOWS\System32\WS2_32.dll
0x00007ffa1d470000 - 0x00007ffa1d488000 	C:\WINDOWS\SYSTEM32\kernel.appcore.dll
0x00007ffa18ec0000 - 0x00007ffa18eca000 	D:\android studio\jbr\bin\jimage.dll
0x00007ffa1bd80000 - 0x00007ffa1bfae000 	C:\WINDOWS\SYSTEM32\DBGHELP.DLL
0x00007ffa20650000 - 0x00007ffa209da000 	C:\WINDOWS\System32\combase.dll
0x00007ffa20e30000 - 0x00007ffa20f07000 	C:\WINDOWS\System32\OLEAUT32.dll
0x00007ffa02780000 - 0x00007ffa027b2000 	C:\WINDOWS\SYSTEM32\dbgcore.DLL
0x00007ffa1e850000 - 0x00007ffa1e8ca000 	C:\WINDOWS\System32\bcryptPrimitives.dll
0x00007ffa17b70000 - 0x00007ffa17b95000 	D:\android studio\jbr\bin\java.dll

dbghelp: loaded successfully - version: 4.0.5 - missing functions: none
symbol engine: initialized successfully - sym options: 0x614 - pdb path: .;D:\android studio\jbr\bin;C:\WINDOWS\SYSTEM32;C:\WINDOWS\WinSxS\amd64_microsoft.windows.common-controls_6595b64144ccf1df_6.0.22621.2361_none_2712ced57382f843;D:\android studio\jbr\bin\server

VM Arguments:
java_command: git4idea.http.GitAskPassApp Username for 'https://github.com': 
java_class_path (initial): D:/android studio/plugins/vcs-git/lib/git4idea-rt.jar;D:/android studio/lib/externalProcess-rt.jar;D:/android studio/lib/app.jar;D:/android studio/lib/3rd-party-rt.jar
Launcher Type: SUN_STANDARD

[Global flags]
     intx CICompilerCount                          = 4                                         {product} {ergonomic}
     uint ConcGCThreads                            = 2                                         {product} {ergonomic}
     uint G1ConcRefinementThreads                  = 8                                         {product} {ergonomic}
   size_t G1HeapRegionSize                         = 2097152                                   {product} {ergonomic}
    uintx GCDrainStackTargetSize                   = 64                                        {product} {ergonomic}
   size_t InitialHeapSize                          = 266338304                                 {product} {ergonomic}
   size_t MarkStackSize                            = 4194304                                   {product} {ergonomic}
   size_t MaxHeapSize                              = 4246732800                                {product} {ergonomic}
   size_t MinHeapDeltaBytes                        = 2097152                                   {product} {ergonomic}
   size_t MinHeapSize                              = 8388608                                   {product} {ergonomic}
    uintx NonNMethodCodeHeapSize                   = 5839372                                {pd product} {ergonomic}
    uintx NonProfiledCodeHeapSize                  = 122909434                              {pd product} {ergonomic}
    uintx ProfiledCodeHeapSize                     = 122909434                              {pd product} {ergonomic}
    uintx ReservedCodeCacheSize                    = 251658240                              {pd product} {ergonomic}
     bool SegmentedCodeCache                       = true                                      {product} {ergonomic}
   size_t SoftMaxHeapSize                          = 4246732800                             {manageable} {ergonomic}
     bool UseCompressedClassPointers               = true                           {product lp64_product} {ergonomic}
     bool UseCompressedOops                        = true                           {product lp64_product} {ergonomic}
     bool UseG1GC                                  = true                                      {product} {ergonomic}
     bool UseLargePagesIndividualAllocation        = false                                  {pd product} {ergonomic}

Logging:
Log output configuration:
 #0: stdout all=warning uptime,level,tags
 #1: stderr all=off uptime,level,tags

Environment Variables:
JAVA_HOME=C:\Program Files\Java\jdk-11
PATH=C:\Program Files\Git\mingw64\libexec\git-core;C:\Program Files\Git\mingw64\libexec\git-core;C:\Program Files\Git\mingw64\bin;C:\Program Files\Git\usr\bin;C:\Users\hachem safae\bin;C:\Program Files (x86)\Common Files\Oracle\Java\javapath;C:\Program Files (x86)\VMware\VMware Workstation\bin;D:\oraclexe\app\oracle\product\11.2.0\server\bin;C:\Program Files\Common Files\Oracle\Java\javapath;C:\WINDOWS\system32;C:\WINDOWS;C:\WINDOWS\System32\Wbem;C:\WINDOWS\System32\WindowsPowerShell\v1.0;C:\WINDOWS\System32\OpenSSH;C:\Program Files (x86)\Microsoft SQL Server\100\Tools\Binn;C:\Program Files\Microsoft SQL Server\100\Tools\Binn;C:\Program Files\Microsoft SQL Server\100\DTS\Binn;C:\Program Files\Java\jdk-11\bin;C:\Program Files\Java\jdk-19\bin;C:\Program Files\Common Files\Oracle\Java\javapath;C:\ProgramData\ComposerSetup\bin;D:\XAAMP\php\php.exe;D:\xamp\php;C:\Program Files\wkhtmltopdf\bin;D:\node;C:\Program Files\Git\cmd;C:\Program Files\nodejs;C:\Program Files\MongoDB\Server\6.0\bin;D:\XAAMP\php;C:\Users\hachem safae\AppData\Local\Programs\Python\Python310\Scripts;C:\Users\hachem safae\AppData\Local\Programs\Python\Python310;C:\Program Files\MySQL\MySQL Shell 8.0\bin;C:\Users\hachem safae\AppData\Local\Microsoft\WindowsApps;C:\Users\hachem safae\AppData\Roaming\Dashlane\6.2007.0.32704\bin\Firefox_Extension\{442718d9-475e-452a-b3e1-fb1ee16b8e9f}\components;C:\Users\hachem safae\AppData\Roaming\Dashlane\6.2007.0.32704\ucrt;C:\Users\hachem safae\AppData\Roaming\Dashlane\6.2007.0.32704\bin\Qt;C:\Users\hachem safae\AppData\Roaming\Dashlane\6.2007.0.32704\bin\Ssl;C:\Program Files\JetBrains\IntelliJ IDEA Community Edition 2020.2.2\bin;C:\Users\hachem safae\AppData\Local\Microsoft\WindowsApps;C:\Users\hachem safae\AppData\Local\Programs\Microsoft VS Code\bin;C:\Program Files\IntelliJ IDEA Community Edition 2022.3.2\bin;C:\Users\hachem safae\AppData\Local\ComposerSetup\bin;C:\Users\hachem safae\AppData\Roaming\Composer\vendor\bin;C:\Users\hachem safae\AppData\Roaming\npm;D:\and
USERNAME=hachem safae
DISPLAY=:0.0
LC_ALL=en_US.UTF-8
TERM=xterm-256color
TMPDIR=C:\Users\HACHEM~1\AppData\Local\Temp
OS=Windows_NT
PROCESSOR_IDENTIFIER=Intel64 Family 6 Model 142 Stepping 12, GenuineIntel
TMP=C:\Users\HACHEM~1\AppData\Local\Temp
TEMP=C:\Users\HACHEM~1\AppData\Local\Temp


JNI global refs:

[error occurred during error reporting (JNI global references), id 0xc0000005, EXCEPTION_ACCESS_VIOLATION (0xc0000005) at pc=0x00007ff984387a10]


---------------  S Y S T E M  ---------------

OS:
 Windows 11 , 64 bit Build 22621 (10.0.22621.2428)
OS uptime: 0 days 3:12 hours

CPU: total 8 (initial active 8) (4 cores per cpu, 2 threads per core) family 6 model 142 stepping 12 microcode 0xf6, cx8, cmov, fxsr, ht, mmx, 3dnowpref, sse, sse2, sse3, ssse3, sse4.1, sse4.2, popcnt, lzcnt, tsc, tscinvbit, avx, avx2, aes, erms, clmul, bmi1, bmi2, adx, fma, vzeroupper, clflush, clflushopt

Memory: 4k page, system-wide physical 16194M (2444M free)
TotalPageFile size 18242M (AvailPageFile size 50M)
current process WorkingSet (physical memory assigned to process): 11M, peak: 11M
current process commit charge ("private bytes"): 60M, peak: 314M

vm_info: OpenJDK 64-Bit Server VM (17.0.6+0-b2043.56-10027231) for windows-amd64 JRE (17.0.6+0-b2043.56-10027231), built on Apr 28 2023 00:43:19 by "androidbuild" with MS VC++ 16.10 / 16.11 (VS2019)

END.
