#
# There is insufficient memory for the Java Runtime Environment to continue.
# Native memory allocation (mmap) failed to map 270532608 bytes for G1 virtual space
# Possible reasons:
#   The system is out of physical RAM or swap space
#   The process is running with CompressedOops enabled, and the Java Heap may be blocking the growth of the native heap
# Possible solutions:
#   Reduce memory load on the system
#   Increase physical memory or swap space
#   Check if swap backing store is full
#   Decrease Java heap size (-Xmx/-Xms)
#   Decrease number of Java threads
#   Decrease Java thread stack sizes (-Xss)
#   Set larger code cache with -XX:ReservedCodeCacheSize=
#   JVM is running with Unscaled Compressed Oops mode in which the Java heap is
#     placed in the first 4GB address space. The Java Heap base address is the
#     maximum limit for the native heap growth. Please use -XX:HeapBaseMinAddress
#     to set the Java Heap base and to place the Java Heap above 4GB virtual address.
# This output file may be truncated or incomplete.
#
#  Out of Memory Error (os_windows.cpp:3769), pid=11544, tid=21128
#
# JRE version: OpenJDK Runtime Environment (17.0.6) (build 17.0.6+0-b2043.56-10027231)
# Java VM: OpenJDK 64-Bit Server VM (17.0.6+0-b2043.56-10027231, mixed mode, tiered, compressed oops, compressed class ptrs, g1 gc, windows-amd64)
# No core dump will be written. Minidumps are not enabled by default on client versions of Windows
#

---------------  S U M M A R Y ------------

Command Line: --add-opens=java.base/java.util=ALL-UNNAMED --add-opens=java.base/java.lang=ALL-UNNAMED --add-opens=java.base/java.lang.invoke=ALL-UNNAMED --add-opens=java.base/java.util=ALL-UNNAMED --add-opens=java.prefs/java.util.prefs=ALL-UNNAMED --add-opens=java.prefs/java.util.prefs=ALL-UNNAMED --add-opens=java.base/java.nio.charset=ALL-UNNAMED --add-opens=java.base/java.net=ALL-UNNAMED --add-opens=java.base/java.util.concurrent.atomic=ALL-UNNAMED -Xmx2048m -Dfile.encoding=UTF-8 -Duser.country=FR -Duser.language=fr -Duser.variant org.gradle.launcher.daemon.bootstrap.GradleDaemon 7.3.3

Host: Intel(R) Core(TM) i7-8565U CPU @ 1.80GHz, 8 cores, 15G,  Windows 11 , 64 bit Build 22621 (10.0.22621.2428)
Time: Mon Oct 16 20:43:38 2023 Maroc (heure d64 bit Build 22621 (10.0.22621.2428) elapsed time: 16.585264 seconds (0d 0h 0m 16s)

---------------  T H R E A D  ---------------

Current thread (0x00000224e84a7940):  VMThread "VM Thread" [stack: 0x0000007d59a00000,0x0000007d59b00000] [id=21128]

Stack: [0x0000007d59a00000,0x0000007d59b00000]
Native frames: (J=compiled Java code, j=interpreted, Vv=VM code, C=native code)
V  [jvm.dll+0x683c9a]
V  [jvm.dll+0x8427a4]
V  [jvm.dll+0x843f9e]
V  [jvm.dll+0x844603]
V  [jvm.dll+0x249b75]
V  [jvm.dll+0x680b69]
V  [jvm.dll+0x67505a]
V  [jvm.dll+0x309acb]
V  [jvm.dll+0x310f86]
V  [jvm.dll+0x3608ee]
V  [jvm.dll+0x360b1f]
V  [jvm.dll+0x2dfbf8]
V  [jvm.dll+0x2ddec4]
V  [jvm.dll+0x2dd4cc]
V  [jvm.dll+0x321f3b]
V  [jvm.dll+0x848ccb]
V  [jvm.dll+0x849a04]
V  [jvm.dll+0x849f1d]
V  [jvm.dll+0x84a2f4]
V  [jvm.dll+0x84a3c0]
V  [jvm.dll+0x7f274a]
V  [jvm.dll+0x682ad5]
C  [ucrtbase.dll+0x29363]
C  [KERNEL32.DLL+0x1257d]
C  [ntdll.dll+0x5aa78]

VM_Operation (0x0000007d606fa9a0): G1CollectForAllocation, mode: safepoint, requested by thread 0x00000224eedae870


---------------  P R O C E S S  ---------------

Threads class SMR info:
_java_thread_list=0x00000224f0ab99d0, length=137, elements={
0x00000224ce63b670, 0x00000224e903eb40, 0x00000224e90409c0, 0x00000224e9079080,
0x00000224e9079c30, 0x00000224e907a6e0, 0x00000224e908e770, 0x00000224e908f360,
0x00000224e9094170, 0x00000224e9094a80, 0x00000224e9226350, 0x00000224e9228c30,
0x00000224ebe31b00, 0x00000224eaa95f00, 0x00000224e9dcc630, 0x00000224eaa2e170,
0x00000224ea4fd480, 0x00000224ec374570, 0x00000224eb9fe3e0, 0x00000224e9af1140,
0x00000224e9af1610, 0x00000224e9af0c70, 0x00000224e9af1ae0, 0x00000224e9af02d0,
0x00000224ebea1380, 0x00000224ebea1850, 0x00000224ebea73c0, 0x00000224ebea8230,
0x00000224ebea26c0, 0x00000224ebea6080, 0x00000224ebea8bd0, 0x00000224ebea43a0,
0x00000224ebea21f0, 0x00000224ebea7890, 0x00000224ebea4d40, 0x00000224ebea5bb0,
0x00000224ebea3a00, 0x00000224ebea6a20, 0x00000224ebea56e0, 0x00000224ebea1d20,
0x00000224ebea3ed0, 0x00000224ebea5210, 0x00000224ebea6ef0, 0x00000224eefc4ed0,
0x00000224eefc66e0, 0x00000224eefcb3e0, 0x00000224eefc83c0, 0x00000224eefc8890,
0x00000224eefc7550, 0x00000224eefc5d40, 0x00000224eefca0a0, 0x00000224eefc7080,
0x00000224eefc53a0, 0x00000224eefc6210, 0x00000224eefc6bb0, 0x00000224eefc7a20,
0x00000224eefc4060, 0x00000224eefc5870, 0x00000224eefc7ef0, 0x00000224eefc8d60,
0x00000224eefc4530, 0x00000224eefca570, 0x00000224eefc9230, 0x00000224eefc9700,
0x00000224eefc9bd0, 0x00000224eefcaa40, 0x00000224eefcaf10, 0x00000224eefcb8b0,
0x00000224eefc4a00, 0x00000224ec064020, 0x00000224ec0631b0, 0x00000224ec063680,
0x00000224ec062810, 0x00000224ec063b50, 0x00000224ec062ce0, 0x00000224ec061000,
0x00000224ec0644f0, 0x00000224ec060b30, 0x00000224ec0614d0, 0x00000224ec0619a0,
0x00000224ec061e70, 0x00000224ec062340, 0x00000224eec44f10, 0x00000224eec453e0,
0x00000224eec423c0, 0x00000224eec458b0, 0x00000224eec44570, 0x00000224eec42890,
0x00000224eec41ef0, 0x00000224eec42d60, 0x00000224eec43230, 0x00000224eec43bd0,
0x00000224eec43700, 0x00000224eec440a0, 0x00000224eec44a40, 0x00000224eedac6c0,
0x00000224eedb2700, 0x00000224eedae870, 0x00000224eedada00, 0x00000224eedaed40,
0x00000224eedab380, 0x00000224eedb1890, 0x00000224eedaf210, 0x00000224eedab850,
0x00000224eedaded0, 0x00000224eedae3a0, 0x00000224eedaf6e0, 0x00000224eedafbb0,
0x00000224eedacb90, 0x00000224eedad060, 0x00000224eedad530, 0x00000224eedb0a20,
0x00000224eedb0ef0, 0x00000224eedac1f0, 0x00000224eedabd20, 0x00000224eedb13c0,
0x00000224eedb1d60, 0x00000224eedb0080, 0x00000224eedb0550, 0x00000224eedb2230,
0x00000224eedaaeb0, 0x00000224ec331bb0, 0x00000224ec336d80, 0x00000224ec335570,
0x00000224ec7a9420, 0x00000224ec333d60, 0x00000224ec334700, 0x00000224ec3380c0,
0x00000224ec335a40, 0x00000224ec332550, 0x00000224ec338a60, 0x00000224ec3368b0,
0x00000224ec338590, 0x00000224ec3363e0, 0x00000224ec331210, 0x00000224ee960f90,
0x00000224f31ba3e0
}

Java Threads: ( => current thread )
  0x00000224ce63b670 JavaThread "main" [_thread_blocked, id=16840, stack(0x0000007d59400000,0x0000007d59500000)]
  0x00000224e903eb40 JavaThread "Reference Handler" daemon [_thread_blocked, id=11012, stack(0x0000007d59b00000,0x0000007d59c00000)]
  0x00000224e90409c0 JavaThread "Finalizer" daemon [_thread_blocked, id=14844, stack(0x0000007d59c00000,0x0000007d59d00000)]
  0x00000224e9079080 JavaThread "Signal Dispatcher" daemon [_thread_blocked, id=20080, stack(0x0000007d59d00000,0x0000007d59e00000)]
  0x00000224e9079c30 JavaThread "Attach Listener" daemon [_thread_blocked, id=12616, stack(0x0000007d59e00000,0x0000007d59f00000)]
  0x00000224e907a6e0 JavaThread "Service Thread" daemon [_thread_blocked, id=19532, stack(0x0000007d59f00000,0x0000007d5a000000)]
  0x00000224e908e770 JavaThread "Monitor Deflation Thread" daemon [_thread_blocked, id=14536, stack(0x0000007d5a000000,0x0000007d5a100000)]
  0x00000224e908f360 JavaThread "C2 CompilerThread0" daemon [_thread_blocked, id=10164, stack(0x0000007d5a100000,0x0000007d5a200000)]
  0x00000224e9094170 JavaThread "C1 CompilerThread0" daemon [_thread_blocked, id=11280, stack(0x0000007d5a200000,0x0000007d5a300000)]
  0x00000224e9094a80 JavaThread "Sweeper thread" daemon [_thread_blocked, id=20832, stack(0x0000007d5a300000,0x0000007d5a400000)]
  0x00000224e9226350 JavaThread "Common-Cleaner" daemon [_thread_blocked, id=4384, stack(0x0000007d5a400000,0x0000007d5a500000)]
  0x00000224e9228c30 JavaThread "Notification Thread" daemon [_thread_blocked, id=7884, stack(0x0000007d5a500000,0x0000007d5a600000)]
  0x00000224ebe31b00 JavaThread "Daemon health stats" [_thread_blocked, id=20160, stack(0x0000007d5ae00000,0x0000007d5af00000)]
  0x00000224eaa95f00 JavaThread "Incoming local TCP Connector on port 53386" [_thread_in_native, id=20104, stack(0x0000007d5a800000,0x0000007d5a900000)]
  0x00000224e9dcc630 JavaThread "Daemon periodic checks" [_thread_blocked, id=1548, stack(0x0000007d5af00000,0x0000007d5b000000)]
  0x00000224eaa2e170 JavaThread "Daemon" [_thread_blocked, id=18948, stack(0x0000007d5b000000,0x0000007d5b100000)]
  0x00000224ea4fd480 JavaThread "Handler for socket connection from /127.0.0.1:53386 to /127.0.0.1:53387" [_thread_in_native, id=6780, stack(0x0000007d5b100000,0x0000007d5b200000)]
  0x00000224ec374570 JavaThread "Cancel handler" [_thread_blocked, id=19908, stack(0x0000007d5b200000,0x0000007d5b300000)]
  0x00000224eb9fe3e0 JavaThread "Daemon worker" [_thread_blocked, id=20108, stack(0x0000007d5b300000,0x0000007d5b400000)]
  0x00000224e9af1140 JavaThread "Asynchronous log dispatcher for DefaultDaemonConnection: socket connection from /127.0.0.1:53386 to /127.0.0.1:53387" [_thread_blocked, id=17884, stack(0x0000007d5b400000,0x0000007d5b500000)]
  0x00000224e9af1610 JavaThread "Stdin handler" [_thread_blocked, id=13448, stack(0x0000007d5b500000,0x0000007d5b600000)]
  0x00000224e9af0c70 JavaThread "Daemon client event forwarder" [_thread_blocked, id=16424, stack(0x0000007d5b600000,0x0000007d5b700000)]
  0x00000224e9af1ae0 JavaThread "Cache worker for journal cache (C:\Users\hachem safae\.gradle\caches\journal-1)" [_thread_blocked, id=20276, stack(0x0000007d5b700000,0x0000007d5b800000)]
  0x00000224e9af02d0 JavaThread "File lock request listener" [_thread_in_native, id=20436, stack(0x0000007d5b800000,0x0000007d5b900000)]
  0x00000224ebea1380 JavaThread "Cache worker for file hash cache (C:\Users\hachem safae\.gradle\caches\7.3.3\fileHashes)" [_thread_blocked, id=17516, stack(0x0000007d5bc00000,0x0000007d5bd00000)]
  0x00000224ebea1850 JavaThread "Cache worker for file hash cache (C:\Users\hachem safae\Downloads\List3\.gradle\7.3.3\fileHashes)" [_thread_blocked, id=10196, stack(0x0000007d5bd00000,0x0000007d5be00000)]
  0x00000224ebea73c0 JavaThread "File watcher server" daemon [_thread_blocked, id=21172, stack(0x0000007d5bf00000,0x0000007d5c000000)]
  0x00000224ebea8230 JavaThread "File watcher consumer" daemon [_thread_blocked, id=20484, stack(0x0000007d5c000000,0x0000007d5c100000)]
  0x00000224ebea26c0 JavaThread "Cache worker for checksums cache (C:\Users\hachem safae\Downloads\List3\.gradle\7.3.3\checksums)" [_thread_blocked, id=13776, stack(0x0000007d5c100000,0x0000007d5c200000)]
  0x00000224ebea6080 JavaThread "Cache worker for cache directory md-supplier (C:\Users\hachem safae\.gradle\caches\7.3.3\md-supplier)" [_thread_blocked, id=8620, stack(0x0000007d5c200000,0x0000007d5c300000)]
  0x00000224ebea8bd0 JavaThread "Cache worker for cache directory md-rule (C:\Users\hachem safae\.gradle\caches\7.3.3\md-rule)" [_thread_blocked, id=9124, stack(0x0000007d5c300000,0x0000007d5c400000)]
  0x00000224ebea43a0 JavaThread "Cache worker for execution history cache (C:\Users\hachem safae\.gradle\caches\7.3.3\executionHistory)" [_thread_blocked, id=19584, stack(0x0000007d5c400000,0x0000007d5c500000)]
  0x00000224ebea21f0 JavaThread "jar transforms" [_thread_blocked, id=8960, stack(0x0000007d5c500000,0x0000007d5c600000)]
  0x00000224ebea7890 JavaThread "jar transforms Thread 2" [_thread_blocked, id=20420, stack(0x0000007d5c600000,0x0000007d5c700000)]
  0x00000224ebea4d40 JavaThread "Cache worker for file content cache (C:\Users\hachem safae\.gradle\caches\7.3.3\fileContent)" [_thread_blocked, id=20284, stack(0x0000007d5c700000,0x0000007d5c800000)]
  0x00000224ebea5bb0 JavaThread "jar transforms Thread 3" [_thread_blocked, id=20784, stack(0x0000007d5c800000,0x0000007d5c900000)]
  0x00000224ebea3a00 JavaThread "jar transforms Thread 4" [_thread_blocked, id=20584, stack(0x0000007d5c900000,0x0000007d5ca00000)]
  0x00000224ebea6a20 JavaThread "Cache worker for dependencies-accessors (C:\Users\hachem safae\Downloads\List3\.gradle\7.3.3\dependencies-accessors)" [_thread_blocked, id=14016, stack(0x0000007d5ca00000,0x0000007d5cb00000)]
  0x00000224ebea56e0 JavaThread "jar transforms Thread 5" [_thread_blocked, id=19556, stack(0x0000007d5cb00000,0x0000007d5cc00000)]
  0x00000224ebea1d20 JavaThread "Cache worker for Build Output Cleanup Cache (C:\Users\hachem safae\Downloads\List3\.gradle\buildOutputCleanup)" [_thread_blocked, id=9848, stack(0x0000007d5cc00000,0x0000007d5cd00000)]
  0x00000224ebea3ed0 JavaThread "Unconstrained build operations" [_thread_blocked, id=18704, stack(0x0000007d5cd00000,0x0000007d5ce00000)]
  0x00000224ebea5210 JavaThread "Unconstrained build operations Thread 2" [_thread_blocked, id=15372, stack(0x0000007d5ce00000,0x0000007d5cf00000)]
  0x00000224ebea6ef0 JavaThread "Unconstrained build operations Thread 3" [_thread_blocked, id=21056, stack(0x0000007d5cf00000,0x0000007d5d000000)]
  0x00000224eefc4ed0 JavaThread "Unconstrained build operations Thread 4" [_thread_blocked, id=21356, stack(0x0000007d5d000000,0x0000007d5d100000)]
  0x00000224eefc66e0 JavaThread "Unconstrained build operations Thread 5" [_thread_blocked, id=4968, stack(0x0000007d5d100000,0x0000007d5d200000)]
  0x00000224eefcb3e0 JavaThread "Unconstrained build operations Thread 6" [_thread_blocked, id=5920, stack(0x0000007d5d200000,0x0000007d5d300000)]
  0x00000224eefc83c0 JavaThread "Unconstrained build operations Thread 7" [_thread_blocked, id=15124, stack(0x0000007d5d300000,0x0000007d5d400000)]
  0x00000224eefc8890 JavaThread "Unconstrained build operations Thread 8" [_thread_blocked, id=20980, stack(0x0000007d5d400000,0x0000007d5d500000)]
  0x00000224eefc7550 JavaThread "Unconstrained build operations Thread 9" [_thread_blocked, id=1384, stack(0x0000007d5d500000,0x0000007d5d600000)]
  0x00000224eefc5d40 JavaThread "Unconstrained build operations Thread 10" [_thread_blocked, id=5780, stack(0x0000007d5d600000,0x0000007d5d700000)]
  0x00000224eefca0a0 JavaThread "Unconstrained build operations Thread 11" [_thread_blocked, id=21468, stack(0x0000007d5d700000,0x0000007d5d800000)]
  0x00000224eefc7080 JavaThread "Unconstrained build operations Thread 12" [_thread_blocked, id=19788, stack(0x0000007d5d800000,0x0000007d5d900000)]
  0x00000224eefc53a0 JavaThread "Unconstrained build operations Thread 13" [_thread_blocked, id=18540, stack(0x0000007d5d900000,0x0000007d5da00000)]
  0x00000224eefc6210 JavaThread "Unconstrained build operations Thread 14" [_thread_blocked, id=20620, stack(0x0000007d5da00000,0x0000007d5db00000)]
  0x00000224eefc6bb0 JavaThread "Unconstrained build operations Thread 15" [_thread_blocked, id=14700, stack(0x0000007d5db00000,0x0000007d5dc00000)]
  0x00000224eefc7a20 JavaThread "Unconstrained build operations Thread 16" [_thread_blocked, id=4568, stack(0x0000007d5dc00000,0x0000007d5dd00000)]
  0x00000224eefc4060 JavaThread "Unconstrained build operations Thread 17" [_thread_blocked, id=17160, stack(0x0000007d5dd00000,0x0000007d5de00000)]
  0x00000224eefc5870 JavaThread "Unconstrained build operations Thread 18" [_thread_blocked, id=19996, stack(0x0000007d5de00000,0x0000007d5df00000)]
  0x00000224eefc7ef0 JavaThread "Unconstrained build operations Thread 19" [_thread_blocked, id=12180, stack(0x0000007d5df00000,0x0000007d5e000000)]
  0x00000224eefc8d60 JavaThread "Unconstrained build operations Thread 20" [_thread_blocked, id=18672, stack(0x0000007d5e000000,0x0000007d5e100000)]
  0x00000224eefc4530 JavaThread "Unconstrained build operations Thread 21" [_thread_blocked, id=16656, stack(0x0000007d5e100000,0x0000007d5e200000)]
  0x00000224eefca570 JavaThread "Unconstrained build operations Thread 22" [_thread_blocked, id=20212, stack(0x0000007d5e200000,0x0000007d5e300000)]
  0x00000224eefc9230 JavaThread "Unconstrained build operations Thread 23" [_thread_blocked, id=3932, stack(0x0000007d5e300000,0x0000007d5e400000)]
  0x00000224eefc9700 JavaThread "Unconstrained build operations Thread 24" [_thread_blocked, id=9904, stack(0x0000007d5e400000,0x0000007d5e500000)]
  0x00000224eefc9bd0 JavaThread "Unconstrained build operations Thread 25" [_thread_blocked, id=19008, stack(0x0000007d5e500000,0x0000007d5e600000)]
  0x00000224eefcaa40 JavaThread "Unconstrained build operations Thread 26" [_thread_blocked, id=20896, stack(0x0000007d5e600000,0x0000007d5e700000)]
  0x00000224eefcaf10 JavaThread "Unconstrained build operations Thread 27" [_thread_blocked, id=18028, stack(0x0000007d5e700000,0x0000007d5e800000)]
  0x00000224eefcb8b0 JavaThread "Unconstrained build operations Thread 28" [_thread_blocked, id=18788, stack(0x0000007d5e800000,0x0000007d5e900000)]
  0x00000224eefc4a00 JavaThread "Unconstrained build operations Thread 29" [_thread_blocked, id=11980, stack(0x0000007d5e900000,0x0000007d5ea00000)]
  0x00000224ec064020 JavaThread "Unconstrained build operations Thread 30" [_thread_blocked, id=9728, stack(0x0000007d5ea00000,0x0000007d5eb00000)]
  0x00000224ec0631b0 JavaThread "Unconstrained build operations Thread 31" [_thread_blocked, id=14584, stack(0x0000007d5eb00000,0x0000007d5ec00000)]
  0x00000224ec063680 JavaThread "Unconstrained build operations Thread 32" [_thread_blocked, id=12480, stack(0x0000007d5ec00000,0x0000007d5ed00000)]
  0x00000224ec062810 JavaThread "Unconstrained build operations Thread 33" [_thread_blocked, id=12400, stack(0x0000007d5ed00000,0x0000007d5ee00000)]
  0x00000224ec063b50 JavaThread "Unconstrained build operations Thread 34" [_thread_blocked, id=18776, stack(0x0000007d5ee00000,0x0000007d5ef00000)]
  0x00000224ec062ce0 JavaThread "Unconstrained build operations Thread 35" [_thread_blocked, id=16536, stack(0x0000007d5ef00000,0x0000007d5f000000)]
  0x00000224ec061000 JavaThread "Unconstrained build operations Thread 36" [_thread_blocked, id=17996, stack(0x0000007d5f000000,0x0000007d5f100000)]
  0x00000224ec0644f0 JavaThread "Unconstrained build operations Thread 37" [_thread_blocked, id=18784, stack(0x0000007d5f100000,0x0000007d5f200000)]
  0x00000224ec060b30 JavaThread "Unconstrained build operations Thread 38" [_thread_blocked, id=2676, stack(0x0000007d5f200000,0x0000007d5f300000)]
  0x00000224ec0614d0 JavaThread "Unconstrained build operations Thread 39" [_thread_blocked, id=2036, stack(0x0000007d5f300000,0x0000007d5f400000)]
  0x00000224ec0619a0 JavaThread "Unconstrained build operations Thread 40" [_thread_blocked, id=14504, stack(0x0000007d5f400000,0x0000007d5f500000)]
  0x00000224ec061e70 JavaThread "Unconstrained build operations Thread 41" [_thread_blocked, id=18916, stack(0x0000007d5f500000,0x0000007d5f600000)]
  0x00000224ec062340 JavaThread "Unconstrained build operations Thread 42" [_thread_blocked, id=15880, stack(0x0000007d5f600000,0x0000007d5f700000)]
  0x00000224eec44f10 JavaThread "Unconstrained build operations Thread 43" [_thread_blocked, id=18780, stack(0x0000007d5f700000,0x0000007d5f800000)]
  0x00000224eec453e0 JavaThread "Unconstrained build operations Thread 44" [_thread_blocked, id=17140, stack(0x0000007d5f800000,0x0000007d5f900000)]
  0x00000224eec423c0 JavaThread "Unconstrained build operations Thread 45" [_thread_blocked, id=8856, stack(0x0000007d5f900000,0x0000007d5fa00000)]
  0x00000224eec458b0 JavaThread "Unconstrained build operations Thread 46" [_thread_blocked, id=6192, stack(0x0000007d5fa00000,0x0000007d5fb00000)]
  0x00000224eec44570 JavaThread "Unconstrained build operations Thread 47" [_thread_blocked, id=12200, stack(0x0000007d5fb00000,0x0000007d5fc00000)]
  0x00000224eec42890 JavaThread "Unconstrained build operations Thread 48" [_thread_blocked, id=5468, stack(0x0000007d5fc00000,0x0000007d5fd00000)]
  0x00000224eec41ef0 JavaThread "Unconstrained build operations Thread 49" [_thread_blocked, id=328, stack(0x0000007d5fd00000,0x0000007d5fe00000)]
  0x00000224eec42d60 JavaThread "Unconstrained build operations Thread 50" [_thread_blocked, id=18900, stack(0x0000007d5fe00000,0x0000007d5ff00000)]
  0x00000224eec43230 JavaThread "Unconstrained build operations Thread 51" [_thread_blocked, id=10740, stack(0x0000007d5ff00000,0x0000007d60000000)]
  0x00000224eec43bd0 JavaThread "Unconstrained build operations Thread 52" [_thread_blocked, id=17568, stack(0x0000007d60000000,0x0000007d60100000)]
  0x00000224eec43700 JavaThread "Unconstrained build operations Thread 53" [_thread_blocked, id=18684, stack(0x0000007d60100000,0x0000007d60200000)]
  0x00000224eec440a0 JavaThread "Unconstrained build operations Thread 54" [_thread_blocked, id=1820, stack(0x0000007d60200000,0x0000007d60300000)]
  0x00000224eec44a40 JavaThread "Unconstrained build operations Thread 55" [_thread_blocked, id=18904, stack(0x0000007d60300000,0x0000007d60400000)]
  0x00000224eedac6c0 JavaThread "Unconstrained build operations Thread 56" [_thread_blocked, id=13580, stack(0x0000007d60400000,0x0000007d60500000)]
  0x00000224eedb2700 JavaThread "Unconstrained build operations Thread 57" [_thread_blocked, id=18912, stack(0x0000007d60500000,0x0000007d60600000)]
  0x00000224eedae870 JavaThread "Unconstrained build operations Thread 58" [_thread_blocked, id=17840, stack(0x0000007d60600000,0x0000007d60700000)]
  0x00000224eedada00 JavaThread "Unconstrained build operations Thread 59" [_thread_blocked, id=11704, stack(0x0000007d60700000,0x0000007d60800000)]
  0x00000224eedaed40 JavaThread "Unconstrained build operations Thread 60" [_thread_blocked, id=18908, stack(0x0000007d60800000,0x0000007d60900000)]
  0x00000224eedab380 JavaThread "Unconstrained build operations Thread 61" [_thread_blocked, id=9040, stack(0x0000007d60900000,0x0000007d60a00000)]
  0x00000224eedb1890 JavaThread "Unconstrained build operations Thread 62" [_thread_blocked, id=7316, stack(0x0000007d60a00000,0x0000007d60b00000)]
  0x00000224eedaf210 JavaThread "Unconstrained build operations Thread 63" [_thread_blocked, id=9288, stack(0x0000007d60b00000,0x0000007d60c00000)]
  0x00000224eedab850 JavaThread "Unconstrained build operations Thread 64" [_thread_blocked, id=16520, stack(0x0000007d60c00000,0x0000007d60d00000)]
  0x00000224eedaded0 JavaThread "Unconstrained build operations Thread 65" [_thread_blocked, id=10308, stack(0x0000007d60d00000,0x0000007d60e00000)]
  0x00000224eedae3a0 JavaThread "Unconstrained build operations Thread 66" [_thread_blocked, id=13836, stack(0x0000007d60e00000,0x0000007d60f00000)]
  0x00000224eedaf6e0 JavaThread "Unconstrained build operations Thread 67" [_thread_blocked, id=21324, stack(0x0000007d60f00000,0x0000007d61000000)]
  0x00000224eedafbb0 JavaThread "Unconstrained build operations Thread 68" [_thread_blocked, id=12344, stack(0x0000007d61000000,0x0000007d61100000)]
  0x00000224eedacb90 JavaThread "Unconstrained build operations Thread 69" [_thread_blocked, id=21392, stack(0x0000007d61100000,0x0000007d61200000)]
  0x00000224eedad060 JavaThread "Unconstrained build operations Thread 70" [_thread_blocked, id=21388, stack(0x0000007d61200000,0x0000007d61300000)]
  0x00000224eedad530 JavaThread "Unconstrained build operations Thread 71" [_thread_blocked, id=21396, stack(0x0000007d61300000,0x0000007d61400000)]
  0x00000224eedb0a20 JavaThread "Unconstrained build operations Thread 72" [_thread_blocked, id=21384, stack(0x0000007d61400000,0x0000007d61500000)]
  0x00000224eedb0ef0 JavaThread "Unconstrained build operations Thread 73" [_thread_blocked, id=11044, stack(0x0000007d61500000,0x0000007d61600000)]
  0x00000224eedac1f0 JavaThread "Unconstrained build operations Thread 74" [_thread_blocked, id=13284, stack(0x0000007d61600000,0x0000007d61700000)]
  0x00000224eedabd20 JavaThread "Unconstrained build operations Thread 75" [_thread_blocked, id=10348, stack(0x0000007d61700000,0x0000007d61800000)]
  0x00000224eedb13c0 JavaThread "Unconstrained build operations Thread 76" [_thread_blocked, id=3832, stack(0x0000007d61800000,0x0000007d61900000)]
  0x00000224eedb1d60 JavaThread "Unconstrained build operations Thread 77" [_thread_blocked, id=3848, stack(0x0000007d61900000,0x0000007d61a00000)]
  0x00000224eedb0080 JavaThread "Unconstrained build operations Thread 78" [_thread_blocked, id=17276, stack(0x0000007d61a00000,0x0000007d61b00000)]
  0x00000224eedb0550 JavaThread "Unconstrained build operations Thread 79" [_thread_blocked, id=15976, stack(0x0000007d61b00000,0x0000007d61c00000)]
  0x00000224eedb2230 JavaThread "Unconstrained build operations Thread 80" [_thread_blocked, id=16768, stack(0x0000007d61c00000,0x0000007d61d00000)]
  0x00000224eedaaeb0 JavaThread "jar transforms Thread 6" [_thread_blocked, id=16984, stack(0x0000007d61d00000,0x0000007d61e00000)]
  0x00000224ec331bb0 JavaThread "jar transforms Thread 7" [_thread_blocked, id=15872, stack(0x0000007d61e00000,0x0000007d61f00000)]
  0x00000224ec336d80 JavaThread "jar transforms Thread 8" [_thread_blocked, id=19852, stack(0x0000007d61f00000,0x0000007d62000000)]
  0x00000224ec335570 JavaThread "Memory manager" [_thread_blocked, id=4856, stack(0x0000007d62100000,0x0000007d62200000)]
  0x00000224ec7a9420 JavaThread "C2 CompilerThread1" daemon [_thread_blocked, id=20644, stack(0x0000007d5a700000,0x0000007d5a800000)]
  0x00000224ec333d60 JavaThread "build event listener" [_thread_blocked, id=19800, stack(0x0000007d62200000,0x0000007d62300000)]
  0x00000224ec334700 JavaThread "Execution worker for ':'" [_thread_blocked, id=21264, stack(0x0000007d62300000,0x0000007d62400000)]
  0x00000224ec3380c0 JavaThread "Execution worker for ':' Thread 2" [_thread_blocked, id=19180, stack(0x0000007d62400000,0x0000007d62500000)]
  0x00000224ec335a40 JavaThread "Execution worker for ':' Thread 3" [_thread_blocked, id=17324, stack(0x0000007d62500000,0x0000007d62600000)]
  0x00000224ec332550 JavaThread "Execution worker for ':' Thread 4" [_thread_blocked, id=18436, stack(0x0000007d62600000,0x0000007d62700000)]
  0x00000224ec338a60 JavaThread "Execution worker for ':' Thread 5" [_thread_blocked, id=15912, stack(0x0000007d62700000,0x0000007d62800000)]
  0x00000224ec3368b0 JavaThread "Execution worker for ':' Thread 6" [_thread_blocked, id=20728, stack(0x0000007d62800000,0x0000007d62900000)]
  0x00000224ec338590 JavaThread "Execution worker for ':' Thread 7" [_thread_blocked, id=17904, stack(0x0000007d62900000,0x0000007d62a00000)]
  0x00000224ec3363e0 JavaThread "Cache worker for execution history cache (C:\Users\hachem safae\Downloads\List3\.gradle\7.3.3\executionHistory)" [_thread_blocked, id=20548, stack(0x0000007d62a00000,0x0000007d62b00000)]
  0x00000224ec331210 JavaThread "WorkerExecutor Queue" [_thread_blocked, id=20552, stack(0x0000007d62b00000,0x0000007d62c00000)]
  0x00000224ee960f90 JavaThread "C2 CompilerThread2" daemon [_thread_blocked, id=10448, stack(0x0000007d5be00000,0x0000007d5bf00000)]
  0x00000224f31ba3e0 JavaThread "WorkerExecutor Queue Thread 2" [_thread_blocked, id=7832, stack(0x0000007d62c00000,0x0000007d62d00000)]

Other Threads:
=>0x00000224e84a7940 VMThread "VM Thread" [stack: 0x0000007d59a00000,0x0000007d59b00000] [id=21128]
  0x00000224ce6bcea0 WatcherThread [stack: 0x0000007d5a600000,0x0000007d5a700000] [id=16828]
  0x00000224ce698370 GCTaskThread "GC Thread#0" [stack: 0x0000007d59500000,0x0000007d59600000] [id=19568]
  0x00000224e9d8a0a0 GCTaskThread "GC Thread#1" [stack: 0x0000007d5a900000,0x0000007d5aa00000] [id=20968]
  0x00000224e95280d0 GCTaskThread "GC Thread#2" [stack: 0x0000007d5aa00000,0x0000007d5ab00000] [id=9632]
  0x00000224e9e08610 GCTaskThread "GC Thread#3" [stack: 0x0000007d5ab00000,0x0000007d5ac00000] [id=18984]
  0x00000224e9d7f3d0 GCTaskThread "GC Thread#4" [stack: 0x0000007d5ac00000,0x0000007d5ad00000] [id=18248]
  0x00000224e9d7fa90 GCTaskThread "GC Thread#5" [stack: 0x0000007d5ad00000,0x0000007d5ae00000] [id=18560]
  0x00000224eab9aba0 GCTaskThread "GC Thread#6" [stack: 0x0000007d5b900000,0x0000007d5ba00000] [id=9060]
  0x00000224eb45c880 GCTaskThread "GC Thread#7" [stack: 0x0000007d5ba00000,0x0000007d5bb00000] [id=19828]
  0x00000224ce6a92b0 ConcurrentGCThread "G1 Main Marker" [stack: 0x0000007d59600000,0x0000007d59700000] [id=20096]
  0x00000224ce6aa460 ConcurrentGCThread "G1 Conc#0" [stack: 0x0000007d59700000,0x0000007d59800000] [id=19652]
  0x00000224eb9fecb0 ConcurrentGCThread "G1 Conc#1" [stack: 0x0000007d5bb00000,0x0000007d5bc00000] [id=8420]
  0x00000224ce6fe670 ConcurrentGCThread "G1 Refine#0" [stack: 0x0000007d59800000,0x0000007d59900000] [id=20452]
  0x00000224eeb2cce0 ConcurrentGCThread "G1 Refine#1" [stack: 0x0000007d62000000,0x0000007d62100000] [id=17756]
  0x00000224e8338300 ConcurrentGCThread "G1 Service" [stack: 0x0000007d59900000,0x0000007d59a00000] [id=19860]

Threads with active compile tasks:

VM state: at safepoint (normal execution)

VM Mutex/Monitor currently owned by a thread:  ([mutex/lock_event])
[0x00000224ce636d10] Threads_lock - owner thread: 0x00000224e84a7940
[0x00000224ce6389c0] Heap_lock - owner thread: 0x00000224eedae870

Heap address: 0x0000000080000000, size: 2048 MB, Compressed Oops mode: 32-bit

CDS archive(s) not mapped
Compressed class space mapped at: 0x0000000100000000-0x0000000140000000, reserved size: 1073741824
Narrow klass base: 0x0000000000000000, Narrow klass shift: 3, Narrow klass range: 0x140000000

GC Precious Log:
 CPUs: 8 total, 8 available
 Memory: 16194M
 Large Page Support: Disabled
 NUMA Support: Disabled
 Compressed Oops: Enabled (32-bit)
 Heap Region Size: 1M
 Heap Min Capacity: 8M
 Heap Initial Capacity: 254M
 Heap Max Capacity: 2G
 Pre-touch: Disabled
 Parallel Workers: 8
 Concurrent Workers: 2
 Concurrent Refinement Workers: 8
 Periodic GC: Disabled

Heap:
 garbage-first heap   total 260096K, used 116271K [0x0000000080000000, 0x0000000100000000)
  region size 1024K, 7 young (7168K), 7 survivors (7168K)
 Metaspace       used 94634K, committed 95168K, reserved 1138688K
  class space    used 12837K, committed 13120K, reserved 1048576K

Heap Regions: E=young(eden), S=young(survivor), O=old, HS=humongous(starts), HC=humongous(continues), CS=collection set, F=free, OA=open archive, CA=closed archive, TAMS=top-at-mark-start (previous, next)
|   0|0x0000000080000000, 0x0000000080100000, 0x0000000080100000|100%| O|  |TAMS 0x0000000080100000, 0x0000000080100000| Untracked 
|   1|0x0000000080100000, 0x0000000080200000, 0x0000000080200000|100%| O|  |TAMS 0x0000000080200000, 0x0000000080200000| Untracked 
|   2|0x0000000080200000, 0x0000000080300000, 0x0000000080300000|100%| O|  |TAMS 0x0000000080300000, 0x0000000080300000| Untracked 
|   3|0x0000000080300000, 0x0000000080400000, 0x0000000080400000|100%|HS|  |TAMS 0x0000000080400000, 0x0000000080400000| Complete 
|   4|0x0000000080400000, 0x0000000080500000, 0x0000000080500000|100%|HC|  |TAMS 0x0000000080500000, 0x0000000080500000| Complete 
|   5|0x0000000080500000, 0x0000000080600000, 0x0000000080600000|100%|HC|  |TAMS 0x0000000080600000, 0x0000000080600000| Complete 
|   6|0x0000000080600000, 0x0000000080700000, 0x0000000080700000|100%| O|  |TAMS 0x0000000080700000, 0x0000000080700000| Untracked 
|   7|0x0000000080700000, 0x0000000080800000, 0x0000000080800000|100%| O|  |TAMS 0x0000000080800000, 0x0000000080800000| Untracked 
|   8|0x0000000080800000, 0x0000000080900000, 0x0000000080900000|100%| O|  |TAMS 0x0000000080900000, 0x0000000080900000| Untracked 
|   9|0x0000000080900000, 0x0000000080a00000, 0x0000000080a00000|100%| O|  |TAMS 0x0000000080a00000, 0x0000000080a00000| Untracked 
|  10|0x0000000080a00000, 0x0000000080b00000, 0x0000000080b00000|100%| O|  |TAMS 0x0000000080b00000, 0x0000000080b00000| Untracked 
|  11|0x0000000080b00000, 0x0000000080c00000, 0x0000000080c00000|100%| O|  |TAMS 0x0000000080c00000, 0x0000000080c00000| Untracked 
|  12|0x0000000080c00000, 0x0000000080d00000, 0x0000000080d00000|100%| O|  |TAMS 0x0000000080d00000, 0x0000000080d00000| Untracked 
|  13|0x0000000080d00000, 0x0000000080e00000, 0x0000000080e00000|100%| O|  |TAMS 0x0000000080e00000, 0x0000000080e00000| Untracked 
|  14|0x0000000080e00000, 0x0000000080f00000, 0x0000000080f00000|100%| O|  |TAMS 0x0000000080f00000, 0x0000000080f00000| Untracked 
|  15|0x0000000080f00000, 0x0000000081000000, 0x0000000081000000|100%| O|  |TAMS 0x0000000081000000, 0x0000000081000000| Untracked 
|  16|0x0000000081000000, 0x0000000081100000, 0x0000000081100000|100%| O|  |TAMS 0x0000000081100000, 0x0000000081100000| Untracked 
|  17|0x0000000081100000, 0x0000000081200000, 0x0000000081200000|100%| O|  |TAMS 0x0000000081200000, 0x0000000081200000| Untracked 
|  18|0x0000000081200000, 0x0000000081300000, 0x0000000081300000|100%| O|  |TAMS 0x0000000081300000, 0x0000000081300000| Untracked 
|  19|0x0000000081300000, 0x0000000081400000, 0x0000000081400000|100%| O|  |TAMS 0x0000000081400000, 0x0000000081400000| Untracked 
|  20|0x0000000081400000, 0x0000000081500000, 0x0000000081500000|100%| O|  |TAMS 0x0000000081500000, 0x0000000081500000| Untracked 
|  21|0x0000000081500000, 0x0000000081600000, 0x0000000081600000|100%| O|  |TAMS 0x0000000081600000, 0x0000000081600000| Untracked 
|  22|0x0000000081600000, 0x0000000081700000, 0x0000000081700000|100%| O|  |TAMS 0x0000000081700000, 0x0000000081700000| Untracked 
|  23|0x0000000081700000, 0x0000000081800000, 0x0000000081800000|100%| O|  |TAMS 0x0000000081800000, 0x0000000081800000| Untracked 
|  24|0x0000000081800000, 0x0000000081900000, 0x0000000081900000|100%| O|  |TAMS 0x0000000081900000, 0x0000000081900000| Untracked 
|  25|0x0000000081900000, 0x0000000081a00000, 0x0000000081a00000|100%| O|  |TAMS 0x0000000081a00000, 0x0000000081a00000| Untracked 
|  26|0x0000000081a00000, 0x0000000081b00000, 0x0000000081b00000|100%| O|  |TAMS 0x0000000081b00000, 0x0000000081b00000| Untracked 
|  27|0x0000000081b00000, 0x0000000081c00000, 0x0000000081c00000|100%| O|  |TAMS 0x0000000081c00000, 0x0000000081c00000| Untracked 
|  28|0x0000000081c00000, 0x0000000081d00000, 0x0000000081d00000|100%|HS|  |TAMS 0x0000000081d00000, 0x0000000081d00000| Complete 
|  29|0x0000000081d00000, 0x0000000081e00000, 0x0000000081e00000|100%| O|  |TAMS 0x0000000081e00000, 0x0000000081e00000| Untracked 
|  30|0x0000000081e00000, 0x0000000081f00000, 0x0000000081f00000|100%| O|  |TAMS 0x0000000081f00000, 0x0000000081f00000| Untracked 
|  31|0x0000000081f00000, 0x0000000082000000, 0x0000000082000000|100%|HS|  |TAMS 0x0000000082000000, 0x0000000082000000| Complete 
|  32|0x0000000082000000, 0x0000000082100000, 0x0000000082100000|100%|HC|  |TAMS 0x0000000082100000, 0x0000000082100000| Complete 
|  33|0x0000000082100000, 0x0000000082200000, 0x0000000082200000|100%|HS|  |TAMS 0x0000000082200000, 0x0000000082200000| Complete 
|  34|0x0000000082200000, 0x0000000082300000, 0x0000000082300000|100%|HS|  |TAMS 0x0000000082300000, 0x0000000082300000| Complete 
|  35|0x0000000082300000, 0x0000000082400000, 0x0000000082400000|100%|HC|  |TAMS 0x0000000082400000, 0x0000000082400000| Complete 
|  36|0x0000000082400000, 0x0000000082500000, 0x0000000082500000|100%|HC|  |TAMS 0x0000000082500000, 0x0000000082500000| Complete 
|  37|0x0000000082500000, 0x0000000082600000, 0x0000000082600000|100%|HC|  |TAMS 0x0000000082600000, 0x0000000082600000| Complete 
|  38|0x0000000082600000, 0x0000000082700000, 0x0000000082700000|100%|HS|  |TAMS 0x0000000082700000, 0x0000000082700000| Complete 
|  39|0x0000000082700000, 0x0000000082800000, 0x0000000082800000|100%|HC|  |TAMS 0x0000000082800000, 0x0000000082800000| Complete 
|  40|0x0000000082800000, 0x0000000082900000, 0x0000000082900000|100%| O|  |TAMS 0x0000000082900000, 0x0000000082900000| Untracked 
|  41|0x0000000082900000, 0x0000000082a00000, 0x0000000082a00000|100%| O|  |TAMS 0x0000000082a00000, 0x0000000082a00000| Untracked 
|  42|0x0000000082a00000, 0x0000000082b00000, 0x0000000082b00000|100%| O|  |TAMS 0x0000000082b00000, 0x0000000082b00000| Untracked 
|  43|0x0000000082b00000, 0x0000000082c00000, 0x0000000082c00000|100%| O|  |TAMS 0x0000000082c00000, 0x0000000082c00000| Untracked 
|  44|0x0000000082c00000, 0x0000000082d00000, 0x0000000082d00000|100%| O|  |TAMS 0x0000000082d00000, 0x0000000082d00000| Untracked 
|  45|0x0000000082d00000, 0x0000000082e00000, 0x0000000082e00000|100%| O|  |TAMS 0x0000000082e00000, 0x0000000082e00000| Untracked 
|  46|0x0000000082e00000, 0x0000000082f00000, 0x0000000082f00000|100%| O|  |TAMS 0x0000000082f00000, 0x0000000082f00000| Untracked 
|  47|0x0000000082f00000, 0x0000000083000000, 0x0000000083000000|100%| O|  |TAMS 0x0000000082f00000, 0x0000000082f00000| Untracked 
|  48|0x0000000083000000, 0x0000000083100000, 0x0000000083100000|100%| O|  |TAMS 0x0000000083100000, 0x0000000083100000| Untracked 
|  49|0x0000000083100000, 0x0000000083200000, 0x0000000083200000|100%| O|  |TAMS 0x0000000083200000, 0x0000000083200000| Untracked 
|  50|0x0000000083200000, 0x0000000083300000, 0x0000000083300000|100%| O|  |TAMS 0x0000000083300000, 0x0000000083300000| Untracked 
|  51|0x0000000083300000, 0x0000000083400000, 0x0000000083400000|100%| O|  |TAMS 0x0000000083400000, 0x0000000083400000| Untracked 
|  52|0x0000000083400000, 0x0000000083500000, 0x0000000083500000|100%| O|  |TAMS 0x0000000083500000, 0x0000000083500000| Untracked 
|  53|0x0000000083500000, 0x0000000083600000, 0x0000000083600000|100%| O|  |TAMS 0x0000000083600000, 0x0000000083600000| Untracked 
|  54|0x0000000083600000, 0x0000000083700000, 0x0000000083700000|100%| O|  |TAMS 0x0000000083700000, 0x0000000083700000| Untracked 
|  55|0x0000000083700000, 0x0000000083800000, 0x0000000083800000|100%| O|  |TAMS 0x0000000083800000, 0x0000000083800000| Untracked 
|  56|0x0000000083800000, 0x0000000083900000, 0x0000000083900000|100%| O|  |TAMS 0x0000000083900000, 0x0000000083900000| Untracked 
|  57|0x0000000083900000, 0x0000000083a00000, 0x0000000083a00000|100%| O|  |TAMS 0x0000000083a00000, 0x0000000083a00000| Untracked 
|  58|0x0000000083a00000, 0x0000000083b00000, 0x0000000083b00000|100%| O|  |TAMS 0x0000000083b00000, 0x0000000083b00000| Untracked 
|  59|0x0000000083b00000, 0x0000000083c00000, 0x0000000083c00000|100%| O|  |TAMS 0x0000000083c00000, 0x0000000083c00000| Untracked 
|  60|0x0000000083c00000, 0x0000000083d00000, 0x0000000083d00000|100%| O|  |TAMS 0x0000000083d00000, 0x0000000083d00000| Untracked 
|  61|0x0000000083d00000, 0x0000000083e00000, 0x0000000083e00000|100%| O|  |TAMS 0x0000000083e00000, 0x0000000083e00000| Untracked 
|  62|0x0000000083e00000, 0x0000000083f00000, 0x0000000083f00000|100%| O|  |TAMS 0x0000000083f00000, 0x0000000083f00000| Untracked 
|  63|0x0000000083f00000, 0x0000000084000000, 0x0000000084000000|100%| O|  |TAMS 0x0000000084000000, 0x0000000084000000| Untracked 
|  64|0x0000000084000000, 0x0000000084100000, 0x0000000084100000|100%| O|  |TAMS 0x0000000084100000, 0x0000000084100000| Untracked 
|  65|0x0000000084100000, 0x0000000084200000, 0x0000000084200000|100%| O|  |TAMS 0x0000000084200000, 0x0000000084200000| Untracked 
|  66|0x0000000084200000, 0x0000000084300000, 0x0000000084300000|100%| O|  |TAMS 0x0000000084300000, 0x0000000084300000| Untracked 
|  67|0x0000000084300000, 0x0000000084400000, 0x0000000084400000|100%| O|  |TAMS 0x0000000084400000, 0x0000000084400000| Untracked 
|  68|0x0000000084400000, 0x0000000084500000, 0x0000000084500000|100%| O|  |TAMS 0x0000000084500000, 0x0000000084500000| Untracked 
|  69|0x0000000084500000, 0x0000000084600000, 0x0000000084600000|100%| O|  |TAMS 0x0000000084600000, 0x0000000084600000| Untracked 
|  70|0x0000000084600000, 0x0000000084700000, 0x0000000084700000|100%| O|  |TAMS 0x0000000084700000, 0x0000000084700000| Untracked 
|  71|0x0000000084700000, 0x0000000084800000, 0x0000000084800000|100%| O|  |TAMS 0x0000000084800000, 0x0000000084800000| Untracked 
|  72|0x0000000084800000, 0x0000000084900000, 0x0000000084900000|100%| O|  |TAMS 0x0000000084900000, 0x0000000084900000| Untracked 
|  73|0x0000000084900000, 0x0000000084a00000, 0x0000000084a00000|100%| O|  |TAMS 0x0000000084a00000, 0x0000000084a00000| Untracked 
|  74|0x0000000084a00000, 0x0000000084b00000, 0x0000000084b00000|100%| O|  |TAMS 0x0000000084b00000, 0x0000000084b00000| Untracked 
|  75|0x0000000084b00000, 0x0000000084c00000, 0x0000000084c00000|100%| O|  |TAMS 0x0000000084c00000, 0x0000000084c00000| Untracked 
|  76|0x0000000084c00000, 0x0000000084d00000, 0x0000000084d00000|100%| O|  |TAMS 0x0000000084d00000, 0x0000000084d00000| Untracked 
|  77|0x0000000084d00000, 0x0000000084e00000, 0x0000000084e00000|100%| O|  |TAMS 0x0000000084e00000, 0x0000000084e00000| Untracked 
|  78|0x0000000084e00000, 0x0000000084f00000, 0x0000000084f00000|100%| O|  |TAMS 0x0000000084e00000, 0x0000000084f00000| Untracked 
|  79|0x0000000084f00000, 0x0000000085000000, 0x0000000085000000|100%| O|  |TAMS 0x0000000085000000, 0x0000000085000000| Untracked 
|  80|0x0000000085000000, 0x0000000085100000, 0x0000000085100000|100%| O|  |TAMS 0x0000000085100000, 0x0000000085100000| Untracked 
|  81|0x0000000085100000, 0x0000000085200000, 0x0000000085200000|100%| O|  |TAMS 0x0000000085200000, 0x0000000085200000| Untracked 
|  82|0x0000000085200000, 0x0000000085300000, 0x0000000085300000|100%| O|  |TAMS 0x0000000085300000, 0x0000000085300000| Untracked 
|  83|0x0000000085300000, 0x0000000085400000, 0x0000000085400000|100%| O|  |TAMS 0x0000000085400000, 0x0000000085400000| Untracked 
|  84|0x0000000085400000, 0x0000000085500000, 0x0000000085500000|100%| O|  |TAMS 0x0000000085500000, 0x0000000085500000| Untracked 
|  85|0x0000000085500000, 0x0000000085600000, 0x0000000085600000|100%| O|  |TAMS 0x0000000085600000, 0x0000000085600000| Untracked 
|  86|0x0000000085600000, 0x0000000085700000, 0x0000000085700000|100%| O|  |TAMS 0x0000000085700000, 0x0000000085700000| Untracked 
|  87|0x0000000085700000, 0x0000000085800000, 0x0000000085800000|100%| O|  |TAMS 0x0000000085800000, 0x0000000085800000| Untracked 
|  88|0x0000000085800000, 0x0000000085900000, 0x0000000085900000|100%| O|  |TAMS 0x0000000085900000, 0x0000000085900000| Untracked 
|  89|0x0000000085900000, 0x0000000085a00000, 0x0000000085a00000|100%| O|  |TAMS 0x0000000085960000, 0x0000000085a00000| Untracked 
|  90|0x0000000085a00000, 0x0000000085b00000, 0x0000000085b00000|100%| O|  |TAMS 0x0000000085a00000, 0x0000000085b00000| Untracked 
|  91|0x0000000085b00000, 0x0000000085c00000, 0x0000000085c00000|100%| O|  |TAMS 0x0000000085b00000, 0x0000000085c00000| Untracked 
|  92|0x0000000085c00000, 0x0000000085d00000, 0x0000000085d00000|100%| O|  |TAMS 0x0000000085c00000, 0x0000000085d00000| Untracked 
|  93|0x0000000085d00000, 0x0000000085e00000, 0x0000000085e00000|100%| O|  |TAMS 0x0000000085d00000, 0x0000000085e00000| Untracked 
|  94|0x0000000085e00000, 0x0000000085f00000, 0x0000000085f00000|100%| O|  |TAMS 0x0000000085e00000, 0x0000000085f00000| Untracked 
|  95|0x0000000085f00000, 0x0000000086000000, 0x0000000086000000|100%| O|  |TAMS 0x0000000085f00000, 0x0000000086000000| Untracked 
|  96|0x0000000086000000, 0x0000000086100000, 0x0000000086100000|100%| O|  |TAMS 0x0000000086000000, 0x0000000086100000| Untracked 
|  97|0x0000000086100000, 0x0000000086200000, 0x0000000086200000|100%| O|  |TAMS 0x0000000086100000, 0x0000000086200000| Untracked 
|  98|0x0000000086200000, 0x0000000086300000, 0x0000000086300000|100%| O|  |TAMS 0x0000000086200000, 0x000000008622ac00| Untracked 
|  99|0x0000000086300000, 0x0000000086400000, 0x0000000086400000|100%| O|  |TAMS 0x0000000086300000, 0x0000000086300000| Untracked 
| 100|0x0000000086400000, 0x0000000086500000, 0x0000000086500000|100%| O|  |TAMS 0x0000000086400000, 0x0000000086400000| Untracked 
| 101|0x0000000086500000, 0x0000000086600000, 0x0000000086600000|100%| O|  |TAMS 0x0000000086500000, 0x0000000086500000| Untracked 
| 102|0x0000000086600000, 0x0000000086700000, 0x0000000086700000|100%| O|  |TAMS 0x0000000086600000, 0x0000000086600000| Untracked 
| 103|0x0000000086700000, 0x0000000086800000, 0x0000000086800000|100%| O|  |TAMS 0x0000000086700000, 0x0000000086700000| Untracked 
| 104|0x0000000086800000, 0x0000000086900000, 0x0000000086900000|100%| O|  |TAMS 0x0000000086800000, 0x0000000086800000| Untracked 
| 105|0x0000000086900000, 0x0000000086a00000, 0x0000000086a00000|100%| O|  |TAMS 0x0000000086900000, 0x0000000086900000| Untracked 
| 106|0x0000000086a00000, 0x0000000086a8bc00, 0x0000000086b00000| 54%| O|  |TAMS 0x0000000086a00000, 0x0000000086a00000| Untracked 
| 107|0x0000000086b00000, 0x0000000086b00000, 0x0000000086c00000|  0%| F|  |TAMS 0x0000000086b00000, 0x0000000086b00000| Untracked 
| 108|0x0000000086c00000, 0x0000000086c00000, 0x0000000086d00000|  0%| F|  |TAMS 0x0000000086c00000, 0x0000000086c00000| Untracked 
| 109|0x0000000086d00000, 0x0000000086d00000, 0x0000000086e00000|  0%| F|  |TAMS 0x0000000086d00000, 0x0000000086d00000| Untracked 
| 110|0x0000000086e00000, 0x0000000086e00000, 0x0000000086f00000|  0%| F|  |TAMS 0x0000000086e00000, 0x0000000086e00000| Untracked 
| 111|0x0000000086f00000, 0x0000000086f00000, 0x0000000087000000|  0%| F|  |TAMS 0x0000000086f00000, 0x0000000086f00000| Untracked 
| 112|0x0000000087000000, 0x0000000087000000, 0x0000000087100000|  0%| F|  |TAMS 0x0000000087000000, 0x0000000087000000| Untracked 
| 113|0x0000000087100000, 0x0000000087100000, 0x0000000087200000|  0%| F|  |TAMS 0x0000000087100000, 0x0000000087100000| Untracked 
| 114|0x0000000087200000, 0x0000000087200000, 0x0000000087300000|  0%| F|  |TAMS 0x0000000087200000, 0x0000000087200000| Untracked 
| 115|0x0000000087300000, 0x0000000087300000, 0x0000000087400000|  0%| F|  |TAMS 0x0000000087300000, 0x0000000087300000| Untracked 
| 116|0x0000000087400000, 0x0000000087400000, 0x0000000087500000|  0%| F|  |TAMS 0x0000000087400000, 0x0000000087400000| Untracked 
| 117|0x0000000087500000, 0x0000000087500000, 0x0000000087600000|  0%| F|  |TAMS 0x0000000087500000, 0x0000000087500000| Untracked 
| 118|0x0000000087600000, 0x0000000087600000, 0x0000000087700000|  0%| F|  |TAMS 0x0000000087600000, 0x0000000087600000| Untracked 
| 119|0x0000000087700000, 0x0000000087700000, 0x0000000087800000|  0%| F|  |TAMS 0x0000000087700000, 0x0000000087700000| Untracked 
| 120|0x0000000087800000, 0x0000000087800000, 0x0000000087900000|  0%| F|  |TAMS 0x0000000087800000, 0x0000000087800000| Untracked 
| 121|0x0000000087900000, 0x0000000087900000, 0x0000000087a00000|  0%| F|  |TAMS 0x0000000087900000, 0x0000000087900000| Untracked 
| 122|0x0000000087a00000, 0x0000000087a00000, 0x0000000087b00000|  0%| F|  |TAMS 0x0000000087a00000, 0x0000000087a00000| Untracked 
| 123|0x0000000087b00000, 0x0000000087c00000, 0x0000000087c00000|100%| S|CS|TAMS 0x0000000087b00000, 0x0000000087b00000| Complete 
| 124|0x0000000087c00000, 0x0000000087d00000, 0x0000000087d00000|100%| S|CS|TAMS 0x0000000087c00000, 0x0000000087c00000| Complete 
| 125|0x0000000087d00000, 0x0000000087e00000, 0x0000000087e00000|100%| S|CS|TAMS 0x0000000087d00000, 0x0000000087d00000| Complete 
| 126|0x0000000087e00000, 0x0000000087f00000, 0x0000000087f00000|100%| S|CS|TAMS 0x0000000087e00000, 0x0000000087e00000| Complete 
| 127|0x0000000087f00000, 0x0000000088000000, 0x0000000088000000|100%| S|CS|TAMS 0x0000000087f00000, 0x0000000087f00000| Complete 
| 128|0x0000000088000000, 0x0000000088100000, 0x0000000088100000|100%| S|CS|TAMS 0x0000000088000000, 0x0000000088000000| Complete 
| 129|0x0000000088100000, 0x0000000088200000, 0x0000000088200000|100%| S|CS|TAMS 0x0000000088100000, 0x0000000088100000| Complete 
| 130|0x0000000088200000, 0x0000000088200000, 0x0000000088300000|  0%| F|  |TAMS 0x0000000088200000, 0x0000000088200000| Untracked 
| 131|0x0000000088300000, 0x0000000088300000, 0x0000000088400000|  0%| F|  |TAMS 0x0000000088300000, 0x0000000088300000| Untracked 
| 132|0x0000000088400000, 0x0000000088400000, 0x0000000088500000|  0%| F|  |TAMS 0x0000000088400000, 0x0000000088400000| Untracked 
| 133|0x0000000088500000, 0x0000000088500000, 0x0000000088600000|  0%| F|  |TAMS 0x0000000088500000, 0x0000000088500000| Untracked 
| 134|0x0000000088600000, 0x0000000088600000, 0x0000000088700000|  0%| F|  |TAMS 0x0000000088600000, 0x0000000088600000| Untracked 
| 135|0x0000000088700000, 0x0000000088700000, 0x0000000088800000|  0%| F|  |TAMS 0x0000000088700000, 0x0000000088700000| Untracked 
| 136|0x0000000088800000, 0x0000000088800000, 0x0000000088900000|  0%| F|  |TAMS 0x0000000088800000, 0x0000000088800000| Untracked 
| 137|0x0000000088900000, 0x0000000088900000, 0x0000000088a00000|  0%| F|  |TAMS 0x0000000088900000, 0x0000000088900000| Untracked 
| 138|0x0000000088a00000, 0x0000000088a00000, 0x0000000088b00000|  0%| F|  |TAMS 0x0000000088a00000, 0x0000000088a00000| Untracked 
| 139|0x0000000088b00000, 0x0000000088b00000, 0x0000000088c00000|  0%| F|  |TAMS 0x0000000088b00000, 0x0000000088b00000| Untracked 
| 140|0x0000000088c00000, 0x0000000088c00000, 0x0000000088d00000|  0%| F|  |TAMS 0x0000000088c00000, 0x0000000088c00000| Untracked 
| 141|0x0000000088d00000, 0x0000000088d00000, 0x0000000088e00000|  0%| F|  |TAMS 0x0000000088d00000, 0x0000000088d00000| Untracked 
| 142|0x0000000088e00000, 0x0000000088e00000, 0x0000000088f00000|  0%| F|  |TAMS 0x0000000088e00000, 0x0000000088e00000| Untracked 
| 143|0x0000000088f00000, 0x0000000088f00000, 0x0000000089000000|  0%| F|  |TAMS 0x0000000088f00000, 0x0000000088f00000| Untracked 
| 144|0x0000000089000000, 0x0000000089000000, 0x0000000089100000|  0%| F|  |TAMS 0x0000000089000000, 0x0000000089000000| Untracked 
| 145|0x0000000089100000, 0x0000000089100000, 0x0000000089200000|  0%| F|  |TAMS 0x0000000089100000, 0x0000000089100000| Untracked 
| 146|0x0000000089200000, 0x0000000089200000, 0x0000000089300000|  0%| F|  |TAMS 0x0000000089200000, 0x0000000089200000| Untracked 
| 147|0x0000000089300000, 0x0000000089300000, 0x0000000089400000|  0%| F|  |TAMS 0x0000000089300000, 0x0000000089300000| Untracked 
| 148|0x0000000089400000, 0x0000000089400000, 0x0000000089500000|  0%| F|  |TAMS 0x0000000089400000, 0x0000000089400000| Untracked 
| 149|0x0000000089500000, 0x0000000089500000, 0x0000000089600000|  0%| F|  |TAMS 0x0000000089500000, 0x0000000089500000| Untracked 
| 150|0x0000000089600000, 0x0000000089600000, 0x0000000089700000|  0%| F|  |TAMS 0x0000000089600000, 0x0000000089600000| Untracked 
| 151|0x0000000089700000, 0x0000000089700000, 0x0000000089800000|  0%| F|  |TAMS 0x0000000089700000, 0x0000000089700000| Untracked 
| 152|0x0000000089800000, 0x0000000089800000, 0x0000000089900000|  0%| F|  |TAMS 0x0000000089800000, 0x0000000089800000| Untracked 
| 153|0x0000000089900000, 0x0000000089900000, 0x0000000089a00000|  0%| F|  |TAMS 0x0000000089900000, 0x0000000089900000| Untracked 
| 154|0x0000000089a00000, 0x0000000089a00000, 0x0000000089b00000|  0%| F|  |TAMS 0x0000000089a00000, 0x0000000089a00000| Untracked 
| 155|0x0000000089b00000, 0x0000000089b00000, 0x0000000089c00000|  0%| F|  |TAMS 0x0000000089b00000, 0x0000000089b00000| Untracked 
| 156|0x0000000089c00000, 0x0000000089c00000, 0x0000000089d00000|  0%| F|  |TAMS 0x0000000089c00000, 0x0000000089c00000| Untracked 
| 157|0x0000000089d00000, 0x0000000089d00000, 0x0000000089e00000|  0%| F|  |TAMS 0x0000000089d00000, 0x0000000089d00000| Untracked 
| 158|0x0000000089e00000, 0x0000000089e00000, 0x0000000089f00000|  0%| F|  |TAMS 0x0000000089e00000, 0x0000000089e00000| Untracked 
| 159|0x0000000089f00000, 0x0000000089f00000, 0x000000008a000000|  0%| F|  |TAMS 0x0000000089f00000, 0x0000000089f00000| Untracked 
| 160|0x000000008a000000, 0x000000008a000000, 0x000000008a100000|  0%| F|  |TAMS 0x000000008a000000, 0x000000008a000000| Untracked 
| 161|0x000000008a100000, 0x000000008a100000, 0x000000008a200000|  0%| F|  |TAMS 0x000000008a100000, 0x000000008a100000| Untracked 
| 162|0x000000008a200000, 0x000000008a200000, 0x000000008a300000|  0%| F|  |TAMS 0x000000008a200000, 0x000000008a200000| Untracked 
| 163|0x000000008a300000, 0x000000008a300000, 0x000000008a400000|  0%| F|  |TAMS 0x000000008a300000, 0x000000008a300000| Untracked 
| 164|0x000000008a400000, 0x000000008a400000, 0x000000008a500000|  0%| F|  |TAMS 0x000000008a400000, 0x000000008a400000| Untracked 
| 165|0x000000008a500000, 0x000000008a500000, 0x000000008a600000|  0%| F|  |TAMS 0x000000008a500000, 0x000000008a500000| Untracked 
| 166|0x000000008a600000, 0x000000008a600000, 0x000000008a700000|  0%| F|  |TAMS 0x000000008a600000, 0x000000008a600000| Untracked 
| 167|0x000000008a700000, 0x000000008a700000, 0x000000008a800000|  0%| F|  |TAMS 0x000000008a700000, 0x000000008a700000| Untracked 
| 168|0x000000008a800000, 0x000000008a800000, 0x000000008a900000|  0%| F|  |TAMS 0x000000008a800000, 0x000000008a800000| Untracked 
| 169|0x000000008a900000, 0x000000008a900000, 0x000000008aa00000|  0%| F|  |TAMS 0x000000008a900000, 0x000000008a900000| Untracked 
| 170|0x000000008aa00000, 0x000000008aa00000, 0x000000008ab00000|  0%| F|  |TAMS 0x000000008aa00000, 0x000000008aa00000| Untracked 
| 171|0x000000008ab00000, 0x000000008ab00000, 0x000000008ac00000|  0%| F|  |TAMS 0x000000008ab00000, 0x000000008ab00000| Untracked 
| 172|0x000000008ac00000, 0x000000008ac00000, 0x000000008ad00000|  0%| F|  |TAMS 0x000000008ac00000, 0x000000008ac00000| Untracked 
| 173|0x000000008ad00000, 0x000000008ad00000, 0x000000008ae00000|  0%| F|  |TAMS 0x000000008ad00000, 0x000000008ad00000| Untracked 
| 174|0x000000008ae00000, 0x000000008ae00000, 0x000000008af00000|  0%| F|  |TAMS 0x000000008ae00000, 0x000000008ae00000| Untracked 
| 175|0x000000008af00000, 0x000000008af00000, 0x000000008b000000|  0%| F|  |TAMS 0x000000008af00000, 0x000000008af00000| Untracked 
| 176|0x000000008b000000, 0x000000008b000000, 0x000000008b100000|  0%| F|  |TAMS 0x000000008b000000, 0x000000008b000000| Untracked 
| 177|0x000000008b100000, 0x000000008b100000, 0x000000008b200000|  0%| F|  |TAMS 0x000000008b100000, 0x000000008b100000| Untracked 
| 178|0x000000008b200000, 0x000000008b200000, 0x000000008b300000|  0%| F|  |TAMS 0x000000008b200000, 0x000000008b200000| Untracked 
| 179|0x000000008b300000, 0x000000008b300000, 0x000000008b400000|  0%| F|  |TAMS 0x000000008b300000, 0x000000008b300000| Untracked 
| 180|0x000000008b400000, 0x000000008b400000, 0x000000008b500000|  0%| F|  |TAMS 0x000000008b400000, 0x000000008b400000| Untracked 
| 181|0x000000008b500000, 0x000000008b500000, 0x000000008b600000|  0%| F|  |TAMS 0x000000008b500000, 0x000000008b500000| Untracked 
| 182|0x000000008b600000, 0x000000008b600000, 0x000000008b700000|  0%| F|  |TAMS 0x000000008b600000, 0x000000008b600000| Untracked 
| 183|0x000000008b700000, 0x000000008b700000, 0x000000008b800000|  0%| F|  |TAMS 0x000000008b700000, 0x000000008b700000| Untracked 
| 184|0x000000008b800000, 0x000000008b800000, 0x000000008b900000|  0%| F|  |TAMS 0x000000008b800000, 0x000000008b800000| Untracked 
| 185|0x000000008b900000, 0x000000008b900000, 0x000000008ba00000|  0%| F|  |TAMS 0x000000008b900000, 0x000000008b900000| Untracked 
| 186|0x000000008ba00000, 0x000000008ba00000, 0x000000008bb00000|  0%| F|  |TAMS 0x000000008ba00000, 0x000000008ba00000| Untracked 
| 187|0x000000008bb00000, 0x000000008bb00000, 0x000000008bc00000|  0%| F|  |TAMS 0x000000008bb00000, 0x000000008bb00000| Untracked 
| 188|0x000000008bc00000, 0x000000008bc00000, 0x000000008bd00000|  0%| F|  |TAMS 0x000000008bc00000, 0x000000008bc00000| Untracked 
| 189|0x000000008bd00000, 0x000000008bd00000, 0x000000008be00000|  0%| F|  |TAMS 0x000000008bd00000, 0x000000008bd00000| Untracked 
| 190|0x000000008be00000, 0x000000008be00000, 0x000000008bf00000|  0%| F|  |TAMS 0x000000008be00000, 0x000000008be00000| Untracked 
| 191|0x000000008bf00000, 0x000000008bf00000, 0x000000008c000000|  0%| F|  |TAMS 0x000000008bf00000, 0x000000008bf00000| Untracked 
| 192|0x000000008c000000, 0x000000008c000000, 0x000000008c100000|  0%| F|  |TAMS 0x000000008c000000, 0x000000008c000000| Untracked 
| 193|0x000000008c100000, 0x000000008c100000, 0x000000008c200000|  0%| F|  |TAMS 0x000000008c100000, 0x000000008c100000| Untracked 
| 194|0x000000008c200000, 0x000000008c200000, 0x000000008c300000|  0%| F|  |TAMS 0x000000008c200000, 0x000000008c200000| Untracked 
| 195|0x000000008c300000, 0x000000008c300000, 0x000000008c400000|  0%| F|  |TAMS 0x000000008c300000, 0x000000008c300000| Untracked 
| 196|0x000000008c400000, 0x000000008c400000, 0x000000008c500000|  0%| F|  |TAMS 0x000000008c400000, 0x000000008c400000| Untracked 
| 197|0x000000008c500000, 0x000000008c500000, 0x000000008c600000|  0%| F|  |TAMS 0x000000008c500000, 0x000000008c500000| Untracked 
| 198|0x000000008c600000, 0x000000008c600000, 0x000000008c700000|  0%| F|  |TAMS 0x000000008c600000, 0x000000008c600000| Untracked 
| 199|0x000000008c700000, 0x000000008c700000, 0x000000008c800000|  0%| F|  |TAMS 0x000000008c700000, 0x000000008c700000| Untracked 
| 200|0x000000008c800000, 0x000000008c800000, 0x000000008c900000|  0%| F|  |TAMS 0x000000008c800000, 0x000000008c800000| Untracked 
| 201|0x000000008c900000, 0x000000008c900000, 0x000000008ca00000|  0%| F|  |TAMS 0x000000008c900000, 0x000000008c900000| Untracked 
| 202|0x000000008ca00000, 0x000000008ca00000, 0x000000008cb00000|  0%| F|  |TAMS 0x000000008ca00000, 0x000000008ca00000| Untracked 
| 203|0x000000008cb00000, 0x000000008cb00000, 0x000000008cc00000|  0%| F|  |TAMS 0x000000008cb00000, 0x000000008cb00000| Untracked 
| 204|0x000000008cc00000, 0x000000008cc00000, 0x000000008cd00000|  0%| F|  |TAMS 0x000000008cc00000, 0x000000008cc00000| Untracked 
| 205|0x000000008cd00000, 0x000000008cd00000, 0x000000008ce00000|  0%| F|  |TAMS 0x000000008cd00000, 0x000000008cd00000| Untracked 
| 206|0x000000008ce00000, 0x000000008ce00000, 0x000000008cf00000|  0%| F|  |TAMS 0x000000008ce00000, 0x000000008ce00000| Untracked 
| 207|0x000000008cf00000, 0x000000008cf00000, 0x000000008d000000|  0%| F|  |TAMS 0x000000008cf00000, 0x000000008cf00000| Untracked 
| 208|0x000000008d000000, 0x000000008d000000, 0x000000008d100000|  0%| F|  |TAMS 0x000000008d000000, 0x000000008d000000| Untracked 
| 209|0x000000008d100000, 0x000000008d100000, 0x000000008d200000|  0%| F|  |TAMS 0x000000008d100000, 0x000000008d100000| Untracked 
| 210|0x000000008d200000, 0x000000008d200000, 0x000000008d300000|  0%| F|  |TAMS 0x000000008d200000, 0x000000008d200000| Untracked 
| 211|0x000000008d300000, 0x000000008d300000, 0x000000008d400000|  0%| F|  |TAMS 0x000000008d300000, 0x000000008d300000| Untracked 
| 212|0x000000008d400000, 0x000000008d400000, 0x000000008d500000|  0%| F|  |TAMS 0x000000008d400000, 0x000000008d400000| Untracked 
| 213|0x000000008d500000, 0x000000008d500000, 0x000000008d600000|  0%| F|  |TAMS 0x000000008d500000, 0x000000008d500000| Untracked 
| 214|0x000000008d600000, 0x000000008d600000, 0x000000008d700000|  0%| F|  |TAMS 0x000000008d600000, 0x000000008d600000| Untracked 
| 215|0x000000008d700000, 0x000000008d700000, 0x000000008d800000|  0%| F|  |TAMS 0x000000008d700000, 0x000000008d700000| Untracked 
| 216|0x000000008d800000, 0x000000008d800000, 0x000000008d900000|  0%| F|  |TAMS 0x000000008d800000, 0x000000008d800000| Untracked 
| 217|0x000000008d900000, 0x000000008d900000, 0x000000008da00000|  0%| F|  |TAMS 0x000000008d900000, 0x000000008d900000| Untracked 
| 218|0x000000008da00000, 0x000000008da00000, 0x000000008db00000|  0%| F|  |TAMS 0x000000008da00000, 0x000000008da00000| Untracked 
| 219|0x000000008db00000, 0x000000008db00000, 0x000000008dc00000|  0%| F|  |TAMS 0x000000008db00000, 0x000000008db00000| Untracked 
| 220|0x000000008dc00000, 0x000000008dc00000, 0x000000008dd00000|  0%| F|  |TAMS 0x000000008dc00000, 0x000000008dc00000| Untracked 
| 221|0x000000008dd00000, 0x000000008dd00000, 0x000000008de00000|  0%| F|  |TAMS 0x000000008dd00000, 0x000000008dd00000| Untracked 
| 222|0x000000008de00000, 0x000000008de00000, 0x000000008df00000|  0%| F|  |TAMS 0x000000008de00000, 0x000000008de00000| Untracked 
| 223|0x000000008df00000, 0x000000008df00000, 0x000000008e000000|  0%| F|  |TAMS 0x000000008df00000, 0x000000008df00000| Untracked 
| 224|0x000000008e000000, 0x000000008e000000, 0x000000008e100000|  0%| F|  |TAMS 0x000000008e000000, 0x000000008e000000| Untracked 
| 225|0x000000008e100000, 0x000000008e100000, 0x000000008e200000|  0%| F|  |TAMS 0x000000008e100000, 0x000000008e100000| Untracked 
| 226|0x000000008e200000, 0x000000008e200000, 0x000000008e300000|  0%| F|  |TAMS 0x000000008e200000, 0x000000008e200000| Untracked 
| 227|0x000000008e300000, 0x000000008e300000, 0x000000008e400000|  0%| F|  |TAMS 0x000000008e300000, 0x000000008e300000| Untracked 
| 228|0x000000008e400000, 0x000000008e400000, 0x000000008e500000|  0%| F|  |TAMS 0x000000008e400000, 0x000000008e400000| Untracked 
| 229|0x000000008e500000, 0x000000008e500000, 0x000000008e600000|  0%| F|  |TAMS 0x000000008e500000, 0x000000008e500000| Untracked 
| 230|0x000000008e600000, 0x000000008e600000, 0x000000008e700000|  0%| F|  |TAMS 0x000000008e600000, 0x000000008e600000| Untracked 
| 231|0x000000008e700000, 0x000000008e700000, 0x000000008e800000|  0%| F|  |TAMS 0x000000008e700000, 0x000000008e700000| Untracked 
| 232|0x000000008e800000, 0x000000008e800000, 0x000000008e900000|  0%| F|  |TAMS 0x000000008e800000, 0x000000008e800000| Untracked 
| 233|0x000000008e900000, 0x000000008e900000, 0x000000008ea00000|  0%| F|  |TAMS 0x000000008e900000, 0x000000008e900000| Untracked 
| 234|0x000000008ea00000, 0x000000008ea00000, 0x000000008eb00000|  0%| F|  |TAMS 0x000000008ea00000, 0x000000008ea00000| Untracked 
| 235|0x000000008eb00000, 0x000000008eb00000, 0x000000008ec00000|  0%| F|  |TAMS 0x000000008eb00000, 0x000000008eb00000| Untracked 
| 236|0x000000008ec00000, 0x000000008ec00000, 0x000000008ed00000|  0%| F|  |TAMS 0x000000008ec00000, 0x000000008ec00000| Untracked 
| 237|0x000000008ed00000, 0x000000008ed00000, 0x000000008ee00000|  0%| F|  |TAMS 0x000000008ed00000, 0x000000008ed00000| Untracked 
| 238|0x000000008ee00000, 0x000000008ee00000, 0x000000008ef00000|  0%| F|  |TAMS 0x000000008ee00000, 0x000000008ee00000| Untracked 
| 239|0x000000008ef00000, 0x000000008ef00000, 0x000000008f000000|  0%| F|  |TAMS 0x000000008ef00000, 0x000000008ef00000| Untracked 
| 240|0x000000008f000000, 0x000000008f000000, 0x000000008f100000|  0%| F|  |TAMS 0x000000008f000000, 0x000000008f000000| Untracked 
| 241|0x000000008f100000, 0x000000008f100000, 0x000000008f200000|  0%| F|  |TAMS 0x000000008f100000, 0x000000008f100000| Untracked 
| 242|0x000000008f200000, 0x000000008f200000, 0x000000008f300000|  0%| F|  |TAMS 0x000000008f200000, 0x000000008f200000| Untracked 
| 243|0x000000008f300000, 0x000000008f300000, 0x000000008f400000|  0%| F|  |TAMS 0x000000008f300000, 0x000000008f300000| Untracked 
| 244|0x000000008f400000, 0x000000008f400000, 0x000000008f500000|  0%| F|  |TAMS 0x000000008f400000, 0x000000008f400000| Untracked 
| 245|0x000000008f500000, 0x000000008f500000, 0x000000008f600000|  0%| F|  |TAMS 0x000000008f500000, 0x000000008f500000| Untracked 
| 246|0x000000008f600000, 0x000000008f600000, 0x000000008f700000|  0%| F|  |TAMS 0x000000008f600000, 0x000000008f600000| Untracked 
| 247|0x000000008f700000, 0x000000008f700000, 0x000000008f800000|  0%| F|  |TAMS 0x000000008f700000, 0x000000008f700000| Untracked 
| 248|0x000000008f800000, 0x000000008f800000, 0x000000008f900000|  0%| F|  |TAMS 0x000000008f800000, 0x000000008f800000| Untracked 
| 249|0x000000008f900000, 0x000000008f900000, 0x000000008fa00000|  0%| F|  |TAMS 0x000000008f900000, 0x000000008f900000| Untracked 
| 250|0x000000008fa00000, 0x000000008fa00000, 0x000000008fb00000|  0%| F|  |TAMS 0x000000008fa00000, 0x000000008fa00000| Untracked 
| 251|0x000000008fb00000, 0x000000008fb00000, 0x000000008fc00000|  0%| F|  |TAMS 0x000000008fb00000, 0x000000008fb00000| Untracked 
| 252|0x000000008fc00000, 0x000000008fc00000, 0x000000008fd00000|  0%| F|  |TAMS 0x000000008fc00000, 0x000000008fc00000| Untracked 
| 253|0x000000008fd00000, 0x000000008fd00000, 0x000000008fe00000|  0%| F|  |TAMS 0x000000008fd00000, 0x000000008fd00000| Untracked 

Card table byte_map: [0x00000224e1230000,0x00000224e1630000] _byte_map_base: 0x00000224e0e30000

Marking Bits (Prev, Next): (CMBitMap*) 0x00000224ce6989c0, (CMBitMap*) 0x00000224ce698980
 Prev Bits: [0x00000224e3a30000, 0x00000224e5a30000)
 Next Bits: [0x00000224e1a30000, 0x00000224e3a30000)

Polling page: 0x00000224cde00000

Metaspace:

Usage:
  Non-class:     79.88 MB used.
      Class:     12.54 MB used.
       Both:     92.42 MB used.

Virtual space:
  Non-class space:       88.00 MB reserved,      80.12 MB ( 91%) committed,  11 nodes.
      Class space:        1.00 GB reserved,      12.81 MB (  1%) committed,  1 nodes.
             Both:        1.09 GB reserved,      92.94 MB (  8%) committed. 

Chunk freelists:
   Non-Class:  3.50 MB
       Class:  3.00 MB
        Both:  6.50 MB

MaxMetaspaceSize: unlimited
CompressedClassSpaceSize: 1.00 GB
Initial GC threshold: 21.00 MB
Current GC threshold: 151.88 MB
CDS: off
MetaspaceReclaimPolicy: balanced
 - commit_granule_bytes: 65536.
 - commit_granule_words: 8192.
 - virtual_space_node_default_size: 1048576.
 - enlarge_chunks_in_place: 1.
 - new_chunks_are_fully_committed: 0.
 - uncommit_free_chunks: 1.
 - use_allocation_guard: 0.
 - handle_deallocations: 1.


Internal statistics:

num_allocs_failed_limit: 9.
num_arena_births: 772.
num_arena_deaths: 12.
num_vsnodes_births: 12.
num_vsnodes_deaths: 0.
num_space_committed: 1487.
num_space_uncommitted: 0.
num_chunks_returned_to_freelist: 23.
num_chunks_taken_from_freelist: 4185.
num_chunk_merges: 5.
num_chunk_splits: 2816.
num_chunks_enlarged: 1910.
num_purges: 2.
num_inconsistent_stats: 0.

CodeHeap 'non-profiled nmethods': size=120000Kb used=5329Kb max_used=5737Kb free=114670Kb
 bounds [0x00000224d95d0000, 0x00000224d9b80000, 0x00000224e0b00000]
CodeHeap 'profiled nmethods': size=120000Kb used=18674Kb max_used=18945Kb free=101325Kb
 bounds [0x00000224d1b00000, 0x00000224d2d90000, 0x00000224d9030000]
CodeHeap 'non-nmethods': size=5760Kb used=2381Kb max_used=2490Kb free=3378Kb
 bounds [0x00000224d9030000, 0x00000224d92b0000, 0x00000224d95d0000]
 total_blobs=10496 nmethods=9583 adapters=825
 compilation: enabled
              stopped_count=0, restarted_count=0
 full_count=0

Compilation events (20 events):
Event: 16.566 Thread 0x00000224e9094170 11092       3       com.android.tools.r8.graph.w0::d (130 bytes)
Event: 16.567 Thread 0x00000224e9094170 nmethod 11092 0x00000224d2857410 code [0x00000224d28575e0, 0x00000224d28579e8]
Event: 16.567 Thread 0x00000224e9094170 11093       3       com.android.tools.r8.graph.w0::a (32 bytes)
Event: 16.567 Thread 0x00000224ec7a9420 11097       4       java.util.Arrays::hashCode (44 bytes)
Event: 16.568 Thread 0x00000224e9094170 nmethod 11093 0x00000224d2856b10 code [0x00000224d2856d00, 0x00000224d28571d8]
Event: 16.568 Thread 0x00000224e9094170 11095       3       com.android.tools.r8.graph.e1::A0 (21 bytes)
Event: 16.568 Thread 0x00000224e9094170 nmethod 11095 0x00000224d2407090 code [0x00000224d2407220, 0x00000224d24073b8]
Event: 16.568 Thread 0x00000224e9094170 11094       3       com.android.tools.r8.graph.e1::w0 (21 bytes)
Event: 16.568 Thread 0x00000224e9094170 nmethod 11094 0x00000224d2843b10 code [0x00000224d2843ca0, 0x00000224d2843e38]
Event: 16.568 Thread 0x00000224e9094170 11098       3       com.android.tools.r8.graph.d1::<init> (21 bytes)
Event: 16.568 Thread 0x00000224e9094170 nmethod 11098 0x00000224d2856110 code [0x00000224d28562e0, 0x00000224d2856708]
Event: 16.568 Thread 0x00000224e9094170 11096   !   3       sun.nio.fs.WindowsChannelFactory::open (457 bytes)
Event: 16.571 Thread 0x00000224e9094170 nmethod 11096 0x00000224d289c910 code [0x00000224d289cc20, 0x00000224d289e0c8]
Event: 16.571 Thread 0x00000224e9094170 11099       3       com.android.tools.r8.graph.b1::<init> (5 bytes)
Event: 16.572 Thread 0x00000224e9094170 nmethod 11099 0x00000224d2403590 code [0x00000224d2403740, 0x00000224d24039d8]
Event: 16.572 Thread 0x00000224e9094170 11100       3       com.android.tools.r8.graph.e1::<init> (59 bytes)
Event: 16.572 Thread 0x00000224e9094170 nmethod 11100 0x00000224d2402e90 code [0x00000224d2403060, 0x00000224d24033f8]
Event: 16.572 Thread 0x00000224e9094170 11101       3       java.util.IdentityHashMap::nextKeyIndex (15 bytes)
Event: 16.572 Thread 0x00000224e9094170 nmethod 11101 0x00000224d2b52490 code [0x00000224d2b52620, 0x00000224d2b52758]
Event: 16.573 Thread 0x00000224ec7a9420 nmethod 11097 0x00000224d9605890 code [0x00000224d9605a00, 0x00000224d9605b98]

GC Heap History (20 events):
Event: 12.266 GC heap after
{Heap after GC invocations=29 (full 0):
 garbage-first heap   total 121856K, used 72824K [0x0000000080000000, 0x0000000100000000)
  region size 1024K, 5 young (5120K), 5 survivors (5120K)
 Metaspace       used 80609K, committed 81152K, reserved 1122304K
  class space    used 10893K, committed 11136K, reserved 1048576K
}
Event: 12.961 GC heap before
{Heap before GC invocations=30 (full 0):
 garbage-first heap   total 128000K, used 101496K [0x0000000080000000, 0x0000000100000000)
  region size 1024K, 33 young (33792K), 5 survivors (5120K)
 Metaspace       used 84110K, committed 84608K, reserved 1130496K
  class space    used 11327K, committed 11584K, reserved 1048576K
}
Event: 12.971 GC heap after
{Heap after GC invocations=31 (full 0):
 garbage-first heap   total 128000K, used 75520K [0x0000000080000000, 0x0000000100000000)
  region size 1024K, 5 young (5120K), 5 survivors (5120K)
 Metaspace       used 84110K, committed 84608K, reserved 1130496K
  class space    used 11327K, committed 11584K, reserved 1048576K
}
Event: 13.343 GC heap before
{Heap before GC invocations=31 (full 0):
 garbage-first heap   total 128000K, used 106240K [0x0000000080000000, 0x0000000100000000)
  region size 1024K, 35 young (35840K), 5 survivors (5120K)
 Metaspace       used 84442K, committed 84928K, reserved 1130496K
  class space    used 11378K, committed 11648K, reserved 1048576K
}
Event: 13.354 GC heap after
{Heap after GC invocations=32 (full 0):
 garbage-first heap   total 128000K, used 80491K [0x0000000080000000, 0x0000000100000000)
  region size 1024K, 5 young (5120K), 5 survivors (5120K)
 Metaspace       used 84442K, committed 84928K, reserved 1130496K
  class space    used 11378K, committed 11648K, reserved 1048576K
}
Event: 13.792 GC heap before
{Heap before GC invocations=33 (full 0):
 garbage-first heap   total 150528K, used 103019K [0x0000000080000000, 0x0000000100000000)
  region size 1024K, 28 young (28672K), 5 survivors (5120K)
 Metaspace       used 85709K, committed 86272K, reserved 1130496K
  class space    used 11638K, committed 11904K, reserved 1048576K
}
Event: 13.803 GC heap after
{Heap after GC invocations=34 (full 0):
 garbage-first heap   total 150528K, used 84832K [0x0000000080000000, 0x0000000100000000)
  region size 1024K, 4 young (4096K), 4 survivors (4096K)
 Metaspace       used 85709K, committed 86272K, reserved 1130496K
  class space    used 11638K, committed 11904K, reserved 1048576K
}
Event: 14.306 GC heap before
{Heap before GC invocations=34 (full 0):
 garbage-first heap   total 150528K, used 121696K [0x0000000080000000, 0x0000000100000000)
  region size 1024K, 40 young (40960K), 4 survivors (4096K)
 Metaspace       used 86892K, committed 87360K, reserved 1130496K
  class space    used 11862K, committed 12096K, reserved 1048576K
}
Event: 14.316 GC heap after
{Heap after GC invocations=35 (full 0):
 garbage-first heap   total 181248K, used 88041K [0x0000000080000000, 0x0000000100000000)
  region size 1024K, 4 young (4096K), 4 survivors (4096K)
 Metaspace       used 86892K, committed 87360K, reserved 1130496K
  class space    used 11862K, committed 12096K, reserved 1048576K
}
Event: 14.921 GC heap before
{Heap before GC invocations=36 (full 0):
 garbage-first heap   total 181248K, used 143337K [0x0000000080000000, 0x0000000100000000)
  region size 1024K, 59 young (60416K), 4 survivors (4096K)
 Metaspace       used 88193K, committed 88768K, reserved 1130496K
  class space    used 11968K, committed 12224K, reserved 1048576K
}
Event: 14.931 GC heap after
{Heap after GC invocations=37 (full 0):
 garbage-first heap   total 181248K, used 90999K [0x0000000080000000, 0x0000000100000000)
  region size 1024K, 7 young (7168K), 7 survivors (7168K)
 Metaspace       used 88193K, committed 88768K, reserved 1130496K
  class space    used 11968K, committed 12224K, reserved 1048576K
}
Event: 14.938 GC heap before
{Heap before GC invocations=37 (full 0):
 garbage-first heap   total 181248K, used 92023K [0x0000000080000000, 0x0000000100000000)
  region size 1024K, 8 young (8192K), 7 survivors (7168K)
 Metaspace       used 88200K, committed 88768K, reserved 1130496K
  class space    used 11968K, committed 12224K, reserved 1048576K
}
Event: 14.946 GC heap after
{Heap after GC invocations=38 (full 0):
 garbage-first heap   total 181248K, used 91427K [0x0000000080000000, 0x0000000100000000)
  region size 1024K, 1 young (1024K), 1 survivors (1024K)
 Metaspace       used 88200K, committed 88768K, reserved 1130496K
  class space    used 11968K, committed 12224K, reserved 1048576K
}
Event: 15.872 GC heap before
{Heap before GC invocations=38 (full 0):
 garbage-first heap   total 181248K, used 145699K [0x0000000080000000, 0x0000000100000000)
  region size 1024K, 55 young (56320K), 1 survivors (1024K)
 Metaspace       used 92410K, committed 92992K, reserved 1130496K
  class space    used 12544K, committed 12800K, reserved 1048576K
}
Event: 15.879 GC heap after
{Heap after GC invocations=39 (full 0):
 garbage-first heap   total 181248K, used 94920K [0x0000000080000000, 0x0000000100000000)
  region size 1024K, 5 young (5120K), 5 survivors (5120K)
 Metaspace       used 92410K, committed 92992K, reserved 1130496K
  class space    used 12544K, committed 12800K, reserved 1048576K
}
Event: 16.439 GC heap before
{Heap before GC invocations=40 (full 0):
 garbage-first heap   total 183296K, used 146120K [0x0000000080000000, 0x0000000100000000)
  region size 1024K, 56 young (57344K), 5 survivors (5120K)
 Metaspace       used 93788K, committed 94400K, reserved 1130496K
  class space    used 12743K, committed 13056K, reserved 1048576K
}
Event: 16.451 GC heap after
{Heap after GC invocations=41 (full 0):
 garbage-first heap   total 183296K, used 99937K [0x0000000080000000, 0x0000000100000000)
  region size 1024K, 5 young (5120K), 5 survivors (5120K)
 Metaspace       used 93788K, committed 94400K, reserved 1130496K
  class space    used 12743K, committed 13056K, reserved 1048576K
}
Event: 16.459 GC heap before
{Heap before GC invocations=41 (full 0):
 garbage-first heap   total 183296K, used 101985K [0x0000000080000000, 0x0000000100000000)
  region size 1024K, 8 young (8192K), 5 survivors (5120K)
 Metaspace       used 93788K, committed 94400K, reserved 1130496K
  class space    used 12743K, committed 13056K, reserved 1048576K
}
Event: 16.465 GC heap after
{Heap after GC invocations=42 (full 0):
 garbage-first heap   total 183296K, used 100523K [0x0000000080000000, 0x0000000100000000)
  region size 1024K, 1 young (1024K), 1 survivors (1024K)
 Metaspace       used 93788K, committed 94400K, reserved 1130496K
  class space    used 12743K, committed 13056K, reserved 1048576K
}
Event: 16.576 GC heap before
{Heap before GC invocations=42 (full 0):
 garbage-first heap   total 183296K, used 148651K [0x0000000080000000, 0x0000000100000000)
  region size 1024K, 49 young (50176K), 1 survivors (1024K)
 Metaspace       used 94634K, committed 95168K, reserved 1138688K
  class space    used 12837K, committed 13120K, reserved 1048576K
}

Dll operation events (2 events):
Event: 0.011 Loaded shared library D:\android studio\jbr\bin\java.dll
Event: 0.705 Loaded shared library D:\android studio\jbr\bin\verify.dll

Deoptimization events (20 events):
Event: 16.134 Thread 0x00000224ec3380c0 Uncommon trap: trap_request=0xffffffd6 fr.pc=0x00000224d96cd510 relative=0x0000000000000750
Event: 16.134 Thread 0x00000224ec3380c0 Uncommon trap: reason=array_check action=maybe_recompile pc=0x00000224d96cd510 method=java.util.TimSort.binarySort([Ljava/lang/Object;IIILjava/util/Comparator;)V @ 215 c2
Event: 16.134 Thread 0x00000224ec3380c0 DEOPT PACKING pc=0x00000224d96cd510 sp=0x0000007d624fa940
Event: 16.134 Thread 0x00000224ec3380c0 DEOPT UNPACKING pc=0x00000224d90869a3 sp=0x0000007d624fa8d8 mode 2
Event: 16.373 Thread 0x00000224eefc4530 Uncommon trap: trap_request=0xffffff45 fr.pc=0x00000224d9937fe4 relative=0x0000000000000064
Event: 16.373 Thread 0x00000224eefc4530 Uncommon trap: reason=unstable_if action=reinterpret pc=0x00000224d9937fe4 method=java.util.zip.ZipFile$ZipEntryIterator.hasNext()Z @ 8 c2
Event: 16.373 Thread 0x00000224eefc4530 DEOPT PACKING pc=0x00000224d9937fe4 sp=0x0000007d5e1fb450
Event: 16.373 Thread 0x00000224eefc4530 DEOPT UNPACKING pc=0x00000224d90869a3 sp=0x0000007d5e1fb388 mode 2
Event: 16.386 Thread 0x00000224eefc4530 Uncommon trap: trap_request=0xffffff45 fr.pc=0x00000224d9616480 relative=0x0000000000000820
Event: 16.386 Thread 0x00000224eefc4530 Uncommon trap: reason=unstable_if action=reinterpret pc=0x00000224d9616480 method=java.util.zip.ZipFile$Source.getEntryPos(Ljava/lang/String;Z)I @ 113 c2
Event: 16.386 Thread 0x00000224eefc4530 DEOPT PACKING pc=0x00000224d9616480 sp=0x0000007d5e1f8cb0
Event: 16.386 Thread 0x00000224eefc4530 DEOPT UNPACKING pc=0x00000224d90869a3 sp=0x0000007d5e1f8c40 mode 2
Event: 16.415 Thread 0x00000224eefc4530 Uncommon trap: trap_request=0xffffff45 fr.pc=0x00000224d98e307c relative=0x000000000000145c
Event: 16.415 Thread 0x00000224eefc4530 Uncommon trap: reason=unstable_if action=reinterpret pc=0x00000224d98e307c method=java.util.concurrent.ConcurrentHashMap.putVal(Ljava/lang/Object;Ljava/lang/Object;Z)Ljava/lang/Object; @ 162 c2
Event: 16.415 Thread 0x00000224eefc4530 DEOPT PACKING pc=0x00000224d98e307c sp=0x0000007d5e1f6cd0
Event: 16.415 Thread 0x00000224eefc4530 DEOPT UNPACKING pc=0x00000224d90869a3 sp=0x0000007d5e1f6c68 mode 2
Event: 16.415 Thread 0x00000224eefc4530 Uncommon trap: trap_request=0xffffff45 fr.pc=0x00000224d9aed4ac relative=0x00000000000001ec
Event: 16.415 Thread 0x00000224eefc4530 Uncommon trap: reason=unstable_if action=reinterpret pc=0x00000224d9aed4ac method=com.google.common.collect.MapMakerInternalMap$Segment.getEntry(Ljava/lang/Object;I)Lcom/google/common/collect/MapMakerInternalMap$InternalEntry; @ 63 c2
Event: 16.415 Thread 0x00000224eefc4530 DEOPT PACKING pc=0x00000224d9aed4ac sp=0x0000007d5e1f6bb0
Event: 16.415 Thread 0x00000224eefc4530 DEOPT UNPACKING pc=0x00000224d90869a3 sp=0x0000007d5e1f6b68 mode 2

Classes unloaded (6 events):
Event: 16.045 Thread 0x00000224e84a7940 Unloading class 0x0000000100bbd800 'java/lang/invoke/LambdaForm$DMH+0x0000000100bbd800'
Event: 16.045 Thread 0x00000224e84a7940 Unloading class 0x0000000100bbd400 'java/lang/invoke/LambdaForm$DMH+0x0000000100bbd400'
Event: 16.045 Thread 0x00000224e84a7940 Unloading class 0x0000000100bbd000 'java/lang/invoke/LambdaForm$DMH+0x0000000100bbd000'
Event: 16.045 Thread 0x00000224e84a7940 Unloading class 0x0000000100bbcc00 'java/lang/invoke/LambdaForm$DMH+0x0000000100bbcc00'
Event: 16.045 Thread 0x00000224e84a7940 Unloading class 0x0000000100bbc400 'java/lang/invoke/LambdaForm$DMH+0x0000000100bbc400'
Event: 16.045 Thread 0x00000224e84a7940 Unloading class 0x0000000100bbc800 'java/lang/invoke/LambdaForm$DMH+0x0000000100bbc800'

Classes redefined (0 events):
No events

Internal exceptions (20 events):
Event: 14.135 Thread 0x00000224eec44570 Exception <a 'java/lang/NoSuchMethodError'{0x000000008805d830}: 'java.lang.Object java.lang.invoke.DirectMethodHandle$Holder.invokeSpecialIFC(java.lang.Object, java.lang.Object, java.lang.Object)'> (0x000000008805d830) 
thrown [s\src\hotspot\share\interpreter\linkResolver.cpp, line 771]
Event: 14.135 Thread 0x00000224eedab380 Exception <a 'java/lang/NoSuchMethodError'{0x00000000880b2da8}: 'java.lang.Object java.lang.invoke.DirectMethodHandle$Holder.invokeSpecialIFC(java.lang.Object, java.lang.Object, java.lang.Object)'> (0x00000000880b2da8) 
thrown [s\src\hotspot\share\interpreter\linkResolver.cpp, line 771]
Event: 14.136 Thread 0x00000224eedada00 Exception <a 'java/lang/NoSuchMethodError'{0x00000000880902c0}: 'java.lang.Object java.lang.invoke.DirectMethodHandle$Holder.invokeSpecialIFC(java.lang.Object, java.lang.Object, java.lang.Object)'> (0x00000000880902c0) 
thrown [s\src\hotspot\share\interpreter\linkResolver.cpp, line 771]
Event: 14.136 Thread 0x00000224eedaed40 Exception <a 'java/lang/NoSuchMethodError'{0x000000008806aad0}: 'java.lang.Object java.lang.invoke.DirectMethodHandle$Holder.invokeSpecialIFC(java.lang.Object, java.lang.Object, java.lang.Object)'> (0x000000008806aad0) 
thrown [s\src\hotspot\share\interpreter\linkResolver.cpp, line 771]
Event: 14.136 Thread 0x00000224eedb1890 Exception <a 'java/lang/NoSuchMethodError'{0x00000000880a5ed8}: 'java.lang.Object java.lang.invoke.DirectMethodHandle$Holder.invokeSpecialIFC(java.lang.Object, java.lang.Object, java.lang.Object)'> (0x00000000880a5ed8) 
thrown [s\src\hotspot\share\interpreter\linkResolver.cpp, line 771]
Event: 14.136 Thread 0x00000224eedaf210 Exception <a 'java/lang/NoSuchMethodError'{0x0000000088085768}: 'java.lang.Object java.lang.invoke.DirectMethodHandle$Holder.invokeSpecialIFC(java.lang.Object, java.lang.Object, java.lang.Object)'> (0x0000000088085768) 
thrown [s\src\hotspot\share\interpreter\linkResolver.cpp, line 771]
Event: 14.413 Thread 0x00000224eec423c0 Implicit null exception at 0x00000224d9b04dc8 to 0x00000224d9b05720
Event: 14.414 Thread 0x00000224eec423c0 Implicit null exception at 0x00000224d9b04dc8 to 0x00000224d9b05720
Event: 14.428 Thread 0x00000224ec062340 Implicit null exception at 0x00000224d9b04dc8 to 0x00000224d9b05720
Event: 14.429 Thread 0x00000224ec062340 Implicit null exception at 0x00000224d9b04dc8 to 0x00000224d9b05720
Event: 14.631 Thread 0x00000224eedb0080 Implicit null exception at 0x00000224d9b22ea0 to 0x00000224d9b23748
Event: 14.744 Thread 0x00000224ec335a40 Exception <a 'java/lang/NoSuchMethodError'{0x000000008897fc38}: 'void java.lang.invoke.DirectMethodHandle$Holder.invokeVirtual(java.lang.Object, java.lang.Object)'> (0x000000008897fc38) 
thrown [s\src\hotspot\share\interpreter\linkResolver.cpp, line 771]
Event: 14.801 Thread 0x00000224ec335a40 Exception <a 'java/lang/NoSuchMethodError'{0x0000000088663938}: static Lcom/android/build/gradle/internal/tasks/AarMetadataArtifact;.<clinit>()V> (0x0000000088663938) 
thrown [s\src\hotspot\share\prims\jni.cpp, line 1108]
Event: 14.901 Thread 0x00000224e9af0c70 Exception <a 'java/lang/NoSuchMethodError'{0x0000000087cc57f8}: static Lorg/gradle/internal/build/event/types/DefaultTaskFailureResult;.<clinit>()V> (0x0000000087cc57f8) 
thrown [s\src\hotspot\share\prims\jni.cpp, line 1108]
Event: 14.908 Thread 0x00000224e9af0c70 Exception <a 'java/lang/NoSuchMethodError'{0x0000000087b92a28}: static [Ljava/lang/Object;.<clinit>()V> (0x0000000087b92a28) 
thrown [s\src\hotspot\share\prims\jni.cpp, line 1108]
Event: 14.910 Thread 0x00000224e9af0c70 Exception <a 'java/lang/NoSuchMethodError'{0x0000000087a042f0}: static Lorg/gradle/internal/build/event/types/DefaultFailure;.<clinit>()V> (0x0000000087a042f0) 
thrown [s\src\hotspot\share\prims\jni.cpp, line 1108]
Event: 16.485 Thread 0x00000224eec44f10 Exception <a 'sun/nio/fs/WindowsException'{0x000000008c7a9758}> (0x000000008c7a9758) 
thrown [s\src\hotspot\share\prims\jni.cpp, line 517]
Event: 16.486 Thread 0x00000224eefc4530 Exception <a 'sun/nio/fs/WindowsException'{0x000000008c831eb0}> (0x000000008c831eb0) 
thrown [s\src\hotspot\share\prims\jni.cpp, line 517]
Event: 16.536 Thread 0x00000224eedac6c0 Exception <a 'sun/nio/fs/WindowsException'{0x00000000893737a8}> (0x00000000893737a8) 
thrown [s\src\hotspot\share\prims\jni.cpp, line 517]
Event: 16.567 Thread 0x00000224eedacb90 Exception <a 'sun/nio/fs/WindowsException'{0x00000000885d1100}> (0x00000000885d1100) 
thrown [s\src\hotspot\share\prims\jni.cpp, line 517]

VM Operations (20 events):
Event: 15.915 Executing VM operation: HandshakeAllThreads done
Event: 15.918 Executing VM operation: HandshakeAllThreads
Event: 15.918 Executing VM operation: HandshakeAllThreads done
Event: 16.043 Executing VM operation: G1Concurrent
Event: 16.060 Executing VM operation: G1Concurrent done
Event: 16.136 Executing VM operation: G1Concurrent
Event: 16.137 Executing VM operation: G1Concurrent done
Event: 16.192 Executing VM operation: HandshakeAllThreads
Event: 16.193 Executing VM operation: HandshakeAllThreads done
Event: 16.439 Executing VM operation: G1CollectForAllocation
Event: 16.452 Executing VM operation: G1CollectForAllocation done
Event: 16.459 Executing VM operation: G1CollectForAllocation
Event: 16.459 Executing VM operation: G1CollectForAllocation done
Event: 16.459 Executing VM operation: G1CollectForAllocation
Event: 16.465 Executing VM operation: G1CollectForAllocation done
Event: 16.493 Executing VM operation: HandshakeAllThreads
Event: 16.493 Executing VM operation: HandshakeAllThreads done
Event: 16.559 Executing VM operation: HandshakeAllThreads
Event: 16.559 Executing VM operation: HandshakeAllThreads done
Event: 16.576 Executing VM operation: G1CollectForAllocation

Events (20 events):
Event: 16.218 Thread 0x00000224e9094a80 flushing nmethod 0x00000224d2c29910
Event: 16.218 Thread 0x00000224e9094a80 flushing nmethod 0x00000224d2c3ea10
Event: 16.219 Thread 0x00000224e9094a80 flushing nmethod 0x00000224d2caad90
Event: 16.219 Thread 0x00000224e9094a80 flushing nmethod 0x00000224d2cadb10
Event: 16.219 Thread 0x00000224e9094a80 flushing nmethod 0x00000224d2ce9f10
Event: 16.219 Thread 0x00000224e9094a80 flushing nmethod 0x00000224d2d19c10
Event: 16.350 loading class java/nio/file/Files$2
Event: 16.350 loading class java/nio/file/Files$2 done
Event: 16.367 loading class sun/nio/fs/Globs
Event: 16.367 loading class sun/nio/fs/Globs done
Event: 16.367 loading class java/util/regex/Pattern$SliceU
Event: 16.367 loading class java/util/regex/Pattern$SliceU done
Event: 16.367 loading class sun/nio/fs/WindowsFileSystem$2
Event: 16.367 loading class java/nio/file/PathMatcher
Event: 16.367 loading class java/nio/file/PathMatcher done
Event: 16.367 loading class sun/nio/fs/WindowsFileSystem$2 done
Event: 16.420 loading class java/util/zip/ZipInputStream
Event: 16.421 loading class java/util/zip/ZipInputStream done
Event: 16.535 loading class java/io/UTFDataFormatException
Event: 16.535 loading class java/io/UTFDataFormatException done


Dynamic libraries:
0x00007ff6aa360000 - 0x00007ff6aa36a000 	D:\android studio\jbr\bin\java.exe
0x00007ffa210b0000 - 0x00007ffa212c7000 	C:\WINDOWS\SYSTEM32\ntdll.dll
0x00007ffa20580000 - 0x00007ffa20644000 	C:\WINDOWS\System32\KERNEL32.DLL
0x00007ffa1e4a0000 - 0x00007ffa1e846000 	C:\WINDOWS\System32\KERNELBASE.dll
0x00007ffa1eb90000 - 0x00007ffa1eca1000 	C:\WINDOWS\System32\ucrtbase.dll
0x00007ffa014f0000 - 0x00007ffa01507000 	D:\android studio\jbr\bin\jli.dll
0x00007ffa19e90000 - 0x00007ffa19eab000 	D:\android studio\jbr\bin\VCRUNTIME140.dll
0x00007ffa1f280000 - 0x00007ffa1f42d000 	C:\WINDOWS\System32\USER32.dll
0x00007ffa1e9f0000 - 0x00007ffa1ea16000 	C:\WINDOWS\System32\win32u.dll
0x00007ffa20d80000 - 0x00007ffa20da9000 	C:\WINDOWS\System32\GDI32.dll
0x00007ffa02e80000 - 0x00007ffa03113000 	C:\WINDOWS\WinSxS\amd64_microsoft.windows.common-controls_6595b64144ccf1df_6.0.22621.2361_none_2712ced57382f843\COMCTL32.dll
0x00007ffa1e8d0000 - 0x00007ffa1e9e8000 	C:\WINDOWS\System32\gdi32full.dll
0x00007ffa20cd0000 - 0x00007ffa20d77000 	C:\WINDOWS\System32\msvcrt.dll
0x00007ffa1ecb0000 - 0x00007ffa1ed4a000 	C:\WINDOWS\System32\msvcp_win.dll
0x00007ffa20490000 - 0x00007ffa204c1000 	C:\WINDOWS\System32\IMM32.DLL
0x00007ffa19e80000 - 0x00007ffa19e8c000 	D:\android studio\jbr\bin\vcruntime140_1.dll
0x00007ff9de320000 - 0x00007ff9de3ad000 	D:\android studio\jbr\bin\msvcp140.dll
0x00007ff9842d0000 - 0x00007ff984f3e000 	D:\android studio\jbr\bin\server\jvm.dll
0x00007ffa204d0000 - 0x00007ffa20580000 	C:\WINDOWS\System32\ADVAPI32.dll
0x00007ffa209e0000 - 0x00007ffa20a86000 	C:\WINDOWS\System32\sechost.dll
0x00007ffa201b0000 - 0x00007ffa202c7000 	C:\WINDOWS\System32\RPCRT4.dll
0x00007ffa033d0000 - 0x00007ffa033d9000 	C:\WINDOWS\SYSTEM32\WSOCK32.dll
0x00007ffa17680000 - 0x00007ffa176b4000 	C:\WINDOWS\SYSTEM32\WINMM.dll
0x00007ffa20db0000 - 0x00007ffa20e21000 	C:\WINDOWS\System32\WS2_32.dll
0x00007ffa18370000 - 0x00007ffa1837a000 	C:\WINDOWS\SYSTEM32\VERSION.dll
0x00007ffa1d470000 - 0x00007ffa1d488000 	C:\WINDOWS\SYSTEM32\kernel.appcore.dll
0x00007ffa18ec0000 - 0x00007ffa18eca000 	D:\android studio\jbr\bin\jimage.dll
0x00007ffa1bd80000 - 0x00007ffa1bfae000 	C:\WINDOWS\SYSTEM32\DBGHELP.DLL
0x00007ffa20650000 - 0x00007ffa209da000 	C:\WINDOWS\System32\combase.dll
0x00007ffa20e30000 - 0x00007ffa20f07000 	C:\WINDOWS\System32\OLEAUT32.dll
0x00007ffa02780000 - 0x00007ffa027b2000 	C:\WINDOWS\SYSTEM32\dbgcore.DLL
0x00007ffa1e850000 - 0x00007ffa1e8ca000 	C:\WINDOWS\System32\bcryptPrimitives.dll
0x00007ffa17b70000 - 0x00007ffa17b95000 	D:\android studio\jbr\bin\java.dll
0x00007ffa06af0000 - 0x00007ffa06b08000 	D:\android studio\jbr\bin\zip.dll
0x00007ffa1f4b0000 - 0x00007ffa1fd08000 	C:\WINDOWS\System32\SHELL32.dll
0x00007ffa1c390000 - 0x00007ffa1cc82000 	C:\WINDOWS\SYSTEM32\windows.storage.dll
0x00007ffa1c250000 - 0x00007ffa1c38e000 	C:\WINDOWS\SYSTEM32\wintypes.dll
0x00007ffa20f70000 - 0x00007ffa21063000 	C:\WINDOWS\System32\SHCORE.dll
0x00007ffa20f10000 - 0x00007ffa20f6e000 	C:\WINDOWS\System32\shlwapi.dll
0x00007ffa1e360000 - 0x00007ffa1e386000 	C:\WINDOWS\SYSTEM32\profapi.dll
0x00007ffa05e30000 - 0x00007ffa05e49000 	D:\android studio\jbr\bin\net.dll
0x00007ffa17950000 - 0x00007ffa17a87000 	C:\WINDOWS\SYSTEM32\WINHTTP.dll
0x00007ffa1d8f0000 - 0x00007ffa1d959000 	C:\WINDOWS\system32\mswsock.dll
0x00007ffa05e10000 - 0x00007ffa05e26000 	D:\android studio\jbr\bin\nio.dll
0x00007ffa18eb0000 - 0x00007ffa18ec0000 	D:\android studio\jbr\bin\verify.dll
0x00007ff9e8ae0000 - 0x00007ff9e8b07000 	C:\Users\hachem safae\.gradle\native\e1d6ef7f7dcc3fd88c89a11ec53ec762bb8ba0a96d01ffa2cd45eb1d1d8dd5c5\windows-amd64\native-platform.dll
0x00007ff975ba0000 - 0x00007ff975ce4000 	C:\Users\hachem safae\.gradle\native\5664cfc778a61ccfe75a443a1ab52a65af34e5dc3c78e0209fed803814484fcb\windows-amd64\native-platform-file-events.dll
0x00007ffa06ae0000 - 0x00007ffa06ae9000 	D:\android studio\jbr\bin\management.dll
0x00007ffa068d0000 - 0x00007ffa068db000 	D:\android studio\jbr\bin\management_ext.dll
0x00007ffa20bf0000 - 0x00007ffa20bf8000 	C:\WINDOWS\System32\PSAPI.DLL
0x00007ffa1db40000 - 0x00007ffa1db5b000 	C:\WINDOWS\SYSTEM32\CRYPTSP.dll
0x00007ffa1d3d0000 - 0x00007ffa1d405000 	C:\WINDOWS\system32\rsaenh.dll
0x00007ffa1d9e0000 - 0x00007ffa1da0c000 	C:\WINDOWS\SYSTEM32\USERENV.dll
0x00007ffa1dd00000 - 0x00007ffa1dd28000 	C:\WINDOWS\SYSTEM32\bcrypt.dll
0x00007ffa1db60000 - 0x00007ffa1db6c000 	C:\WINDOWS\SYSTEM32\CRYPTBASE.dll
0x00007ffa1cef0000 - 0x00007ffa1cf1d000 	C:\WINDOWS\SYSTEM32\IPHLPAPI.DLL
0x00007ffa201a0000 - 0x00007ffa201a9000 	C:\WINDOWS\System32\NSI.dll
0x00007ffa17660000 - 0x00007ffa17679000 	C:\WINDOWS\SYSTEM32\dhcpcsvc6.DLL
0x00007ffa17640000 - 0x00007ffa1765f000 	C:\WINDOWS\SYSTEM32\dhcpcsvc.DLL
0x00007ffa1cf60000 - 0x00007ffa1d059000 	C:\WINDOWS\SYSTEM32\DNSAPI.dll
0x00007ffa05e00000 - 0x00007ffa05e08000 	C:\WINDOWS\system32\wshunix.dll
0x00007ff9fd170000 - 0x00007ff9fd187000 	C:\WINDOWS\system32\napinsp.dll
0x00007ff9fd0f0000 - 0x00007ff9fd10b000 	C:\WINDOWS\system32\pnrpnsp.dll
0x00007ffa04830000 - 0x00007ffa04841000 	C:\WINDOWS\System32\winrnr.dll
0x00007ffa04810000 - 0x00007ffa04825000 	C:\WINDOWS\system32\wshbth.dll
0x00007ffa047e0000 - 0x00007ffa04801000 	C:\WINDOWS\system32\nlansp_c.dll
0x00007ffa14060000 - 0x00007ffa1406a000 	C:\Windows\System32\rasadhlp.dll
0x00007ffa16c20000 - 0x00007ffa16ca4000 	C:\WINDOWS\System32\fwpuclnt.dll

dbghelp: loaded successfully - version: 4.0.5 - missing functions: none
symbol engine: initialized successfully - sym options: 0x614 - pdb path: .;D:\android studio\jbr\bin;C:\WINDOWS\SYSTEM32;C:\WINDOWS\WinSxS\amd64_microsoft.windows.common-controls_6595b64144ccf1df_6.0.22621.2361_none_2712ced57382f843;D:\android studio\jbr\bin\server;C:\Users\hachem safae\.gradle\native\e1d6ef7f7dcc3fd88c89a11ec53ec762bb8ba0a96d01ffa2cd45eb1d1d8dd5c5\windows-amd64;C:\Users\hachem safae\.gradle\native\5664cfc778a61ccfe75a443a1ab52a65af34e5dc3c78e0209fed803814484fcb\windows-amd64

VM Arguments:
jvm_args: --add-opens=java.base/java.util=ALL-UNNAMED --add-opens=java.base/java.lang=ALL-UNNAMED --add-opens=java.base/java.lang.invoke=ALL-UNNAMED --add-opens=java.base/java.util=ALL-UNNAMED --add-opens=java.prefs/java.util.prefs=ALL-UNNAMED --add-opens=java.prefs/java.util.prefs=ALL-UNNAMED --add-opens=java.base/java.nio.charset=ALL-UNNAMED --add-opens=java.base/java.net=ALL-UNNAMED --add-opens=java.base/java.util.concurrent.atomic=ALL-UNNAMED -Xmx2048m -Dfile.encoding=UTF-8 -Duser.country=FR -Duser.language=fr -Duser.variant 
java_command: org.gradle.launcher.daemon.bootstrap.GradleDaemon 7.3.3
java_class_path (initial): C:\Users\hachem safae\.gradle\wrapper\dists\gradle-7.3.3-bin\6a41zxkdtcxs8rphpq6y0069z\gradle-7.3.3\lib\gradle-launcher-7.3.3.jar
Launcher Type: SUN_STANDARD

[Global flags]
     intx CICompilerCount                          = 4                                         {product} {ergonomic}
     uint ConcGCThreads                            = 2                                         {product} {ergonomic}
     uint G1ConcRefinementThreads                  = 8                                         {product} {ergonomic}
   size_t G1HeapRegionSize                         = 1048576                                   {product} {ergonomic}
    uintx GCDrainStackTargetSize                   = 64                                        {product} {ergonomic}
   size_t InitialHeapSize                          = 266338304                                 {product} {ergonomic}
   size_t MarkStackSize                            = 4194304                                   {product} {ergonomic}
   size_t MaxHeapSize                              = 2147483648                                {product} {command line}
   size_t MaxNewSize                               = 1287651328                                {product} {ergonomic}
   size_t MinHeapDeltaBytes                        = 1048576                                   {product} {ergonomic}
   size_t MinHeapSize                              = 8388608                                   {product} {ergonomic}
    uintx NonNMethodCodeHeapSize                   = 5839372                                {pd product} {ergonomic}
    uintx NonProfiledCodeHeapSize                  = 122909434                              {pd product} {ergonomic}
    uintx ProfiledCodeHeapSize                     = 122909434                              {pd product} {ergonomic}
    uintx ReservedCodeCacheSize                    = 251658240                              {pd product} {ergonomic}
     bool SegmentedCodeCache                       = true                                      {product} {ergonomic}
   size_t SoftMaxHeapSize                          = 2147483648                             {manageable} {ergonomic}
     bool UseCompressedClassPointers               = true                           {product lp64_product} {ergonomic}
     bool UseCompressedOops                        = true                           {product lp64_product} {ergonomic}
     bool UseG1GC                                  = true                                      {product} {ergonomic}
     bool UseLargePagesIndividualAllocation        = false                                  {pd product} {ergonomic}

Logging:
Log output configuration:
 #0: stdout all=warning uptime,level,tags
 #1: stderr all=off uptime,level,tags

Environment Variables:
JAVA_HOME=C:\Program Files\Java\jdk-11
PATH=C:\Program Files (x86)\Common Files\Oracle\Java\javapath;C:\Program Files (x86)\VMware\VMware Workstation\bin\;D:\oraclexe\app\oracle\product\11.2.0\server\bin;C:\Program Files\Common Files\Oracle\Java\javapath;C:\WINDOWS\system32;C:\WINDOWS;C:\WINDOWS\System32\Wbem;C:\WINDOWS\System32\WindowsPowerShell\v1.0\;C:\WINDOWS\System32\OpenSSH\;c:\Program Files (x86)\Microsoft SQL Server\100\Tools\Binn\;c:\Program Files\Microsoft SQL Server\100\Tools\Binn\;c:\Program Files\Microsoft SQL Server\100\DTS\Binn\;C:\Program Files\Java\jdk-11\bin;C:\Program Files\Java\jdk-19\bin;C:\Program Files\Common Files\Oracle\Java\javapath;C:\ProgramData\ComposerSetup\bin;D:\XAAMP\php\php.exe;D:\xamp\php;C:\Program Files\wkhtmltopdf\bin;D:\node;C:\Program Files\Git\cmd;C:\Program Files\nodejs\;C:\Program Files\MongoDB\Server\6.0\bin;D:\XAAMP\php;C:\Users\hachem safae\AppData\Local\Programs\Python\Python310\Scripts\;C:\Users\hachem safae\AppData\Local\Programs\Python\Python310\;C:\Program Files\MySQL\MySQL Shell 8.0\bin\;C:\Users\hachem safae\AppData\Local\Microsoft\WindowsApps;C:\Users\hachem safae\AppData\Roaming\Dashlane\6.2007.0.32704\bin\Firefox_Extension\{442718d9-475e-452a-b3e1-fb1ee16b8e9f}\components;C:\Users\hachem safae\AppData\Roaming\Dashlane\6.2007.0.32704\ucrt;C:\Users\hachem safae\AppData\Roaming\Dashlane\6.2007.0.32704\bin\Qt;C:\Users\hachem safae\AppData\Roaming\Dashlane\6.2007.0.32704\bin\Ssl;C:\Program Files\JetBrains\IntelliJ IDEA Community Edition 2020.2.2\bin;C:\Users\hachem safae\AppData\Local\Microsoft\WindowsApps;C:\Users\hachem safae\AppData\Local\Programs\Microsoft VS Code\bin;C:\Program Files\IntelliJ IDEA Community Edition 2022.3.2\bin;;C:\Users\hachem safae\AppData\Local\ComposerSetup\bin;C:\Users\hachem safae\AppData\Roaming\Composer\vendor\bin;C:\Users\hachem safae\AppData\Roaming\npm;D:\android2\platform-tools;D:\XAAMP\php;C:\wamp64\bin\php\php5.6.40;
USERNAME=hachem safae
OS=Windows_NT
PROCESSOR_IDENTIFIER=Intel64 Family 6 Model 142 Stepping 12, GenuineIntel
TMP=C:\Users\HACHEM~1\AppData\Local\Temp
TEMP=C:\Users\HACHEM~1\AppData\Local\Temp


JNI global refs:
JNI global refs: 25, weak refs: 0

JNI global refs memory usage: 843, weak refs: 841


---------------  S Y S T E M  ---------------

OS:
 Windows 11 , 64 bit Build 22621 (10.0.22621.2428)
OS uptime: 0 days 2:38 hours

CPU: total 8 (initial active 8) (4 cores per cpu, 2 threads per core) family 6 model 142 stepping 12 microcode 0xf6, cx8, cmov, fxsr, ht, mmx, 3dnowpref, sse, sse2, sse3, ssse3, sse4.1, sse4.2, popcnt, lzcnt, tsc, tscinvbit, avx, avx2, aes, erms, clmul, bmi1, bmi2, adx, fma, vzeroupper, clflush, clflushopt

Memory: 4k page, system-wide physical 16194M (3591M free)
TotalPageFile size 18242M (AvailPageFile size 171M)
current process WorkingSet (physical memory assigned to process): 474M, peak: 474M
current process commit charge ("private bytes"): 609M, peak: 867M

vm_info: OpenJDK 64-Bit Server VM (17.0.6+0-b2043.56-10027231) for windows-amd64 JRE (17.0.6+0-b2043.56-10027231), built on Apr 28 2023 00:43:19 by "androidbuild" with MS VC++ 16.10 / 16.11 (VS2019)

END.
