#
# There is insufficient memory for the Java Runtime Environment to continue.
# Native memory allocation (mmap) failed to map 197132288 bytes for G1 virtual space
# Possible reasons:
#   The system is out of physical RAM or swap space
#   The process is running with CompressedOops enabled, and the Java Heap may be blocking the growth of the native heap
# Possible solutions:
#   Reduce memory load on the system
#   Increase physical memory or swap space
#   Check if swap backing store is full
#   Decrease Java heap size (-Xmx/-Xms)
#   Decrease number of Java threads
#   Decrease Java thread stack sizes (-Xss)
#   Set larger code cache with -XX:ReservedCodeCacheSize=
#   JVM is running with Unscaled Compressed Oops mode in which the Java heap is
#     placed in the first 4GB address space. The Java Heap base address is the
#     maximum limit for the native heap growth. Please use -XX:HeapBaseMinAddress
#     to set the Java Heap base and to place the Java Heap above 4GB virtual address.
# This output file may be truncated or incomplete.
#
#  Out of Memory Error (os_windows.cpp:3769), pid=17892, tid=16952
#
# JRE version: OpenJDK Runtime Environment (17.0.6) (build 17.0.6+0-b2043.56-10027231)
# Java VM: OpenJDK 64-Bit Server VM (17.0.6+0-b2043.56-10027231, mixed mode, tiered, compressed oops, compressed class ptrs, g1 gc, windows-amd64)
# No core dump will be written. Minidumps are not enabled by default on client versions of Windows
#

---------------  S U M M A R Y ------------

Command Line: --add-opens=java.base/java.util=ALL-UNNAMED --add-opens=java.base/java.lang=ALL-UNNAMED --add-opens=java.base/java.lang.invoke=ALL-UNNAMED --add-opens=java.base/java.util=ALL-UNNAMED --add-opens=java.prefs/java.util.prefs=ALL-UNNAMED --add-opens=java.prefs/java.util.prefs=ALL-UNNAMED --add-opens=java.base/java.nio.charset=ALL-UNNAMED --add-opens=java.base/java.net=ALL-UNNAMED --add-opens=java.base/java.util.concurrent.atomic=ALL-UNNAMED -Xmx2048m -Dfile.encoding=UTF-8 -Duser.country=FR -Duser.language=fr -Duser.variant org.gradle.launcher.daemon.bootstrap.GradleDaemon 7.3.3

Host: Intel(R) Core(TM) i7-8565U CPU @ 1.80GHz, 8 cores, 15G,  Windows 11 , 64 bit Build 22621 (10.0.22621.2428)
Time: Mon Oct 16 20:42:52 2023 Maroc (heure d64 bit Build 22621 (10.0.22621.2428) elapsed time: 13.770883 seconds (0d 0h 0m 13s)

---------------  T H R E A D  ---------------

Current thread (0x0000014cdc79b5a0):  VMThread "VM Thread" [stack: 0x000000217e500000,0x000000217e600000] [id=16952]

Stack: [0x000000217e500000,0x000000217e600000]
Native frames: (J=compiled Java code, j=interpreted, Vv=VM code, C=native code)
V  [jvm.dll+0x683c9a]
V  [jvm.dll+0x8427a4]
V  [jvm.dll+0x843f9e]
V  [jvm.dll+0x844603]
V  [jvm.dll+0x249b75]
V  [jvm.dll+0x680b69]
V  [jvm.dll+0x67505a]
V  [jvm.dll+0x309acb]
V  [jvm.dll+0x310f86]
V  [jvm.dll+0x3608ee]
V  [jvm.dll+0x360b1f]
V  [jvm.dll+0x2dfbf8]
V  [jvm.dll+0x2ddec4]
V  [jvm.dll+0x2dd4cc]
V  [jvm.dll+0x321f3b]
V  [jvm.dll+0x848ccb]
V  [jvm.dll+0x849a04]
V  [jvm.dll+0x849f1d]
V  [jvm.dll+0x84a2f4]
V  [jvm.dll+0x84a3c0]
V  [jvm.dll+0x7f274a]
V  [jvm.dll+0x682ad5]
C  [ucrtbase.dll+0x29363]
C  [KERNEL32.DLL+0x1257d]
C  [ntdll.dll+0x5aa78]

VM_Operation (0x0000002105bfa690): G1CollectForAllocation, mode: safepoint, requested by thread 0x0000014ce4a75000


---------------  P R O C E S S  ---------------

Threads class SMR info:
_java_thread_list=0x0000014ce6f05650, length=137, elements={
0x0000014cc095e850, 0x0000014cdd059010, 0x0000014cdd05a7e0, 0x0000014cdd07a5e0,
0x0000014cdd07b190, 0x0000014cdd07bc40, 0x0000014cdd08c6d0, 0x0000014cdd08d3b0,
0x0000014cdd08de50, 0x0000014cdd091f20, 0x0000014cdd206da0, 0x0000014cdd215940,
0x0000014cde8801a0, 0x0000014ce09495d0, 0x0000014ce03afc40, 0x0000014ce0019cf0,
0x0000014cdfce5420, 0x0000014cdff342d0, 0x0000014ce0dbb410, 0x0000014ce0dbb8e0,
0x0000014cdd3ee070, 0x0000014cdd3ef880, 0x0000014cdd3f1090, 0x0000014cdd3f0bc0,
0x0000014cdd3f1560, 0x0000014cdd3ee540, 0x0000014cdd3ef3b0, 0x0000014cdd3efd50,
0x0000014cdd3f0220, 0x0000014ce2dff4e0, 0x0000014ce2e029d0, 0x0000014ce2dffe80,
0x0000014ce2e01b60, 0x0000014ce2e00820, 0x0000014ce2e02030, 0x0000014ce0150540,
0x0000014ce0150070, 0x0000014ce0151d50, 0x0000014ce01513b0, 0x0000014ce0150ee0,
0x0000014ce0151880, 0x0000014ce01526f0, 0x0000014ce0153090, 0x0000014ce0152220,
0x0000014ce0152bc0, 0x0000014ce3b2d7d0, 0x0000014ce3b2c490, 0x0000014ce3b2dca0,
0x0000014ce3b307f0, 0x0000014ce3b324d0, 0x0000014ce3b2e640, 0x0000014ce3b31660,
0x0000014ce3b2e170, 0x0000014ce3b329a0, 0x0000014ce3b2b150, 0x0000014ce3b2eb10,
0x0000014ce3b2c960, 0x0000014ce3b31190, 0x0000014ce3b2efe0, 0x0000014ce3b2b620,
0x0000014ce3b32000, 0x0000014ce3b2f4b0, 0x0000014ce3b31b30, 0x0000014ce3b2baf0,
0x0000014ce3b2f980, 0x0000014ce3b2ce30, 0x0000014ce3b2d300, 0x0000014ce3b2fe50,
0x0000014ce3b2bfc0, 0x0000014ce3b30320, 0x0000014ce3b30cc0, 0x0000014ce48fe2c0,
0x0000014ce48fd920, 0x0000014ce48ff130, 0x0000014ce48fddf0, 0x0000014ce48fe790,
0x0000014ce48fbc40, 0x0000014ce48fcf80, 0x0000014ce48fc5e0, 0x0000014ce48fc110,
0x0000014ce48fd450, 0x0000014ce48fec60, 0x0000014ce48fcab0, 0x0000014ce48fb770,
0x0000014ce2df4560, 0x0000014ce2df1ee0, 0x0000014ce2df4090, 0x0000014ce2df1070,
0x0000014ce2df2d50, 0x0000014ce2df23b0, 0x0000014ce2df2880, 0x0000014ce2df3bc0,
0x0000014ce2df3220, 0x0000014ce2df1540, 0x0000014ce2df1a10, 0x0000014ce2df36f0,
0x0000014ce2df4a30, 0x0000014ce4a784f0, 0x0000014ce4a75e70, 0x0000014ce4a78e90,
0x0000014ce4a759a0, 0x0000014ce4a724b0, 0x0000014ce4a71b10, 0x0000014ce4a77680,
0x0000014ce4a73320, 0x0000014ce4a72e50, 0x0000014ce4a71fe0, 0x0000014ce4a75000,
0x0000014ce4a72980, 0x0000014ce4a771b0, 0x0000014ce4a76340, 0x0000014ce4a789c0,
0x0000014ce4a737f0, 0x0000014ce4a71640, 0x0000014ce4a78020, 0x0000014ce4a73cc0,
0x0000014ce4a74190, 0x0000014ce4a754d0, 0x0000014ce4a77b50, 0x0000014ce4a74660,
0x0000014ce4a76810, 0x0000014ce4a74b30, 0x0000014ce4a76ce0, 0x0000014ce35aab40,
0x0000014ce35afd10, 0x0000014ce35b01e0, 0x0000014ce35b19f0, 0x0000014ce35b06b0,
0x0000014ce35ab9b0, 0x0000014ce35b0b80, 0x0000014ce35ab4e0, 0x0000014ce35b1520,
0x0000014ce35aa1a0, 0x0000014ce56906a0, 0x0000014ce7734eb0, 0x0000014ce5425de0,
0x0000014ce5694530
}

Java Threads: ( => current thread )
  0x0000014cc095e850 JavaThread "main" [_thread_blocked, id=20340, stack(0x000000217df00000,0x000000217e000000)]
  0x0000014cdd059010 JavaThread "Reference Handler" daemon [_thread_blocked, id=20992, stack(0x000000217e600000,0x000000217e700000)]
  0x0000014cdd05a7e0 JavaThread "Finalizer" daemon [_thread_blocked, id=18584, stack(0x000000217e700000,0x000000217e800000)]
  0x0000014cdd07a5e0 JavaThread "Signal Dispatcher" daemon [_thread_blocked, id=21316, stack(0x000000217e800000,0x000000217e900000)]
  0x0000014cdd07b190 JavaThread "Attach Listener" daemon [_thread_blocked, id=19900, stack(0x000000217e900000,0x000000217ea00000)]
  0x0000014cdd07bc40 JavaThread "Service Thread" daemon [_thread_blocked, id=12612, stack(0x000000217ea00000,0x000000217eb00000)]
  0x0000014cdd08c6d0 JavaThread "Monitor Deflation Thread" daemon [_thread_blocked, id=3160, stack(0x000000217eb00000,0x000000217ec00000)]
  0x0000014cdd08d3b0 JavaThread "C2 CompilerThread0" daemon [_thread_blocked, id=17768, stack(0x000000217ec00000,0x000000217ed00000)]
  0x0000014cdd08de50 JavaThread "C1 CompilerThread0" daemon [_thread_blocked, id=13352, stack(0x000000217ed00000,0x000000217ee00000)]
  0x0000014cdd091f20 JavaThread "Sweeper thread" daemon [_thread_blocked, id=9308, stack(0x000000217ee00000,0x000000217ef00000)]
  0x0000014cdd206da0 JavaThread "Common-Cleaner" daemon [_thread_blocked, id=20988, stack(0x000000217ef00000,0x000000217f000000)]
  0x0000014cdd215940 JavaThread "Notification Thread" daemon [_thread_blocked, id=18268, stack(0x000000217f000000,0x000000217f100000)]
  0x0000014cde8801a0 JavaThread "Daemon health stats" [_thread_blocked, id=19060, stack(0x000000217f900000,0x000000217fa00000)]
  0x0000014ce09495d0 JavaThread "Incoming local TCP Connector on port 53375" [_thread_in_native, id=20904, stack(0x000000217fa00000,0x000000217fb00000)]
  0x0000014ce03afc40 JavaThread "Daemon periodic checks" [_thread_blocked, id=19660, stack(0x000000217fb00000,0x000000217fc00000)]
  0x0000014ce0019cf0 JavaThread "Daemon" [_thread_blocked, id=21224, stack(0x000000217fc00000,0x000000217fd00000)]
  0x0000014cdfce5420 JavaThread "Handler for socket connection from /127.0.0.1:53375 to /127.0.0.1:53376" [_thread_in_native, id=2820, stack(0x000000217fd00000,0x000000217fe00000)]
  0x0000014cdff342d0 JavaThread "Cancel handler" [_thread_blocked, id=21088, stack(0x000000217fe00000,0x000000217ff00000)]
  0x0000014ce0dbb410 JavaThread "Daemon worker" [_thread_blocked, id=17016, stack(0x000000217ff00000,0x0000002180000000)]
  0x0000014ce0dbb8e0 JavaThread "Asynchronous log dispatcher for DefaultDaemonConnection: socket connection from /127.0.0.1:53375 to /127.0.0.1:53376" [_thread_blocked, id=18720, stack(0x0000002100000000,0x0000002100100000)]
  0x0000014cdd3ee070 JavaThread "Stdin handler" [_thread_blocked, id=19580, stack(0x0000002100100000,0x0000002100200000)]
  0x0000014cdd3ef880 JavaThread "Daemon client event forwarder" [_thread_blocked, id=20660, stack(0x0000002100200000,0x0000002100300000)]
  0x0000014cdd3f1090 JavaThread "Cache worker for journal cache (C:\Users\hachem safae\.gradle\caches\journal-1)" [_thread_blocked, id=19848, stack(0x0000002100300000,0x0000002100400000)]
  0x0000014cdd3f0bc0 JavaThread "File lock request listener" [_thread_in_native, id=8, stack(0x0000002100400000,0x0000002100500000)]
  0x0000014cdd3f1560 JavaThread "Cache worker for file hash cache (C:\Users\hachem safae\.gradle\caches\7.3.3\fileHashes)" [_thread_blocked, id=13012, stack(0x0000002100800000,0x0000002100900000)]
  0x0000014cdd3ee540 JavaThread "Cache worker for file hash cache (C:\Users\hachem safae\Downloads\List3\.gradle\7.3.3\fileHashes)" [_thread_blocked, id=6304, stack(0x0000002100900000,0x0000002100a00000)]
  0x0000014cdd3ef3b0 JavaThread "File watcher server" daemon [_thread_blocked, id=18856, stack(0x0000002100a00000,0x0000002100b00000)]
  0x0000014cdd3efd50 JavaThread "File watcher consumer" daemon [_thread_blocked, id=19376, stack(0x0000002100b00000,0x0000002100c00000)]
  0x0000014cdd3f0220 JavaThread "Cache worker for checksums cache (C:\Users\hachem safae\Downloads\List3\.gradle\7.3.3\checksums)" [_thread_blocked, id=19864, stack(0x0000002100c00000,0x0000002100d00000)]
  0x0000014ce2dff4e0 JavaThread "Cache worker for cache directory md-supplier (C:\Users\hachem safae\.gradle\caches\7.3.3\md-supplier)" [_thread_blocked, id=19248, stack(0x0000002100d00000,0x0000002100e00000)]
  0x0000014ce2e029d0 JavaThread "Cache worker for cache directory md-rule (C:\Users\hachem safae\.gradle\caches\7.3.3\md-rule)" [_thread_blocked, id=21364, stack(0x0000002100e00000,0x0000002100f00000)]
  0x0000014ce2dffe80 JavaThread "Cache worker for execution history cache (C:\Users\hachem safae\.gradle\caches\7.3.3\executionHistory)" [_thread_blocked, id=21000, stack(0x0000002100f00000,0x0000002101000000)]
  0x0000014ce2e01b60 JavaThread "jar transforms" [_thread_blocked, id=21168, stack(0x0000002101000000,0x0000002101100000)]
  0x0000014ce2e00820 JavaThread "jar transforms Thread 2" [_thread_blocked, id=12740, stack(0x0000002101100000,0x0000002101200000)]
  0x0000014ce2e02030 JavaThread "Cache worker for file content cache (C:\Users\hachem safae\.gradle\caches\7.3.3\fileContent)" [_thread_blocked, id=21380, stack(0x0000002101200000,0x0000002101300000)]
  0x0000014ce0150540 JavaThread "jar transforms Thread 3" [_thread_blocked, id=18608, stack(0x0000002101300000,0x0000002101400000)]
  0x0000014ce0150070 JavaThread "jar transforms Thread 4" [_thread_blocked, id=19552, stack(0x0000002101400000,0x0000002101500000)]
  0x0000014ce0151d50 JavaThread "Cache worker for dependencies-accessors (C:\Users\hachem safae\Downloads\List3\.gradle\7.3.3\dependencies-accessors)" [_thread_blocked, id=11324, stack(0x0000002101500000,0x0000002101600000)]
  0x0000014ce01513b0 JavaThread "jar transforms Thread 5" [_thread_blocked, id=5588, stack(0x0000002101600000,0x0000002101700000)]
  0x0000014ce0150ee0 JavaThread "Cache worker for Build Output Cleanup Cache (C:\Users\hachem safae\Downloads\List3\.gradle\buildOutputCleanup)" [_thread_blocked, id=11076, stack(0x0000002101700000,0x0000002101800000)]
  0x0000014ce0151880 JavaThread "Unconstrained build operations" [_thread_blocked, id=8336, stack(0x0000002101800000,0x0000002101900000)]
  0x0000014ce01526f0 JavaThread "Unconstrained build operations Thread 2" [_thread_blocked, id=18820, stack(0x0000002101900000,0x0000002101a00000)]
  0x0000014ce0153090 JavaThread "Unconstrained build operations Thread 3" [_thread_blocked, id=20064, stack(0x0000002101a00000,0x0000002101b00000)]
  0x0000014ce0152220 JavaThread "Unconstrained build operations Thread 4" [_thread_blocked, id=8216, stack(0x0000002101b00000,0x0000002101c00000)]
  0x0000014ce0152bc0 JavaThread "Unconstrained build operations Thread 5" [_thread_blocked, id=5104, stack(0x0000002101c00000,0x0000002101d00000)]
  0x0000014ce3b2d7d0 JavaThread "Unconstrained build operations Thread 6" [_thread_blocked, id=20544, stack(0x0000002101d00000,0x0000002101e00000)]
  0x0000014ce3b2c490 JavaThread "Unconstrained build operations Thread 7" [_thread_blocked, id=19840, stack(0x0000002101e00000,0x0000002101f00000)]
  0x0000014ce3b2dca0 JavaThread "Unconstrained build operations Thread 8" [_thread_blocked, id=19976, stack(0x0000002101f00000,0x0000002102000000)]
  0x0000014ce3b307f0 JavaThread "Unconstrained build operations Thread 9" [_thread_blocked, id=19844, stack(0x0000002102000000,0x0000002102100000)]
  0x0000014ce3b324d0 JavaThread "Unconstrained build operations Thread 10" [_thread_blocked, id=21344, stack(0x0000002102100000,0x0000002102200000)]
  0x0000014ce3b2e640 JavaThread "Unconstrained build operations Thread 11" [_thread_blocked, id=20112, stack(0x0000002102200000,0x0000002102300000)]
  0x0000014ce3b31660 JavaThread "Unconstrained build operations Thread 12" [_thread_blocked, id=19384, stack(0x0000002102300000,0x0000002102400000)]
  0x0000014ce3b2e170 JavaThread "Unconstrained build operations Thread 13" [_thread_blocked, id=6456, stack(0x0000002102400000,0x0000002102500000)]
  0x0000014ce3b329a0 JavaThread "Unconstrained build operations Thread 14" [_thread_blocked, id=20712, stack(0x0000002102500000,0x0000002102600000)]
  0x0000014ce3b2b150 JavaThread "Unconstrained build operations Thread 15" [_thread_blocked, id=20416, stack(0x0000002102600000,0x0000002102700000)]
  0x0000014ce3b2eb10 JavaThread "Unconstrained build operations Thread 16" [_thread_blocked, id=7880, stack(0x0000002102700000,0x0000002102800000)]
  0x0000014ce3b2c960 JavaThread "Unconstrained build operations Thread 17" [_thread_blocked, id=1436, stack(0x0000002102800000,0x0000002102900000)]
  0x0000014ce3b31190 JavaThread "Unconstrained build operations Thread 18" [_thread_blocked, id=1256, stack(0x0000002102900000,0x0000002102a00000)]
  0x0000014ce3b2efe0 JavaThread "Unconstrained build operations Thread 19" [_thread_blocked, id=16404, stack(0x0000002102a00000,0x0000002102b00000)]
  0x0000014ce3b2b620 JavaThread "Unconstrained build operations Thread 20" [_thread_blocked, id=19940, stack(0x0000002102b00000,0x0000002102c00000)]
  0x0000014ce3b32000 JavaThread "Unconstrained build operations Thread 21" [_thread_blocked, id=21448, stack(0x0000002102c00000,0x0000002102d00000)]
  0x0000014ce3b2f4b0 JavaThread "Unconstrained build operations Thread 22" [_thread_blocked, id=15608, stack(0x0000002102d00000,0x0000002102e00000)]
  0x0000014ce3b31b30 JavaThread "Unconstrained build operations Thread 23" [_thread_blocked, id=1880, stack(0x0000002102e00000,0x0000002102f00000)]
  0x0000014ce3b2baf0 JavaThread "Unconstrained build operations Thread 24" [_thread_blocked, id=9872, stack(0x0000002102f00000,0x0000002103000000)]
  0x0000014ce3b2f980 JavaThread "Unconstrained build operations Thread 25" [_thread_blocked, id=1768, stack(0x0000002103000000,0x0000002103100000)]
  0x0000014ce3b2ce30 JavaThread "Unconstrained build operations Thread 26" [_thread_blocked, id=21460, stack(0x0000002103100000,0x0000002103200000)]
  0x0000014ce3b2d300 JavaThread "Unconstrained build operations Thread 27" [_thread_blocked, id=20184, stack(0x0000002103200000,0x0000002103300000)]
  0x0000014ce3b2fe50 JavaThread "Unconstrained build operations Thread 28" [_thread_blocked, id=20088, stack(0x0000002103300000,0x0000002103400000)]
  0x0000014ce3b2bfc0 JavaThread "Unconstrained build operations Thread 29" [_thread_blocked, id=3076, stack(0x0000002103400000,0x0000002103500000)]
  0x0000014ce3b30320 JavaThread "Unconstrained build operations Thread 30" [_thread_blocked, id=12408, stack(0x0000002103500000,0x0000002103600000)]
  0x0000014ce3b30cc0 JavaThread "Unconstrained build operations Thread 31" [_thread_blocked, id=14824, stack(0x0000002103600000,0x0000002103700000)]
  0x0000014ce48fe2c0 JavaThread "Unconstrained build operations Thread 32" [_thread_blocked, id=2232, stack(0x0000002103700000,0x0000002103800000)]
  0x0000014ce48fd920 JavaThread "Unconstrained build operations Thread 33" [_thread_blocked, id=17968, stack(0x0000002103800000,0x0000002103900000)]
  0x0000014ce48ff130 JavaThread "Unconstrained build operations Thread 34" [_thread_blocked, id=20272, stack(0x0000002103900000,0x0000002103a00000)]
  0x0000014ce48fddf0 JavaThread "Unconstrained build operations Thread 35" [_thread_blocked, id=3348, stack(0x0000002103a00000,0x0000002103b00000)]
  0x0000014ce48fe790 JavaThread "Unconstrained build operations Thread 36" [_thread_blocked, id=16956, stack(0x0000002103b00000,0x0000002103c00000)]
  0x0000014ce48fbc40 JavaThread "Unconstrained build operations Thread 37" [_thread_blocked, id=19404, stack(0x0000002103c00000,0x0000002103d00000)]
  0x0000014ce48fcf80 JavaThread "Unconstrained build operations Thread 38" [_thread_blocked, id=16532, stack(0x0000002103d00000,0x0000002103e00000)]
  0x0000014ce48fc5e0 JavaThread "Unconstrained build operations Thread 39" [_thread_blocked, id=16700, stack(0x0000002103e00000,0x0000002103f00000)]
  0x0000014ce48fc110 JavaThread "Unconstrained build operations Thread 40" [_thread_blocked, id=20780, stack(0x0000002103f00000,0x0000002104000000)]
  0x0000014ce48fd450 JavaThread "Unconstrained build operations Thread 41" [_thread_blocked, id=18768, stack(0x0000002104000000,0x0000002104100000)]
  0x0000014ce48fec60 JavaThread "Unconstrained build operations Thread 42" [_thread_blocked, id=18688, stack(0x0000002104100000,0x0000002104200000)]
  0x0000014ce48fcab0 JavaThread "Unconstrained build operations Thread 43" [_thread_blocked, id=13368, stack(0x0000002104200000,0x0000002104300000)]
  0x0000014ce48fb770 JavaThread "Unconstrained build operations Thread 44" [_thread_blocked, id=18364, stack(0x0000002104300000,0x0000002104400000)]
  0x0000014ce2df4560 JavaThread "Unconstrained build operations Thread 45" [_thread_blocked, id=12204, stack(0x0000002104400000,0x0000002104500000)]
  0x0000014ce2df1ee0 JavaThread "Unconstrained build operations Thread 46" [_thread_blocked, id=7468, stack(0x0000002104500000,0x0000002104600000)]
  0x0000014ce2df4090 JavaThread "Unconstrained build operations Thread 47" [_thread_blocked, id=13608, stack(0x0000002104600000,0x0000002104700000)]
  0x0000014ce2df1070 JavaThread "Unconstrained build operations Thread 48" [_thread_blocked, id=20856, stack(0x0000002104700000,0x0000002104800000)]
  0x0000014ce2df2d50 JavaThread "Unconstrained build operations Thread 49" [_thread_blocked, id=20364, stack(0x0000002104800000,0x0000002104900000)]
  0x0000014ce2df23b0 JavaThread "Unconstrained build operations Thread 50" [_thread_blocked, id=20464, stack(0x0000002104900000,0x0000002104a00000)]
  0x0000014ce2df2880 JavaThread "Unconstrained build operations Thread 51" [_thread_blocked, id=20128, stack(0x0000002104a00000,0x0000002104b00000)]
  0x0000014ce2df3bc0 JavaThread "Unconstrained build operations Thread 52" [_thread_blocked, id=3616, stack(0x0000002104b00000,0x0000002104c00000)]
  0x0000014ce2df3220 JavaThread "Unconstrained build operations Thread 53" [_thread_blocked, id=1844, stack(0x0000002104c00000,0x0000002104d00000)]
  0x0000014ce2df1540 JavaThread "Unconstrained build operations Thread 54" [_thread_blocked, id=20860, stack(0x0000002104d00000,0x0000002104e00000)]
  0x0000014ce2df1a10 JavaThread "Unconstrained build operations Thread 55" [_thread_blocked, id=2508, stack(0x0000002104e00000,0x0000002104f00000)]
  0x0000014ce2df36f0 JavaThread "Unconstrained build operations Thread 56" [_thread_blocked, id=19536, stack(0x0000002104f00000,0x0000002105000000)]
  0x0000014ce2df4a30 JavaThread "Unconstrained build operations Thread 57" [_thread_blocked, id=17624, stack(0x0000002105000000,0x0000002105100000)]
  0x0000014ce4a784f0 JavaThread "Unconstrained build operations Thread 58" [_thread_blocked, id=10536, stack(0x0000002105100000,0x0000002105200000)]
  0x0000014ce4a75e70 JavaThread "Unconstrained build operations Thread 59" [_thread_blocked, id=3696, stack(0x0000002105200000,0x0000002105300000)]
  0x0000014ce4a78e90 JavaThread "Unconstrained build operations Thread 60" [_thread_blocked, id=18108, stack(0x0000002105300000,0x0000002105400000)]
  0x0000014ce4a759a0 JavaThread "Unconstrained build operations Thread 61" [_thread_blocked, id=320, stack(0x0000002105400000,0x0000002105500000)]
  0x0000014ce4a724b0 JavaThread "Unconstrained build operations Thread 62" [_thread_blocked, id=17640, stack(0x0000002105500000,0x0000002105600000)]
  0x0000014ce4a71b10 JavaThread "Unconstrained build operations Thread 63" [_thread_blocked, id=19172, stack(0x0000002105600000,0x0000002105700000)]
  0x0000014ce4a77680 JavaThread "Unconstrained build operations Thread 64" [_thread_blocked, id=14260, stack(0x0000002105700000,0x0000002105800000)]
  0x0000014ce4a73320 JavaThread "Unconstrained build operations Thread 65" [_thread_blocked, id=680, stack(0x0000002105800000,0x0000002105900000)]
  0x0000014ce4a72e50 JavaThread "Unconstrained build operations Thread 66" [_thread_blocked, id=17228, stack(0x0000002105900000,0x0000002105a00000)]
  0x0000014ce4a71fe0 JavaThread "Unconstrained build operations Thread 67" [_thread_blocked, id=18300, stack(0x0000002105a00000,0x0000002105b00000)]
  0x0000014ce4a75000 JavaThread "Unconstrained build operations Thread 68" [_thread_blocked, id=8876, stack(0x0000002105b00000,0x0000002105c00000)]
  0x0000014ce4a72980 JavaThread "Unconstrained build operations Thread 69" [_thread_blocked, id=13496, stack(0x0000002105c00000,0x0000002105d00000)]
  0x0000014ce4a771b0 JavaThread "Unconstrained build operations Thread 70" [_thread_blocked, id=13400, stack(0x0000002105d00000,0x0000002105e00000)]
  0x0000014ce4a76340 JavaThread "Unconstrained build operations Thread 71" [_thread_blocked, id=20844, stack(0x0000002105e00000,0x0000002105f00000)]
  0x0000014ce4a789c0 JavaThread "Unconstrained build operations Thread 72" [_thread_blocked, id=18716, stack(0x0000002105f00000,0x0000002106000000)]
  0x0000014ce4a737f0 JavaThread "Unconstrained build operations Thread 73" [_thread_blocked, id=17460, stack(0x0000002106000000,0x0000002106100000)]
  0x0000014ce4a71640 JavaThread "Unconstrained build operations Thread 74" [_thread_blocked, id=9976, stack(0x0000002106100000,0x0000002106200000)]
  0x0000014ce4a78020 JavaThread "Unconstrained build operations Thread 75" [_thread_blocked, id=3408, stack(0x0000002106200000,0x0000002106300000)]
  0x0000014ce4a73cc0 JavaThread "Unconstrained build operations Thread 76" [_thread_blocked, id=12928, stack(0x0000002106300000,0x0000002106400000)]
  0x0000014ce4a74190 JavaThread "Unconstrained build operations Thread 77" [_thread_blocked, id=18084, stack(0x0000002106400000,0x0000002106500000)]
  0x0000014ce4a754d0 JavaThread "Unconstrained build operations Thread 78" [_thread_blocked, id=18200, stack(0x0000002106500000,0x0000002106600000)]
  0x0000014ce4a77b50 JavaThread "Unconstrained build operations Thread 79" [_thread_blocked, id=20804, stack(0x0000002106600000,0x0000002106700000)]
  0x0000014ce4a74660 JavaThread "Unconstrained build operations Thread 80" [_thread_blocked, id=17716, stack(0x0000002106700000,0x0000002106800000)]
  0x0000014ce4a76810 JavaThread "jar transforms Thread 6" [_thread_blocked, id=15592, stack(0x0000002106800000,0x0000002106900000)]
  0x0000014ce4a74b30 JavaThread "jar transforms Thread 7" [_thread_blocked, id=20368, stack(0x0000002106900000,0x0000002106a00000)]
  0x0000014ce4a76ce0 JavaThread "jar transforms Thread 8" [_thread_blocked, id=1144, stack(0x0000002106a00000,0x0000002106b00000)]
  0x0000014ce35aab40 JavaThread "Memory manager" [_thread_blocked, id=18188, stack(0x0000002106b00000,0x0000002106c00000)]
  0x0000014ce35afd10 JavaThread "build event listener" [_thread_blocked, id=11752, stack(0x0000002106c00000,0x0000002106d00000)]
  0x0000014ce35b01e0 JavaThread "Execution worker for ':'" [_thread_blocked, id=18340, stack(0x0000002106d00000,0x0000002106e00000)]
  0x0000014ce35b19f0 JavaThread "Execution worker for ':' Thread 2" [_thread_blocked, id=19424, stack(0x0000002106e00000,0x0000002106f00000)]
  0x0000014ce35b06b0 JavaThread "Execution worker for ':' Thread 3" [_thread_blocked, id=21452, stack(0x0000002106f00000,0x0000002107000000)]
  0x0000014ce35ab9b0 JavaThread "Execution worker for ':' Thread 4" [_thread_blocked, id=2776, stack(0x0000002107000000,0x0000002107100000)]
  0x0000014ce35b0b80 JavaThread "Execution worker for ':' Thread 5" [_thread_blocked, id=19468, stack(0x0000002107100000,0x0000002107200000)]
  0x0000014ce35ab4e0 JavaThread "Execution worker for ':' Thread 6" [_thread_blocked, id=18344, stack(0x0000002107200000,0x0000002107300000)]
  0x0000014ce35b1520 JavaThread "Execution worker for ':' Thread 7" [_thread_blocked, id=2960, stack(0x0000002107300000,0x0000002107400000)]
  0x0000014ce35aa1a0 JavaThread "Cache worker for execution history cache (C:\Users\hachem safae\Downloads\List3\.gradle\7.3.3\executionHistory)" [_thread_blocked, id=20012, stack(0x0000002107400000,0x0000002107500000)]
  0x0000014ce56906a0 JavaThread "WorkerExecutor Queue" [_thread_blocked, id=17180, stack(0x0000002107500000,0x0000002107600000)]
  0x0000014ce7734eb0 JavaThread "C2 CompilerThread1" daemon [_thread_blocked, id=21084, stack(0x0000002107600000,0x0000002107700000)]
  0x0000014ce5425de0 JavaThread "C2 CompilerThread2" daemon [_thread_blocked, id=17168, stack(0x0000002107700000,0x0000002107800000)]
  0x0000014ce5694530 JavaThread "WorkerExecutor Queue Thread 2" [_thread_blocked, id=15100, stack(0x0000002107800000,0x0000002107900000)]

Other Threads:
=>0x0000014cdc79b5a0 VMThread "VM Thread" [stack: 0x000000217e500000,0x000000217e600000] [id=16952]
  0x0000014cdd065e60 WatcherThread [stack: 0x000000217f100000,0x000000217f200000] [id=19748]
  0x0000014cc2999f40 GCTaskThread "GC Thread#0" [stack: 0x000000217e000000,0x000000217e100000] [id=16644]
  0x0000014cdde52dd0 GCTaskThread "GC Thread#1" [stack: 0x000000217f300000,0x000000217f400000] [id=11368]
  0x0000014cdda588e0 GCTaskThread "GC Thread#2" [stack: 0x000000217f400000,0x000000217f500000] [id=21048]
  0x0000014cdda58b90 GCTaskThread "GC Thread#3" [stack: 0x000000217f500000,0x000000217f600000] [id=19628]
  0x0000014cddc38970 GCTaskThread "GC Thread#4" [stack: 0x000000217f600000,0x000000217f700000] [id=13304]
  0x0000014cddc38c20 GCTaskThread "GC Thread#5" [stack: 0x000000217f700000,0x000000217f800000] [id=1752]
  0x0000014cdf85d9a0 GCTaskThread "GC Thread#6" [stack: 0x0000002100500000,0x0000002100600000] [id=13004]
  0x0000014cdf85dc50 GCTaskThread "GC Thread#7" [stack: 0x0000002100600000,0x0000002100700000] [id=3004]
  0x0000014cc29aad20 ConcurrentGCThread "G1 Main Marker" [stack: 0x000000217e100000,0x000000217e200000] [id=18408]
  0x0000014cc29ab5d0 ConcurrentGCThread "G1 Conc#0" [stack: 0x000000217e200000,0x000000217e300000] [id=7388]
  0x0000014ce0cfd370 ConcurrentGCThread "G1 Conc#1" [stack: 0x0000002100700000,0x0000002100800000] [id=19980]
  0x0000014cc29fd890 ConcurrentGCThread "G1 Refine#0" [stack: 0x000000217e300000,0x000000217e400000] [id=15840]
  0x0000014cc29fe150 ConcurrentGCThread "G1 Service" [stack: 0x000000217e400000,0x000000217e500000] [id=17580]

Threads with active compile tasks:
C2 CompilerThread0    13791 11124       4       sun.invoke.util.VerifyAccess::isClassAccessible (230 bytes)
C2 CompilerThread1    13791 11112   !   4       java.util.concurrent.ConcurrentHashMap::transfer (849 bytes)
C2 CompilerThread2    13791 11113   !   4       java.util.concurrent.ConcurrentHashMap::putVal (432 bytes)

VM state: at safepoint (normal execution)

VM Mutex/Monitor currently owned by a thread:  ([mutex/lock_event])
[0x0000014cc095ae00] Threads_lock - owner thread: 0x0000014cdc79b5a0
[0x0000014cc095ba60] Heap_lock - owner thread: 0x0000014ce4a75000

Heap address: 0x0000000080000000, size: 2048 MB, Compressed Oops mode: 32-bit

CDS archive(s) not mapped
Compressed class space mapped at: 0x0000000100000000-0x0000000140000000, reserved size: 1073741824
Narrow klass base: 0x0000000000000000, Narrow klass shift: 3, Narrow klass range: 0x140000000

GC Precious Log:
 CPUs: 8 total, 8 available
 Memory: 16194M
 Large Page Support: Disabled
 NUMA Support: Disabled
 Compressed Oops: Enabled (32-bit)
 Heap Region Size: 1M
 Heap Min Capacity: 8M
 Heap Initial Capacity: 254M
 Heap Max Capacity: 2G
 Pre-touch: Disabled
 Parallel Workers: 8
 Concurrent Workers: 2
 Concurrent Refinement Workers: 8
 Periodic GC: Disabled

Heap:
 garbage-first heap   total 260096K, used 126474K [0x0000000080000000, 0x0000000100000000)
  region size 1024K, 6 young (6144K), 6 survivors (6144K)
 Metaspace       used 95578K, committed 96192K, reserved 1138688K
  class space    used 13002K, committed 13312K, reserved 1048576K

Heap Regions: E=young(eden), S=young(survivor), O=old, HS=humongous(starts), HC=humongous(continues), CS=collection set, F=free, OA=open archive, CA=closed archive, TAMS=top-at-mark-start (previous, next)
|   0|0x0000000080000000, 0x0000000080100000, 0x0000000080100000|100%| O|  |TAMS 0x0000000080100000, 0x0000000080000000| Untracked 
|   1|0x0000000080100000, 0x0000000080200000, 0x0000000080200000|100%| O|  |TAMS 0x0000000080200000, 0x0000000080100000| Untracked 
|   2|0x0000000080200000, 0x0000000080300000, 0x0000000080300000|100%| O|  |TAMS 0x0000000080300000, 0x0000000080200000| Untracked 
|   3|0x0000000080300000, 0x0000000080400000, 0x0000000080400000|100%|HS|  |TAMS 0x0000000080400000, 0x0000000080300000| Complete 
|   4|0x0000000080400000, 0x0000000080500000, 0x0000000080500000|100%|HC|  |TAMS 0x0000000080500000, 0x0000000080400000| Complete 
|   5|0x0000000080500000, 0x0000000080600000, 0x0000000080600000|100%|HC|  |TAMS 0x0000000080600000, 0x0000000080500000| Complete 
|   6|0x0000000080600000, 0x0000000080700000, 0x0000000080700000|100%| O|  |TAMS 0x0000000080700000, 0x0000000080600000| Untracked 
|   7|0x0000000080700000, 0x0000000080800000, 0x0000000080800000|100%| O|  |TAMS 0x0000000080800000, 0x0000000080700000| Untracked 
|   8|0x0000000080800000, 0x0000000080900000, 0x0000000080900000|100%| O|  |TAMS 0x0000000080900000, 0x0000000080800000| Untracked 
|   9|0x0000000080900000, 0x0000000080a00000, 0x0000000080a00000|100%| O|  |TAMS 0x0000000080a00000, 0x0000000080900000| Untracked 
|  10|0x0000000080a00000, 0x0000000080b00000, 0x0000000080b00000|100%| O|  |TAMS 0x0000000080b00000, 0x0000000080a00000| Untracked 
|  11|0x0000000080b00000, 0x0000000080c00000, 0x0000000080c00000|100%| O|  |TAMS 0x0000000080c00000, 0x0000000080b00000| Untracked 
|  12|0x0000000080c00000, 0x0000000080d00000, 0x0000000080d00000|100%| O|  |TAMS 0x0000000080d00000, 0x0000000080c00000| Untracked 
|  13|0x0000000080d00000, 0x0000000080e00000, 0x0000000080e00000|100%| O|  |TAMS 0x0000000080e00000, 0x0000000080d00000| Untracked 
|  14|0x0000000080e00000, 0x0000000080f00000, 0x0000000080f00000|100%| O|  |TAMS 0x0000000080f00000, 0x0000000080e00000| Untracked 
|  15|0x0000000080f00000, 0x0000000081000000, 0x0000000081000000|100%| O|  |TAMS 0x0000000081000000, 0x0000000080f00000| Untracked 
|  16|0x0000000081000000, 0x0000000081100000, 0x0000000081100000|100%| O|  |TAMS 0x0000000081100000, 0x0000000081000000| Untracked 
|  17|0x0000000081100000, 0x0000000081200000, 0x0000000081200000|100%| O|  |TAMS 0x0000000081200000, 0x0000000081100000| Untracked 
|  18|0x0000000081200000, 0x0000000081300000, 0x0000000081300000|100%| O|  |TAMS 0x0000000081300000, 0x0000000081200000| Untracked 
|  19|0x0000000081300000, 0x0000000081400000, 0x0000000081400000|100%| O|  |TAMS 0x0000000081400000, 0x0000000081300000| Untracked 
|  20|0x0000000081400000, 0x0000000081500000, 0x0000000081500000|100%| O|  |TAMS 0x0000000081500000, 0x0000000081400000| Untracked 
|  21|0x0000000081500000, 0x0000000081600000, 0x0000000081600000|100%| O|  |TAMS 0x0000000081600000, 0x0000000081500000| Untracked 
|  22|0x0000000081600000, 0x0000000081700000, 0x0000000081700000|100%| O|  |TAMS 0x0000000081700000, 0x0000000081600000| Untracked 
|  23|0x0000000081700000, 0x0000000081800000, 0x0000000081800000|100%| O|  |TAMS 0x0000000081800000, 0x0000000081700000| Untracked 
|  24|0x0000000081800000, 0x0000000081900000, 0x0000000081900000|100%| O|  |TAMS 0x0000000081900000, 0x0000000081800000| Untracked 
|  25|0x0000000081900000, 0x0000000081a00000, 0x0000000081a00000|100%| O|  |TAMS 0x0000000081a00000, 0x0000000081900000| Untracked 
|  26|0x0000000081a00000, 0x0000000081b00000, 0x0000000081b00000|100%|HS|  |TAMS 0x0000000081b00000, 0x0000000081a00000| Complete 
|  27|0x0000000081b00000, 0x0000000081c00000, 0x0000000081c00000|100%| O|  |TAMS 0x0000000081c00000, 0x0000000081b00000| Untracked 
|  28|0x0000000081c00000, 0x0000000081d00000, 0x0000000081d00000|100%| O|  |TAMS 0x0000000081d00000, 0x0000000081c00000| Untracked 
|  29|0x0000000081d00000, 0x0000000081e00000, 0x0000000081e00000|100%| O|  |TAMS 0x0000000081e00000, 0x0000000081d00000| Untracked 
|  30|0x0000000081e00000, 0x0000000081f00000, 0x0000000081f00000|100%| O|  |TAMS 0x0000000081f00000, 0x0000000081e00000| Untracked 
|  31|0x0000000081f00000, 0x0000000082000000, 0x0000000082000000|100%| O|  |TAMS 0x0000000082000000, 0x0000000081f00000| Untracked 
|  32|0x0000000082000000, 0x0000000082100000, 0x0000000082100000|100%|HS|  |TAMS 0x0000000082100000, 0x0000000082000000| Complete 
|  33|0x0000000082100000, 0x0000000082200000, 0x0000000082200000|100%|HC|  |TAMS 0x0000000082200000, 0x0000000082100000| Complete 
|  34|0x0000000082200000, 0x0000000082300000, 0x0000000082300000|100%|HS|  |TAMS 0x0000000082300000, 0x0000000082200000| Complete 
|  35|0x0000000082300000, 0x0000000082400000, 0x0000000082400000|100%| O|  |TAMS 0x0000000082400000, 0x0000000082300000| Untracked 
|  36|0x0000000082400000, 0x0000000082500000, 0x0000000082500000|100%| O|  |TAMS 0x0000000082500000, 0x0000000082400000| Untracked 
|  37|0x0000000082500000, 0x0000000082600000, 0x0000000082600000|100%|HS|  |TAMS 0x0000000082600000, 0x0000000082500000| Complete 
|  38|0x0000000082600000, 0x0000000082700000, 0x0000000082700000|100%|HC|  |TAMS 0x0000000082700000, 0x0000000082600000| Complete 
|  39|0x0000000082700000, 0x0000000082800000, 0x0000000082800000|100%|HC|  |TAMS 0x0000000082800000, 0x0000000082700000| Complete 
|  40|0x0000000082800000, 0x0000000082900000, 0x0000000082900000|100%|HC|  |TAMS 0x0000000082900000, 0x0000000082800000| Complete 
|  41|0x0000000082900000, 0x0000000082a00000, 0x0000000082a00000|100%| O|  |TAMS 0x0000000082a00000, 0x0000000082900000| Untracked 
|  42|0x0000000082a00000, 0x0000000082b00000, 0x0000000082b00000|100%| O|  |TAMS 0x0000000082b00000, 0x0000000082a00000| Untracked 
|  43|0x0000000082b00000, 0x0000000082c00000, 0x0000000082c00000|100%| O|  |TAMS 0x0000000082c00000, 0x0000000082b00000| Untracked 
|  44|0x0000000082c00000, 0x0000000082d00000, 0x0000000082d00000|100%| O|  |TAMS 0x0000000082d00000, 0x0000000082c00000| Untracked 
|  45|0x0000000082d00000, 0x0000000082e00000, 0x0000000082e00000|100%| O|  |TAMS 0x0000000082e00000, 0x0000000082d00000| Untracked 
|  46|0x0000000082e00000, 0x0000000082f00000, 0x0000000082f00000|100%|HS|  |TAMS 0x0000000082f00000, 0x0000000082e00000| Complete 
|  47|0x0000000082f00000, 0x0000000083000000, 0x0000000083000000|100%|HC|  |TAMS 0x0000000083000000, 0x0000000082f00000| Complete 
|  48|0x0000000083000000, 0x0000000083100000, 0x0000000083100000|100%| O|  |TAMS 0x0000000083100000, 0x0000000083000000| Untracked 
|  49|0x0000000083100000, 0x0000000083200000, 0x0000000083200000|100%| O|  |TAMS 0x0000000083200000, 0x0000000083100000| Untracked 
|  50|0x0000000083200000, 0x0000000083300000, 0x0000000083300000|100%| O|  |TAMS 0x0000000083300000, 0x0000000083200000| Untracked 
|  51|0x0000000083300000, 0x0000000083400000, 0x0000000083400000|100%| O|  |TAMS 0x0000000083400000, 0x0000000083300000| Untracked 
|  52|0x0000000083400000, 0x0000000083500000, 0x0000000083500000|100%| O|  |TAMS 0x0000000083500000, 0x0000000083400000| Untracked 
|  53|0x0000000083500000, 0x0000000083600000, 0x0000000083600000|100%| O|  |TAMS 0x0000000083600000, 0x0000000083500000| Untracked 
|  54|0x0000000083600000, 0x0000000083700000, 0x0000000083700000|100%| O|  |TAMS 0x0000000083700000, 0x0000000083600000| Untracked 
|  55|0x0000000083700000, 0x0000000083800000, 0x0000000083800000|100%| O|  |TAMS 0x0000000083800000, 0x0000000083700000| Untracked 
|  56|0x0000000083800000, 0x0000000083900000, 0x0000000083900000|100%| O|  |TAMS 0x0000000083900000, 0x0000000083800000| Untracked 
|  57|0x0000000083900000, 0x0000000083a00000, 0x0000000083a00000|100%| O|  |TAMS 0x0000000083a00000, 0x0000000083900000| Untracked 
|  58|0x0000000083a00000, 0x0000000083b00000, 0x0000000083b00000|100%| O|  |TAMS 0x0000000083b00000, 0x0000000083a00000| Untracked 
|  59|0x0000000083b00000, 0x0000000083c00000, 0x0000000083c00000|100%| O|  |TAMS 0x0000000083c00000, 0x0000000083b00000| Untracked 
|  60|0x0000000083c00000, 0x0000000083d00000, 0x0000000083d00000|100%| O|  |TAMS 0x0000000083d00000, 0x0000000083c00000| Untracked 
|  61|0x0000000083d00000, 0x0000000083e00000, 0x0000000083e00000|100%| O|  |TAMS 0x0000000083e00000, 0x0000000083d00000| Untracked 
|  62|0x0000000083e00000, 0x0000000083f00000, 0x0000000083f00000|100%| O|  |TAMS 0x0000000083f00000, 0x0000000083e00000| Untracked 
|  63|0x0000000083f00000, 0x0000000084000000, 0x0000000084000000|100%| O|  |TAMS 0x0000000084000000, 0x0000000083f00000| Untracked 
|  64|0x0000000084000000, 0x0000000084100000, 0x0000000084100000|100%| O|  |TAMS 0x0000000084100000, 0x0000000084000000| Untracked 
|  65|0x0000000084100000, 0x0000000084200000, 0x0000000084200000|100%| O|  |TAMS 0x0000000084200000, 0x0000000084100000| Untracked 
|  66|0x0000000084200000, 0x0000000084300000, 0x0000000084300000|100%| O|  |TAMS 0x0000000084300000, 0x0000000084200000| Untracked 
|  67|0x0000000084300000, 0x0000000084400000, 0x0000000084400000|100%| O|  |TAMS 0x0000000084400000, 0x0000000084300000| Untracked 
|  68|0x0000000084400000, 0x0000000084500000, 0x0000000084500000|100%| O|  |TAMS 0x0000000084500000, 0x0000000084400000| Untracked 
|  69|0x0000000084500000, 0x0000000084600000, 0x0000000084600000|100%| O|  |TAMS 0x0000000084600000, 0x0000000084500000| Untracked 
|  70|0x0000000084600000, 0x0000000084700000, 0x0000000084700000|100%| O|  |TAMS 0x0000000084600000, 0x0000000084600000| Untracked 
|  71|0x0000000084700000, 0x0000000084800000, 0x0000000084800000|100%| O|  |TAMS 0x0000000084800000, 0x0000000084700000| Untracked 
|  72|0x0000000084800000, 0x0000000084900000, 0x0000000084900000|100%| O|  |TAMS 0x0000000084900000, 0x0000000084800000| Untracked 
|  73|0x0000000084900000, 0x0000000084a00000, 0x0000000084a00000|100%| O|  |TAMS 0x0000000084a00000, 0x0000000084900000| Untracked 
|  74|0x0000000084a00000, 0x0000000084b00000, 0x0000000084b00000|100%| O|  |TAMS 0x0000000084b00000, 0x0000000084a00000| Untracked 
|  75|0x0000000084b00000, 0x0000000084c00000, 0x0000000084c00000|100%| O|  |TAMS 0x0000000084c00000, 0x0000000084b00000| Untracked 
|  76|0x0000000084c00000, 0x0000000084d00000, 0x0000000084d00000|100%| O|  |TAMS 0x0000000084d00000, 0x0000000084c00000| Untracked 
|  77|0x0000000084d00000, 0x0000000084e00000, 0x0000000084e00000|100%| O|  |TAMS 0x0000000084e00000, 0x0000000084d00000| Untracked 
|  78|0x0000000084e00000, 0x0000000084f00000, 0x0000000084f00000|100%| O|  |TAMS 0x0000000084f00000, 0x0000000084e00000| Untracked 
|  79|0x0000000084f00000, 0x0000000085000000, 0x0000000085000000|100%| O|  |TAMS 0x0000000085000000, 0x0000000084f00000| Untracked 
|  80|0x0000000085000000, 0x0000000085100000, 0x0000000085100000|100%| O|  |TAMS 0x0000000085100000, 0x0000000085000000| Untracked 
|  81|0x0000000085100000, 0x0000000085200000, 0x0000000085200000|100%| O|  |TAMS 0x0000000085200000, 0x0000000085100000| Untracked 
|  82|0x0000000085200000, 0x0000000085300000, 0x0000000085300000|100%| O|  |TAMS 0x0000000085300000, 0x0000000085200000| Untracked 
|  83|0x0000000085300000, 0x0000000085400000, 0x0000000085400000|100%| O|  |TAMS 0x0000000085400000, 0x0000000085300000| Untracked 
|  84|0x0000000085400000, 0x0000000085500000, 0x0000000085500000|100%| O|  |TAMS 0x0000000085400000, 0x0000000085400000| Untracked 
|  85|0x0000000085500000, 0x0000000085600000, 0x0000000085600000|100%| O|  |TAMS 0x0000000085600000, 0x0000000085500000| Untracked 
|  86|0x0000000085600000, 0x0000000085700000, 0x0000000085700000|100%| O|  |TAMS 0x0000000085700000, 0x0000000085600000| Untracked 
|  87|0x0000000085700000, 0x0000000085800000, 0x0000000085800000|100%| O|  |TAMS 0x0000000085797200, 0x0000000085700000| Untracked 
|  88|0x0000000085800000, 0x0000000085900000, 0x0000000085900000|100%| O|  |TAMS 0x0000000085800000, 0x0000000085800000| Untracked 
|  89|0x0000000085900000, 0x0000000085a00000, 0x0000000085a00000|100%| O|  |TAMS 0x0000000085900000, 0x0000000085900000| Untracked 
|  90|0x0000000085a00000, 0x0000000085b00000, 0x0000000085b00000|100%| O|  |TAMS 0x0000000085a00000, 0x0000000085a00000| Untracked 
|  91|0x0000000085b00000, 0x0000000085c00000, 0x0000000085c00000|100%| O|  |TAMS 0x0000000085b00000, 0x0000000085b00000| Untracked 
|  92|0x0000000085c00000, 0x0000000085d00000, 0x0000000085d00000|100%| O|  |TAMS 0x0000000085c00000, 0x0000000085c00000| Untracked 
|  93|0x0000000085d00000, 0x0000000085e00000, 0x0000000085e00000|100%| O|  |TAMS 0x0000000085d00000, 0x0000000085d00000| Untracked 
|  94|0x0000000085e00000, 0x0000000085f00000, 0x0000000085f00000|100%| O|  |TAMS 0x0000000085e00000, 0x0000000085e00000| Untracked 
|  95|0x0000000085f00000, 0x0000000086000000, 0x0000000086000000|100%| O|  |TAMS 0x0000000085f00000, 0x0000000085f00000| Untracked 
|  96|0x0000000086000000, 0x0000000086100000, 0x0000000086100000|100%| O|  |TAMS 0x0000000086000000, 0x0000000086000000| Untracked 
|  97|0x0000000086100000, 0x0000000086200000, 0x0000000086200000|100%| O|  |TAMS 0x0000000086100000, 0x0000000086100000| Untracked 
|  98|0x0000000086200000, 0x0000000086300000, 0x0000000086300000|100%| O|  |TAMS 0x0000000086200000, 0x0000000086200000| Untracked 
|  99|0x0000000086300000, 0x0000000086400000, 0x0000000086400000|100%| O|  |TAMS 0x0000000086300000, 0x0000000086300000| Untracked 
| 100|0x0000000086400000, 0x0000000086500000, 0x0000000086500000|100%| O|  |TAMS 0x0000000086400000, 0x0000000086400000| Untracked 
| 101|0x0000000086500000, 0x0000000086600000, 0x0000000086600000|100%| O|  |TAMS 0x0000000086500000, 0x0000000086500000| Untracked 
| 102|0x0000000086600000, 0x0000000086700000, 0x0000000086700000|100%| O|  |TAMS 0x0000000086600000, 0x0000000086600000| Untracked 
| 103|0x0000000086700000, 0x0000000086800000, 0x0000000086800000|100%| O|  |TAMS 0x0000000086700000, 0x0000000086700000| Untracked 
| 104|0x0000000086800000, 0x0000000086900000, 0x0000000086900000|100%| O|  |TAMS 0x0000000086800000, 0x0000000086800000| Untracked 
| 105|0x0000000086900000, 0x0000000086a00000, 0x0000000086a00000|100%| O|  |TAMS 0x0000000086900000, 0x0000000086900000| Untracked 
| 106|0x0000000086a00000, 0x0000000086b00000, 0x0000000086b00000|100%| O|  |TAMS 0x0000000086a00000, 0x0000000086a00000| Untracked 
| 107|0x0000000086b00000, 0x0000000086c00000, 0x0000000086c00000|100%| O|  |TAMS 0x0000000086b00000, 0x0000000086b00000| Untracked 
| 108|0x0000000086c00000, 0x0000000086d00000, 0x0000000086d00000|100%| O|  |TAMS 0x0000000086c00000, 0x0000000086c00000| Untracked 
| 109|0x0000000086d00000, 0x0000000086e00000, 0x0000000086e00000|100%| O|  |TAMS 0x0000000086d00000, 0x0000000086d00000| Untracked 
| 110|0x0000000086e00000, 0x0000000086f00000, 0x0000000086f00000|100%| O|  |TAMS 0x0000000086e00000, 0x0000000086e00000| Untracked 
| 111|0x0000000086f00000, 0x0000000087000000, 0x0000000087000000|100%| O|  |TAMS 0x0000000086f00000, 0x0000000086f00000| Untracked 
| 112|0x0000000087000000, 0x0000000087100000, 0x0000000087100000|100%| O|  |TAMS 0x0000000087000000, 0x0000000087000000| Untracked 
| 113|0x0000000087100000, 0x0000000087200000, 0x0000000087200000|100%| O|  |TAMS 0x0000000087100000, 0x0000000087100000| Untracked 
| 114|0x0000000087200000, 0x0000000087300000, 0x0000000087300000|100%| O|  |TAMS 0x0000000087200000, 0x0000000087200000| Untracked 
| 115|0x0000000087300000, 0x0000000087400000, 0x0000000087400000|100%| O|  |TAMS 0x0000000087300000, 0x0000000087300000| Untracked 
| 116|0x0000000087400000, 0x0000000087500000, 0x0000000087500000|100%| O|  |TAMS 0x0000000087400000, 0x0000000087400000| Untracked 
| 117|0x0000000087500000, 0x0000000087582a00, 0x0000000087600000| 51%| O|  |TAMS 0x0000000087500000, 0x0000000087500000| Untracked 
| 118|0x0000000087600000, 0x0000000087600000, 0x0000000087700000|  0%| F|  |TAMS 0x0000000087600000, 0x0000000087600000| Untracked 
| 119|0x0000000087700000, 0x0000000087700000, 0x0000000087800000|  0%| F|  |TAMS 0x0000000087700000, 0x0000000087700000| Untracked 
| 120|0x0000000087800000, 0x0000000087800000, 0x0000000087900000|  0%| F|  |TAMS 0x0000000087800000, 0x0000000087800000| Untracked 
| 121|0x0000000087900000, 0x0000000087900000, 0x0000000087a00000|  0%| F|  |TAMS 0x0000000087900000, 0x0000000087900000| Untracked 
| 122|0x0000000087a00000, 0x0000000087a00000, 0x0000000087b00000|  0%| F|  |TAMS 0x0000000087a00000, 0x0000000087a00000| Untracked 
| 123|0x0000000087b00000, 0x0000000087b00000, 0x0000000087c00000|  0%| F|  |TAMS 0x0000000087b00000, 0x0000000087b00000| Untracked 
| 124|0x0000000087c00000, 0x0000000087c00000, 0x0000000087d00000|  0%| F|  |TAMS 0x0000000087c00000, 0x0000000087c00000| Untracked 
| 125|0x0000000087d00000, 0x0000000087d00000, 0x0000000087e00000|  0%| F|  |TAMS 0x0000000087d00000, 0x0000000087d00000| Untracked 
| 126|0x0000000087e00000, 0x0000000087e00000, 0x0000000087f00000|  0%| F|  |TAMS 0x0000000087e00000, 0x0000000087e00000| Untracked 
| 127|0x0000000087f00000, 0x0000000087f00000, 0x0000000088000000|  0%| F|  |TAMS 0x0000000087f00000, 0x0000000087f00000| Untracked 
| 128|0x0000000088000000, 0x0000000088000000, 0x0000000088100000|  0%| F|  |TAMS 0x0000000088000000, 0x0000000088000000| Untracked 
| 129|0x0000000088100000, 0x0000000088100000, 0x0000000088200000|  0%| F|  |TAMS 0x0000000088100000, 0x0000000088100000| Untracked 
| 130|0x0000000088200000, 0x0000000088200000, 0x0000000088300000|  0%| F|  |TAMS 0x0000000088200000, 0x0000000088200000| Untracked 
| 131|0x0000000088300000, 0x0000000088300000, 0x0000000088400000|  0%| F|  |TAMS 0x0000000088300000, 0x0000000088300000| Untracked 
| 132|0x0000000088400000, 0x0000000088400000, 0x0000000088500000|  0%| F|  |TAMS 0x0000000088400000, 0x0000000088400000| Untracked 
| 133|0x0000000088500000, 0x0000000088500000, 0x0000000088600000|  0%| F|  |TAMS 0x0000000088500000, 0x0000000088500000| Untracked 
| 134|0x0000000088600000, 0x0000000088600000, 0x0000000088700000|  0%| F|  |TAMS 0x0000000088600000, 0x0000000088600000| Untracked 
| 135|0x0000000088700000, 0x0000000088700000, 0x0000000088800000|  0%| F|  |TAMS 0x0000000088700000, 0x0000000088700000| Untracked 
| 136|0x0000000088800000, 0x0000000088800000, 0x0000000088900000|  0%| F|  |TAMS 0x0000000088800000, 0x0000000088800000| Untracked 
| 137|0x0000000088900000, 0x0000000088900000, 0x0000000088a00000|  0%| F|  |TAMS 0x0000000088900000, 0x0000000088900000| Untracked 
| 138|0x0000000088a00000, 0x0000000088a00000, 0x0000000088b00000|  0%| F|  |TAMS 0x0000000088a00000, 0x0000000088a00000| Untracked 
| 139|0x0000000088b00000, 0x0000000088b00000, 0x0000000088c00000|  0%| F|  |TAMS 0x0000000088b00000, 0x0000000088b00000| Untracked 
| 140|0x0000000088c00000, 0x0000000088c00000, 0x0000000088d00000|  0%| F|  |TAMS 0x0000000088c00000, 0x0000000088c00000| Untracked 
| 141|0x0000000088d00000, 0x0000000088d00000, 0x0000000088e00000|  0%| F|  |TAMS 0x0000000088d00000, 0x0000000088d00000| Untracked 
| 142|0x0000000088e00000, 0x0000000088e00000, 0x0000000088f00000|  0%| F|  |TAMS 0x0000000088e00000, 0x0000000088e00000| Untracked 
| 143|0x0000000088f00000, 0x0000000088f00000, 0x0000000089000000|  0%| F|  |TAMS 0x0000000088f00000, 0x0000000088f00000| Untracked 
| 144|0x0000000089000000, 0x0000000089000000, 0x0000000089100000|  0%| F|  |TAMS 0x0000000089000000, 0x0000000089000000| Untracked 
| 145|0x0000000089100000, 0x0000000089100000, 0x0000000089200000|  0%| F|  |TAMS 0x0000000089100000, 0x0000000089100000| Untracked 
| 146|0x0000000089200000, 0x0000000089200000, 0x0000000089300000|  0%| F|  |TAMS 0x0000000089200000, 0x0000000089200000| Untracked 
| 147|0x0000000089300000, 0x0000000089400000, 0x0000000089400000|100%| S|CS|TAMS 0x0000000089300000, 0x0000000089300000| Complete 
| 148|0x0000000089400000, 0x0000000089500000, 0x0000000089500000|100%| S|CS|TAMS 0x0000000089400000, 0x0000000089400000| Complete 
| 149|0x0000000089500000, 0x0000000089600000, 0x0000000089600000|100%| S|CS|TAMS 0x0000000089500000, 0x0000000089500000| Complete 
| 150|0x0000000089600000, 0x0000000089700000, 0x0000000089700000|100%| S|CS|TAMS 0x0000000089600000, 0x0000000089600000| Complete 
| 151|0x0000000089700000, 0x0000000089800000, 0x0000000089800000|100%| S|CS|TAMS 0x0000000089700000, 0x0000000089700000| Complete 
| 152|0x0000000089800000, 0x0000000089900000, 0x0000000089900000|100%| S|CS|TAMS 0x0000000089800000, 0x0000000089800000| Complete 
| 153|0x0000000089900000, 0x0000000089900000, 0x0000000089a00000|  0%| F|  |TAMS 0x0000000089900000, 0x0000000089900000| Untracked 
| 154|0x0000000089a00000, 0x0000000089a00000, 0x0000000089b00000|  0%| F|  |TAMS 0x0000000089a00000, 0x0000000089a00000| Untracked 
| 155|0x0000000089b00000, 0x0000000089b00000, 0x0000000089c00000|  0%| F|  |TAMS 0x0000000089b00000, 0x0000000089b00000| Untracked 
| 156|0x0000000089c00000, 0x0000000089c00000, 0x0000000089d00000|  0%| F|  |TAMS 0x0000000089c00000, 0x0000000089c00000| Untracked 
| 157|0x0000000089d00000, 0x0000000089d00000, 0x0000000089e00000|  0%| F|  |TAMS 0x0000000089d00000, 0x0000000089d00000| Untracked 
| 158|0x0000000089e00000, 0x0000000089e00000, 0x0000000089f00000|  0%| F|  |TAMS 0x0000000089e00000, 0x0000000089e00000| Untracked 
| 159|0x0000000089f00000, 0x0000000089f00000, 0x000000008a000000|  0%| F|  |TAMS 0x0000000089f00000, 0x0000000089f00000| Untracked 
| 160|0x000000008a000000, 0x000000008a000000, 0x000000008a100000|  0%| F|  |TAMS 0x000000008a000000, 0x000000008a000000| Untracked 
| 161|0x000000008a100000, 0x000000008a100000, 0x000000008a200000|  0%| F|  |TAMS 0x000000008a100000, 0x000000008a100000| Untracked 
| 162|0x000000008a200000, 0x000000008a200000, 0x000000008a300000|  0%| F|  |TAMS 0x000000008a200000, 0x000000008a200000| Untracked 
| 163|0x000000008a300000, 0x000000008a300000, 0x000000008a400000|  0%| F|  |TAMS 0x000000008a300000, 0x000000008a300000| Untracked 
| 164|0x000000008a400000, 0x000000008a400000, 0x000000008a500000|  0%| F|  |TAMS 0x000000008a400000, 0x000000008a400000| Untracked 
| 165|0x000000008a500000, 0x000000008a500000, 0x000000008a600000|  0%| F|  |TAMS 0x000000008a500000, 0x000000008a500000| Untracked 
| 166|0x000000008a600000, 0x000000008a600000, 0x000000008a700000|  0%| F|  |TAMS 0x000000008a600000, 0x000000008a600000| Untracked 
| 167|0x000000008a700000, 0x000000008a700000, 0x000000008a800000|  0%| F|  |TAMS 0x000000008a700000, 0x000000008a700000| Untracked 
| 168|0x000000008a800000, 0x000000008a800000, 0x000000008a900000|  0%| F|  |TAMS 0x000000008a800000, 0x000000008a800000| Untracked 
| 169|0x000000008a900000, 0x000000008a900000, 0x000000008aa00000|  0%| F|  |TAMS 0x000000008a900000, 0x000000008a900000| Untracked 
| 170|0x000000008aa00000, 0x000000008aa00000, 0x000000008ab00000|  0%| F|  |TAMS 0x000000008aa00000, 0x000000008aa00000| Untracked 
| 171|0x000000008ab00000, 0x000000008ab00000, 0x000000008ac00000|  0%| F|  |TAMS 0x000000008ab00000, 0x000000008ab00000| Untracked 
| 172|0x000000008ac00000, 0x000000008ac00000, 0x000000008ad00000|  0%| F|  |TAMS 0x000000008ac00000, 0x000000008ac00000| Untracked 
| 173|0x000000008ad00000, 0x000000008ad00000, 0x000000008ae00000|  0%| F|  |TAMS 0x000000008ad00000, 0x000000008ad00000| Untracked 
| 174|0x000000008ae00000, 0x000000008ae00000, 0x000000008af00000|  0%| F|  |TAMS 0x000000008ae00000, 0x000000008ae00000| Untracked 
| 175|0x000000008af00000, 0x000000008af00000, 0x000000008b000000|  0%| F|  |TAMS 0x000000008af00000, 0x000000008af00000| Untracked 
| 176|0x000000008b000000, 0x000000008b000000, 0x000000008b100000|  0%| F|  |TAMS 0x000000008b000000, 0x000000008b000000| Untracked 
| 177|0x000000008b100000, 0x000000008b100000, 0x000000008b200000|  0%| F|  |TAMS 0x000000008b100000, 0x000000008b100000| Untracked 
| 178|0x000000008b200000, 0x000000008b200000, 0x000000008b300000|  0%| F|  |TAMS 0x000000008b200000, 0x000000008b200000| Untracked 
| 179|0x000000008b300000, 0x000000008b300000, 0x000000008b400000|  0%| F|  |TAMS 0x000000008b300000, 0x000000008b300000| Untracked 
| 180|0x000000008b400000, 0x000000008b400000, 0x000000008b500000|  0%| F|  |TAMS 0x000000008b400000, 0x000000008b400000| Untracked 
| 181|0x000000008b500000, 0x000000008b500000, 0x000000008b600000|  0%| F|  |TAMS 0x000000008b500000, 0x000000008b500000| Untracked 
| 182|0x000000008b600000, 0x000000008b600000, 0x000000008b700000|  0%| F|  |TAMS 0x000000008b600000, 0x000000008b600000| Untracked 
| 183|0x000000008b700000, 0x000000008b700000, 0x000000008b800000|  0%| F|  |TAMS 0x000000008b700000, 0x000000008b700000| Untracked 
| 184|0x000000008b800000, 0x000000008b800000, 0x000000008b900000|  0%| F|  |TAMS 0x000000008b800000, 0x000000008b800000| Untracked 
| 185|0x000000008b900000, 0x000000008b900000, 0x000000008ba00000|  0%| F|  |TAMS 0x000000008b900000, 0x000000008b900000| Untracked 
| 186|0x000000008ba00000, 0x000000008ba00000, 0x000000008bb00000|  0%| F|  |TAMS 0x000000008ba00000, 0x000000008ba00000| Untracked 
| 187|0x000000008bb00000, 0x000000008bb00000, 0x000000008bc00000|  0%| F|  |TAMS 0x000000008bb00000, 0x000000008bb00000| Untracked 
| 188|0x000000008bc00000, 0x000000008bc00000, 0x000000008bd00000|  0%| F|  |TAMS 0x000000008bc00000, 0x000000008bc00000| Untracked 
| 189|0x000000008bd00000, 0x000000008bd00000, 0x000000008be00000|  0%| F|  |TAMS 0x000000008bd00000, 0x000000008bd00000| Untracked 
| 190|0x000000008be00000, 0x000000008be00000, 0x000000008bf00000|  0%| F|  |TAMS 0x000000008be00000, 0x000000008be00000| Untracked 
| 191|0x000000008bf00000, 0x000000008bf00000, 0x000000008c000000|  0%| F|  |TAMS 0x000000008bf00000, 0x000000008bf00000| Untracked 
| 192|0x000000008c000000, 0x000000008c000000, 0x000000008c100000|  0%| F|  |TAMS 0x000000008c000000, 0x000000008c000000| Untracked 
| 193|0x000000008c100000, 0x000000008c100000, 0x000000008c200000|  0%| F|  |TAMS 0x000000008c100000, 0x000000008c100000| Untracked 
| 194|0x000000008c200000, 0x000000008c200000, 0x000000008c300000|  0%| F|  |TAMS 0x000000008c200000, 0x000000008c200000| Untracked 
| 195|0x000000008c300000, 0x000000008c300000, 0x000000008c400000|  0%| F|  |TAMS 0x000000008c300000, 0x000000008c300000| Untracked 
| 196|0x000000008c400000, 0x000000008c400000, 0x000000008c500000|  0%| F|  |TAMS 0x000000008c400000, 0x000000008c400000| Untracked 
| 197|0x000000008c500000, 0x000000008c500000, 0x000000008c600000|  0%| F|  |TAMS 0x000000008c500000, 0x000000008c500000| Untracked 
| 198|0x000000008c600000, 0x000000008c600000, 0x000000008c700000|  0%| F|  |TAMS 0x000000008c600000, 0x000000008c600000| Untracked 
| 199|0x000000008c700000, 0x000000008c700000, 0x000000008c800000|  0%| F|  |TAMS 0x000000008c700000, 0x000000008c700000| Untracked 
| 200|0x000000008c800000, 0x000000008c800000, 0x000000008c900000|  0%| F|  |TAMS 0x000000008c800000, 0x000000008c800000| Untracked 
| 201|0x000000008c900000, 0x000000008c900000, 0x000000008ca00000|  0%| F|  |TAMS 0x000000008c900000, 0x000000008c900000| Untracked 
| 202|0x000000008ca00000, 0x000000008ca00000, 0x000000008cb00000|  0%| F|  |TAMS 0x000000008ca00000, 0x000000008ca00000| Untracked 
| 203|0x000000008cb00000, 0x000000008cb00000, 0x000000008cc00000|  0%| F|  |TAMS 0x000000008cb00000, 0x000000008cb00000| Untracked 
| 204|0x000000008cc00000, 0x000000008cc00000, 0x000000008cd00000|  0%| F|  |TAMS 0x000000008cc00000, 0x000000008cc00000| Untracked 
| 205|0x000000008cd00000, 0x000000008cd00000, 0x000000008ce00000|  0%| F|  |TAMS 0x000000008cd00000, 0x000000008cd00000| Untracked 
| 206|0x000000008ce00000, 0x000000008ce00000, 0x000000008cf00000|  0%| F|  |TAMS 0x000000008ce00000, 0x000000008ce00000| Untracked 
| 207|0x000000008cf00000, 0x000000008cf00000, 0x000000008d000000|  0%| F|  |TAMS 0x000000008cf00000, 0x000000008cf00000| Untracked 
| 208|0x000000008d000000, 0x000000008d000000, 0x000000008d100000|  0%| F|  |TAMS 0x000000008d000000, 0x000000008d000000| Untracked 
| 209|0x000000008d100000, 0x000000008d100000, 0x000000008d200000|  0%| F|  |TAMS 0x000000008d100000, 0x000000008d100000| Untracked 
| 210|0x000000008d200000, 0x000000008d200000, 0x000000008d300000|  0%| F|  |TAMS 0x000000008d200000, 0x000000008d200000| Untracked 
| 211|0x000000008d300000, 0x000000008d300000, 0x000000008d400000|  0%| F|  |TAMS 0x000000008d300000, 0x000000008d300000| Untracked 
| 212|0x000000008d400000, 0x000000008d400000, 0x000000008d500000|  0%| F|  |TAMS 0x000000008d400000, 0x000000008d400000| Untracked 
| 213|0x000000008d500000, 0x000000008d500000, 0x000000008d600000|  0%| F|  |TAMS 0x000000008d500000, 0x000000008d500000| Untracked 
| 214|0x000000008d600000, 0x000000008d600000, 0x000000008d700000|  0%| F|  |TAMS 0x000000008d600000, 0x000000008d600000| Untracked 
| 215|0x000000008d700000, 0x000000008d700000, 0x000000008d800000|  0%| F|  |TAMS 0x000000008d700000, 0x000000008d700000| Untracked 
| 216|0x000000008d800000, 0x000000008d800000, 0x000000008d900000|  0%| F|  |TAMS 0x000000008d800000, 0x000000008d800000| Untracked 
| 217|0x000000008d900000, 0x000000008d900000, 0x000000008da00000|  0%| F|  |TAMS 0x000000008d900000, 0x000000008d900000| Untracked 
| 218|0x000000008da00000, 0x000000008da00000, 0x000000008db00000|  0%| F|  |TAMS 0x000000008da00000, 0x000000008da00000| Untracked 
| 219|0x000000008db00000, 0x000000008db00000, 0x000000008dc00000|  0%| F|  |TAMS 0x000000008db00000, 0x000000008db00000| Untracked 
| 220|0x000000008dc00000, 0x000000008dc00000, 0x000000008dd00000|  0%| F|  |TAMS 0x000000008dc00000, 0x000000008dc00000| Untracked 
| 221|0x000000008dd00000, 0x000000008dd00000, 0x000000008de00000|  0%| F|  |TAMS 0x000000008dd00000, 0x000000008dd00000| Untracked 
| 222|0x000000008de00000, 0x000000008de00000, 0x000000008df00000|  0%| F|  |TAMS 0x000000008de00000, 0x000000008de00000| Untracked 
| 223|0x000000008df00000, 0x000000008df00000, 0x000000008e000000|  0%| F|  |TAMS 0x000000008df00000, 0x000000008df00000| Untracked 
| 224|0x000000008e000000, 0x000000008e000000, 0x000000008e100000|  0%| F|  |TAMS 0x000000008e000000, 0x000000008e000000| Untracked 
| 225|0x000000008e100000, 0x000000008e100000, 0x000000008e200000|  0%| F|  |TAMS 0x000000008e100000, 0x000000008e100000| Untracked 
| 226|0x000000008e200000, 0x000000008e200000, 0x000000008e300000|  0%| F|  |TAMS 0x000000008e200000, 0x000000008e200000| Untracked 
| 227|0x000000008e300000, 0x000000008e300000, 0x000000008e400000|  0%| F|  |TAMS 0x000000008e300000, 0x000000008e300000| Untracked 
| 228|0x000000008e400000, 0x000000008e400000, 0x000000008e500000|  0%| F|  |TAMS 0x000000008e400000, 0x000000008e400000| Untracked 
| 229|0x000000008e500000, 0x000000008e500000, 0x000000008e600000|  0%| F|  |TAMS 0x000000008e500000, 0x000000008e500000| Untracked 
| 230|0x000000008e600000, 0x000000008e600000, 0x000000008e700000|  0%| F|  |TAMS 0x000000008e600000, 0x000000008e600000| Untracked 
| 231|0x000000008e700000, 0x000000008e700000, 0x000000008e800000|  0%| F|  |TAMS 0x000000008e700000, 0x000000008e700000| Untracked 
| 232|0x000000008e800000, 0x000000008e800000, 0x000000008e900000|  0%| F|  |TAMS 0x000000008e800000, 0x000000008e800000| Untracked 
| 233|0x000000008e900000, 0x000000008e900000, 0x000000008ea00000|  0%| F|  |TAMS 0x000000008e900000, 0x000000008e900000| Untracked 
| 234|0x000000008ea00000, 0x000000008ea00000, 0x000000008eb00000|  0%| F|  |TAMS 0x000000008ea00000, 0x000000008ea00000| Untracked 
| 235|0x000000008eb00000, 0x000000008eb00000, 0x000000008ec00000|  0%| F|  |TAMS 0x000000008eb00000, 0x000000008eb00000| Untracked 
| 236|0x000000008ec00000, 0x000000008ec00000, 0x000000008ed00000|  0%| F|  |TAMS 0x000000008ec00000, 0x000000008ec00000| Untracked 
| 237|0x000000008ed00000, 0x000000008ed00000, 0x000000008ee00000|  0%| F|  |TAMS 0x000000008ed00000, 0x000000008ed00000| Untracked 
| 238|0x000000008ee00000, 0x000000008ee00000, 0x000000008ef00000|  0%| F|  |TAMS 0x000000008ee00000, 0x000000008ee00000| Untracked 
| 239|0x000000008ef00000, 0x000000008ef00000, 0x000000008f000000|  0%| F|  |TAMS 0x000000008ef00000, 0x000000008ef00000| Untracked 
| 240|0x000000008f000000, 0x000000008f000000, 0x000000008f100000|  0%| F|  |TAMS 0x000000008f000000, 0x000000008f000000| Untracked 
| 241|0x000000008f100000, 0x000000008f100000, 0x000000008f200000|  0%| F|  |TAMS 0x000000008f100000, 0x000000008f100000| Untracked 
| 242|0x000000008f200000, 0x000000008f200000, 0x000000008f300000|  0%| F|  |TAMS 0x000000008f200000, 0x000000008f200000| Untracked 
| 243|0x000000008f300000, 0x000000008f300000, 0x000000008f400000|  0%| F|  |TAMS 0x000000008f300000, 0x000000008f300000| Untracked 
| 244|0x000000008f400000, 0x000000008f400000, 0x000000008f500000|  0%| F|  |TAMS 0x000000008f400000, 0x000000008f400000| Untracked 
| 245|0x000000008f500000, 0x000000008f500000, 0x000000008f600000|  0%| F|  |TAMS 0x000000008f500000, 0x000000008f500000| Untracked 
| 246|0x000000008f600000, 0x000000008f600000, 0x000000008f700000|  0%| F|  |TAMS 0x000000008f600000, 0x000000008f600000| Untracked 
| 247|0x000000008f700000, 0x000000008f700000, 0x000000008f800000|  0%| F|  |TAMS 0x000000008f700000, 0x000000008f700000| Untracked 
| 248|0x000000008f800000, 0x000000008f800000, 0x000000008f900000|  0%| F|  |TAMS 0x000000008f800000, 0x000000008f800000| Untracked 
| 249|0x000000008f900000, 0x000000008f900000, 0x000000008fa00000|  0%| F|  |TAMS 0x000000008f900000, 0x000000008f900000| Untracked 
| 250|0x000000008fa00000, 0x000000008fa00000, 0x000000008fb00000|  0%| F|  |TAMS 0x000000008fa00000, 0x000000008fa00000| Untracked 
| 251|0x000000008fb00000, 0x000000008fb00000, 0x000000008fc00000|  0%| F|  |TAMS 0x000000008fb00000, 0x000000008fb00000| Untracked 
| 252|0x000000008fc00000, 0x000000008fc00000, 0x000000008fd00000|  0%| F|  |TAMS 0x000000008fc00000, 0x000000008fc00000| Untracked 
| 253|0x000000008fd00000, 0x000000008fd00000, 0x000000008fe00000|  0%| F|  |TAMS 0x000000008fd00000, 0x000000008fd00000| Untracked 

Card table byte_map: [0x0000014cd5530000,0x0000014cd5930000] _byte_map_base: 0x0000014cd5130000

Marking Bits (Prev, Next): (CMBitMap*) 0x0000014cc299a3f0, (CMBitMap*) 0x0000014cc299a430
 Prev Bits: [0x0000014cd5d30000, 0x0000014cd7d30000)
 Next Bits: [0x0000014cd7d30000, 0x0000014cd9d30000)

Polling page: 0x0000014cc0850000

Metaspace:

Usage:
  Non-class:     80.64 MB used.
      Class:     12.70 MB used.
       Both:     93.34 MB used.

Virtual space:
  Non-class space:       88.00 MB reserved,      80.94 MB ( 92%) committed,  11 nodes.
      Class space:        1.00 GB reserved,      13.00 MB (  1%) committed,  1 nodes.
             Both:        1.09 GB reserved,      93.94 MB (  8%) committed. 

Chunk freelists:
   Non-Class:  2.70 MB
       Class:  2.86 MB
        Both:  5.56 MB

MaxMetaspaceSize: unlimited
CompressedClassSpaceSize: 1.00 GB
Initial GC threshold: 21.00 MB
Current GC threshold: 149.19 MB
CDS: off
MetaspaceReclaimPolicy: balanced
 - commit_granule_bytes: 65536.
 - commit_granule_words: 8192.
 - virtual_space_node_default_size: 1048576.
 - enlarge_chunks_in_place: 1.
 - new_chunks_are_fully_committed: 0.
 - uncommit_free_chunks: 1.
 - use_allocation_guard: 0.
 - handle_deallocations: 1.


Internal statistics:

num_allocs_failed_limit: 9.
num_arena_births: 774.
num_arena_deaths: 14.
num_vsnodes_births: 12.
num_vsnodes_deaths: 0.
num_space_committed: 1503.
num_space_uncommitted: 0.
num_chunks_returned_to_freelist: 28.
num_chunks_taken_from_freelist: 4243.
num_chunk_merges: 14.
num_chunk_splits: 2842.
num_chunks_enlarged: 1927.
num_purges: 2.
num_inconsistent_stats: 0.

CodeHeap 'non-profiled nmethods': size=120000Kb used=5590Kb max_used=5863Kb free=114409Kb
 bounds [0x0000014ccd8d0000, 0x0000014ccde90000, 0x0000014cd4e00000]
CodeHeap 'profiled nmethods': size=120000Kb used=18577Kb max_used=18872Kb free=101422Kb
 bounds [0x0000014cc5e00000, 0x0000014cc7090000, 0x0000014ccd330000]
CodeHeap 'non-nmethods': size=5760Kb used=2384Kb max_used=2474Kb free=3375Kb
 bounds [0x0000014ccd330000, 0x0000014ccd5b0000, 0x0000014ccd8d0000]
 total_blobs=10527 nmethods=9610 adapters=829
 compilation: enabled
              stopped_count=0, restarted_count=0
 full_count=0

Compilation events (20 events):
Event: 13.726 Thread 0x0000014cdd08de50 nmethod 11115 0x0000014cc6812e90 code [0x0000014cc6813020, 0x0000014cc6813158]
Event: 13.726 Thread 0x0000014cdd08de50 11116       3       com.android.tools.r8.graph.S0::g (62 bytes)
Event: 13.726 Thread 0x0000014cdd08d3b0 11118       4       com.android.tools.r8.graph.k::equals (22 bytes)
Event: 13.726 Thread 0x0000014cdd08de50 nmethod 11116 0x0000014cc5f41910 code [0x0000014cc5f41b40, 0x0000014cc5f42608]
Event: 13.726 Thread 0x0000014cdd08de50 11117       3       java.lang.Integer::toString (55 bytes)
Event: 13.726 Thread 0x0000014cdd08de50 nmethod 11117 0x0000014cc601da90 code [0x0000014cc601dc60, 0x0000014cc601dfd8]
Event: 13.727 Thread 0x0000014cdd08d3b0 nmethod 11118 0x0000014ccdb6a890 code [0x0000014ccdb6aa00, 0x0000014ccdb6aab8]
Event: 13.727 Thread 0x0000014cdd08d3b0 11119       4       sun.nio.fs.WindowsFileAttributes::<init> (57 bytes)
Event: 13.728 Thread 0x0000014cdd08de50 11120       3       java.lang.invoke.BoundMethodHandle::rebind (14 bytes)
Event: 13.728 Thread 0x0000014cdd08d3b0 nmethod 11119 0x0000014ccdb6a590 code [0x0000014ccdb6a700, 0x0000014ccdb6a7b8]
Event: 13.728 Thread 0x0000014cdd08de50 nmethod 11120 0x0000014cc5f41010 code [0x0000014cc5f41200, 0x0000014cc5f41748]
Event: 13.728 Thread 0x0000014cdd08de50 11121       3       java.lang.invoke.BoundMethodHandle::tooComplex (27 bytes)
Event: 13.728 Thread 0x0000014cdd08de50 nmethod 11121 0x0000014cc5f40810 code [0x0000014cc5f409e0, 0x0000014cc5f40e38]
Event: 13.728 Thread 0x0000014cdd08de50 11122       3       java.lang.invoke.BoundMethodHandle::fieldCount (8 bytes)
Event: 13.729 Thread 0x0000014cdd08de50 nmethod 11122 0x0000014cc5f40290 code [0x0000014cc5f40440, 0x0000014cc5f40718]
Event: 13.730 Thread 0x0000014cdd08d3b0 11123   !   4       java.nio.DirectIntBufferU::get (34 bytes)
Event: 13.732 Thread 0x0000014cdd08d3b0 nmethod 11123 0x0000014ccdb6a210 code [0x0000014ccdb6a380, 0x0000014ccdb6a478]
Event: 13.739 Thread 0x0000014cdd08d3b0 11124       4       sun.invoke.util.VerifyAccess::isClassAccessible (230 bytes)
Event: 13.761 Thread 0x0000014cdd08de50 11126       1       com.android.tools.r8.ProgramResource$ByteResource::getKind (5 bytes)
Event: 13.761 Thread 0x0000014cdd08de50 nmethod 11126 0x0000014ccdc7bc90 code [0x0000014ccdc7be20, 0x0000014ccdc7bef8]

GC Heap History (20 events):
Event: 11.320 GC heap after
{Heap after GC invocations=35 (full 0):
 garbage-first heap   total 129024K, used 73477K [0x0000000080000000, 0x0000000100000000)
  region size 1024K, 3 young (3072K), 3 survivors (3072K)
 Metaspace       used 82571K, committed 83136K, reserved 1122304K
  class space    used 11130K, committed 11392K, reserved 1048576K
}
Event: 11.698 GC heap before
{Heap before GC invocations=35 (full 0):
 garbage-first heap   total 129024K, used 105221K [0x0000000080000000, 0x0000000100000000)
  region size 1024K, 34 young (34816K), 3 survivors (3072K)
 Metaspace       used 84399K, committed 84928K, reserved 1130496K
  class space    used 11377K, committed 11584K, reserved 1048576K
}
Event: 11.703 GC heap after
{Heap after GC invocations=36 (full 0):
 garbage-first heap   total 129024K, used 77269K [0x0000000080000000, 0x0000000100000000)
  region size 1024K, 5 young (5120K), 5 survivors (5120K)
 Metaspace       used 84399K, committed 84928K, reserved 1130496K
  class space    used 11377K, committed 11584K, reserved 1048576K
}
Event: 11.880 GC heap before
{Heap before GC invocations=37 (full 0):
 garbage-first heap   total 147456K, used 105941K [0x0000000080000000, 0x0000000100000000)
  region size 1024K, 33 young (33792K), 5 survivors (5120K)
 Metaspace       used 84470K, committed 84992K, reserved 1130496K
  class space    used 11383K, committed 11584K, reserved 1048576K
}
Event: 11.887 GC heap after
{Heap after GC invocations=38 (full 0):
 garbage-first heap   total 147456K, used 82327K [0x0000000080000000, 0x0000000100000000)
  region size 1024K, 5 young (5120K), 5 survivors (5120K)
 Metaspace       used 84470K, committed 84992K, reserved 1130496K
  class space    used 11383K, committed 11584K, reserved 1048576K
}
Event: 12.252 GC heap before
{Heap before GC invocations=38 (full 0):
 garbage-first heap   total 147456K, used 118166K [0x0000000080000000, 0x0000000100000000)
  region size 1024K, 41 young (41984K), 5 survivors (5120K)
 Metaspace       used 86814K, committed 87424K, reserved 1130496K
  class space    used 11871K, committed 12160K, reserved 1048576K
}
Event: 12.259 GC heap after
{Heap after GC invocations=39 (full 0):
 garbage-first heap   total 147456K, used 87118K [0x0000000080000000, 0x0000000100000000)
  region size 1024K, 5 young (5120K), 5 survivors (5120K)
 Metaspace       used 86814K, committed 87424K, reserved 1130496K
  class space    used 11871K, committed 12160K, reserved 1048576K
}
Event: 12.467 GC heap before
{Heap before GC invocations=40 (full 0):
 garbage-first heap   total 163840K, used 118862K [0x0000000080000000, 0x0000000100000000)
  region size 1024K, 37 young (37888K), 5 survivors (5120K)
 Metaspace       used 87006K, committed 87616K, reserved 1130496K
  class space    used 11873K, committed 12160K, reserved 1048576K
}
Event: 12.472 GC heap after
{Heap after GC invocations=41 (full 0):
 garbage-first heap   total 163840K, used 88797K [0x0000000080000000, 0x0000000100000000)
  region size 1024K, 2 young (2048K), 2 survivors (2048K)
 Metaspace       used 87006K, committed 87616K, reserved 1130496K
  class space    used 11873K, committed 12160K, reserved 1048576K
}
Event: 12.495 GC heap before
{Heap before GC invocations=41 (full 0):
 garbage-first heap   total 163840K, used 93917K [0x0000000080000000, 0x0000000100000000)
  region size 1024K, 8 young (8192K), 2 survivors (2048K)
 Metaspace       used 87034K, committed 87616K, reserved 1130496K
  class space    used 11873K, committed 12160K, reserved 1048576K
}
Event: 12.500 GC heap after
{Heap after GC invocations=42 (full 0):
 garbage-first heap   total 196608K, used 89319K [0x0000000080000000, 0x0000000100000000)
  region size 1024K, 1 young (1024K), 1 survivors (1024K)
 Metaspace       used 87034K, committed 87616K, reserved 1130496K
  class space    used 11873K, committed 12160K, reserved 1048576K
}
Event: 12.998 GC heap before
{Heap before GC invocations=42 (full 0):
 garbage-first heap   total 196608K, used 153831K [0x0000000080000000, 0x0000000100000000)
  region size 1024K, 65 young (66560K), 1 survivors (1024K)
 Metaspace       used 90183K, committed 90816K, reserved 1130496K
  class space    used 12259K, committed 12544K, reserved 1048576K
}
Event: 13.002 GC heap after
{Heap after GC invocations=43 (full 0):
 garbage-first heap   total 196608K, used 93063K [0x0000000080000000, 0x0000000100000000)
  region size 1024K, 5 young (5120K), 5 survivors (5120K)
 Metaspace       used 90183K, committed 90816K, reserved 1130496K
  class space    used 12259K, committed 12544K, reserved 1048576K
}
Event: 13.467 GC heap before
{Heap before GC invocations=44 (full 0):
 garbage-first heap   total 196608K, used 155527K [0x0000000080000000, 0x0000000100000000)
  region size 1024K, 67 young (68608K), 5 survivors (5120K)
 Metaspace       used 92978K, committed 93568K, reserved 1130496K
  class space    used 12599K, committed 12864K, reserved 1048576K
}
Event: 13.474 GC heap after
{Heap after GC invocations=45 (full 0):
 garbage-first heap   total 196608K, used 97883K [0x0000000080000000, 0x0000000100000000)
  region size 1024K, 9 young (9216K), 9 survivors (9216K)
 Metaspace       used 92978K, committed 93568K, reserved 1130496K
  class space    used 12599K, committed 12864K, reserved 1048576K
}
Event: 13.480 GC heap before
{Heap before GC invocations=45 (full 0):
 garbage-first heap   total 196608K, used 98907K [0x0000000080000000, 0x0000000100000000)
  region size 1024K, 10 young (10240K), 9 survivors (9216K)
 Metaspace       used 93010K, committed 93632K, reserved 1130496K
  class space    used 12605K, committed 12864K, reserved 1048576K
}
Event: 13.487 GC heap after
{Heap after GC invocations=46 (full 0):
 garbage-first heap   total 196608K, used 98395K [0x0000000080000000, 0x0000000100000000)
  region size 1024K, 2 young (2048K), 2 survivors (2048K)
 Metaspace       used 93010K, committed 93632K, reserved 1130496K
  class space    used 12605K, committed 12864K, reserved 1048576K
}
Event: 13.692 GC heap before
{Heap before GC invocations=46 (full 0):
 garbage-first heap   total 196608K, used 157787K [0x0000000080000000, 0x0000000100000000)
  region size 1024K, 61 young (62464K), 2 survivors (2048K)
 Metaspace       used 94875K, committed 95488K, reserved 1138688K
  class space    used 12893K, committed 13184K, reserved 1048576K
}
Event: 13.697 GC heap after
{Heap after GC invocations=47 (full 0):
 garbage-first heap   total 196608K, used 116234K [0x0000000080000000, 0x0000000100000000)
  region size 1024K, 8 young (8192K), 8 survivors (8192K)
 Metaspace       used 94875K, committed 95488K, reserved 1138688K
  class space    used 12893K, committed 13184K, reserved 1048576K
}
Event: 13.763 GC heap before
{Heap before GC invocations=47 (full 0):
 garbage-first heap   total 196608K, used 155146K [0x0000000080000000, 0x0000000100000000)
  region size 1024K, 47 young (48128K), 8 survivors (8192K)
 Metaspace       used 95578K, committed 96192K, reserved 1138688K
  class space    used 13002K, committed 13312K, reserved 1048576K
}

Dll operation events (2 events):
Event: 0.006 Loaded shared library D:\android studio\jbr\bin\java.dll
Event: 0.375 Loaded shared library D:\android studio\jbr\bin\verify.dll

Deoptimization events (20 events):
Event: 13.633 Thread 0x0000014ce3b31660 Uncommon trap: trap_request=0xffffff45 fr.pc=0x0000014ccde0fab8 relative=0x0000000000000178
Event: 13.633 Thread 0x0000014ce3b31660 Uncommon trap: reason=unstable_if action=reinterpret pc=0x0000014ccde0fab8 method=com.google.common.collect.MapMakerInternalMap$Segment.getEntry(Ljava/lang/Object;I)Lcom/google/common/collect/MapMakerInternalMap$InternalEntry; @ 63 c2
Event: 13.633 Thread 0x0000014ce3b31660 DEOPT PACKING pc=0x0000014ccde0fab8 sp=0x00000021023f5d90
Event: 13.633 Thread 0x0000014ce3b31660 DEOPT UNPACKING pc=0x0000014ccd3869a3 sp=0x00000021023f5d48 mode 2
Event: 13.651 Thread 0x0000014ce4a71fe0 DEOPT PACKING pc=0x0000014cc5ebd771 sp=0x0000002105af9c80
Event: 13.651 Thread 0x0000014ce4a71fe0 DEOPT UNPACKING pc=0x0000014ccd387143 sp=0x0000002105af9190 mode 0
Event: 13.651 Thread 0x0000014ce3b31660 DEOPT PACKING pc=0x0000014cc5ebd771 sp=0x00000021023f9a10
Event: 13.651 Thread 0x0000014ce3b31660 DEOPT UNPACKING pc=0x0000014ccd387143 sp=0x00000021023f8f20 mode 0
Event: 13.668 Thread 0x0000014ce4a71fe0 DEOPT PACKING pc=0x0000014cc5ebd792 sp=0x0000002105af9fb0
Event: 13.668 Thread 0x0000014ce4a71fe0 DEOPT UNPACKING pc=0x0000014ccd387143 sp=0x0000002105af94c0 mode 0
Event: 13.689 Thread 0x0000014ce3b2e640 DEOPT PACKING pc=0x0000014cc5ebd298 sp=0x00000021022fa120
Event: 13.689 Thread 0x0000014ce3b2e640 DEOPT UNPACKING pc=0x0000014ccd387143 sp=0x00000021022f9620 mode 0
Event: 13.698 Thread 0x0000014ce2df4560 DEOPT PACKING pc=0x0000014cc5ebd771 sp=0x00000021044fa640
Event: 13.698 Thread 0x0000014ce2df4560 DEOPT UNPACKING pc=0x0000014ccd387143 sp=0x00000021044f9b50 mode 0
Event: 13.708 Thread 0x0000014ce2df4560 Uncommon trap: trap_request=0xffffff45 fr.pc=0x0000014ccddf9a24 relative=0x0000000000000404
Event: 13.708 Thread 0x0000014ce2df4560 Uncommon trap: reason=unstable_if action=reinterpret pc=0x0000014ccddf9a24 method=java.util.stream.StreamOpFlag.getMask(I)I @ 1 c2
Event: 13.708 Thread 0x0000014ce2df4560 DEOPT PACKING pc=0x0000014ccddf9a24 sp=0x00000021044fa880
Event: 13.708 Thread 0x0000014ce2df4560 DEOPT UNPACKING pc=0x0000014ccd3869a3 sp=0x00000021044fa770 mode 2
Event: 13.724 Thread 0x0000014ce4a72e50 DEOPT PACKING pc=0x0000014cc5ebd792 sp=0x00000021059fa260
Event: 13.724 Thread 0x0000014ce4a72e50 DEOPT UNPACKING pc=0x0000014ccd387143 sp=0x00000021059f9770 mode 0

Classes unloaded (7 events):
Event: 13.070 Thread 0x0000014cdc79b5a0 Unloading class 0x0000000100bb9c00 'java/lang/invoke/LambdaForm$DMH+0x0000000100bb9c00'
Event: 13.070 Thread 0x0000014cdc79b5a0 Unloading class 0x0000000100bb9800 'java/lang/invoke/LambdaForm$DMH+0x0000000100bb9800'
Event: 13.070 Thread 0x0000014cdc79b5a0 Unloading class 0x0000000100bb9400 'java/lang/invoke/LambdaForm$DMH+0x0000000100bb9400'
Event: 13.070 Thread 0x0000014cdc79b5a0 Unloading class 0x0000000100bb9000 'java/lang/invoke/LambdaForm$DMH+0x0000000100bb9000'
Event: 13.070 Thread 0x0000014cdc79b5a0 Unloading class 0x0000000100bb8800 'java/lang/invoke/LambdaForm$DMH+0x0000000100bb8800'
Event: 13.070 Thread 0x0000014cdc79b5a0 Unloading class 0x0000000100bb8400 'java/lang/invoke/LambdaForm$DMH+0x0000000100bb8400'
Event: 13.070 Thread 0x0000014cdc79b5a0 Unloading class 0x0000000100bb8c00 'java/lang/invoke/LambdaForm$DMH+0x0000000100bb8c00'

Classes redefined (0 events):
No events

Internal exceptions (20 events):
Event: 12.198 Thread 0x0000014ce35b19f0 Exception <a 'java/lang/NoSuchMethodError'{0x00000000876642e0}: 'void java.lang.invoke.DirectMethodHandle$Holder.invokeStatic(java.lang.Object, java.lang.Object, java.lang.Object, java.lang.Object, int, java.lang.Object, java.lang.Object)'> (0x00000000876642e0) 
thrown [s\src\hotspot\share\interpreter\linkResolver.cpp, line 771]
Event: 12.220 Thread 0x0000014ce3b30320 Exception <a 'java/lang/NoSuchMethodError'{0x0000000086c86b38}: 'java.lang.Object java.lang.invoke.DirectMethodHandle$Holder.invokeSpecialIFC(java.lang.Object, java.lang.Object, java.lang.Object)'> (0x0000000086c86b38) 
thrown [s\src\hotspot\share\interpreter\linkResolver.cpp, line 771]
Event: 12.220 Thread 0x0000014ce4a737f0 Exception <a 'java/lang/NoSuchMethodError'{0x0000000086c73db8}: 'java.lang.Object java.lang.invoke.DirectMethodHandle$Holder.invokeSpecialIFC(java.lang.Object, java.lang.Object, java.lang.Object)'> (0x0000000086c73db8) 
thrown [s\src\hotspot\share\interpreter\linkResolver.cpp, line 771]
Event: 12.221 Thread 0x0000014ce3b307f0 Exception <a 'java/lang/NoSuchMethodError'{0x0000000086c9b7a8}: 'java.lang.Object java.lang.invoke.DirectMethodHandle$Holder.invokeSpecialIFC(java.lang.Object, java.lang.Object, java.lang.Object)'> (0x0000000086c9b7a8) 
thrown [s\src\hotspot\share\interpreter\linkResolver.cpp, line 771]
Event: 12.221 Thread 0x0000014ce4a71640 Exception <a 'java/lang/NoSuchMethodError'{0x0000000086c92020}: 'java.lang.Object java.lang.invoke.DirectMethodHandle$Holder.invokeSpecialIFC(java.lang.Object, java.lang.Object, java.lang.Object)'> (0x0000000086c92020) 
thrown [s\src\hotspot\share\interpreter\linkResolver.cpp, line 771]
Event: 12.221 Thread 0x0000014ce4a754d0 Exception <a 'java/lang/NoSuchMethodError'{0x0000000086c7fbb0}: 'java.lang.Object java.lang.invoke.DirectMethodHandle$Holder.invokeSpecialIFC(java.lang.Object, java.lang.Object, java.lang.Object)'> (0x0000000086c7fbb0) 
thrown [s\src\hotspot\share\interpreter\linkResolver.cpp, line 771]
Event: 12.220 Thread 0x0000014ce4a74190 Exception <a 'java/lang/NoSuchMethodError'{0x0000000086c69748}: 'java.lang.Object java.lang.invoke.DirectMethodHandle$Holder.invokeSpecialIFC(java.lang.Object, java.lang.Object, java.lang.Object)'> (0x0000000086c69748) 
thrown [s\src\hotspot\share\interpreter\linkResolver.cpp, line 771]
Event: 12.221 Thread 0x0000014ce0152bc0 Exception <a 'java/lang/NoSuchMethodError'{0x0000000086cb3150}: 'java.lang.Object java.lang.invoke.DirectMethodHandle$Holder.invokeSpecialIFC(java.lang.Object, java.lang.Object, java.lang.Object)'> (0x0000000086cb3150) 
thrown [s\src\hotspot\share\interpreter\linkResolver.cpp, line 771]
Event: 12.220 Thread 0x0000014ce4a771b0 Exception <a 'java/lang/NoSuchMethodError'{0x0000000086ca7350}: 'java.lang.Object java.lang.invoke.DirectMethodHandle$Holder.invokeSpecialIFC(java.lang.Object, java.lang.Object, java.lang.Object)'> (0x0000000086ca7350) 
thrown [s\src\hotspot\share\interpreter\linkResolver.cpp, line 771]
Event: 12.569 Thread 0x0000014ce35b19f0 Exception <a 'java/lang/NoSuchMethodError'{0x000000008b0ccd90}: 'void java.lang.invoke.DirectMethodHandle$Holder.invokeVirtual(java.lang.Object, java.lang.Object)'> (0x000000008b0ccd90) 
thrown [s\src\hotspot\share\interpreter\linkResolver.cpp, line 771]
Event: 12.606 Thread 0x0000014ce35b19f0 Exception <a 'java/lang/NoSuchMethodError'{0x000000008adacb00}: static Lcom/android/build/gradle/internal/tasks/AarMetadataArtifact;.<clinit>()V> (0x000000008adacb00) 
thrown [s\src\hotspot\share\prims\jni.cpp, line 1108]
Event: 12.669 Thread 0x0000014cdd3ef880 Exception <a 'java/lang/NoSuchMethodError'{0x000000008a4e0d78}: static Lorg/gradle/internal/build/event/types/DefaultTaskFailureResult;.<clinit>()V> (0x000000008a4e0d78) 
thrown [s\src\hotspot\share\prims\jni.cpp, line 1108]
Event: 12.673 Thread 0x0000014cdd3ef880 Exception <a 'java/lang/NoSuchMethodError'{0x000000008a330d90}: static [Ljava/lang/Object;.<clinit>()V> (0x000000008a330d90) 
thrown [s\src\hotspot\share\prims\jni.cpp, line 1108]
Event: 12.675 Thread 0x0000014cdd3ef880 Exception <a 'java/lang/NoSuchMethodError'{0x000000008a2052c8}: static Lorg/gradle/internal/build/event/types/DefaultFailure;.<clinit>()V> (0x000000008a2052c8) 
thrown [s\src\hotspot\share\prims\jni.cpp, line 1108]
Event: 13.361 Thread 0x0000014ce4a771b0 Implicit null exception at 0x0000014ccdaa05e0 to 0x0000014ccdaa0670
Event: 13.594 Thread 0x0000014ce3b31660 Exception <a 'sun/nio/fs/WindowsException'{0x000000008ac30f78}> (0x000000008ac30f78) 
thrown [s\src\hotspot\share\prims\jni.cpp, line 517]
Event: 13.594 Thread 0x0000014ce2df4560 Exception <a 'sun/nio/fs/WindowsException'{0x000000008ab3e020}> (0x000000008ab3e020) 
thrown [s\src\hotspot\share\prims\jni.cpp, line 517]
Event: 13.644 Thread 0x0000014ce4a71fe0 Exception <a 'sun/nio/fs/WindowsException'{0x000000008946f7c8}> (0x000000008946f7c8) 
thrown [s\src\hotspot\share\prims\jni.cpp, line 517]
Event: 13.689 Thread 0x0000014ce3b2e640 Exception <a 'sun/nio/fs/WindowsException'{0x000000008844bcf0}> (0x000000008844bcf0) 
thrown [s\src\hotspot\share\prims\jni.cpp, line 517]
Event: 13.724 Thread 0x0000014ce4a72e50 Exception <a 'sun/nio/fs/WindowsException'{0x000000008af7a3d8}> (0x000000008af7a3d8) 
thrown [s\src\hotspot\share\prims\jni.cpp, line 517]

VM Operations (20 events):
Event: 13.211 Executing VM operation: HandshakeAllThreads done
Event: 13.268 Executing VM operation: HandshakeAllThreads
Event: 13.268 Executing VM operation: HandshakeAllThreads done
Event: 13.269 Executing VM operation: HandshakeAllThreads
Event: 13.269 Executing VM operation: HandshakeAllThreads done
Event: 13.309 Executing VM operation: ICBufferFull
Event: 13.309 Executing VM operation: ICBufferFull done
Event: 13.458 Executing VM operation: ICBufferFull
Event: 13.459 Executing VM operation: ICBufferFull done
Event: 13.467 Executing VM operation: G1CollectForAllocation
Event: 13.475 Executing VM operation: G1CollectForAllocation done
Event: 13.480 Executing VM operation: G1CollectForAllocation
Event: 13.487 Executing VM operation: G1CollectForAllocation done
Event: 13.600 Executing VM operation: HandshakeAllThreads
Event: 13.600 Executing VM operation: HandshakeAllThreads done
Event: 13.645 Executing VM operation: HandshakeAllThreads
Event: 13.646 Executing VM operation: HandshakeAllThreads done
Event: 13.692 Executing VM operation: G1CollectForAllocation
Event: 13.697 Executing VM operation: G1CollectForAllocation done
Event: 13.763 Executing VM operation: G1CollectForAllocation

Events (20 events):
Event: 13.267 loading class org/xml/sax/DocumentHandler
Event: 13.267 loading class org/xml/sax/DocumentHandler done
Event: 13.274 loading class java/nio/file/FileTreeWalker$1
Event: 13.274 loading class java/nio/file/FileTreeWalker$1 done
Event: 13.506 loading class java/nio/file/Files$2
Event: 13.506 loading class java/nio/file/Files$2 done
Event: 13.519 loading class sun/nio/fs/Globs
Event: 13.519 loading class sun/nio/fs/Globs done
Event: 13.519 loading class java/util/regex/Pattern$SliceU
Event: 13.519 loading class java/util/regex/Pattern$SliceU done
Event: 13.520 loading class sun/nio/fs/WindowsFileSystem$2
Event: 13.520 loading class java/nio/file/PathMatcher
Event: 13.520 loading class java/nio/file/PathMatcher done
Event: 13.520 loading class sun/nio/fs/WindowsFileSystem$2 done
Event: 13.561 loading class java/util/zip/ZipInputStream
Event: 13.561 loading class java/util/zip/ZipInputStream done
Event: 13.628 loading class java/io/UTFDataFormatException
Event: 13.628 loading class java/io/UTFDataFormatException done
Event: 13.716 loading class java/util/concurrent/RejectedExecutionException
Event: 13.716 loading class java/util/concurrent/RejectedExecutionException done


Dynamic libraries:
0x00007ff6aa360000 - 0x00007ff6aa36a000 	D:\android studio\jbr\bin\java.exe
0x00007ffa210b0000 - 0x00007ffa212c7000 	C:\WINDOWS\SYSTEM32\ntdll.dll
0x00007ffa20580000 - 0x00007ffa20644000 	C:\WINDOWS\System32\KERNEL32.DLL
0x00007ffa1e4a0000 - 0x00007ffa1e846000 	C:\WINDOWS\System32\KERNELBASE.dll
0x00007ffa1eb90000 - 0x00007ffa1eca1000 	C:\WINDOWS\System32\ucrtbase.dll
0x00007ffa014f0000 - 0x00007ffa01507000 	D:\android studio\jbr\bin\jli.dll
0x00007ffa19e90000 - 0x00007ffa19eab000 	D:\android studio\jbr\bin\VCRUNTIME140.dll
0x00007ffa1f280000 - 0x00007ffa1f42d000 	C:\WINDOWS\System32\USER32.dll
0x00007ffa1e9f0000 - 0x00007ffa1ea16000 	C:\WINDOWS\System32\win32u.dll
0x00007ffa20d80000 - 0x00007ffa20da9000 	C:\WINDOWS\System32\GDI32.dll
0x00007ffa02e80000 - 0x00007ffa03113000 	C:\WINDOWS\WinSxS\amd64_microsoft.windows.common-controls_6595b64144ccf1df_6.0.22621.2361_none_2712ced57382f843\COMCTL32.dll
0x00007ffa1e8d0000 - 0x00007ffa1e9e8000 	C:\WINDOWS\System32\gdi32full.dll
0x00007ffa1ecb0000 - 0x00007ffa1ed4a000 	C:\WINDOWS\System32\msvcp_win.dll
0x00007ffa20cd0000 - 0x00007ffa20d77000 	C:\WINDOWS\System32\msvcrt.dll
0x00007ffa20490000 - 0x00007ffa204c1000 	C:\WINDOWS\System32\IMM32.DLL
0x00007ffa19e80000 - 0x00007ffa19e8c000 	D:\android studio\jbr\bin\vcruntime140_1.dll
0x00007ff9de320000 - 0x00007ff9de3ad000 	D:\android studio\jbr\bin\msvcp140.dll
0x00007ff9842d0000 - 0x00007ff984f3e000 	D:\android studio\jbr\bin\server\jvm.dll
0x00007ffa204d0000 - 0x00007ffa20580000 	C:\WINDOWS\System32\ADVAPI32.dll
0x00007ffa209e0000 - 0x00007ffa20a86000 	C:\WINDOWS\System32\sechost.dll
0x00007ffa201b0000 - 0x00007ffa202c7000 	C:\WINDOWS\System32\RPCRT4.dll
0x00007ffa17680000 - 0x00007ffa176b4000 	C:\WINDOWS\SYSTEM32\WINMM.dll
0x00007ffa033d0000 - 0x00007ffa033d9000 	C:\WINDOWS\SYSTEM32\WSOCK32.dll
0x00007ffa18370000 - 0x00007ffa1837a000 	C:\WINDOWS\SYSTEM32\VERSION.dll
0x00007ffa20db0000 - 0x00007ffa20e21000 	C:\WINDOWS\System32\WS2_32.dll
0x00007ffa1d470000 - 0x00007ffa1d488000 	C:\WINDOWS\SYSTEM32\kernel.appcore.dll
0x00007ffa18ec0000 - 0x00007ffa18eca000 	D:\android studio\jbr\bin\jimage.dll
0x00007ffa1bd80000 - 0x00007ffa1bfae000 	C:\WINDOWS\SYSTEM32\DBGHELP.DLL
0x00007ffa20650000 - 0x00007ffa209da000 	C:\WINDOWS\System32\combase.dll
0x00007ffa20e30000 - 0x00007ffa20f07000 	C:\WINDOWS\System32\OLEAUT32.dll
0x00007ffa02780000 - 0x00007ffa027b2000 	C:\WINDOWS\SYSTEM32\dbgcore.DLL
0x00007ffa1e850000 - 0x00007ffa1e8ca000 	C:\WINDOWS\System32\bcryptPrimitives.dll
0x00007ffa17b70000 - 0x00007ffa17b95000 	D:\android studio\jbr\bin\java.dll
0x00007ffa06af0000 - 0x00007ffa06b08000 	D:\android studio\jbr\bin\zip.dll
0x00007ffa1f4b0000 - 0x00007ffa1fd08000 	C:\WINDOWS\System32\SHELL32.dll
0x00007ffa1c390000 - 0x00007ffa1cc82000 	C:\WINDOWS\SYSTEM32\windows.storage.dll
0x00007ffa1c250000 - 0x00007ffa1c38e000 	C:\WINDOWS\SYSTEM32\wintypes.dll
0x00007ffa20f70000 - 0x00007ffa21063000 	C:\WINDOWS\System32\SHCORE.dll
0x00007ffa20f10000 - 0x00007ffa20f6e000 	C:\WINDOWS\System32\shlwapi.dll
0x00007ffa1e360000 - 0x00007ffa1e386000 	C:\WINDOWS\SYSTEM32\profapi.dll
0x00007ffa05e30000 - 0x00007ffa05e49000 	D:\android studio\jbr\bin\net.dll
0x00007ffa17950000 - 0x00007ffa17a87000 	C:\WINDOWS\SYSTEM32\WINHTTP.dll
0x00007ffa1d8f0000 - 0x00007ffa1d959000 	C:\WINDOWS\system32\mswsock.dll
0x00007ffa05e10000 - 0x00007ffa05e26000 	D:\android studio\jbr\bin\nio.dll
0x00007ffa18eb0000 - 0x00007ffa18ec0000 	D:\android studio\jbr\bin\verify.dll
0x00007ff9e8ae0000 - 0x00007ff9e8b07000 	C:\Users\hachem safae\.gradle\native\e1d6ef7f7dcc3fd88c89a11ec53ec762bb8ba0a96d01ffa2cd45eb1d1d8dd5c5\windows-amd64\native-platform.dll
0x00007ff975ba0000 - 0x00007ff975ce4000 	C:\Users\hachem safae\.gradle\native\5664cfc778a61ccfe75a443a1ab52a65af34e5dc3c78e0209fed803814484fcb\windows-amd64\native-platform-file-events.dll
0x00007ffa06ae0000 - 0x00007ffa06ae9000 	D:\android studio\jbr\bin\management.dll
0x00007ffa068d0000 - 0x00007ffa068db000 	D:\android studio\jbr\bin\management_ext.dll
0x00007ffa20bf0000 - 0x00007ffa20bf8000 	C:\WINDOWS\System32\PSAPI.DLL
0x00007ffa1db40000 - 0x00007ffa1db5b000 	C:\WINDOWS\SYSTEM32\CRYPTSP.dll
0x00007ffa1d3d0000 - 0x00007ffa1d405000 	C:\WINDOWS\system32\rsaenh.dll
0x00007ffa1d9e0000 - 0x00007ffa1da0c000 	C:\WINDOWS\SYSTEM32\USERENV.dll
0x00007ffa1dd00000 - 0x00007ffa1dd28000 	C:\WINDOWS\SYSTEM32\bcrypt.dll
0x00007ffa1db60000 - 0x00007ffa1db6c000 	C:\WINDOWS\SYSTEM32\CRYPTBASE.dll
0x00007ffa1cef0000 - 0x00007ffa1cf1d000 	C:\WINDOWS\SYSTEM32\IPHLPAPI.DLL
0x00007ffa201a0000 - 0x00007ffa201a9000 	C:\WINDOWS\System32\NSI.dll
0x00007ffa17660000 - 0x00007ffa17679000 	C:\WINDOWS\SYSTEM32\dhcpcsvc6.DLL
0x00007ffa17640000 - 0x00007ffa1765f000 	C:\WINDOWS\SYSTEM32\dhcpcsvc.DLL
0x00007ffa1cf60000 - 0x00007ffa1d059000 	C:\WINDOWS\SYSTEM32\DNSAPI.dll
0x00007ffa05e00000 - 0x00007ffa05e08000 	C:\WINDOWS\system32\wshunix.dll
0x00007ff9fd170000 - 0x00007ff9fd187000 	C:\WINDOWS\system32\napinsp.dll
0x00007ff9fd0f0000 - 0x00007ff9fd10b000 	C:\WINDOWS\system32\pnrpnsp.dll
0x00007ffa04830000 - 0x00007ffa04841000 	C:\WINDOWS\System32\winrnr.dll
0x00007ffa04810000 - 0x00007ffa04825000 	C:\WINDOWS\system32\wshbth.dll
0x00007ffa047e0000 - 0x00007ffa04801000 	C:\WINDOWS\system32\nlansp_c.dll
0x00007ffa14060000 - 0x00007ffa1406a000 	C:\Windows\System32\rasadhlp.dll
0x00007ffa16c20000 - 0x00007ffa16ca4000 	C:\WINDOWS\System32\fwpuclnt.dll

dbghelp: loaded successfully - version: 4.0.5 - missing functions: none
symbol engine: initialized successfully - sym options: 0x614 - pdb path: .;D:\android studio\jbr\bin;C:\WINDOWS\SYSTEM32;C:\WINDOWS\WinSxS\amd64_microsoft.windows.common-controls_6595b64144ccf1df_6.0.22621.2361_none_2712ced57382f843;D:\android studio\jbr\bin\server;C:\Users\hachem safae\.gradle\native\e1d6ef7f7dcc3fd88c89a11ec53ec762bb8ba0a96d01ffa2cd45eb1d1d8dd5c5\windows-amd64;C:\Users\hachem safae\.gradle\native\5664cfc778a61ccfe75a443a1ab52a65af34e5dc3c78e0209fed803814484fcb\windows-amd64

VM Arguments:
jvm_args: --add-opens=java.base/java.util=ALL-UNNAMED --add-opens=java.base/java.lang=ALL-UNNAMED --add-opens=java.base/java.lang.invoke=ALL-UNNAMED --add-opens=java.base/java.util=ALL-UNNAMED --add-opens=java.prefs/java.util.prefs=ALL-UNNAMED --add-opens=java.prefs/java.util.prefs=ALL-UNNAMED --add-opens=java.base/java.nio.charset=ALL-UNNAMED --add-opens=java.base/java.net=ALL-UNNAMED --add-opens=java.base/java.util.concurrent.atomic=ALL-UNNAMED -Xmx2048m -Dfile.encoding=UTF-8 -Duser.country=FR -Duser.language=fr -Duser.variant 
java_command: org.gradle.launcher.daemon.bootstrap.GradleDaemon 7.3.3
java_class_path (initial): C:\Users\hachem safae\.gradle\wrapper\dists\gradle-7.3.3-bin\6a41zxkdtcxs8rphpq6y0069z\gradle-7.3.3\lib\gradle-launcher-7.3.3.jar
Launcher Type: SUN_STANDARD

[Global flags]
     intx CICompilerCount                          = 4                                         {product} {ergonomic}
     uint ConcGCThreads                            = 2                                         {product} {ergonomic}
     uint G1ConcRefinementThreads                  = 8                                         {product} {ergonomic}
   size_t G1HeapRegionSize                         = 1048576                                   {product} {ergonomic}
    uintx GCDrainStackTargetSize                   = 64                                        {product} {ergonomic}
   size_t InitialHeapSize                          = 266338304                                 {product} {ergonomic}
   size_t MarkStackSize                            = 4194304                                   {product} {ergonomic}
   size_t MaxHeapSize                              = 2147483648                                {product} {command line}
   size_t MaxNewSize                               = 1287651328                                {product} {ergonomic}
   size_t MinHeapDeltaBytes                        = 1048576                                   {product} {ergonomic}
   size_t MinHeapSize                              = 8388608                                   {product} {ergonomic}
    uintx NonNMethodCodeHeapSize                   = 5839372                                {pd product} {ergonomic}
    uintx NonProfiledCodeHeapSize                  = 122909434                              {pd product} {ergonomic}
    uintx ProfiledCodeHeapSize                     = 122909434                              {pd product} {ergonomic}
    uintx ReservedCodeCacheSize                    = 251658240                              {pd product} {ergonomic}
     bool SegmentedCodeCache                       = true                                      {product} {ergonomic}
   size_t SoftMaxHeapSize                          = 2147483648                             {manageable} {ergonomic}
     bool UseCompressedClassPointers               = true                           {product lp64_product} {ergonomic}
     bool UseCompressedOops                        = true                           {product lp64_product} {ergonomic}
     bool UseG1GC                                  = true                                      {product} {ergonomic}
     bool UseLargePagesIndividualAllocation        = false                                  {pd product} {ergonomic}

Logging:
Log output configuration:
 #0: stdout all=warning uptime,level,tags
 #1: stderr all=off uptime,level,tags

Environment Variables:
JAVA_HOME=C:\Program Files\Java\jdk-11
PATH=C:\Program Files (x86)\Common Files\Oracle\Java\javapath;C:\Program Files (x86)\VMware\VMware Workstation\bin\;D:\oraclexe\app\oracle\product\11.2.0\server\bin;C:\Program Files\Common Files\Oracle\Java\javapath;C:\WINDOWS\system32;C:\WINDOWS;C:\WINDOWS\System32\Wbem;C:\WINDOWS\System32\WindowsPowerShell\v1.0\;C:\WINDOWS\System32\OpenSSH\;c:\Program Files (x86)\Microsoft SQL Server\100\Tools\Binn\;c:\Program Files\Microsoft SQL Server\100\Tools\Binn\;c:\Program Files\Microsoft SQL Server\100\DTS\Binn\;C:\Program Files\Java\jdk-11\bin;C:\Program Files\Java\jdk-19\bin;C:\Program Files\Common Files\Oracle\Java\javapath;C:\ProgramData\ComposerSetup\bin;D:\XAAMP\php\php.exe;D:\xamp\php;C:\Program Files\wkhtmltopdf\bin;D:\node;C:\Program Files\Git\cmd;C:\Program Files\nodejs\;C:\Program Files\MongoDB\Server\6.0\bin;D:\XAAMP\php;C:\Users\hachem safae\AppData\Local\Programs\Python\Python310\Scripts\;C:\Users\hachem safae\AppData\Local\Programs\Python\Python310\;C:\Program Files\MySQL\MySQL Shell 8.0\bin\;C:\Users\hachem safae\AppData\Local\Microsoft\WindowsApps;C:\Users\hachem safae\AppData\Roaming\Dashlane\6.2007.0.32704\bin\Firefox_Extension\{442718d9-475e-452a-b3e1-fb1ee16b8e9f}\components;C:\Users\hachem safae\AppData\Roaming\Dashlane\6.2007.0.32704\ucrt;C:\Users\hachem safae\AppData\Roaming\Dashlane\6.2007.0.32704\bin\Qt;C:\Users\hachem safae\AppData\Roaming\Dashlane\6.2007.0.32704\bin\Ssl;C:\Program Files\JetBrains\IntelliJ IDEA Community Edition 2020.2.2\bin;C:\Users\hachem safae\AppData\Local\Microsoft\WindowsApps;C:\Users\hachem safae\AppData\Local\Programs\Microsoft VS Code\bin;C:\Program Files\IntelliJ IDEA Community Edition 2022.3.2\bin;;C:\Users\hachem safae\AppData\Local\ComposerSetup\bin;C:\Users\hachem safae\AppData\Roaming\Composer\vendor\bin;C:\Users\hachem safae\AppData\Roaming\npm;D:\android2\platform-tools;D:\XAAMP\php;C:\wamp64\bin\php\php5.6.40;
USERNAME=hachem safae
OS=Windows_NT
PROCESSOR_IDENTIFIER=Intel64 Family 6 Model 142 Stepping 12, GenuineIntel
TMP=C:\Users\HACHEM~1\AppData\Local\Temp
TEMP=C:\Users\HACHEM~1\AppData\Local\Temp


JNI global refs:
JNI global refs: 25, weak refs: 0

JNI global refs memory usage: 843, weak refs: 841


---------------  S Y S T E M  ---------------

OS:
 Windows 11 , 64 bit Build 22621 (10.0.22621.2428)
OS uptime: 0 days 2:37 hours

CPU: total 8 (initial active 8) (4 cores per cpu, 2 threads per core) family 6 model 142 stepping 12 microcode 0xf6, cx8, cmov, fxsr, ht, mmx, 3dnowpref, sse, sse2, sse3, ssse3, sse4.1, sse4.2, popcnt, lzcnt, tsc, tscinvbit, avx, avx2, aes, erms, clmul, bmi1, bmi2, adx, fma, vzeroupper, clflush, clflushopt

Memory: 4k page, system-wide physical 16194M (3543M free)
TotalPageFile size 18242M (AvailPageFile size 124M)
current process WorkingSet (physical memory assigned to process): 515M, peak: 515M
current process commit charge ("private bytes"): 641M, peak: 829M

vm_info: OpenJDK 64-Bit Server VM (17.0.6+0-b2043.56-10027231) for windows-amd64 JRE (17.0.6+0-b2043.56-10027231), built on Apr 28 2023 00:43:19 by "androidbuild" with MS VC++ 16.10 / 16.11 (VS2019)

END.
