#
# There is insufficient memory for the Java Runtime Environment to continue.
# Native memory allocation (malloc) failed to allocate 739040 bytes for Chunk::new
# Possible reasons:
#   The system is out of physical RAM or swap space
#   The process is running with CompressedOops enabled, and the Java Heap may be blocking the growth of the native heap
# Possible solutions:
#   Reduce memory load on the system
#   Increase physical memory or swap space
#   Check if swap backing store is full
#   Decrease Java heap size (-Xmx/-Xms)
#   Decrease number of Java threads
#   Decrease Java thread stack sizes (-Xss)
#   Set larger code cache with -XX:ReservedCodeCacheSize=
#   JVM is running with Unscaled Compressed Oops mode in which the Java heap is
#     placed in the first 4GB address space. The Java Heap base address is the
#     maximum limit for the native heap growth. Please use -XX:HeapBaseMinAddress
#     to set the Java Heap base and to place the Java Heap above 4GB virtual address.
# This output file may be truncated or incomplete.
#
#  Out of Memory Error (arena.cpp:189), pid=18104, tid=2176
#
# JRE version: OpenJDK Runtime Environment (17.0.6) (build 17.0.6+0-b2043.56-10027231)
# Java VM: OpenJDK 64-Bit Server VM (17.0.6+0-b2043.56-10027231, mixed mode, tiered, compressed oops, compressed class ptrs, g1 gc, windows-amd64)
# No core dump will be written. Minidumps are not enabled by default on client versions of Windows
#

---------------  S U M M A R Y ------------

Command Line: --add-opens=java.base/java.util=ALL-UNNAMED --add-opens=java.base/java.lang=ALL-UNNAMED --add-opens=java.base/java.lang.invoke=ALL-UNNAMED --add-opens=java.base/java.util=ALL-UNNAMED --add-opens=java.prefs/java.util.prefs=ALL-UNNAMED --add-opens=java.prefs/java.util.prefs=ALL-UNNAMED --add-opens=java.base/java.nio.charset=ALL-UNNAMED --add-opens=java.base/java.net=ALL-UNNAMED --add-opens=java.base/java.util.concurrent.atomic=ALL-UNNAMED -Xmx2048m -Dfile.encoding=UTF-8 -Duser.country=FR -Duser.language=fr -Duser.variant org.gradle.launcher.daemon.bootstrap.GradleDaemon 7.3.3

Host: Intel(R) Core(TM) i7-8565U CPU @ 1.80GHz, 8 cores, 15G,  Windows 11 , 64 bit Build 22621 (10.0.22621.2428)
Time: Mon Oct 16 21:10:39 2023 Maroc (heure d64 bit Build 22621 (10.0.22621.2428) elapsed time: 123.712581 seconds (0d 0h 2m 3s)

---------------  T H R E A D  ---------------

Current thread (0x0000017b0bd19170):  JavaThread "C2 CompilerThread1" daemon [_thread_in_native, id=2176, stack(0x0000005a20b00000,0x0000005a20c00000)]


Current CompileTask:
C2: 123712 18521       4       java.lang.reflect.AccessibleObject::checkCanSetAccessible (368 bytes)

Stack: [0x0000005a20b00000,0x0000005a20c00000]
Native frames: (J=compiled Java code, j=interpreted, Vv=VM code, C=native code)
V  [jvm.dll+0x683c9a]
V  [jvm.dll+0x8427a4]
V  [jvm.dll+0x843f9e]
V  [jvm.dll+0x844603]
V  [jvm.dll+0x249b75]
V  [jvm.dll+0xabcac]
V  [jvm.dll+0xac27c]
V  [jvm.dll+0x368857]
V  [jvm.dll+0x1bced2]
V  [jvm.dll+0x21c359]
V  [jvm.dll+0x21b621]
V  [jvm.dll+0x1a4fdd]
V  [jvm.dll+0x22b098]
V  [jvm.dll+0x229159]
V  [jvm.dll+0x7f81ec]
V  [jvm.dll+0x7f274a]
V  [jvm.dll+0x682ad5]
C  [ucrtbase.dll+0x29363]
C  [KERNEL32.DLL+0x1257d]
C  [ntdll.dll+0x5aa78]


---------------  P R O C E S S  ---------------

Threads class SMR info:
_java_thread_list=0x0000017b0c0e7580, length=53, elements={
0x0000017b64c8f6b0, 0x0000017b7f468170, 0x0000017b7f469e00, 0x0000017b7f4b36a0,
0x0000017b7f4b4060, 0x0000017b7f4b4c10, 0x0000017b7f4b75d0, 0x0000017b7f4b90a0,
0x0000017b7f4b9b40, 0x0000017b7f4ba440, 0x0000017b7f66a920, 0x0000017b7f66b600,
0x0000017b012d4d70, 0x0000017b0001e480, 0x0000017b011df8c0, 0x0000017b00019d80,
0x0000017b00018a40, 0x0000017b000180a0, 0x0000017b0001abf0, 0x0000017b00018f10,
0x0000017b058ea7d0, 0x0000017b058e42c0, 0x0000017b058e2f80, 0x0000017b058e77b0,
0x0000017b058e4790, 0x0000017b058e5fa0, 0x0000017b058e4c60, 0x0000017b074a92b0,
0x0000017b074a4f50, 0x0000017b074a75d0, 0x0000017b074a7100, 0x0000017b00de7330,
0x0000017b0c8ac080, 0x0000017b0c8aca20, 0x0000017b0c085ca0, 0x0000017b0c245fc0,
0x0000017b0c897830, 0x0000017b0c897360, 0x0000017b0c453850, 0x0000017b0c8ac550,
0x0000017b0a78e530, 0x0000017b0a78db90, 0x0000017b0c4541f0, 0x0000017b0c454b90,
0x0000017b033a41b0, 0x0000017b033a4680, 0x0000017b0bd19170, 0x0000017b0bd1a5b0,
0x0000017b033a4b50, 0x0000017b033a24d0, 0x0000017b033a5020, 0x0000017b05c8deb0,
0x0000017b05c8b360
}

Java Threads: ( => current thread )
  0x0000017b64c8f6b0 JavaThread "main" [_thread_blocked, id=12296, stack(0x0000005a1eb00000,0x0000005a1ec00000)]
  0x0000017b7f468170 JavaThread "Reference Handler" daemon [_thread_blocked, id=13456, stack(0x0000005a1f200000,0x0000005a1f300000)]
  0x0000017b7f469e00 JavaThread "Finalizer" daemon [_thread_blocked, id=8164, stack(0x0000005a1f300000,0x0000005a1f400000)]
  0x0000017b7f4b36a0 JavaThread "Signal Dispatcher" daemon [_thread_blocked, id=8660, stack(0x0000005a1f400000,0x0000005a1f500000)]
  0x0000017b7f4b4060 JavaThread "Attach Listener" daemon [_thread_blocked, id=9644, stack(0x0000005a1f500000,0x0000005a1f600000)]
  0x0000017b7f4b4c10 JavaThread "Service Thread" daemon [_thread_blocked, id=20544, stack(0x0000005a1f600000,0x0000005a1f700000)]
  0x0000017b7f4b75d0 JavaThread "Monitor Deflation Thread" daemon [_thread_blocked, id=1152, stack(0x0000005a1f700000,0x0000005a1f800000)]
  0x0000017b7f4b90a0 JavaThread "C2 CompilerThread0" daemon [_thread_in_native, id=6092, stack(0x0000005a1f800000,0x0000005a1f900000)]
  0x0000017b7f4b9b40 JavaThread "C1 CompilerThread0" daemon [_thread_in_native, id=18820, stack(0x0000005a1f900000,0x0000005a1fa00000)]
  0x0000017b7f4ba440 JavaThread "Sweeper thread" daemon [_thread_blocked, id=15596, stack(0x0000005a1fa00000,0x0000005a1fb00000)]
  0x0000017b7f66a920 JavaThread "Common-Cleaner" daemon [_thread_blocked, id=2908, stack(0x0000005a1fb00000,0x0000005a1fc00000)]
  0x0000017b7f66b600 JavaThread "Notification Thread" daemon [_thread_blocked, id=4764, stack(0x0000005a1fc00000,0x0000005a1fd00000)]
  0x0000017b012d4d70 JavaThread "Daemon health stats" [_thread_blocked, id=19204, stack(0x0000005a20500000,0x0000005a20600000)]
  0x0000017b0001e480 JavaThread "Incoming local TCP Connector on port 54510" [_thread_in_native, id=1748, stack(0x0000005a1fe00000,0x0000005a1ff00000)]
  0x0000017b011df8c0 JavaThread "Daemon periodic checks" [_thread_blocked, id=14260, stack(0x0000005a1ff00000,0x0000005a20000000)]
  0x0000017b00019d80 JavaThread "Cache worker for journal cache (C:\Users\hachem safae\.gradle\caches\journal-1)" [_thread_blocked, id=18196, stack(0x0000005a20d00000,0x0000005a20e00000)]
  0x0000017b00018a40 JavaThread "File lock request listener" [_thread_in_native, id=19620, stack(0x0000005a21100000,0x0000005a21200000)]
  0x0000017b000180a0 JavaThread "Cache worker for file hash cache (C:\Users\hachem safae\.gradle\caches\7.3.3\fileHashes)" [_thread_blocked, id=16740, stack(0x0000005a21200000,0x0000005a21300000)]
  0x0000017b0001abf0 JavaThread "File watcher server" daemon [_thread_in_native, id=21260, stack(0x0000005a21600000,0x0000005a21700000)]
  0x0000017b00018f10 JavaThread "File watcher consumer" daemon [_thread_blocked, id=21456, stack(0x0000005a21700000,0x0000005a21800000)]
  0x0000017b058ea7d0 JavaThread "Cache worker for execution history cache (C:\Users\hachem safae\.gradle\caches\7.3.3\executionHistory)" [_thread_blocked, id=19008, stack(0x0000005a21b00000,0x0000005a21c00000)]
  0x0000017b058e42c0 JavaThread "jar transforms" [_thread_blocked, id=20628, stack(0x0000005a21300000,0x0000005a21400000)]
  0x0000017b058e2f80 JavaThread "jar transforms Thread 2" [_thread_blocked, id=16984, stack(0x0000005a21500000,0x0000005a21600000)]
  0x0000017b058e77b0 JavaThread "Cache worker for file content cache (C:\Users\hachem safae\.gradle\caches\7.3.3\fileContent)" [_thread_blocked, id=11560, stack(0x0000005a21e00000,0x0000005a21f00000)]
  0x0000017b058e4790 JavaThread "jar transforms Thread 3" [_thread_blocked, id=11164, stack(0x0000005a21f00000,0x0000005a22000000)]
  0x0000017b058e5fa0 JavaThread "jar transforms Thread 4" [_thread_blocked, id=17024, stack(0x0000005a22000000,0x0000005a22100000)]
  0x0000017b058e4c60 JavaThread "jar transforms Thread 5" [_thread_blocked, id=3808, stack(0x0000005a22200000,0x0000005a22300000)]
  0x0000017b074a92b0 JavaThread "jar transforms Thread 6" [_thread_blocked, id=19356, stack(0x0000005a27400000,0x0000005a27500000)]
  0x0000017b074a4f50 JavaThread "jar transforms Thread 7" [_thread_blocked, id=19968, stack(0x0000005a27500000,0x0000005a27600000)]
  0x0000017b074a75d0 JavaThread "jar transforms Thread 8" [_thread_blocked, id=19992, stack(0x0000005a27600000,0x0000005a27700000)]
  0x0000017b074a7100 JavaThread "Memory manager" [_thread_blocked, id=12132, stack(0x0000005a27700000,0x0000005a27800000)]
  0x0000017b00de7330 JavaThread "Cache worker for Java compile cache (C:\Users\hachem safae\.gradle\caches\7.3.3\javaCompile)" [_thread_blocked, id=4648, stack(0x0000005a28100000,0x0000005a28200000)]
  0x0000017b0c8ac080 JavaThread "ForkJoinPool.commonPool-worker-1" daemon [_thread_blocked, id=21156, stack(0x0000005a29200000,0x0000005a29300000)]
  0x0000017b0c8aca20 JavaThread "ForkJoinPool.commonPool-worker-3" daemon [_thread_blocked, id=18868, stack(0x0000005a29500000,0x0000005a29600000)]
  0x0000017b0c085ca0 JavaThread "ForkJoinPool.commonPool-worker-4" daemon [_thread_blocked, id=17568, stack(0x0000005a29600000,0x0000005a29700000)]
  0x0000017b0c245fc0 JavaThread "ForkJoinPool.commonPool-worker-5" daemon [_thread_blocked, id=20060, stack(0x0000005a29700000,0x0000005a29800000)]
  0x0000017b0c897830 JavaThread "ForkJoinPool.commonPool-worker-6" daemon [_thread_blocked, id=18492, stack(0x0000005a29800000,0x0000005a29900000)]
  0x0000017b0c897360 JavaThread "ForkJoinPool.commonPool-worker-7" daemon [_thread_blocked, id=9656, stack(0x0000005a29900000,0x0000005a29a00000)]
  0x0000017b0c453850 JavaThread "Daemon Thread 2" [_thread_blocked, id=19976, stack(0x0000005a1e800000,0x0000005a1e900000)]
  0x0000017b0c8ac550 JavaThread "Handler for socket connection from /127.0.0.1:54510 to /127.0.0.1:54826" [_thread_in_native, id=16632, stack(0x0000005a1e900000,0x0000005a1ea00000)]
  0x0000017b0a78e530 JavaThread "Cancel handler" [_thread_blocked, id=21464, stack(0x0000005a1ea00000,0x0000005a1eb00000)]
  0x0000017b0a78db90 JavaThread "Daemon worker Thread 2" [_thread_in_native, id=15164, stack(0x0000005a20600000,0x0000005a20700000)]
  0x0000017b0c4541f0 JavaThread "Asynchronous log dispatcher for DefaultDaemonConnection: socket connection from /127.0.0.1:54510 to /127.0.0.1:54826" [_thread_blocked, id=9632, stack(0x0000005a20700000,0x0000005a20800000)]
  0x0000017b0c454b90 JavaThread "Stdin handler" [_thread_blocked, id=19272, stack(0x0000005a20800000,0x0000005a20900000)]
  0x0000017b033a41b0 JavaThread "Daemon client event forwarder" [_thread_blocked, id=21032, stack(0x0000005a20900000,0x0000005a20a00000)]
  0x0000017b033a4680 JavaThread "Cache worker for file hash cache (C:\Users\hachem safae\Downloads\List3\.gradle\7.3.3\fileHashes)" [_thread_blocked, id=1880, stack(0x0000005a20a00000,0x0000005a20b00000)]
=>0x0000017b0bd19170 JavaThread "C2 CompilerThread1" daemon [_thread_in_native, id=2176, stack(0x0000005a20b00000,0x0000005a20c00000)]
  0x0000017b0bd1a5b0 JavaThread "C2 CompilerThread2" daemon [_thread_in_native, id=8404, stack(0x0000005a20c00000,0x0000005a20d00000)]
  0x0000017b033a4b50 JavaThread "Cache worker for checksums cache (C:\Users\hachem safae\Downloads\List3\.gradle\7.3.3\checksums)" [_thread_blocked, id=2828, stack(0x0000005a21400000,0x0000005a21500000)]
  0x0000017b033a24d0 JavaThread "Cache worker for cache directory md-supplier (C:\Users\hachem safae\.gradle\caches\7.3.3\md-supplier)" [_thread_blocked, id=19060, stack(0x0000005a21800000,0x0000005a21900000)]
  0x0000017b033a5020 JavaThread "Cache worker for cache directory md-rule (C:\Users\hachem safae\.gradle\caches\7.3.3\md-rule)" [_thread_blocked, id=20684, stack(0x0000005a21900000,0x0000005a21a00000)]
  0x0000017b05c8deb0 JavaThread "Cache worker for dependencies-accessors (C:\Users\hachem safae\Downloads\List3\.gradle\7.3.3\dependencies-accessors)" [_thread_blocked, id=18920, stack(0x0000005a21a00000,0x0000005a21b00000)]
  0x0000017b05c8b360 JavaThread "Cache worker for Build Output Cleanup Cache (C:\Users\hachem safae\Downloads\List3\.gradle\buildOutputCleanup)" [_thread_blocked, id=5780, stack(0x0000005a21c00000,0x0000005a21d00000)]

Other Threads:
  0x0000017b7f466c40 VMThread "VM Thread" [stack: 0x0000005a1f100000,0x0000005a1f200000] [id=7884]
  0x0000017b7f66bce0 WatcherThread [stack: 0x0000005a1fd00000,0x0000005a1fe00000] [id=13696]
  0x0000017b64cec5d0 GCTaskThread "GC Thread#0" [stack: 0x0000005a1ec00000,0x0000005a1ed00000] [id=15796]
  0x0000017b00b857f0 GCTaskThread "GC Thread#1" [stack: 0x0000005a20000000,0x0000005a20100000] [id=20176]
  0x0000017b00b85aa0 GCTaskThread "GC Thread#2" [stack: 0x0000005a20100000,0x0000005a20200000] [id=15556]
  0x0000017b00b8de50 GCTaskThread "GC Thread#3" [stack: 0x0000005a20200000,0x0000005a20300000] [id=3256]
  0x0000017b00b8e310 GCTaskThread "GC Thread#4" [stack: 0x0000005a20300000,0x0000005a20400000] [id=20844]
  0x0000017b00b8ed60 GCTaskThread "GC Thread#5" [stack: 0x0000005a20400000,0x0000005a20500000] [id=20436]
  0x0000017b00f150d0 GCTaskThread "GC Thread#6" [stack: 0x0000005a20e00000,0x0000005a20f00000] [id=10768]
  0x0000017b00fb20b0 GCTaskThread "GC Thread#7" [stack: 0x0000005a20f00000,0x0000005a21000000] [id=21416]
  0x0000017b64cfd510 ConcurrentGCThread "G1 Main Marker" [stack: 0x0000005a1ed00000,0x0000005a1ee00000] [id=8620]
  0x0000017b64cfe6c0 ConcurrentGCThread "G1 Conc#0" [stack: 0x0000005a1ee00000,0x0000005a1ef00000] [id=18872]
  0x0000017b00eba800 ConcurrentGCThread "G1 Conc#1" [stack: 0x0000005a21000000,0x0000005a21100000] [id=11288]
  0x0000017b64d4ddd0 ConcurrentGCThread "G1 Refine#0" [stack: 0x0000005a1ef00000,0x0000005a1f000000] [id=19508]
  0x0000017b64d4e7f0 ConcurrentGCThread "G1 Service" [stack: 0x0000005a1f000000,0x0000005a1f100000] [id=17644]

Threads with active compile tasks:
C2 CompilerThread0   123734 18557   !   4       org.gradle.internal.service.DefaultServiceRegistry$ManagedObjectServiceProvider::getInstance (47 bytes)
C2 CompilerThread1   123734 18521       4       java.lang.reflect.AccessibleObject::checkCanSetAccessible (368 bytes)
C2 CompilerThread2   123734 18556       4       org.gradle.internal.service.DefaultServiceRegistry$SingletonService::get (5 bytes)

VM state: not at safepoint (normal execution)

VM Mutex/Monitor currently owned by a thread: None

Heap address: 0x0000000080000000, size: 2048 MB, Compressed Oops mode: 32-bit

CDS archive(s) not mapped
Compressed class space mapped at: 0x0000000100000000-0x0000000140000000, reserved size: 1073741824
Narrow klass base: 0x0000000000000000, Narrow klass shift: 3, Narrow klass range: 0x140000000

GC Precious Log:
 CPUs: 8 total, 8 available
 Memory: 16194M
 Large Page Support: Disabled
 NUMA Support: Disabled
 Compressed Oops: Enabled (32-bit)
 Heap Region Size: 1M
 Heap Min Capacity: 8M
 Heap Initial Capacity: 254M
 Heap Max Capacity: 2G
 Pre-touch: Disabled
 Parallel Workers: 8
 Concurrent Workers: 2
 Concurrent Refinement Workers: 8
 Periodic GC: Disabled

Heap:
 garbage-first heap   total 281600K, used 183959K [0x0000000080000000, 0x0000000100000000)
  region size 1024K, 30 young (30720K), 4 survivors (4096K)
 Metaspace       used 122847K, committed 123584K, reserved 1163264K
  class space    used 17030K, committed 17408K, reserved 1048576K

Heap Regions: E=young(eden), S=young(survivor), O=old, HS=humongous(starts), HC=humongous(continues), CS=collection set, F=free, OA=open archive, CA=closed archive, TAMS=top-at-mark-start (previous, next)
|   0|0x0000000080000000, 0x0000000080100000, 0x0000000080100000|100%| O|  |TAMS 0x0000000080100000, 0x0000000080000000| Untracked 
|   1|0x0000000080100000, 0x0000000080200000, 0x0000000080200000|100%| O|  |TAMS 0x0000000080200000, 0x0000000080100000| Untracked 
|   2|0x0000000080200000, 0x0000000080300000, 0x0000000080300000|100%| O|  |TAMS 0x0000000080300000, 0x0000000080200000| Untracked 
|   3|0x0000000080300000, 0x0000000080400000, 0x0000000080400000|100%|HS|  |TAMS 0x0000000080400000, 0x0000000080300000| Complete 
|   4|0x0000000080400000, 0x0000000080500000, 0x0000000080500000|100%|HC|  |TAMS 0x0000000080500000, 0x0000000080400000| Complete 
|   5|0x0000000080500000, 0x0000000080600000, 0x0000000080600000|100%|HC|  |TAMS 0x0000000080600000, 0x0000000080500000| Complete 
|   6|0x0000000080600000, 0x0000000080700000, 0x0000000080700000|100%| O|  |TAMS 0x0000000080700000, 0x0000000080600000| Untracked 
|   7|0x0000000080700000, 0x0000000080800000, 0x0000000080800000|100%| O|  |TAMS 0x0000000080800000, 0x0000000080700000| Untracked 
|   8|0x0000000080800000, 0x0000000080900000, 0x0000000080900000|100%| O|  |TAMS 0x0000000080900000, 0x0000000080800000| Untracked 
|   9|0x0000000080900000, 0x0000000080a00000, 0x0000000080a00000|100%| O|  |TAMS 0x0000000080a00000, 0x0000000080900000| Untracked 
|  10|0x0000000080a00000, 0x0000000080b00000, 0x0000000080b00000|100%| O|  |TAMS 0x0000000080b00000, 0x0000000080a00000| Untracked 
|  11|0x0000000080b00000, 0x0000000080c00000, 0x0000000080c00000|100%| O|  |TAMS 0x0000000080c00000, 0x0000000080b00000| Untracked 
|  12|0x0000000080c00000, 0x0000000080d00000, 0x0000000080d00000|100%| O|  |TAMS 0x0000000080d00000, 0x0000000080c00000| Untracked 
|  13|0x0000000080d00000, 0x0000000080e00000, 0x0000000080e00000|100%| O|  |TAMS 0x0000000080e00000, 0x0000000080d00000| Untracked 
|  14|0x0000000080e00000, 0x0000000080f00000, 0x0000000080f00000|100%| O|  |TAMS 0x0000000080f00000, 0x0000000080e00000| Untracked 
|  15|0x0000000080f00000, 0x0000000081000000, 0x0000000081000000|100%| O|  |TAMS 0x0000000081000000, 0x0000000080f00000| Untracked 
|  16|0x0000000081000000, 0x0000000081100000, 0x0000000081100000|100%| O|  |TAMS 0x0000000081100000, 0x0000000081000000| Untracked 
|  17|0x0000000081100000, 0x0000000081200000, 0x0000000081200000|100%| O|  |TAMS 0x0000000081200000, 0x0000000081100000| Untracked 
|  18|0x0000000081200000, 0x0000000081300000, 0x0000000081300000|100%| O|  |TAMS 0x0000000081300000, 0x0000000081200000| Untracked 
|  19|0x0000000081300000, 0x0000000081400000, 0x0000000081400000|100%| O|  |TAMS 0x0000000081400000, 0x0000000081300000| Untracked 
|  20|0x0000000081400000, 0x0000000081500000, 0x0000000081500000|100%| O|  |TAMS 0x0000000081500000, 0x0000000081400000| Untracked 
|  21|0x0000000081500000, 0x0000000081600000, 0x0000000081600000|100%| O|  |TAMS 0x0000000081600000, 0x0000000081500000| Untracked 
|  22|0x0000000081600000, 0x0000000081700000, 0x0000000081700000|100%| O|  |TAMS 0x0000000081700000, 0x0000000081600000| Untracked 
|  23|0x0000000081700000, 0x0000000081800000, 0x0000000081800000|100%| O|  |TAMS 0x0000000081800000, 0x0000000081700000| Untracked 
|  24|0x0000000081800000, 0x0000000081900000, 0x0000000081900000|100%| O|  |TAMS 0x0000000081900000, 0x0000000081800000| Untracked 
|  25|0x0000000081900000, 0x0000000081a00000, 0x0000000081a00000|100%|HS|  |TAMS 0x0000000081a00000, 0x0000000081900000| Complete 
|  26|0x0000000081a00000, 0x0000000081b00000, 0x0000000081b00000|100%| O|  |TAMS 0x0000000081b00000, 0x0000000081a00000| Untracked 
|  27|0x0000000081b00000, 0x0000000081c00000, 0x0000000081c00000|100%| O|  |TAMS 0x0000000081c00000, 0x0000000081b00000| Untracked 
|  28|0x0000000081c00000, 0x0000000081d00000, 0x0000000081d00000|100%|HS|  |TAMS 0x0000000081d00000, 0x0000000081c00000| Complete 
|  29|0x0000000081d00000, 0x0000000081e00000, 0x0000000081e00000|100%|HC|  |TAMS 0x0000000081e00000, 0x0000000081d00000| Complete 
|  30|0x0000000081e00000, 0x0000000081f00000, 0x0000000081f00000|100%|HS|  |TAMS 0x0000000081f00000, 0x0000000081e00000| Complete 
|  31|0x0000000081f00000, 0x0000000082000000, 0x0000000082000000|100%|HS|  |TAMS 0x0000000082000000, 0x0000000081f00000| Complete 
|  32|0x0000000082000000, 0x0000000082100000, 0x0000000082100000|100%|HC|  |TAMS 0x0000000082100000, 0x0000000082000000| Complete 
|  33|0x0000000082100000, 0x0000000082200000, 0x0000000082200000|100%|HC|  |TAMS 0x0000000082200000, 0x0000000082100000| Complete 
|  34|0x0000000082200000, 0x0000000082300000, 0x0000000082300000|100%|HC|  |TAMS 0x0000000082300000, 0x0000000082200000| Complete 
|  35|0x0000000082300000, 0x0000000082400000, 0x0000000082400000|100%|HS|  |TAMS 0x0000000082400000, 0x0000000082300000| Complete 
|  36|0x0000000082400000, 0x0000000082500000, 0x0000000082500000|100%|HC|  |TAMS 0x0000000082500000, 0x0000000082400000| Complete 
|  37|0x0000000082500000, 0x0000000082600000, 0x0000000082600000|100%| O|  |TAMS 0x0000000082600000, 0x0000000082500000| Untracked 
|  38|0x0000000082600000, 0x0000000082700000, 0x0000000082700000|100%| O|  |TAMS 0x0000000082700000, 0x0000000082600000| Untracked 
|  39|0x0000000082700000, 0x0000000082800000, 0x0000000082800000|100%| O|  |TAMS 0x0000000082800000, 0x0000000082700000| Untracked 
|  40|0x0000000082800000, 0x0000000082900000, 0x0000000082900000|100%| O|  |TAMS 0x0000000082900000, 0x0000000082800000| Untracked 
|  41|0x0000000082900000, 0x0000000082a00000, 0x0000000082a00000|100%| O|  |TAMS 0x0000000082a00000, 0x0000000082900000| Untracked 
|  42|0x0000000082a00000, 0x0000000082b00000, 0x0000000082b00000|100%| O|  |TAMS 0x0000000082b00000, 0x0000000082a00000| Untracked 
|  43|0x0000000082b00000, 0x0000000082c00000, 0x0000000082c00000|100%| O|  |TAMS 0x0000000082c00000, 0x0000000082b00000| Untracked 
|  44|0x0000000082c00000, 0x0000000082d00000, 0x0000000082d00000|100%| O|  |TAMS 0x0000000082d00000, 0x0000000082c00000| Untracked 
|  45|0x0000000082d00000, 0x0000000082e00000, 0x0000000082e00000|100%| O|  |TAMS 0x0000000082e00000, 0x0000000082d00000| Untracked 
|  46|0x0000000082e00000, 0x0000000082f00000, 0x0000000082f00000|100%| O|  |TAMS 0x0000000082f00000, 0x0000000082e00000| Untracked 
|  47|0x0000000082f00000, 0x0000000083000000, 0x0000000083000000|100%| O|  |TAMS 0x0000000083000000, 0x0000000082f00000| Untracked 
|  48|0x0000000083000000, 0x0000000083100000, 0x0000000083100000|100%| O|  |TAMS 0x0000000083100000, 0x0000000083000000| Untracked 
|  49|0x0000000083100000, 0x0000000083200000, 0x0000000083200000|100%| O|  |TAMS 0x0000000083200000, 0x0000000083100000| Untracked 
|  50|0x0000000083200000, 0x0000000083300000, 0x0000000083300000|100%| O|  |TAMS 0x0000000083300000, 0x0000000083200000| Untracked 
|  51|0x0000000083300000, 0x0000000083400000, 0x0000000083400000|100%| O|  |TAMS 0x0000000083400000, 0x0000000083300000| Untracked 
|  52|0x0000000083400000, 0x0000000083500000, 0x0000000083500000|100%| O|  |TAMS 0x0000000083500000, 0x0000000083400000| Untracked 
|  53|0x0000000083500000, 0x0000000083600000, 0x0000000083600000|100%| O|  |TAMS 0x0000000083600000, 0x0000000083500000| Untracked 
|  54|0x0000000083600000, 0x0000000083700000, 0x0000000083700000|100%| O|  |TAMS 0x0000000083700000, 0x0000000083600000| Untracked 
|  55|0x0000000083700000, 0x0000000083800000, 0x0000000083800000|100%| O|  |TAMS 0x0000000083800000, 0x0000000083700000| Untracked 
|  56|0x0000000083800000, 0x0000000083900000, 0x0000000083900000|100%| O|  |TAMS 0x0000000083900000, 0x0000000083800000| Untracked 
|  57|0x0000000083900000, 0x0000000083a00000, 0x0000000083a00000|100%| O|  |TAMS 0x0000000083a00000, 0x0000000083900000| Untracked 
|  58|0x0000000083a00000, 0x0000000083b00000, 0x0000000083b00000|100%| O|  |TAMS 0x0000000083b00000, 0x0000000083a00000| Untracked 
|  59|0x0000000083b00000, 0x0000000083c00000, 0x0000000083c00000|100%| O|  |TAMS 0x0000000083c00000, 0x0000000083b00000| Untracked 
|  60|0x0000000083c00000, 0x0000000083d00000, 0x0000000083d00000|100%| O|  |TAMS 0x0000000083d00000, 0x0000000083c00000| Untracked 
|  61|0x0000000083d00000, 0x0000000083e00000, 0x0000000083e00000|100%| O|  |TAMS 0x0000000083e00000, 0x0000000083d00000| Untracked 
|  62|0x0000000083e00000, 0x0000000083f00000, 0x0000000083f00000|100%| O|  |TAMS 0x0000000083f00000, 0x0000000083e00000| Untracked 
|  63|0x0000000083f00000, 0x0000000084000000, 0x0000000084000000|100%| O|  |TAMS 0x0000000084000000, 0x0000000083f00000| Untracked 
|  64|0x0000000084000000, 0x0000000084100000, 0x0000000084100000|100%| O|  |TAMS 0x0000000084100000, 0x0000000084000000| Untracked 
|  65|0x0000000084100000, 0x0000000084200000, 0x0000000084200000|100%| O|  |TAMS 0x0000000084200000, 0x0000000084100000| Untracked 
|  66|0x0000000084200000, 0x0000000084300000, 0x0000000084300000|100%| O|  |TAMS 0x0000000084300000, 0x0000000084200000| Untracked 
|  67|0x0000000084300000, 0x0000000084400000, 0x0000000084400000|100%| O|  |TAMS 0x0000000084400000, 0x0000000084300000| Untracked 
|  68|0x0000000084400000, 0x0000000084500000, 0x0000000084500000|100%| O|  |TAMS 0x0000000084500000, 0x0000000084400000| Untracked 
|  69|0x0000000084500000, 0x0000000084600000, 0x0000000084600000|100%| O|  |TAMS 0x0000000084600000, 0x0000000084500000| Untracked 
|  70|0x0000000084600000, 0x0000000084700000, 0x0000000084700000|100%| O|  |TAMS 0x0000000084700000, 0x0000000084600000| Untracked 
|  71|0x0000000084700000, 0x0000000084800000, 0x0000000084800000|100%| O|  |TAMS 0x0000000084800000, 0x0000000084700000| Untracked 
|  72|0x0000000084800000, 0x0000000084900000, 0x0000000084900000|100%| O|  |TAMS 0x0000000084900000, 0x0000000084800000| Untracked 
|  73|0x0000000084900000, 0x0000000084a00000, 0x0000000084a00000|100%| O|  |TAMS 0x0000000084a00000, 0x0000000084900000| Untracked 
|  74|0x0000000084a00000, 0x0000000084b00000, 0x0000000084b00000|100%| O|  |TAMS 0x0000000084b00000, 0x0000000084a00000| Untracked 
|  75|0x0000000084b00000, 0x0000000084c00000, 0x0000000084c00000|100%| O|  |TAMS 0x0000000084c00000, 0x0000000084b00000| Untracked 
|  76|0x0000000084c00000, 0x0000000084d00000, 0x0000000084d00000|100%| O|  |TAMS 0x0000000084d00000, 0x0000000084c00000| Untracked 
|  77|0x0000000084d00000, 0x0000000084e00000, 0x0000000084e00000|100%| O|  |TAMS 0x0000000084e00000, 0x0000000084d00000| Untracked 
|  78|0x0000000084e00000, 0x0000000084f00000, 0x0000000084f00000|100%| O|  |TAMS 0x0000000084f00000, 0x0000000084e00000| Untracked 
|  79|0x0000000084f00000, 0x0000000085000000, 0x0000000085000000|100%| O|  |TAMS 0x0000000085000000, 0x0000000084f00000| Untracked 
|  80|0x0000000085000000, 0x0000000085100000, 0x0000000085100000|100%| O|  |TAMS 0x0000000085100000, 0x0000000085000000| Untracked 
|  81|0x0000000085100000, 0x0000000085200000, 0x0000000085200000|100%| O|  |TAMS 0x0000000085200000, 0x0000000085100000| Untracked 
|  82|0x0000000085200000, 0x0000000085300000, 0x0000000085300000|100%| O|  |TAMS 0x0000000085300000, 0x0000000085200000| Untracked 
|  83|0x0000000085300000, 0x0000000085400000, 0x0000000085400000|100%| O|  |TAMS 0x0000000085400000, 0x0000000085300000| Untracked 
|  84|0x0000000085400000, 0x0000000085500000, 0x0000000085500000|100%| O|  |TAMS 0x0000000085500000, 0x0000000085400000| Untracked 
|  85|0x0000000085500000, 0x0000000085600000, 0x0000000085600000|100%| O|  |TAMS 0x0000000085600000, 0x0000000085500000| Untracked 
|  86|0x0000000085600000, 0x0000000085700000, 0x0000000085700000|100%| O|  |TAMS 0x0000000085700000, 0x0000000085600000| Untracked 
|  87|0x0000000085700000, 0x0000000085800000, 0x0000000085800000|100%| O|  |TAMS 0x0000000085800000, 0x0000000085700000| Untracked 
|  88|0x0000000085800000, 0x0000000085900000, 0x0000000085900000|100%| O|  |TAMS 0x0000000085900000, 0x0000000085800000| Untracked 
|  89|0x0000000085900000, 0x0000000085a00000, 0x0000000085a00000|100%| O|  |TAMS 0x0000000085a00000, 0x0000000085900000| Untracked 
|  90|0x0000000085a00000, 0x0000000085b00000, 0x0000000085b00000|100%| O|  |TAMS 0x0000000085b00000, 0x0000000085a00000| Untracked 
|  91|0x0000000085b00000, 0x0000000085c00000, 0x0000000085c00000|100%| O|  |TAMS 0x0000000085c00000, 0x0000000085b00000| Untracked 
|  92|0x0000000085c00000, 0x0000000085d00000, 0x0000000085d00000|100%| O|  |TAMS 0x0000000085d00000, 0x0000000085c00000| Untracked 
|  93|0x0000000085d00000, 0x0000000085e00000, 0x0000000085e00000|100%| O|  |TAMS 0x0000000085e00000, 0x0000000085d00000| Untracked 
|  94|0x0000000085e00000, 0x0000000085f00000, 0x0000000085f00000|100%| O|  |TAMS 0x0000000085f00000, 0x0000000085e00000| Untracked 
|  95|0x0000000085f00000, 0x0000000086000000, 0x0000000086000000|100%| O|  |TAMS 0x0000000086000000, 0x0000000085f00000| Untracked 
|  96|0x0000000086000000, 0x0000000086100000, 0x0000000086100000|100%| O|  |TAMS 0x0000000086100000, 0x0000000086000000| Untracked 
|  97|0x0000000086100000, 0x0000000086200000, 0x0000000086200000|100%| O|  |TAMS 0x0000000086200000, 0x0000000086100000| Untracked 
|  98|0x0000000086200000, 0x0000000086300000, 0x0000000086300000|100%| O|  |TAMS 0x0000000086300000, 0x0000000086200000| Untracked 
|  99|0x0000000086300000, 0x0000000086400000, 0x0000000086400000|100%| O|  |TAMS 0x0000000086400000, 0x0000000086300000| Untracked 
| 100|0x0000000086400000, 0x0000000086500000, 0x0000000086500000|100%| O|  |TAMS 0x0000000086500000, 0x0000000086400000| Untracked 
| 101|0x0000000086500000, 0x0000000086600000, 0x0000000086600000|100%| O|  |TAMS 0x0000000086600000, 0x0000000086500000| Untracked 
| 102|0x0000000086600000, 0x0000000086700000, 0x0000000086700000|100%| O|  |TAMS 0x0000000086700000, 0x0000000086600000| Untracked 
| 103|0x0000000086700000, 0x0000000086800000, 0x0000000086800000|100%| O|  |TAMS 0x0000000086800000, 0x0000000086700000| Untracked 
| 104|0x0000000086800000, 0x0000000086900000, 0x0000000086900000|100%| O|  |TAMS 0x0000000086900000, 0x0000000086800000| Untracked 
| 105|0x0000000086900000, 0x0000000086a00000, 0x0000000086a00000|100%| O|  |TAMS 0x0000000086a00000, 0x0000000086900000| Untracked 
| 106|0x0000000086a00000, 0x0000000086b00000, 0x0000000086b00000|100%| O|  |TAMS 0x0000000086b00000, 0x0000000086a00000| Untracked 
| 107|0x0000000086b00000, 0x0000000086c00000, 0x0000000086c00000|100%| O|  |TAMS 0x0000000086c00000, 0x0000000086b00000| Untracked 
| 108|0x0000000086c00000, 0x0000000086d00000, 0x0000000086d00000|100%| O|  |TAMS 0x0000000086d00000, 0x0000000086c00000| Untracked 
| 109|0x0000000086d00000, 0x0000000086e00000, 0x0000000086e00000|100%| O|  |TAMS 0x0000000086e00000, 0x0000000086d00000| Untracked 
| 110|0x0000000086e00000, 0x0000000086f00000, 0x0000000086f00000|100%| O|  |TAMS 0x0000000086f00000, 0x0000000086e00000| Untracked 
| 111|0x0000000086f00000, 0x0000000087000000, 0x0000000087000000|100%| O|  |TAMS 0x0000000087000000, 0x0000000086f00000| Untracked 
| 112|0x0000000087000000, 0x0000000087100000, 0x0000000087100000|100%| O|  |TAMS 0x0000000087100000, 0x0000000087000000| Untracked 
| 113|0x0000000087100000, 0x0000000087200000, 0x0000000087200000|100%| O|  |TAMS 0x0000000087200000, 0x0000000087100000| Untracked 
| 114|0x0000000087200000, 0x0000000087300000, 0x0000000087300000|100%| O|  |TAMS 0x0000000087300000, 0x0000000087200000| Untracked 
| 115|0x0000000087300000, 0x0000000087400000, 0x0000000087400000|100%| O|  |TAMS 0x0000000087400000, 0x0000000087300000| Untracked 
| 116|0x0000000087400000, 0x0000000087500000, 0x0000000087500000|100%| O|  |TAMS 0x0000000087500000, 0x0000000087400000| Untracked 
| 117|0x0000000087500000, 0x0000000087600000, 0x0000000087600000|100%| O|  |TAMS 0x0000000087600000, 0x0000000087500000| Complete 
| 118|0x0000000087600000, 0x0000000087700000, 0x0000000087700000|100%| O|  |TAMS 0x0000000087700000, 0x0000000087600000| Complete 
| 119|0x0000000087700000, 0x0000000087700000, 0x0000000087800000|  0%| F|  |TAMS 0x0000000087700000, 0x0000000087700000| Untracked 
| 120|0x0000000087800000, 0x0000000087900000, 0x0000000087900000|100%| O|  |TAMS 0x0000000087900000, 0x0000000087800000| Complete 
| 121|0x0000000087900000, 0x0000000087900000, 0x0000000087a00000|  0%| F|  |TAMS 0x0000000087900000, 0x0000000087900000| Untracked 
| 122|0x0000000087a00000, 0x0000000087a00000, 0x0000000087b00000|  0%| F|  |TAMS 0x0000000087a00000, 0x0000000087a00000| Untracked 
| 123|0x0000000087b00000, 0x0000000087c00000, 0x0000000087c00000|100%| O|  |TAMS 0x0000000087c00000, 0x0000000087b00000| Complete 
| 124|0x0000000087c00000, 0x0000000087c00000, 0x0000000087d00000|  0%| F|  |TAMS 0x0000000087c00000, 0x0000000087c00000| Untracked 
| 125|0x0000000087d00000, 0x0000000087e00000, 0x0000000087e00000|100%| O|  |TAMS 0x0000000087e00000, 0x0000000087d00000| Untracked 
| 126|0x0000000087e00000, 0x0000000087f00000, 0x0000000087f00000|100%| O|  |TAMS 0x0000000087f00000, 0x0000000087e00000| Untracked 
| 127|0x0000000087f00000, 0x0000000088000000, 0x0000000088000000|100%| O|  |TAMS 0x0000000088000000, 0x0000000087f00000| Untracked 
| 128|0x0000000088000000, 0x0000000088100000, 0x0000000088100000|100%| O|  |TAMS 0x0000000088100000, 0x0000000088000000| Untracked 
| 129|0x0000000088100000, 0x0000000088200000, 0x0000000088200000|100%| O|  |TAMS 0x0000000088200000, 0x0000000088100000| Untracked 
| 130|0x0000000088200000, 0x0000000088300000, 0x0000000088300000|100%| O|  |TAMS 0x0000000088300000, 0x0000000088200000| Complete 
| 131|0x0000000088300000, 0x0000000088400000, 0x0000000088400000|100%| O|  |TAMS 0x0000000088400000, 0x0000000088300000| Untracked 
| 132|0x0000000088400000, 0x0000000088500000, 0x0000000088500000|100%| O|  |TAMS 0x0000000088500000, 0x0000000088400000| Untracked 
| 133|0x0000000088500000, 0x0000000088600000, 0x0000000088600000|100%|HS|  |TAMS 0x0000000088600000, 0x0000000088500000| Complete 
| 134|0x0000000088600000, 0x0000000088700000, 0x0000000088700000|100%|HC|  |TAMS 0x0000000088700000, 0x0000000088600000| Complete 
| 135|0x0000000088700000, 0x0000000088800000, 0x0000000088800000|100%|HS|  |TAMS 0x0000000088700000, 0x0000000088700000| Complete 
| 136|0x0000000088800000, 0x0000000088900000, 0x0000000088900000|100%|HC|  |TAMS 0x0000000088800000, 0x0000000088800000| Complete 
| 137|0x0000000088900000, 0x0000000088a00000, 0x0000000088a00000|100%|HS|  |TAMS 0x0000000088900000, 0x0000000088900000| Complete 
| 138|0x0000000088a00000, 0x0000000088b00000, 0x0000000088b00000|100%|HC|  |TAMS 0x0000000088a00000, 0x0000000088a00000| Complete 
| 139|0x0000000088b00000, 0x0000000088c00000, 0x0000000088c00000|100%|HS|  |TAMS 0x0000000088b00000, 0x0000000088b00000| Complete 
| 140|0x0000000088c00000, 0x0000000088d00000, 0x0000000088d00000|100%|HC|  |TAMS 0x0000000088c00000, 0x0000000088c00000| Complete 
| 141|0x0000000088d00000, 0x0000000088e00000, 0x0000000088e00000|100%|HS|  |TAMS 0x0000000088d00000, 0x0000000088d00000| Complete 
| 142|0x0000000088e00000, 0x0000000088f00000, 0x0000000088f00000|100%|HC|  |TAMS 0x0000000088e00000, 0x0000000088e00000| Complete 
| 143|0x0000000088f00000, 0x0000000089000000, 0x0000000089000000|100%|HS|  |TAMS 0x0000000088f00000, 0x0000000088f00000| Complete 
| 144|0x0000000089000000, 0x0000000089100000, 0x0000000089100000|100%|HC|  |TAMS 0x0000000089000000, 0x0000000089000000| Complete 
| 145|0x0000000089100000, 0x0000000089200000, 0x0000000089200000|100%|HS|  |TAMS 0x0000000089100000, 0x0000000089100000| Complete 
| 146|0x0000000089200000, 0x0000000089300000, 0x0000000089300000|100%|HC|  |TAMS 0x0000000089200000, 0x0000000089200000| Complete 
| 147|0x0000000089300000, 0x0000000089400000, 0x0000000089400000|100%|HS|  |TAMS 0x0000000089300000, 0x0000000089300000| Complete 
| 148|0x0000000089400000, 0x0000000089500000, 0x0000000089500000|100%|HC|  |TAMS 0x0000000089400000, 0x0000000089400000| Complete 
| 149|0x0000000089500000, 0x0000000089600000, 0x0000000089600000|100%|HS|  |TAMS 0x0000000089500000, 0x0000000089500000| Complete 
| 150|0x0000000089600000, 0x0000000089700000, 0x0000000089700000|100%|HC|  |TAMS 0x0000000089600000, 0x0000000089600000| Complete 
| 151|0x0000000089700000, 0x0000000089800000, 0x0000000089800000|100%|HS|  |TAMS 0x0000000089700000, 0x0000000089700000| Complete 
| 152|0x0000000089800000, 0x0000000089900000, 0x0000000089900000|100%|HC|  |TAMS 0x0000000089800000, 0x0000000089800000| Complete 
| 153|0x0000000089900000, 0x0000000089900000, 0x0000000089a00000|  0%| F|  |TAMS 0x0000000089900000, 0x0000000089900000| Untracked 
| 154|0x0000000089a00000, 0x0000000089a00000, 0x0000000089b00000|  0%| F|  |TAMS 0x0000000089a00000, 0x0000000089a00000| Untracked 
| 155|0x0000000089b00000, 0x0000000089b00000, 0x0000000089c00000|  0%| F|  |TAMS 0x0000000089b00000, 0x0000000089b00000| Untracked 
| 156|0x0000000089c00000, 0x0000000089c00000, 0x0000000089d00000|  0%| F|  |TAMS 0x0000000089c00000, 0x0000000089c00000| Untracked 
| 157|0x0000000089d00000, 0x0000000089d00000, 0x0000000089e00000|  0%| F|  |TAMS 0x0000000089d00000, 0x0000000089d00000| Untracked 
| 158|0x0000000089e00000, 0x0000000089f00000, 0x0000000089f00000|100%| O|  |TAMS 0x0000000089f00000, 0x0000000089e00000| Untracked 
| 159|0x0000000089f00000, 0x0000000089ff5a00, 0x000000008a000000| 95%| O|  |TAMS 0x0000000089ff5a00, 0x0000000089f00000| Untracked 
| 160|0x000000008a000000, 0x000000008a000000, 0x000000008a100000|  0%| F|  |TAMS 0x000000008a000000, 0x000000008a000000| Untracked 
| 161|0x000000008a100000, 0x000000008a100000, 0x000000008a200000|  0%| F|  |TAMS 0x000000008a100000, 0x000000008a100000| Untracked 
| 162|0x000000008a200000, 0x000000008a200000, 0x000000008a300000|  0%| F|  |TAMS 0x000000008a200000, 0x000000008a200000| Untracked 
| 163|0x000000008a300000, 0x000000008a300000, 0x000000008a400000|  0%| F|  |TAMS 0x000000008a300000, 0x000000008a300000| Untracked 
| 164|0x000000008a400000, 0x000000008a400000, 0x000000008a500000|  0%| F|  |TAMS 0x000000008a400000, 0x000000008a400000| Untracked 
| 165|0x000000008a500000, 0x000000008a500000, 0x000000008a600000|  0%| F|  |TAMS 0x000000008a500000, 0x000000008a500000| Untracked 
| 166|0x000000008a600000, 0x000000008a600000, 0x000000008a700000|  0%| F|  |TAMS 0x000000008a600000, 0x000000008a600000| Untracked 
| 167|0x000000008a700000, 0x000000008a700000, 0x000000008a800000|  0%| F|  |TAMS 0x000000008a700000, 0x000000008a700000| Untracked 
| 168|0x000000008a800000, 0x000000008a800000, 0x000000008a900000|  0%| F|  |TAMS 0x000000008a800000, 0x000000008a800000| Untracked 
| 169|0x000000008a900000, 0x000000008a900000, 0x000000008aa00000|  0%| F|  |TAMS 0x000000008a900000, 0x000000008a900000| Untracked 
| 170|0x000000008aa00000, 0x000000008aa00000, 0x000000008ab00000|  0%| F|  |TAMS 0x000000008aa00000, 0x000000008aa00000| Untracked 
| 171|0x000000008ab00000, 0x000000008ab00000, 0x000000008ac00000|  0%| F|  |TAMS 0x000000008ab00000, 0x000000008ab00000| Untracked 
| 172|0x000000008ac00000, 0x000000008ac00000, 0x000000008ad00000|  0%| F|  |TAMS 0x000000008ac00000, 0x000000008ac00000| Untracked 
| 173|0x000000008ad00000, 0x000000008ad00000, 0x000000008ae00000|  0%| F|  |TAMS 0x000000008ad00000, 0x000000008ad00000| Untracked 
| 174|0x000000008ae00000, 0x000000008ae00000, 0x000000008af00000|  0%| F|  |TAMS 0x000000008ae00000, 0x000000008ae00000| Untracked 
| 175|0x000000008af00000, 0x000000008af00000, 0x000000008b000000|  0%| F|  |TAMS 0x000000008af00000, 0x000000008af00000| Untracked 
| 176|0x000000008b000000, 0x000000008b000000, 0x000000008b100000|  0%| F|  |TAMS 0x000000008b000000, 0x000000008b000000| Untracked 
| 177|0x000000008b100000, 0x000000008b100000, 0x000000008b200000|  0%| F|  |TAMS 0x000000008b100000, 0x000000008b100000| Untracked 
| 178|0x000000008b200000, 0x000000008b200000, 0x000000008b300000|  0%| F|  |TAMS 0x000000008b200000, 0x000000008b200000| Untracked 
| 179|0x000000008b300000, 0x000000008b300000, 0x000000008b400000|  0%| F|  |TAMS 0x000000008b300000, 0x000000008b300000| Untracked 
| 180|0x000000008b400000, 0x000000008b400000, 0x000000008b500000|  0%| F|  |TAMS 0x000000008b400000, 0x000000008b400000| Untracked 
| 181|0x000000008b500000, 0x000000008b500000, 0x000000008b600000|  0%| F|  |TAMS 0x000000008b500000, 0x000000008b500000| Untracked 
| 182|0x000000008b600000, 0x000000008b600000, 0x000000008b700000|  0%| F|  |TAMS 0x000000008b600000, 0x000000008b600000| Untracked 
| 183|0x000000008b700000, 0x000000008b700000, 0x000000008b800000|  0%| F|  |TAMS 0x000000008b700000, 0x000000008b700000| Untracked 
| 184|0x000000008b800000, 0x000000008b800000, 0x000000008b900000|  0%| F|  |TAMS 0x000000008b800000, 0x000000008b800000| Untracked 
| 185|0x000000008b900000, 0x000000008b900000, 0x000000008ba00000|  0%| F|  |TAMS 0x000000008b900000, 0x000000008b900000| Untracked 
| 186|0x000000008ba00000, 0x000000008ba00000, 0x000000008bb00000|  0%| F|  |TAMS 0x000000008ba00000, 0x000000008ba00000| Untracked 
| 187|0x000000008bb00000, 0x000000008bb00000, 0x000000008bc00000|  0%| F|  |TAMS 0x000000008bb00000, 0x000000008bb00000| Untracked 
| 188|0x000000008bc00000, 0x000000008bc00000, 0x000000008bd00000|  0%| F|  |TAMS 0x000000008bc00000, 0x000000008bc00000| Untracked 
| 189|0x000000008bd00000, 0x000000008bd00000, 0x000000008be00000|  0%| F|  |TAMS 0x000000008bd00000, 0x000000008bd00000| Untracked 
| 190|0x000000008be00000, 0x000000008be00000, 0x000000008bf00000|  0%| F|  |TAMS 0x000000008be00000, 0x000000008be00000| Untracked 
| 191|0x000000008bf00000, 0x000000008bf00000, 0x000000008c000000|  0%| F|  |TAMS 0x000000008bf00000, 0x000000008bf00000| Untracked 
| 192|0x000000008c000000, 0x000000008c000000, 0x000000008c100000|  0%| F|  |TAMS 0x000000008c000000, 0x000000008c000000| Untracked 
| 193|0x000000008c100000, 0x000000008c100000, 0x000000008c200000|  0%| F|  |TAMS 0x000000008c100000, 0x000000008c100000| Untracked 
| 194|0x000000008c200000, 0x000000008c200000, 0x000000008c300000|  0%| F|  |TAMS 0x000000008c200000, 0x000000008c200000| Untracked 
| 195|0x000000008c300000, 0x000000008c300000, 0x000000008c400000|  0%| F|  |TAMS 0x000000008c300000, 0x000000008c300000| Untracked 
| 196|0x000000008c400000, 0x000000008c400000, 0x000000008c500000|  0%| F|  |TAMS 0x000000008c400000, 0x000000008c400000| Untracked 
| 197|0x000000008c500000, 0x000000008c500000, 0x000000008c600000|  0%| F|  |TAMS 0x000000008c500000, 0x000000008c500000| Untracked 
| 198|0x000000008c600000, 0x000000008c600000, 0x000000008c700000|  0%| F|  |TAMS 0x000000008c600000, 0x000000008c600000| Untracked 
| 199|0x000000008c700000, 0x000000008c700000, 0x000000008c800000|  0%| F|  |TAMS 0x000000008c700000, 0x000000008c700000| Untracked 
| 200|0x000000008c800000, 0x000000008c800000, 0x000000008c900000|  0%| F|  |TAMS 0x000000008c800000, 0x000000008c800000| Untracked 
| 201|0x000000008c900000, 0x000000008c900000, 0x000000008ca00000|  0%| F|  |TAMS 0x000000008c900000, 0x000000008c900000| Untracked 
| 202|0x000000008ca00000, 0x000000008ca00000, 0x000000008cb00000|  0%| F|  |TAMS 0x000000008ca00000, 0x000000008ca00000| Untracked 
| 203|0x000000008cb00000, 0x000000008cb00000, 0x000000008cc00000|  0%| F|  |TAMS 0x000000008cb00000, 0x000000008cb00000| Untracked 
| 204|0x000000008cc00000, 0x000000008cc00000, 0x000000008cd00000|  0%| F|  |TAMS 0x000000008cc00000, 0x000000008cc00000| Untracked 
| 205|0x000000008cd00000, 0x000000008cd00000, 0x000000008ce00000|  0%| F|  |TAMS 0x000000008cd00000, 0x000000008cd00000| Untracked 
| 206|0x000000008ce00000, 0x000000008ce00000, 0x000000008cf00000|  0%| F|  |TAMS 0x000000008ce00000, 0x000000008ce00000| Untracked 
| 207|0x000000008cf00000, 0x000000008cf00000, 0x000000008d000000|  0%| F|  |TAMS 0x000000008cf00000, 0x000000008cf00000| Untracked 
| 208|0x000000008d000000, 0x000000008d000000, 0x000000008d100000|  0%| F|  |TAMS 0x000000008d000000, 0x000000008d000000| Untracked 
| 209|0x000000008d100000, 0x000000008d100000, 0x000000008d200000|  0%| F|  |TAMS 0x000000008d100000, 0x000000008d100000| Untracked 
| 210|0x000000008d200000, 0x000000008d200000, 0x000000008d300000|  0%| F|  |TAMS 0x000000008d200000, 0x000000008d200000| Untracked 
| 211|0x000000008d300000, 0x000000008d300000, 0x000000008d400000|  0%| F|  |TAMS 0x000000008d300000, 0x000000008d300000| Untracked 
| 212|0x000000008d400000, 0x000000008d400000, 0x000000008d500000|  0%| F|  |TAMS 0x000000008d400000, 0x000000008d400000| Untracked 
| 213|0x000000008d500000, 0x000000008d500000, 0x000000008d600000|  0%| F|  |TAMS 0x000000008d500000, 0x000000008d500000| Untracked 
| 214|0x000000008d600000, 0x000000008d600000, 0x000000008d700000|  0%| F|  |TAMS 0x000000008d600000, 0x000000008d600000| Untracked 
| 215|0x000000008d700000, 0x000000008d700000, 0x000000008d800000|  0%| F|  |TAMS 0x000000008d700000, 0x000000008d700000| Untracked 
| 216|0x000000008d800000, 0x000000008d800000, 0x000000008d900000|  0%| F|  |TAMS 0x000000008d800000, 0x000000008d800000| Untracked 
| 217|0x000000008d900000, 0x000000008d900000, 0x000000008da00000|  0%| F|  |TAMS 0x000000008d900000, 0x000000008d900000| Untracked 
| 218|0x000000008da00000, 0x000000008da00000, 0x000000008db00000|  0%| F|  |TAMS 0x000000008da00000, 0x000000008da00000| Untracked 
| 219|0x000000008db00000, 0x000000008db00000, 0x000000008dc00000|  0%| F|  |TAMS 0x000000008db00000, 0x000000008db00000| Untracked 
| 220|0x000000008dc00000, 0x000000008dc00000, 0x000000008dd00000|  0%| F|  |TAMS 0x000000008dc00000, 0x000000008dc00000| Untracked 
| 221|0x000000008dd00000, 0x000000008dd00000, 0x000000008de00000|  0%| F|  |TAMS 0x000000008dd00000, 0x000000008dd00000| Untracked 
| 222|0x000000008de00000, 0x000000008de00000, 0x000000008df00000|  0%| F|  |TAMS 0x000000008de00000, 0x000000008de00000| Untracked 
| 223|0x000000008df00000, 0x000000008df00000, 0x000000008e000000|  0%| F|  |TAMS 0x000000008df00000, 0x000000008df00000| Untracked 
| 224|0x000000008e000000, 0x000000008e000000, 0x000000008e100000|  0%| F|  |TAMS 0x000000008e000000, 0x000000008e000000| Untracked 
| 225|0x000000008e100000, 0x000000008e100000, 0x000000008e200000|  0%| F|  |TAMS 0x000000008e100000, 0x000000008e100000| Untracked 
| 226|0x000000008e200000, 0x000000008e200000, 0x000000008e300000|  0%| F|  |TAMS 0x000000008e200000, 0x000000008e200000| Untracked 
| 227|0x000000008e300000, 0x000000008e300000, 0x000000008e400000|  0%| F|  |TAMS 0x000000008e300000, 0x000000008e300000| Untracked 
| 228|0x000000008e400000, 0x000000008e400000, 0x000000008e500000|  0%| F|  |TAMS 0x000000008e400000, 0x000000008e400000| Untracked 
| 229|0x000000008e500000, 0x000000008e500000, 0x000000008e600000|  0%| F|  |TAMS 0x000000008e500000, 0x000000008e500000| Untracked 
| 230|0x000000008e600000, 0x000000008e600000, 0x000000008e700000|  0%| F|  |TAMS 0x000000008e600000, 0x000000008e600000| Untracked 
| 231|0x000000008e700000, 0x000000008e700000, 0x000000008e800000|  0%| F|  |TAMS 0x000000008e700000, 0x000000008e700000| Untracked 
| 232|0x000000008e800000, 0x000000008e800000, 0x000000008e900000|  0%| F|  |TAMS 0x000000008e800000, 0x000000008e800000| Untracked 
| 233|0x000000008e900000, 0x000000008e900000, 0x000000008ea00000|  0%| F|  |TAMS 0x000000008e900000, 0x000000008e900000| Untracked 
| 234|0x000000008ea00000, 0x000000008ea00000, 0x000000008eb00000|  0%| F|  |TAMS 0x000000008ea00000, 0x000000008ea00000| Untracked 
| 235|0x000000008eb00000, 0x000000008eb00000, 0x000000008ec00000|  0%| F|  |TAMS 0x000000008eb00000, 0x000000008eb00000| Untracked 
| 236|0x000000008ec00000, 0x000000008ec00000, 0x000000008ed00000|  0%| F|  |TAMS 0x000000008ec00000, 0x000000008ec00000| Untracked 
| 237|0x000000008ed00000, 0x000000008ed00000, 0x000000008ee00000|  0%| F|  |TAMS 0x000000008ed00000, 0x000000008ed00000| Untracked 
| 238|0x000000008ee00000, 0x000000008ee00000, 0x000000008ef00000|  0%| F|  |TAMS 0x000000008ee00000, 0x000000008ee00000| Untracked 
| 239|0x000000008ef00000, 0x000000008ef00000, 0x000000008f000000|  0%| F|  |TAMS 0x000000008ef00000, 0x000000008ef00000| Untracked 
| 240|0x000000008f000000, 0x000000008f000000, 0x000000008f100000|  0%| F|  |TAMS 0x000000008f000000, 0x000000008f000000| Untracked 
| 241|0x000000008f100000, 0x000000008f100000, 0x000000008f200000|  0%| F|  |TAMS 0x000000008f100000, 0x000000008f100000| Untracked 
| 242|0x000000008f200000, 0x000000008f200000, 0x000000008f300000|  0%| F|  |TAMS 0x000000008f200000, 0x000000008f200000| Untracked 
| 243|0x000000008f300000, 0x000000008f319430, 0x000000008f400000|  9%| E|  |TAMS 0x000000008f300000, 0x000000008f300000| Complete 
| 244|0x000000008f400000, 0x000000008f500000, 0x000000008f500000|100%| E|CS|TAMS 0x000000008f400000, 0x000000008f400000| Complete 
| 245|0x000000008f500000, 0x000000008f600000, 0x000000008f600000|100%| E|CS|TAMS 0x000000008f500000, 0x000000008f500000| Complete 
| 246|0x000000008f600000, 0x000000008f700000, 0x000000008f700000|100%| E|CS|TAMS 0x000000008f600000, 0x000000008f600000| Complete 
| 247|0x000000008f700000, 0x000000008f800000, 0x000000008f800000|100%| E|CS|TAMS 0x000000008f700000, 0x000000008f700000| Complete 
| 248|0x000000008f800000, 0x000000008f900000, 0x000000008f900000|100%| E|CS|TAMS 0x000000008f800000, 0x000000008f800000| Complete 
| 249|0x000000008f900000, 0x000000008fa00000, 0x000000008fa00000|100%| E|CS|TAMS 0x000000008f900000, 0x000000008f900000| Complete 
| 250|0x000000008fa00000, 0x000000008fb00000, 0x000000008fb00000|100%| E|CS|TAMS 0x000000008fa00000, 0x000000008fa00000| Complete 
| 251|0x000000008fb00000, 0x000000008fc00000, 0x000000008fc00000|100%| E|CS|TAMS 0x000000008fb00000, 0x000000008fb00000| Complete 
| 252|0x000000008fc00000, 0x000000008fd00000, 0x000000008fd00000|100%| E|CS|TAMS 0x000000008fc00000, 0x000000008fc00000| Complete 
| 253|0x000000008fd00000, 0x000000008fe00000, 0x000000008fe00000|100%| E|CS|TAMS 0x000000008fd00000, 0x000000008fd00000| Complete 
| 254|0x000000008fe00000, 0x000000008ff00000, 0x000000008ff00000|100%| E|CS|TAMS 0x000000008fe00000, 0x000000008fe00000| Complete 
| 255|0x000000008ff00000, 0x0000000090000000, 0x0000000090000000|100%| E|CS|TAMS 0x000000008ff00000, 0x000000008ff00000| Complete 
| 256|0x0000000090000000, 0x0000000090100000, 0x0000000090100000|100%| E|CS|TAMS 0x0000000090000000, 0x0000000090000000| Complete 
| 257|0x0000000090100000, 0x0000000090200000, 0x0000000090200000|100%| E|  |TAMS 0x0000000090100000, 0x0000000090100000| Complete 
| 258|0x0000000090200000, 0x0000000090300000, 0x0000000090300000|100%| E|CS|TAMS 0x0000000090200000, 0x0000000090200000| Complete 
| 259|0x0000000090300000, 0x0000000090400000, 0x0000000090400000|100%| E|CS|TAMS 0x0000000090300000, 0x0000000090300000| Complete 
| 260|0x0000000090400000, 0x0000000090500000, 0x0000000090500000|100%| E|CS|TAMS 0x0000000090400000, 0x0000000090400000| Complete 
| 261|0x0000000090500000, 0x0000000090600000, 0x0000000090600000|100%| E|CS|TAMS 0x0000000090500000, 0x0000000090500000| Complete 
| 262|0x0000000090600000, 0x0000000090700000, 0x0000000090700000|100%| E|CS|TAMS 0x0000000090600000, 0x0000000090600000| Complete 
| 263|0x0000000090700000, 0x0000000090800000, 0x0000000090800000|100%| E|CS|TAMS 0x0000000090700000, 0x0000000090700000| Complete 
| 264|0x0000000090800000, 0x0000000090900000, 0x0000000090900000|100%| E|CS|TAMS 0x0000000090800000, 0x0000000090800000| Complete 
| 265|0x0000000090900000, 0x0000000090a00000, 0x0000000090a00000|100%| E|CS|TAMS 0x0000000090900000, 0x0000000090900000| Complete 
| 266|0x0000000090a00000, 0x0000000090b00000, 0x0000000090b00000|100%| E|CS|TAMS 0x0000000090a00000, 0x0000000090a00000| Complete 
| 267|0x0000000090b00000, 0x0000000090c00000, 0x0000000090c00000|100%| E|CS|TAMS 0x0000000090b00000, 0x0000000090b00000| Complete 
| 268|0x0000000090c00000, 0x0000000090d00000, 0x0000000090d00000|100%| E|CS|TAMS 0x0000000090c00000, 0x0000000090c00000| Complete 
| 269|0x0000000090d00000, 0x0000000090db0240, 0x0000000090e00000| 68%| S|CS|TAMS 0x0000000090d00000, 0x0000000090d00000| Complete 
| 270|0x0000000090e00000, 0x0000000090f00000, 0x0000000090f00000|100%| S|CS|TAMS 0x0000000090e00000, 0x0000000090e00000| Complete 
| 271|0x0000000090f00000, 0x0000000091000000, 0x0000000091000000|100%| S|CS|TAMS 0x0000000090f00000, 0x0000000090f00000| Complete 
| 272|0x0000000091000000, 0x0000000091100000, 0x0000000091100000|100%| S|CS|TAMS 0x0000000091000000, 0x0000000091000000| Complete 
| 273|0x0000000091100000, 0x0000000091200000, 0x0000000091200000|100%| E|CS|TAMS 0x0000000091100000, 0x0000000091100000| Complete 
|2047|0x00000000fff00000, 0x0000000100000000, 0x0000000100000000|100%| O|  |TAMS 0x0000000100000000, 0x00000000fff00000| Untracked 

Card table byte_map: [0x0000017b77880000,0x0000017b77c80000] _byte_map_base: 0x0000017b77480000

Marking Bits (Prev, Next): (CMBitMap*) 0x0000017b64cecbe0, (CMBitMap*) 0x0000017b64cecc20
 Prev Bits: [0x0000017b78080000, 0x0000017b7a080000)
 Next Bits: [0x0000017b7a080000, 0x0000017b7c080000)

Polling page: 0x0000017b62bc0000

Metaspace:

Usage:
  Non-class:    103.34 MB used.
      Class:     16.63 MB used.
       Both:    119.97 MB used.

Virtual space:
  Non-class space:      112.00 MB reserved,     103.69 MB ( 93%) committed,  14 nodes.
      Class space:        1.00 GB reserved,      17.00 MB (  2%) committed,  1 nodes.
             Both:        1.11 GB reserved,     120.69 MB ( 11%) committed. 

Chunk freelists:
   Non-Class:  3.83 MB
       Class:  2.99 MB
        Both:  6.82 MB

MaxMetaspaceSize: unlimited
CompressedClassSpaceSize: 1.00 GB
Initial GC threshold: 21.00 MB
Current GC threshold: 200.12 MB
CDS: off
MetaspaceReclaimPolicy: balanced
 - commit_granule_bytes: 65536.
 - commit_granule_words: 8192.
 - virtual_space_node_default_size: 1048576.
 - enlarge_chunks_in_place: 1.
 - new_chunks_are_fully_committed: 0.
 - uncommit_free_chunks: 1.
 - use_allocation_guard: 0.
 - handle_deallocations: 1.


Internal statistics:

num_allocs_failed_limit: 6.
num_arena_births: 1068.
num_arena_deaths: 88.
num_vsnodes_births: 15.
num_vsnodes_deaths: 0.
num_space_committed: 1931.
num_space_uncommitted: 0.
num_chunks_returned_to_freelist: 129.
num_chunks_taken_from_freelist: 5755.
num_chunk_merges: 48.
num_chunk_splits: 3826.
num_chunks_enlarged: 2628.
num_purges: 4.
num_inconsistent_stats: 0.

CodeHeap 'non-profiled nmethods': size=120000Kb used=10056Kb max_used=10653Kb free=109943Kb
 bounds [0x0000017b6fc20000, 0x0000017b706a0000, 0x0000017b77150000]
CodeHeap 'profiled nmethods': size=120000Kb used=27201Kb max_used=28800Kb free=92799Kb
 bounds [0x0000017b68150000, 0x0000017b69d80000, 0x0000017b6f680000]
CodeHeap 'non-nmethods': size=5760Kb used=2436Kb max_used=2536Kb free=3323Kb
 bounds [0x0000017b6f680000, 0x0000017b6f920000, 0x0000017b6fc20000]
 total_blobs=15516 nmethods=14538 adapters=889
 compilation: enabled
              stopped_count=0, restarted_count=0
 full_count=0

Compilation events (20 events):
Event: 123.703 Thread 0x0000017b7f4b9b40 nmethod 18631 0x0000017b6875a690 code [0x0000017b6875a840, 0x0000017b6875aa78]
Event: 123.703 Thread 0x0000017b7f4b9b40 18632       3       org.gradle.internal.resource.local.GroupedAndNamedUniqueFileStore::whereIs (18 bytes)
Event: 123.703 Thread 0x0000017b7f4b9b40 nmethod 18632 0x0000017b690f1190 code [0x0000017b690f1340, 0x0000017b690f1538]
Event: 123.703 Thread 0x0000017b7f4b9b40 18633       3       org.gradle.internal.resource.local.GroupedAndNamedUniqueFileStore::stripLeadingZeros (36 bytes)
Event: 123.704 Thread 0x0000017b7f4b9b40 nmethod 18633 0x0000017b690bee90 code [0x0000017b690bf140, 0x0000017b690bfe68]
Event: 123.704 Thread 0x0000017b7f4b9b40 18634       3       org.gradle.api.internal.artifacts.ivyservice.modulecache.PersistentModuleMetadataCache$$Lambda$486/0x0000000100651ca8::create (16 bytes)
Event: 123.705 Thread 0x0000017b7f4b9b40 nmethod 18634 0x0000017b6931d810 code [0x0000017b6931d9c0, 0x0000017b6931db08]
Event: 123.705 Thread 0x0000017b7f4b9b40 18635       3       org.gradle.api.internal.artifacts.ivyservice.modulecache.PersistentModuleMetadataCache::lambda$get$0 (81 bytes)
Event: 123.705 Thread 0x0000017b7f4b9b40 nmethod 18635 0x0000017b68697710 code [0x0000017b68697960, 0x0000017b68698498]
Event: 123.705 Thread 0x0000017b7f4b9b40 18636       3       org.gradle.api.internal.artifacts.ivyservice.modulecache.ModuleMetadataCacheEntrySerializer::read (6 bytes)
Event: 123.705 Thread 0x0000017b7f4b9b40 nmethod 18636 0x0000017b686c1010 code [0x0000017b686c11c0, 0x0000017b686c1308]
Event: 123.705 Thread 0x0000017b7f4b9b40 18637       3       org.gradle.api.internal.artifacts.ivyservice.modulecache.ModuleMetadataCacheEntrySerializer::read (106 bytes)
Event: 123.706 Thread 0x0000017b7f4b9b40 nmethod 18637 0x0000017b698efe90 code [0x0000017b698f0120, 0x0000017b698f0c88]
Event: 123.708 Thread 0x0000017b7f4b9b40 18638       3       org.gradle.api.internal.artifacts.ivyservice.resolveengine.graph.selectors.SelectorStateResolver::createAllRejects (116 bytes)
Event: 123.709 Thread 0x0000017b7f4b9b40 nmethod 18638 0x0000017b696b3910 code [0x0000017b696b3bc0, 0x0000017b696b49d8]
Event: 123.709 Thread 0x0000017b7f4b9b40 18640       3       org.gradle.api.internal.artifacts.ivyservice.resolveengine.graph.builder.NodeState::cacheFilteredDependencyStates (102 bytes)
Event: 123.710 Thread 0x0000017b7f4b9b40 nmethod 18640 0x0000017b6971db10 code [0x0000017b6971ddc0, 0x0000017b6971ebe8]
Event: 123.710 Thread 0x0000017b7f4b9b40 18639       3       org.gradle.api.internal.artifacts.ivyservice.resolveengine.graph.selectors.SelectorStateResolver::resolveSelectors (71 bytes)
Event: 123.711 Thread 0x0000017b7f4b9b40 nmethod 18639 0x0000017b69707190 code [0x0000017b69707440, 0x0000017b69708168]
Event: 123.711 Thread 0x0000017b7f4b9b40 18641       3       java.util.Comparator::thenComparing (11 bytes)

GC Heap History (20 events):
Event: 37.947 GC heap before
{Heap before GC invocations=54 (full 0):
 garbage-first heap   total 201728K, used 170603K [0x0000000080000000, 0x0000000100000000)
  region size 1024K, 61 young (62464K), 7 survivors (7168K)
 Metaspace       used 99368K, committed 100032K, reserved 1138688K
  class space    used 13276K, committed 13568K, reserved 1048576K
}
Event: 37.960 GC heap after
{Heap after GC invocations=55 (full 0):
 garbage-first heap   total 201728K, used 116887K [0x0000000080000000, 0x0000000100000000)
  region size 1024K, 5 young (5120K), 5 survivors (5120K)
 Metaspace       used 99368K, committed 100032K, reserved 1138688K
  class space    used 13276K, committed 13568K, reserved 1048576K
}
Event: 38.438 GC heap before
{Heap before GC invocations=55 (full 0):
 garbage-first heap   total 201728K, used 173207K [0x0000000080000000, 0x0000000100000000)
  region size 1024K, 60 young (61440K), 5 survivors (5120K)
 Metaspace       used 99368K, committed 100032K, reserved 1138688K
  class space    used 13276K, committed 13568K, reserved 1048576K
}
Event: 38.448 GC heap after
{Heap after GC invocations=56 (full 0):
 garbage-first heap   total 281600K, used 116673K [0x0000000080000000, 0x0000000100000000)
  region size 1024K, 5 young (5120K), 5 survivors (5120K)
 Metaspace       used 99368K, committed 100032K, reserved 1138688K
  class space    used 13276K, committed 13568K, reserved 1048576K
}
Event: 40.062 GC heap before
{Heap before GC invocations=56 (full 0):
 garbage-first heap   total 281600K, used 242625K [0x0000000080000000, 0x0000000100000000)
  region size 1024K, 127 young (130048K), 5 survivors (5120K)
 Metaspace       used 103439K, committed 104064K, reserved 1146880K
  class space    used 13858K, committed 14144K, reserved 1048576K
}
Event: 40.087 GC heap after
{Heap after GC invocations=57 (full 0):
 garbage-first heap   total 281600K, used 127530K [0x0000000080000000, 0x0000000100000000)
  region size 1024K, 15 young (15360K), 15 survivors (15360K)
 Metaspace       used 103439K, committed 104064K, reserved 1146880K
  class space    used 13858K, committed 14144K, reserved 1048576K
}
Event: 42.010 GC heap before
{Heap before GC invocations=57 (full 0):
 garbage-first heap   total 281600K, used 228906K [0x0000000080000000, 0x0000000100000000)
  region size 1024K, 115 young (117760K), 15 survivors (15360K)
 Metaspace       used 108547K, committed 109248K, reserved 1146880K
  class space    used 14846K, committed 15168K, reserved 1048576K
}
Event: 42.049 GC heap after
{Heap after GC invocations=58 (full 0):
 garbage-first heap   total 281600K, used 141133K [0x0000000080000000, 0x0000000100000000)
  region size 1024K, 14 young (14336K), 14 survivors (14336K)
 Metaspace       used 108547K, committed 109248K, reserved 1146880K
  class space    used 14846K, committed 15168K, reserved 1048576K
}
Event: 43.444 GC heap before
{Heap before GC invocations=58 (full 0):
 garbage-first heap   total 281600K, used 229197K [0x0000000080000000, 0x0000000100000000)
  region size 1024K, 99 young (101376K), 14 survivors (14336K)
 Metaspace       used 113345K, committed 114048K, reserved 1155072K
  class space    used 15753K, committed 16064K, reserved 1048576K
}
Event: 43.455 GC heap after
{Heap after GC invocations=59 (full 0):
 garbage-first heap   total 281600K, used 138107K [0x0000000080000000, 0x0000000100000000)
  region size 1024K, 3 young (3072K), 3 survivors (3072K)
 Metaspace       used 113345K, committed 114048K, reserved 1155072K
  class space    used 15753K, committed 16064K, reserved 1048576K
}
Event: 46.070 GC heap before
{Heap before GC invocations=59 (full 0):
 garbage-first heap   total 281600K, used 232315K [0x0000000080000000, 0x0000000100000000)
  region size 1024K, 95 young (97280K), 3 survivors (3072K)
 Metaspace       used 116491K, committed 117184K, reserved 1155072K
  class space    used 16149K, committed 16448K, reserved 1048576K
}
Event: 46.086 GC heap after
{Heap after GC invocations=60 (full 0):
 garbage-first heap   total 281600K, used 145091K [0x0000000080000000, 0x0000000100000000)
  region size 1024K, 10 young (10240K), 10 survivors (10240K)
 Metaspace       used 116491K, committed 117184K, reserved 1155072K
  class space    used 16149K, committed 16448K, reserved 1048576K
}
Event: 47.716 GC heap before
{Heap before GC invocations=60 (full 0):
 garbage-first heap   total 281600K, used 218819K [0x0000000080000000, 0x0000000100000000)
  region size 1024K, 58 young (59392K), 10 survivors (10240K)
 Metaspace       used 121700K, committed 122368K, reserved 1155072K
  class space    used 16866K, committed 17152K, reserved 1048576K
}
Event: 47.729 GC heap after
{Heap after GC invocations=61 (full 0):
 garbage-first heap   total 281600K, used 165846K [0x0000000080000000, 0x0000000100000000)
  region size 1024K, 4 young (4096K), 4 survivors (4096K)
 Metaspace       used 121700K, committed 122368K, reserved 1155072K
  class space    used 16866K, committed 17152K, reserved 1048576K
}
Event: 47.776 GC heap before
{Heap before GC invocations=61 (full 0):
 garbage-first heap   total 281600K, used 176086K [0x0000000080000000, 0x0000000100000000)
  region size 1024K, 5 young (5120K), 4 survivors (4096K)
 Metaspace       used 121772K, committed 122560K, reserved 1155072K
  class space    used 16875K, committed 17216K, reserved 1048576K
}
Event: 47.783 GC heap after
{Heap after GC invocations=62 (full 0):
 garbage-first heap   total 281600K, used 173725K [0x0000000080000000, 0x0000000100000000)
  region size 1024K, 4 young (4096K), 4 survivors (4096K)
 Metaspace       used 121772K, committed 122560K, reserved 1155072K
  class space    used 16875K, committed 17216K, reserved 1048576K
}
Event: 49.061 GC heap before
{Heap before GC invocations=62 (full 0):
 garbage-first heap   total 281600K, used 190109K [0x0000000080000000, 0x0000000100000000)
  region size 1024K, 7 young (7168K), 4 survivors (4096K)
 Metaspace       used 121999K, committed 122752K, reserved 1155072K
  class space    used 16899K, committed 17280K, reserved 1048576K
}
Event: 49.068 GC heap after
{Heap after GC invocations=63 (full 0):
 garbage-first heap   total 281600K, used 142171K [0x0000000080000000, 0x0000000100000000)
  region size 1024K, 4 young (4096K), 4 survivors (4096K)
 Metaspace       used 121999K, committed 122752K, reserved 1155072K
  class space    used 16899K, committed 17280K, reserved 1048576K
}
Event: 49.082 GC heap before
{Heap before GC invocations=63 (full 0):
 garbage-first heap   total 281600K, used 144219K [0x0000000080000000, 0x0000000100000000)
  region size 1024K, 5 young (5120K), 4 survivors (4096K)
 Metaspace       used 121999K, committed 122752K, reserved 1155072K
  class space    used 16899K, committed 17280K, reserved 1048576K
}
Event: 49.088 GC heap after
{Heap after GC invocations=64 (full 0):
 garbage-first heap   total 281600K, used 144023K [0x0000000080000000, 0x0000000100000000)
  region size 1024K, 4 young (4096K), 4 survivors (4096K)
 Metaspace       used 121999K, committed 122752K, reserved 1155072K
  class space    used 16899K, committed 17280K, reserved 1048576K
}

Dll operation events (2 events):
Event: 0.007 Loaded shared library D:\android studio\jbr\bin\java.dll
Event: 0.565 Loaded shared library D:\android studio\jbr\bin\verify.dll

Deoptimization events (20 events):
Event: 123.651 Thread 0x0000017b0a78db90 Uncommon trap: trap_request=0xffffffde fr.pc=0x0000017b70280f74 relative=0x0000000000000154
Event: 123.651 Thread 0x0000017b0a78db90 Uncommon trap: reason=class_check action=maybe_recompile pc=0x0000017b70280f74 method=com.google.common.base.CharMatcher$Or.matches(C)Z @ 5 c2
Event: 123.651 Thread 0x0000017b0a78db90 DEOPT PACKING pc=0x0000017b70280f74 sp=0x0000005a206f8760
Event: 123.651 Thread 0x0000017b0a78db90 DEOPT UNPACKING pc=0x0000017b6f6d69a3 sp=0x0000005a206f8708 mode 2
Event: 123.651 Thread 0x0000017b0a78db90 Uncommon trap: trap_request=0xffffffde fr.pc=0x0000017b70280f74 relative=0x0000000000000154
Event: 123.651 Thread 0x0000017b0a78db90 Uncommon trap: reason=class_check action=maybe_recompile pc=0x0000017b70280f74 method=com.google.common.base.CharMatcher$Or.matches(C)Z @ 5 c2
Event: 123.651 Thread 0x0000017b0a78db90 DEOPT PACKING pc=0x0000017b70280f74 sp=0x0000005a206f86f0
Event: 123.651 Thread 0x0000017b0a78db90 DEOPT UNPACKING pc=0x0000017b6f6d69a3 sp=0x0000005a206f8698 mode 2
Event: 123.651 Thread 0x0000017b0a78db90 Uncommon trap: trap_request=0xffffffde fr.pc=0x0000017b70280f74 relative=0x0000000000000154
Event: 123.651 Thread 0x0000017b0a78db90 Uncommon trap: reason=class_check action=maybe_recompile pc=0x0000017b70280f74 method=com.google.common.base.CharMatcher$Or.matches(C)Z @ 5 c2
Event: 123.651 Thread 0x0000017b0a78db90 DEOPT PACKING pc=0x0000017b70280f74 sp=0x0000005a206f87d0
Event: 123.651 Thread 0x0000017b0a78db90 DEOPT UNPACKING pc=0x0000017b6f6d69a3 sp=0x0000005a206f8778 mode 2
Event: 123.667 Thread 0x0000017b0a78db90 Uncommon trap: trap_request=0xffffffde fr.pc=0x0000017b6feb5934 relative=0x0000000000000774
Event: 123.667 Thread 0x0000017b0a78db90 Uncommon trap: reason=class_check action=maybe_recompile pc=0x0000017b6feb5934 method=org.gradle.cache.internal.LockOnDemandCrossProcessCacheAccess.incrementLockCount()V @ 97 c2
Event: 123.667 Thread 0x0000017b0a78db90 DEOPT PACKING pc=0x0000017b6feb5934 sp=0x0000005a206f7e20
Event: 123.667 Thread 0x0000017b0a78db90 DEOPT UNPACKING pc=0x0000017b6f6d69a3 sp=0x0000005a206f7d80 mode 2
Event: 123.668 Thread 0x0000017b0a78db90 Uncommon trap: trap_request=0xffffff45 fr.pc=0x0000017b6fefc1a4 relative=0x0000000000001ac4
Event: 123.668 Thread 0x0000017b0a78db90 Uncommon trap: reason=unstable_if action=reinterpret pc=0x0000017b6fefc1a4 method=org.gradle.api.internal.artifacts.dependencies.DefaultImmutableVersionConstraint.<init>(Ljava/lang/String;Ljava/lang/String;Ljava/lang/String;Ljava/util/List;Ljava/lang/Stri
Event: 123.668 Thread 0x0000017b0a78db90 DEOPT PACKING pc=0x0000017b6fefc1a4 sp=0x0000005a206f9880
Event: 123.668 Thread 0x0000017b0a78db90 DEOPT UNPACKING pc=0x0000017b6f6d69a3 sp=0x0000005a206f9788 mode 2

Classes unloaded (20 events):
Event: 49.296 Thread 0x0000017b7f466c40 Unloading class 0x0000000100ea8800 'java/lang/invoke/LambdaForm$DMH+0x0000000100ea8800'
Event: 49.296 Thread 0x0000017b7f466c40 Unloading class 0x0000000100ea8400 'java/lang/invoke/LambdaForm$DMH+0x0000000100ea8400'
Event: 49.296 Thread 0x0000017b7f466c40 Unloading class 0x0000000100e29800 'java/lang/invoke/LambdaForm$DMH+0x0000000100e29800'
Event: 49.296 Thread 0x0000017b7f466c40 Unloading class 0x0000000100e29400 'java/lang/invoke/LambdaForm$DMH+0x0000000100e29400'
Event: 49.296 Thread 0x0000017b7f466c40 Unloading class 0x0000000100e29000 'java/lang/invoke/LambdaForm$DMH+0x0000000100e29000'
Event: 49.296 Thread 0x0000017b7f466c40 Unloading class 0x0000000100e28c00 'java/lang/invoke/LambdaForm$DMH+0x0000000100e28c00'
Event: 49.296 Thread 0x0000017b7f466c40 Unloading class 0x0000000100e28400 'java/lang/invoke/LambdaForm$DMH+0x0000000100e28400'
Event: 49.296 Thread 0x0000017b7f466c40 Unloading class 0x0000000100e28800 'java/lang/invoke/LambdaForm$DMH+0x0000000100e28800'
Event: 49.296 Thread 0x0000017b7f466c40 Unloading class 0x0000000100e17c00 'java/lang/invoke/LambdaForm$MH+0x0000000100e17c00'
Event: 49.296 Thread 0x0000017b7f466c40 Unloading class 0x0000000100e17800 'java/lang/invoke/LambdaForm$MH+0x0000000100e17800'
Event: 49.296 Thread 0x0000017b7f466c40 Unloading class 0x0000000100e17400 'java/lang/invoke/LambdaForm$MH+0x0000000100e17400'
Event: 49.296 Thread 0x0000017b7f466c40 Unloading class 0x0000000100e16c00 'java/lang/invoke/LambdaForm$DMH+0x0000000100e16c00'
Event: 49.296 Thread 0x0000017b7f466c40 Unloading class 0x0000000100e16800 'java/lang/invoke/LambdaForm$DMH+0x0000000100e16800'
Event: 49.296 Thread 0x0000017b7f466c40 Unloading class 0x0000000100e16400 'java/lang/invoke/LambdaForm$DMH+0x0000000100e16400'
Event: 49.296 Thread 0x0000017b7f466c40 Unloading class 0x0000000100e15c00 'java/lang/invoke/LambdaForm$DMH+0x0000000100e15c00'
Event: 49.296 Thread 0x0000017b7f466c40 Unloading class 0x0000000100e15800 'java/lang/invoke/LambdaForm$DMH+0x0000000100e15800'
Event: 49.296 Thread 0x0000017b7f466c40 Unloading class 0x0000000100e15400 'java/lang/invoke/LambdaForm$DMH+0x0000000100e15400'
Event: 49.296 Thread 0x0000017b7f466c40 Unloading class 0x0000000100e14c00 'java/lang/invoke/LambdaForm$DMH+0x0000000100e14c00'
Event: 49.296 Thread 0x0000017b7f466c40 Unloading class 0x0000000100e14800 'java/lang/invoke/LambdaForm$DMH+0x0000000100e14800'
Event: 49.296 Thread 0x0000017b7f466c40 Unloading class 0x0000000100e14400 'java/lang/invoke/LambdaForm$DMH+0x0000000100e14400'

Classes redefined (0 events):
No events

Internal exceptions (20 events):
Event: 47.536 Thread 0x0000017b0dca4d10 Exception <a 'java/lang/NoSuchMethodError'{0x000000008e593678}: 'java.lang.Object java.lang.invoke.DirectMethodHandle$Holder.newInvokeSpecial(java.lang.Object, java.lang.Object, java.lang.Object, java.lang.Object, java.lang.Object, java.lang.Object, java.lang.Object, int)'> (0x000000008e593678) 
thrown [s\src\hotspot\share\interpreter\linkResolver.cpp, line 771]
Event: 47.536 Thread 0x0000017b0dca4d10 Exception <a 'java/lang/NoSuchMethodError'{0x000000008e598980}: 'java.lang.Object java.lang.invoke.DirectMethodHandle$Holder.invokeSpecial(java.lang.Object, java.lang.Object, java.lang.Object, java.lang.Object, java.lang.Object, java.lang.Object, java.lang.Object, java.lang.Object, int)'> (0x000000008e598980) 
thrown [s\src\hotspot\share\interpreter\linkResolver.cpp, line 771]
Event: 47.537 Thread 0x0000017b0dca4d10 Exception <a 'java/lang/NoSuchMethodError'{0x000000008e59d400}: 'java.lang.Object java.lang.invoke.Invokers$Holder.linkToTargetMethod(java.lang.Object, java.lang.Object, java.lang.Object, java.lang.Object, java.lang.Object, java.lang.Object, int, java.lang.Object)'> (0x000000008e59d400) 
thrown [s\src\hotspot\share\interpreter\linkResolver.cpp, line 771]
Event: 47.648 Thread 0x0000017b0dca4d10 Exception <a 'sun/nio/fs/WindowsException'{0x000000008e357810}> (0x000000008e357810) 
thrown [s\src\hotspot\share\prims\jni.cpp, line 517]
Event: 47.648 Thread 0x0000017b0dca4d10 Exception <a 'sun/nio/fs/WindowsException'{0x000000008e357b40}> (0x000000008e357b40) 
thrown [s\src\hotspot\share\prims\jni.cpp, line 517]
Event: 47.675 Thread 0x0000017b0c8ac080 Implicit null exception at 0x0000017b6ffa06b1 to 0x0000017b6ffa0f60
Event: 47.676 Thread 0x0000017b0dca9ee0 Implicit null exception at 0x0000017b701700a7 to 0x0000017b70170988
Event: 47.766 Thread 0x0000017b0dca4d10 Exception <a 'java/lang/NoSuchMethodError'{0x00000000911a0480}: 'java.lang.Object java.lang.invoke.Invokers$Holder.invoke_MT(java.lang.Object, java.lang.Object, java.lang.Object)'> (0x00000000911a0480) 
thrown [s\src\hotspot\share\interpreter\linkResolver.cpp, line 771]
Event: 49.094 Thread 0x0000017b0c085ca0 Implicit null exception at 0x0000017b702b17b2 to 0x0000017b702b3df8
Event: 49.102 Thread 0x0000017b0c085ca0 Implicit null exception at 0x0000017b70641f17 to 0x0000017b70642078
Event: 49.104 Thread 0x0000017b0c8ac080 Implicit null exception at 0x0000017b702b6898 to 0x0000017b702b76b8
Event: 49.232 Thread 0x0000017b0dca4d10 Implicit null exception at 0x0000017b70293acb to 0x0000017b70293af0
Event: 49.564 Thread 0x0000017b02870ad0 Exception <a 'sun/nio/fs/WindowsException'{0x0000000090a38080}> (0x0000000090a38080) 
thrown [s\src\hotspot\share\prims\jni.cpp, line 517]
Event: 49.564 Thread 0x0000017b02870ad0 Exception <a 'sun/nio/fs/WindowsException'{0x0000000090a38420}> (0x0000000090a38420) 
thrown [s\src\hotspot\share\prims\jni.cpp, line 517]
Event: 49.564 Thread 0x0000017b02870ad0 Exception <a 'sun/nio/fs/WindowsException'{0x0000000090a39d70}> (0x0000000090a39d70) 
thrown [s\src\hotspot\share\prims\jni.cpp, line 517]
Event: 49.713 Thread 0x0000017b02870ad0 Exception <a 'java/lang/NoSuchMethodError'{0x00000000909f3700}: 'java.lang.Object java.lang.invoke.DirectMethodHandle$Holder.invokeSpecial(java.lang.Object, java.lang.Object, java.lang.Object, java.lang.Object, int, java.lang.Object, java.lang.Object)'> (0x00000000909f3700) 
thrown [s\src\hotspot\share\interpreter\linkResolver.cpp, line 771]
Event: 49.890 Thread 0x0000017b02870ad0 Implicit null exception at 0x0000017b6fd78a8f to 0x0000017b6fd78adc
Event: 49.990 Thread 0x0000017b02870ad0 Implicit null exception at 0x0000017b6fd23f93 to 0x0000017b6fd24268
Event: 52.978 Thread 0x0000017b011df8c0 Implicit null exception at 0x0000017b6ffc94f5 to 0x0000017b6ffc9c38
Event: 52.978 Thread 0x0000017b011df8c0 Implicit null exception at 0x0000017b6ffc04f2 to 0x0000017b6ffc0c24

VM Operations (20 events):
Event: 49.552 Executing VM operation: HandshakeAllThreads
Event: 49.553 Executing VM operation: HandshakeAllThreads done
Event: 49.704 Executing VM operation: HandshakeAllThreads
Event: 49.705 Executing VM operation: HandshakeAllThreads done
Event: 49.705 Executing VM operation: HandshakeAllThreads
Event: 49.706 Executing VM operation: HandshakeAllThreads done
Event: 49.777 Executing VM operation: HandshakeAllThreads
Event: 49.777 Executing VM operation: HandshakeAllThreads done
Event: 49.867 Executing VM operation: HandshakeAllThreads
Event: 49.876 Executing VM operation: HandshakeAllThreads done
Event: 50.881 Executing VM operation: Cleanup
Event: 50.881 Executing VM operation: Cleanup done
Event: 53.918 Executing VM operation: Cleanup
Event: 53.919 Executing VM operation: Cleanup done
Event: 56.950 Executing VM operation: Cleanup
Event: 56.950 Executing VM operation: Cleanup done
Event: 69.075 Executing VM operation: Cleanup
Event: 69.075 Executing VM operation: Cleanup done
Event: 110.454 Executing VM operation: Cleanup
Event: 110.455 Executing VM operation: Cleanup done

Events (20 events):
Event: 52.975 Thread 0x0000017b04021060 Thread exited: 0x0000017b04021060
Event: 52.980 Thread 0x0000017b0a9a5ef0 Thread exited: 0x0000017b0a9a5ef0
Event: 109.138 Thread 0x0000017b0dca9ee0 Thread exited: 0x0000017b0dca9ee0
Event: 110.006 Thread 0x0000017b02870ad0 Thread exited: 0x0000017b02870ad0
Event: 110.100 Thread 0x0000017b014b1cf0 Thread exited: 0x0000017b014b1cf0
Event: 123.594 Thread 0x0000017b0c453850 Thread added: 0x0000017b0c453850
Event: 123.594 Thread 0x0000017b0c8ac550 Thread added: 0x0000017b0c8ac550
Event: 123.598 Thread 0x0000017b0a78e530 Thread added: 0x0000017b0a78e530
Event: 123.601 Thread 0x0000017b0a78db90 Thread added: 0x0000017b0a78db90
Event: 123.603 Thread 0x0000017b0c4541f0 Thread added: 0x0000017b0c4541f0
Event: 123.604 Thread 0x0000017b0c454b90 Thread added: 0x0000017b0c454b90
Event: 123.604 Thread 0x0000017b033a41b0 Thread added: 0x0000017b033a41b0
Event: 123.610 Thread 0x0000017b033a4680 Thread added: 0x0000017b033a4680
Event: 123.621 Thread 0x0000017b0bd19170 Thread added: 0x0000017b0bd19170
Event: 123.621 Thread 0x0000017b0bd1a5b0 Thread added: 0x0000017b0bd1a5b0
Event: 123.624 Thread 0x0000017b033a4b50 Thread added: 0x0000017b033a4b50
Event: 123.627 Thread 0x0000017b033a24d0 Thread added: 0x0000017b033a24d0
Event: 123.630 Thread 0x0000017b033a5020 Thread added: 0x0000017b033a5020
Event: 123.640 Thread 0x0000017b05c8deb0 Thread added: 0x0000017b05c8deb0
Event: 123.666 Thread 0x0000017b05c8b360 Thread added: 0x0000017b05c8b360


Dynamic libraries:
0x00007ff6aa360000 - 0x00007ff6aa36a000 	D:\android studio\jbr\bin\java.exe
0x00007ffa210b0000 - 0x00007ffa212c7000 	C:\WINDOWS\SYSTEM32\ntdll.dll
0x00007ffa20580000 - 0x00007ffa20644000 	C:\WINDOWS\System32\KERNEL32.DLL
0x00007ffa1e4a0000 - 0x00007ffa1e846000 	C:\WINDOWS\System32\KERNELBASE.dll
0x00007ffa1eb90000 - 0x00007ffa1eca1000 	C:\WINDOWS\System32\ucrtbase.dll
0x00007ffa014f0000 - 0x00007ffa01507000 	D:\android studio\jbr\bin\jli.dll
0x00007ffa19f80000 - 0x00007ffa19f9b000 	D:\android studio\jbr\bin\VCRUNTIME140.dll
0x00007ffa1f280000 - 0x00007ffa1f42d000 	C:\WINDOWS\System32\USER32.dll
0x00007ffa1e9f0000 - 0x00007ffa1ea16000 	C:\WINDOWS\System32\win32u.dll
0x00007ffa02e80000 - 0x00007ffa03113000 	C:\WINDOWS\WinSxS\amd64_microsoft.windows.common-controls_6595b64144ccf1df_6.0.22621.2361_none_2712ced57382f843\COMCTL32.dll
0x00007ffa20d80000 - 0x00007ffa20da9000 	C:\WINDOWS\System32\GDI32.dll
0x00007ffa20cd0000 - 0x00007ffa20d77000 	C:\WINDOWS\System32\msvcrt.dll
0x00007ffa1e8d0000 - 0x00007ffa1e9e8000 	C:\WINDOWS\System32\gdi32full.dll
0x00007ffa1ecb0000 - 0x00007ffa1ed4a000 	C:\WINDOWS\System32\msvcp_win.dll
0x00007ffa20490000 - 0x00007ffa204c1000 	C:\WINDOWS\System32\IMM32.DLL
0x00007ffa19f70000 - 0x00007ffa19f7c000 	D:\android studio\jbr\bin\vcruntime140_1.dll
0x00007ff9e9220000 - 0x00007ff9e92ad000 	D:\android studio\jbr\bin\msvcp140.dll
0x00007ff9842d0000 - 0x00007ff984f3e000 	D:\android studio\jbr\bin\server\jvm.dll
0x00007ffa204d0000 - 0x00007ffa20580000 	C:\WINDOWS\System32\ADVAPI32.dll
0x00007ffa209e0000 - 0x00007ffa20a86000 	C:\WINDOWS\System32\sechost.dll
0x00007ffa201b0000 - 0x00007ffa202c7000 	C:\WINDOWS\System32\RPCRT4.dll
0x00007ffa033d0000 - 0x00007ffa033d9000 	C:\WINDOWS\SYSTEM32\WSOCK32.dll
0x00007ffa17680000 - 0x00007ffa176b4000 	C:\WINDOWS\SYSTEM32\WINMM.dll
0x00007ffa18370000 - 0x00007ffa1837a000 	C:\WINDOWS\SYSTEM32\VERSION.dll
0x00007ffa20db0000 - 0x00007ffa20e21000 	C:\WINDOWS\System32\WS2_32.dll
0x00007ffa1d470000 - 0x00007ffa1d488000 	C:\WINDOWS\SYSTEM32\kernel.appcore.dll
0x00007ffa18ec0000 - 0x00007ffa18eca000 	D:\android studio\jbr\bin\jimage.dll
0x00007ffa1bd80000 - 0x00007ffa1bfae000 	C:\WINDOWS\SYSTEM32\DBGHELP.DLL
0x00007ffa20650000 - 0x00007ffa209da000 	C:\WINDOWS\System32\combase.dll
0x00007ffa20e30000 - 0x00007ffa20f07000 	C:\WINDOWS\System32\OLEAUT32.dll
0x00007ffa02780000 - 0x00007ffa027b2000 	C:\WINDOWS\SYSTEM32\dbgcore.DLL
0x00007ffa1e850000 - 0x00007ffa1e8ca000 	C:\WINDOWS\System32\bcryptPrimitives.dll
0x00007ffa17b70000 - 0x00007ffa17b95000 	D:\android studio\jbr\bin\java.dll
0x00007ffa06af0000 - 0x00007ffa06b08000 	D:\android studio\jbr\bin\zip.dll
0x00007ffa1f4b0000 - 0x00007ffa1fd08000 	C:\WINDOWS\System32\SHELL32.dll
0x00007ffa1c390000 - 0x00007ffa1cc82000 	C:\WINDOWS\SYSTEM32\windows.storage.dll
0x00007ffa1c250000 - 0x00007ffa1c38e000 	C:\WINDOWS\SYSTEM32\wintypes.dll
0x00007ffa20f70000 - 0x00007ffa21063000 	C:\WINDOWS\System32\SHCORE.dll
0x00007ffa20f10000 - 0x00007ffa20f6e000 	C:\WINDOWS\System32\shlwapi.dll
0x00007ffa1e360000 - 0x00007ffa1e386000 	C:\WINDOWS\SYSTEM32\profapi.dll
0x00007ffa05e30000 - 0x00007ffa05e49000 	D:\android studio\jbr\bin\net.dll
0x00007ffa17950000 - 0x00007ffa17a87000 	C:\WINDOWS\SYSTEM32\WINHTTP.dll
0x00007ffa1d8f0000 - 0x00007ffa1d959000 	C:\WINDOWS\system32\mswsock.dll
0x00007ffa05e10000 - 0x00007ffa05e26000 	D:\android studio\jbr\bin\nio.dll
0x00007ffa18eb0000 - 0x00007ffa18ec0000 	D:\android studio\jbr\bin\verify.dll
0x00007ff9e8ae0000 - 0x00007ff9e8b07000 	C:\Users\hachem safae\.gradle\native\e1d6ef7f7dcc3fd88c89a11ec53ec762bb8ba0a96d01ffa2cd45eb1d1d8dd5c5\windows-amd64\native-platform.dll
0x00007ff9c2ca0000 - 0x00007ff9c2de4000 	C:\Users\hachem safae\.gradle\native\5664cfc778a61ccfe75a443a1ab52a65af34e5dc3c78e0209fed803814484fcb\windows-amd64\native-platform-file-events.dll
0x00007ffa06ae0000 - 0x00007ffa06ae9000 	D:\android studio\jbr\bin\management.dll
0x00007ffa068d0000 - 0x00007ffa068db000 	D:\android studio\jbr\bin\management_ext.dll
0x00007ffa20bf0000 - 0x00007ffa20bf8000 	C:\WINDOWS\System32\PSAPI.DLL
0x00007ffa1db40000 - 0x00007ffa1db5b000 	C:\WINDOWS\SYSTEM32\CRYPTSP.dll
0x00007ffa1d3d0000 - 0x00007ffa1d405000 	C:\WINDOWS\system32\rsaenh.dll
0x00007ffa1d9e0000 - 0x00007ffa1da0c000 	C:\WINDOWS\SYSTEM32\USERENV.dll
0x00007ffa1dd00000 - 0x00007ffa1dd28000 	C:\WINDOWS\SYSTEM32\bcrypt.dll
0x00007ffa1db60000 - 0x00007ffa1db6c000 	C:\WINDOWS\SYSTEM32\CRYPTBASE.dll
0x00007ffa1cef0000 - 0x00007ffa1cf1d000 	C:\WINDOWS\SYSTEM32\IPHLPAPI.DLL
0x00007ffa201a0000 - 0x00007ffa201a9000 	C:\WINDOWS\System32\NSI.dll
0x00007ffa17660000 - 0x00007ffa17679000 	C:\WINDOWS\SYSTEM32\dhcpcsvc6.DLL
0x00007ffa17640000 - 0x00007ffa1765f000 	C:\WINDOWS\SYSTEM32\dhcpcsvc.DLL
0x00007ffa1cf60000 - 0x00007ffa1d059000 	C:\WINDOWS\SYSTEM32\DNSAPI.dll
0x00007ffa05e00000 - 0x00007ffa05e08000 	C:\WINDOWS\system32\wshunix.dll
0x00007ff9fd170000 - 0x00007ff9fd187000 	C:\WINDOWS\system32\napinsp.dll
0x00007ff9fd0f0000 - 0x00007ff9fd10b000 	C:\WINDOWS\system32\pnrpnsp.dll
0x00007ffa04830000 - 0x00007ffa04841000 	C:\WINDOWS\System32\winrnr.dll
0x00007ffa04810000 - 0x00007ffa04825000 	C:\WINDOWS\system32\wshbth.dll
0x00007ffa047e0000 - 0x00007ffa04801000 	C:\WINDOWS\system32\nlansp_c.dll
0x00007ffa14060000 - 0x00007ffa1406a000 	C:\Windows\System32\rasadhlp.dll
0x00007ffa16c20000 - 0x00007ffa16ca4000 	C:\WINDOWS\System32\fwpuclnt.dll

dbghelp: loaded successfully - version: 4.0.5 - missing functions: none
symbol engine: initialized successfully - sym options: 0x614 - pdb path: .;D:\android studio\jbr\bin;C:\WINDOWS\SYSTEM32;C:\WINDOWS\WinSxS\amd64_microsoft.windows.common-controls_6595b64144ccf1df_6.0.22621.2361_none_2712ced57382f843;D:\android studio\jbr\bin\server;C:\Users\hachem safae\.gradle\native\e1d6ef7f7dcc3fd88c89a11ec53ec762bb8ba0a96d01ffa2cd45eb1d1d8dd5c5\windows-amd64;C:\Users\hachem safae\.gradle\native\5664cfc778a61ccfe75a443a1ab52a65af34e5dc3c78e0209fed803814484fcb\windows-amd64

VM Arguments:
jvm_args: --add-opens=java.base/java.util=ALL-UNNAMED --add-opens=java.base/java.lang=ALL-UNNAMED --add-opens=java.base/java.lang.invoke=ALL-UNNAMED --add-opens=java.base/java.util=ALL-UNNAMED --add-opens=java.prefs/java.util.prefs=ALL-UNNAMED --add-opens=java.prefs/java.util.prefs=ALL-UNNAMED --add-opens=java.base/java.nio.charset=ALL-UNNAMED --add-opens=java.base/java.net=ALL-UNNAMED --add-opens=java.base/java.util.concurrent.atomic=ALL-UNNAMED -Xmx2048m -Dfile.encoding=UTF-8 -Duser.country=FR -Duser.language=fr -Duser.variant 
java_command: org.gradle.launcher.daemon.bootstrap.GradleDaemon 7.3.3
java_class_path (initial): C:\Users\hachem safae\.gradle\wrapper\dists\gradle-7.3.3-bin\6a41zxkdtcxs8rphpq6y0069z\gradle-7.3.3\lib\gradle-launcher-7.3.3.jar
Launcher Type: SUN_STANDARD

[Global flags]
     intx CICompilerCount                          = 4                                         {product} {ergonomic}
     uint ConcGCThreads                            = 2                                         {product} {ergonomic}
     uint G1ConcRefinementThreads                  = 8                                         {product} {ergonomic}
   size_t G1HeapRegionSize                         = 1048576                                   {product} {ergonomic}
    uintx GCDrainStackTargetSize                   = 64                                        {product} {ergonomic}
   size_t InitialHeapSize                          = 266338304                                 {product} {ergonomic}
   size_t MarkStackSize                            = 4194304                                   {product} {ergonomic}
   size_t MaxHeapSize                              = 2147483648                                {product} {command line}
   size_t MaxNewSize                               = 1287651328                                {product} {ergonomic}
   size_t MinHeapDeltaBytes                        = 1048576                                   {product} {ergonomic}
   size_t MinHeapSize                              = 8388608                                   {product} {ergonomic}
    uintx NonNMethodCodeHeapSize                   = 5839372                                {pd product} {ergonomic}
    uintx NonProfiledCodeHeapSize                  = 122909434                              {pd product} {ergonomic}
    uintx ProfiledCodeHeapSize                     = 122909434                              {pd product} {ergonomic}
    uintx ReservedCodeCacheSize                    = 251658240                              {pd product} {ergonomic}
     bool SegmentedCodeCache                       = true                                      {product} {ergonomic}
   size_t SoftMaxHeapSize                          = 2147483648                             {manageable} {ergonomic}
     bool UseCompressedClassPointers               = true                           {product lp64_product} {ergonomic}
     bool UseCompressedOops                        = true                           {product lp64_product} {ergonomic}
     bool UseG1GC                                  = true                                      {product} {ergonomic}
     bool UseLargePagesIndividualAllocation        = false                                  {pd product} {ergonomic}

Logging:
Log output configuration:
 #0: stdout all=warning uptime,level,tags
 #1: stderr all=off uptime,level,tags

Environment Variables:
JAVA_HOME=C:\Program Files\Java\jdk-11
PATH=C:\Program Files (x86)\Common Files\Oracle\Java\javapath;C:\Program Files (x86)\VMware\VMware Workstation\bin\;D:\oraclexe\app\oracle\product\11.2.0\server\bin;C:\Program Files\Common Files\Oracle\Java\javapath;C:\WINDOWS\system32;C:\WINDOWS;C:\WINDOWS\System32\Wbem;C:\WINDOWS\System32\WindowsPowerShell\v1.0\;C:\WINDOWS\System32\OpenSSH\;c:\Program Files (x86)\Microsoft SQL Server\100\Tools\Binn\;c:\Program Files\Microsoft SQL Server\100\Tools\Binn\;c:\Program Files\Microsoft SQL Server\100\DTS\Binn\;C:\Program Files\Java\jdk-11\bin;C:\Program Files\Java\jdk-19\bin;C:\Program Files\Common Files\Oracle\Java\javapath;C:\ProgramData\ComposerSetup\bin;D:\XAAMP\php\php.exe;D:\xamp\php;C:\Program Files\wkhtmltopdf\bin;D:\node;C:\Program Files\Git\cmd;C:\Program Files\nodejs\;C:\Program Files\MongoDB\Server\6.0\bin;D:\XAAMP\php;C:\Users\hachem safae\AppData\Local\Programs\Python\Python310\Scripts\;C:\Users\hachem safae\AppData\Local\Programs\Python\Python310\;C:\Program Files\MySQL\MySQL Shell 8.0\bin\;C:\Users\hachem safae\AppData\Local\Microsoft\WindowsApps;C:\Users\hachem safae\AppData\Roaming\Dashlane\6.2007.0.32704\bin\Firefox_Extension\{442718d9-475e-452a-b3e1-fb1ee16b8e9f}\components;C:\Users\hachem safae\AppData\Roaming\Dashlane\6.2007.0.32704\ucrt;C:\Users\hachem safae\AppData\Roaming\Dashlane\6.2007.0.32704\bin\Qt;C:\Users\hachem safae\AppData\Roaming\Dashlane\6.2007.0.32704\bin\Ssl;C:\Program Files\JetBrains\IntelliJ IDEA Community Edition 2020.2.2\bin;C:\Users\hachem safae\AppData\Local\Microsoft\WindowsApps;C:\Users\hachem safae\AppData\Local\Programs\Microsoft VS Code\bin;C:\Program Files\IntelliJ IDEA Community Edition 2022.3.2\bin;;C:\Users\hachem safae\AppData\Local\ComposerSetup\bin;C:\Users\hachem safae\AppData\Roaming\Composer\vendor\bin;C:\Users\hachem safae\AppData\Roaming\npm;D:\android2\platform-tools;D:\XAAMP\php;C:\wamp64\bin\php\php5.6.40;
USERNAME=hachem safae
OS=Windows_NT
PROCESSOR_IDENTIFIER=Intel64 Family 6 Model 142 Stepping 12, GenuineIntel
TMP=C:\Users\HACHEM~1\AppData\Local\Temp
TEMP=C:\Users\HACHEM~1\AppData\Local\Temp


JNI global refs:
JNI global refs: 30, weak refs: 17

JNI global refs memory usage: 843, weak refs: 841


---------------  S Y S T E M  ---------------

OS:
 Windows 11 , 64 bit Build 22621 (10.0.22621.2428)
OS uptime: 0 days 3:05 hours

CPU: total 8 (initial active 8) (4 cores per cpu, 2 threads per core) family 6 model 142 stepping 12 microcode 0xf6, cx8, cmov, fxsr, ht, mmx, 3dnowpref, sse, sse2, sse3, ssse3, sse4.1, sse4.2, popcnt, lzcnt, tsc, tscinvbit, avx, avx2, aes, erms, clmul, bmi1, bmi2, adx, fma, vzeroupper, clflush, clflushopt

Memory: 4k page, system-wide physical 16194M (2721M free)
TotalPageFile size 18242M (AvailPageFile size 5M)
current process WorkingSet (physical memory assigned to process): 595M, peak: 639M
current process commit charge ("private bytes"): 626M, peak: 673M

vm_info: OpenJDK 64-Bit Server VM (17.0.6+0-b2043.56-10027231) for windows-amd64 JRE (17.0.6+0-b2043.56-10027231), built on Apr 28 2023 00:43:19 by "androidbuild" with MS VC++ 16.10 / 16.11 (VS2019)

END.
