#
# There is insufficient memory for the Java Runtime Environment to continue.
# Native memory allocation (mmap) failed to map 397410304 bytes for G1 virtual space
# Possible reasons:
#   The system is out of physical RAM or swap space
#   The process is running with CompressedOops enabled, and the Java Heap may be blocking the growth of the native heap
# Possible solutions:
#   Reduce memory load on the system
#   Increase physical memory or swap space
#   Check if swap backing store is full
#   Decrease Java heap size (-Xmx/-Xms)
#   Decrease number of Java threads
#   Decrease Java thread stack sizes (-Xss)
#   Set larger code cache with -XX:ReservedCodeCacheSize=
#   JVM is running with Unscaled Compressed Oops mode in which the Java heap is
#     placed in the first 4GB address space. The Java Heap base address is the
#     maximum limit for the native heap growth. Please use -XX:HeapBaseMinAddress
#     to set the Java Heap base and to place the Java Heap above 4GB virtual address.
# This output file may be truncated or incomplete.
#
#  Out of Memory Error (os_windows.cpp:3769), pid=9760, tid=16436
#
# JRE version: OpenJDK Runtime Environment (17.0.6) (build 17.0.6+0-b2043.56-10027231)
# Java VM: OpenJDK 64-Bit Server VM (17.0.6+0-b2043.56-10027231, mixed mode, tiered, compressed oops, compressed class ptrs, g1 gc, windows-amd64)
# No core dump will be written. Minidumps are not enabled by default on client versions of Windows
#

---------------  S U M M A R Y ------------

Command Line: --add-opens=java.base/java.util=ALL-UNNAMED --add-opens=java.base/java.lang=ALL-UNNAMED --add-opens=java.base/java.lang.invoke=ALL-UNNAMED --add-opens=java.base/java.util=ALL-UNNAMED --add-opens=java.prefs/java.util.prefs=ALL-UNNAMED --add-opens=java.prefs/java.util.prefs=ALL-UNNAMED --add-opens=java.base/java.nio.charset=ALL-UNNAMED --add-opens=java.base/java.net=ALL-UNNAMED --add-opens=java.base/java.util.concurrent.atomic=ALL-UNNAMED -Xmx2048m -Dfile.encoding=UTF-8 -Duser.country=FR -Duser.language=fr -Duser.variant org.gradle.launcher.daemon.bootstrap.GradleDaemon 7.3.3

Host: Intel(R) Core(TM) i7-8565U CPU @ 1.80GHz, 8 cores, 15G,  Windows 11 , 64 bit Build 22621 (10.0.22621.2428)
Time: Mon Oct 16 20:41:31 2023 Maroc (heure d64 bit Build 22621 (10.0.22621.2428) elapsed time: 12.852339 seconds (0d 0h 0m 12s)

---------------  T H R E A D  ---------------

Current thread (0x0000027442450ee0):  VMThread "VM Thread" [stack: 0x000000943f600000,0x000000943f700000] [id=16436]

Stack: [0x000000943f600000,0x000000943f700000]
Native frames: (J=compiled Java code, j=interpreted, Vv=VM code, C=native code)
V  [jvm.dll+0x683c9a]
V  [jvm.dll+0x8427a4]
V  [jvm.dll+0x843f9e]
V  [jvm.dll+0x844603]
V  [jvm.dll+0x249b75]
V  [jvm.dll+0x680b69]
V  [jvm.dll+0x67505a]
V  [jvm.dll+0x309acb]
V  [jvm.dll+0x310f86]
V  [jvm.dll+0x3608ee]
V  [jvm.dll+0x360b1f]
V  [jvm.dll+0x2dfbf8]
V  [jvm.dll+0x2ddec4]
V  [jvm.dll+0x2dd4cc]
V  [jvm.dll+0x321f3b]
V  [jvm.dll+0x848ccb]
V  [jvm.dll+0x849a04]
V  [jvm.dll+0x849f1d]
V  [jvm.dll+0x84a2f4]
V  [jvm.dll+0x84a3c0]
V  [jvm.dll+0x7f274a]
V  [jvm.dll+0x682ad5]
C  [ucrtbase.dll+0x29363]
C  [KERNEL32.DLL+0x1257d]
C  [ntdll.dll+0x5aa78]

VM_Operation (0x00000094460f9e10): G1CollectForAllocation, mode: safepoint, requested by thread 0x0000027447b1cb10


---------------  P R O C E S S  ---------------

Threads class SMR info:
_java_thread_list=0x0000027444cc4d90, length=137, elements={
0x0000027427a3fad0, 0x000002744246f280, 0x000002744246fc40, 0x00000274424ac760,
0x00000274424ad220, 0x00000274424adcd0, 0x00000274424bc990, 0x00000274424bd580,
0x00000274424be140, 0x00000274424c0270, 0x000002744263e7e0, 0x000002744264dd70,
0x0000027442870dc0, 0x0000027443a32800, 0x0000027443f92e50, 0x0000027444dee060,
0x0000027445175140, 0x000002744482b3e0, 0x0000027443a40840, 0x0000027445a67ed0,
0x000002744271c240, 0x000002744271c710, 0x000002744271b3d0, 0x000002744271b8a0,
0x000002744271bd70, 0x0000027445713090, 0x0000027444dce690, 0x0000027445715be0,
0x0000027445713f00, 0x0000027445711d50, 0x00000274457143d0, 0x0000027445710540,
0x00000274457173f0, 0x0000027445716f20, 0x0000027445712bc0, 0x0000027445713560,
0x00000274457178c0, 0x00000274457126f0, 0x00000274457148a0, 0x0000027445710070,
0x0000027445714d70, 0x0000027445715240, 0x0000027445716580, 0x0000027445716a50,
0x0000027449b9ff10, 0x0000027449b9b6e0, 0x0000027449ba03e0, 0x0000027449b9f570,
0x0000027449b9ad40, 0x0000027449b9f0a0, 0x0000027449b9d890, 0x0000027449b9b210,
0x0000027449b9bbb0, 0x0000027449b9fa40, 0x0000027449b9cef0, 0x0000027449ba08b0,
0x0000027449b99060, 0x0000027449b99530, 0x0000027449b99a00, 0x0000027449b99ed0,
0x0000027449b9a3a0, 0x0000027449b9dd60, 0x0000027449b9c550, 0x0000027449b9a870,
0x0000027449b9e230, 0x0000027449b9e700, 0x0000027449b9c080, 0x0000027449b9d3c0,
0x0000027449b9ca20, 0x0000027449b9ebd0, 0x0000027447a561b0, 0x0000027447a56b50,
0x0000027447a53190, 0x0000027447a52320, 0x0000027447a55ce0, 0x0000027447a53660,
0x0000027447a55810, 0x0000027447a56680, 0x0000027447a53b30, 0x0000027447a50b10,
0x0000027447a57020, 0x0000027447a574f0, 0x0000027447a57e90, 0x0000027447a55340,
0x0000027447a579c0, 0x0000027447a527f0, 0x0000027447a544d0, 0x0000027447a50640,
0x0000027447a549a0, 0x0000027447a50fe0, 0x0000027447a52cc0, 0x0000027447a514b0,
0x0000027447a51980, 0x0000027447a51e50, 0x0000027447a54000, 0x0000027447a54e70,
0x0000027447b1cb10, 0x0000027447b1cfe0, 0x0000027447b1d4b0, 0x0000027447b1c640,
0x0000027447b1d980, 0x0000027447b1de50, 0x0000027447b1bca0, 0x0000027447b1a490,
0x0000027447b1b7d0, 0x0000027447b1a960, 0x0000027447b1ae30, 0x0000027447b1b300,
0x0000027447b1c170, 0x0000027448566310, 0x00000274485654a0, 0x0000027448564b00,
0x00000274485667e0, 0x00000274485637c0, 0x0000027448563c90, 0x0000027448564fd0,
0x0000027448566cb0, 0x0000027448565970, 0x0000027448564630, 0x0000027448567180,
0x0000027448564160, 0x0000027448565e40, 0x0000027449b74900, 0x0000027449b74dd0,
0x0000027449b765e0, 0x0000027449b76110, 0x0000027449b79600, 0x0000027449b77920,
0x0000027449b74430, 0x0000027449b72c20, 0x0000027449b752a0, 0x0000027449b75770,
0x0000027449b77450, 0x0000027449b71db0, 0x000002744271af00, 0x000002744c1fb6e0,
0x000002744c1f9060
}

Java Threads: ( => current thread )
  0x0000027427a3fad0 JavaThread "main" [_thread_blocked, id=9168, stack(0x000000943f000000,0x000000943f100000)]
  0x000002744246f280 JavaThread "Reference Handler" daemon [_thread_blocked, id=7568, stack(0x000000943f700000,0x000000943f800000)]
  0x000002744246fc40 JavaThread "Finalizer" daemon [_thread_blocked, id=19264, stack(0x000000943f800000,0x000000943f900000)]
  0x00000274424ac760 JavaThread "Signal Dispatcher" daemon [_thread_blocked, id=4620, stack(0x000000943f900000,0x000000943fa00000)]
  0x00000274424ad220 JavaThread "Attach Listener" daemon [_thread_blocked, id=15488, stack(0x000000943fa00000,0x000000943fb00000)]
  0x00000274424adcd0 JavaThread "Service Thread" daemon [_thread_blocked, id=1680, stack(0x000000943fb00000,0x000000943fc00000)]
  0x00000274424bc990 JavaThread "Monitor Deflation Thread" daemon [_thread_blocked, id=21152, stack(0x000000943fc00000,0x000000943fd00000)]
  0x00000274424bd580 JavaThread "C2 CompilerThread0" daemon [_thread_blocked, id=18816, stack(0x000000943fd00000,0x000000943fe00000)]
  0x00000274424be140 JavaThread "C1 CompilerThread0" daemon [_thread_blocked, id=21472, stack(0x000000943fe00000,0x000000943ff00000)]
  0x00000274424c0270 JavaThread "Sweeper thread" daemon [_thread_blocked, id=16904, stack(0x000000943ff00000,0x0000009440000000)]
  0x000002744263e7e0 JavaThread "Common-Cleaner" daemon [_thread_blocked, id=15212, stack(0x0000009440000000,0x0000009440100000)]
  0x000002744264dd70 JavaThread "Notification Thread" daemon [_thread_blocked, id=20708, stack(0x0000009440100000,0x0000009440200000)]
  0x0000027442870dc0 JavaThread "C2 CompilerThread1" daemon [_thread_blocked, id=10860, stack(0x0000009440300000,0x0000009440400000)]
  0x0000027443a32800 JavaThread "Daemon health stats" [_thread_blocked, id=3728, stack(0x0000009440a00000,0x0000009440b00000)]
  0x0000027443f92e50 JavaThread "Incoming local TCP Connector on port 53354" [_thread_in_native, id=20740, stack(0x0000009440900000,0x0000009440a00000)]
  0x0000027444dee060 JavaThread "Daemon periodic checks" [_thread_blocked, id=20200, stack(0x0000009440b00000,0x0000009440c00000)]
  0x0000027445175140 JavaThread "Daemon" [_thread_blocked, id=18764, stack(0x0000009440c00000,0x0000009440d00000)]
  0x000002744482b3e0 JavaThread "Handler for socket connection from /127.0.0.1:53354 to /127.0.0.1:53355" [_thread_in_native, id=20120, stack(0x0000009440d00000,0x0000009440e00000)]
  0x0000027443a40840 JavaThread "Cancel handler" [_thread_blocked, id=692, stack(0x0000009440e00000,0x0000009440f00000)]
  0x0000027445a67ed0 JavaThread "Daemon worker" [_thread_blocked, id=8992, stack(0x0000009440f00000,0x0000009441000000)]
  0x000002744271c240 JavaThread "Asynchronous log dispatcher for DefaultDaemonConnection: socket connection from /127.0.0.1:53354 to /127.0.0.1:53355" [_thread_blocked, id=11540, stack(0x0000009441000000,0x0000009441100000)]
  0x000002744271c710 JavaThread "Stdin handler" [_thread_blocked, id=8300, stack(0x0000009441100000,0x0000009441200000)]
  0x000002744271b3d0 JavaThread "Daemon client event forwarder" [_thread_blocked, id=16344, stack(0x0000009441200000,0x0000009441300000)]
  0x000002744271b8a0 JavaThread "Cache worker for journal cache (C:\Users\hachem safae\.gradle\caches\journal-1)" [_thread_blocked, id=7616, stack(0x0000009441300000,0x0000009441400000)]
  0x000002744271bd70 JavaThread "File lock request listener" [_thread_in_native, id=9956, stack(0x0000009441400000,0x0000009441500000)]
  0x0000027445713090 JavaThread "Cache worker for file hash cache (C:\Users\hachem safae\.gradle\caches\7.3.3\fileHashes)" [_thread_blocked, id=11608, stack(0x0000009441800000,0x0000009441900000)]
  0x0000027444dce690 JavaThread "C2 CompilerThread2" daemon [_thread_blocked, id=15296, stack(0x0000009441900000,0x0000009441a00000)]
  0x0000027445715be0 JavaThread "Cache worker for file hash cache (C:\Users\hachem safae\Downloads\List3\.gradle\7.3.3\fileHashes)" [_thread_blocked, id=2016, stack(0x0000009441a00000,0x0000009441b00000)]
  0x0000027445713f00 JavaThread "File watcher server" daemon [_thread_blocked, id=6412, stack(0x0000009441b00000,0x0000009441c00000)]
  0x0000027445711d50 JavaThread "File watcher consumer" daemon [_thread_blocked, id=12484, stack(0x0000009441c00000,0x0000009441d00000)]
  0x00000274457143d0 JavaThread "Cache worker for checksums cache (C:\Users\hachem safae\Downloads\List3\.gradle\7.3.3\checksums)" [_thread_blocked, id=18316, stack(0x0000009441d00000,0x0000009441e00000)]
  0x0000027445710540 JavaThread "Cache worker for cache directory md-supplier (C:\Users\hachem safae\.gradle\caches\7.3.3\md-supplier)" [_thread_blocked, id=14620, stack(0x0000009441e00000,0x0000009441f00000)]
  0x00000274457173f0 JavaThread "Cache worker for cache directory md-rule (C:\Users\hachem safae\.gradle\caches\7.3.3\md-rule)" [_thread_blocked, id=18228, stack(0x0000009441f00000,0x0000009442000000)]
  0x0000027445716f20 JavaThread "Cache worker for execution history cache (C:\Users\hachem safae\.gradle\caches\7.3.3\executionHistory)" [_thread_blocked, id=21292, stack(0x0000009442000000,0x0000009442100000)]
  0x0000027445712bc0 JavaThread "jar transforms" [_thread_blocked, id=15340, stack(0x0000009442100000,0x0000009442200000)]
  0x0000027445713560 JavaThread "jar transforms Thread 2" [_thread_blocked, id=9436, stack(0x0000009442200000,0x0000009442300000)]
  0x00000274457178c0 JavaThread "Cache worker for file content cache (C:\Users\hachem safae\.gradle\caches\7.3.3\fileContent)" [_thread_blocked, id=18852, stack(0x0000009442400000,0x0000009442500000)]
  0x00000274457126f0 JavaThread "jar transforms Thread 3" [_thread_blocked, id=17456, stack(0x0000009442500000,0x0000009442600000)]
  0x00000274457148a0 JavaThread "jar transforms Thread 4" [_thread_blocked, id=18232, stack(0x0000009442600000,0x0000009442700000)]
  0x0000027445710070 JavaThread "Cache worker for dependencies-accessors (C:\Users\hachem safae\Downloads\List3\.gradle\7.3.3\dependencies-accessors)" [_thread_blocked, id=16752, stack(0x0000009442700000,0x0000009442800000)]
  0x0000027445714d70 JavaThread "jar transforms Thread 5" [_thread_blocked, id=17564, stack(0x0000009442800000,0x0000009442900000)]
  0x0000027445715240 JavaThread "Cache worker for Build Output Cleanup Cache (C:\Users\hachem safae\Downloads\List3\.gradle\buildOutputCleanup)" [_thread_blocked, id=21444, stack(0x0000009442900000,0x0000009442a00000)]
  0x0000027445716580 JavaThread "Unconstrained build operations" [_thread_blocked, id=1600, stack(0x0000009442a00000,0x0000009442b00000)]
  0x0000027445716a50 JavaThread "Unconstrained build operations Thread 2" [_thread_blocked, id=14432, stack(0x0000009442b00000,0x0000009442c00000)]
  0x0000027449b9ff10 JavaThread "Unconstrained build operations Thread 3" [_thread_blocked, id=20536, stack(0x0000009442c00000,0x0000009442d00000)]
  0x0000027449b9b6e0 JavaThread "Unconstrained build operations Thread 4" [_thread_blocked, id=21204, stack(0x0000009442d00000,0x0000009442e00000)]
  0x0000027449ba03e0 JavaThread "Unconstrained build operations Thread 5" [_thread_blocked, id=19728, stack(0x0000009442e00000,0x0000009442f00000)]
  0x0000027449b9f570 JavaThread "Unconstrained build operations Thread 6" [_thread_blocked, id=19380, stack(0x0000009442f00000,0x0000009443000000)]
  0x0000027449b9ad40 JavaThread "Unconstrained build operations Thread 7" [_thread_blocked, id=5812, stack(0x0000009443000000,0x0000009443100000)]
  0x0000027449b9f0a0 JavaThread "Unconstrained build operations Thread 8" [_thread_blocked, id=18508, stack(0x0000009443100000,0x0000009443200000)]
  0x0000027449b9d890 JavaThread "Unconstrained build operations Thread 9" [_thread_blocked, id=16616, stack(0x0000009443200000,0x0000009443300000)]
  0x0000027449b9b210 JavaThread "Unconstrained build operations Thread 10" [_thread_blocked, id=11924, stack(0x0000009443300000,0x0000009443400000)]
  0x0000027449b9bbb0 JavaThread "Unconstrained build operations Thread 11" [_thread_blocked, id=20008, stack(0x0000009443400000,0x0000009443500000)]
  0x0000027449b9fa40 JavaThread "Unconstrained build operations Thread 12" [_thread_blocked, id=20040, stack(0x0000009443500000,0x0000009443600000)]
  0x0000027449b9cef0 JavaThread "Unconstrained build operations Thread 13" [_thread_blocked, id=12280, stack(0x0000009443600000,0x0000009443700000)]
  0x0000027449ba08b0 JavaThread "Unconstrained build operations Thread 14" [_thread_blocked, id=10940, stack(0x0000009443700000,0x0000009443800000)]
  0x0000027449b99060 JavaThread "Unconstrained build operations Thread 15" [_thread_blocked, id=19268, stack(0x0000009443800000,0x0000009443900000)]
  0x0000027449b99530 JavaThread "Unconstrained build operations Thread 16" [_thread_blocked, id=20920, stack(0x0000009443900000,0x0000009443a00000)]
  0x0000027449b99a00 JavaThread "Unconstrained build operations Thread 17" [_thread_blocked, id=20384, stack(0x0000009443a00000,0x0000009443b00000)]
  0x0000027449b99ed0 JavaThread "Unconstrained build operations Thread 18" [_thread_blocked, id=6128, stack(0x0000009443b00000,0x0000009443c00000)]
  0x0000027449b9a3a0 JavaThread "Unconstrained build operations Thread 19" [_thread_blocked, id=19732, stack(0x0000009443c00000,0x0000009443d00000)]
  0x0000027449b9dd60 JavaThread "Unconstrained build operations Thread 20" [_thread_blocked, id=6148, stack(0x0000009443d00000,0x0000009443e00000)]
  0x0000027449b9c550 JavaThread "Unconstrained build operations Thread 21" [_thread_blocked, id=20748, stack(0x0000009443e00000,0x0000009443f00000)]
  0x0000027449b9a870 JavaThread "Unconstrained build operations Thread 22" [_thread_blocked, id=20044, stack(0x0000009443f00000,0x0000009444000000)]
  0x0000027449b9e230 JavaThread "Unconstrained build operations Thread 23" [_thread_blocked, id=19876, stack(0x0000009444000000,0x0000009444100000)]
  0x0000027449b9e700 JavaThread "Unconstrained build operations Thread 24" [_thread_blocked, id=10668, stack(0x0000009444100000,0x0000009444200000)]
  0x0000027449b9c080 JavaThread "Unconstrained build operations Thread 25" [_thread_blocked, id=12776, stack(0x0000009444200000,0x0000009444300000)]
  0x0000027449b9d3c0 JavaThread "Unconstrained build operations Thread 26" [_thread_blocked, id=18844, stack(0x0000009444300000,0x0000009444400000)]
  0x0000027449b9ca20 JavaThread "Unconstrained build operations Thread 27" [_thread_blocked, id=9052, stack(0x0000009444400000,0x0000009444500000)]
  0x0000027449b9ebd0 JavaThread "Unconstrained build operations Thread 28" [_thread_blocked, id=20424, stack(0x0000009444500000,0x0000009444600000)]
  0x0000027447a561b0 JavaThread "Unconstrained build operations Thread 29" [_thread_blocked, id=12304, stack(0x0000009444600000,0x0000009444700000)]
  0x0000027447a56b50 JavaThread "Unconstrained build operations Thread 30" [_thread_blocked, id=18452, stack(0x0000009444700000,0x0000009444800000)]
  0x0000027447a53190 JavaThread "Unconstrained build operations Thread 31" [_thread_blocked, id=1916, stack(0x0000009444800000,0x0000009444900000)]
  0x0000027447a52320 JavaThread "Unconstrained build operations Thread 32" [_thread_blocked, id=21464, stack(0x0000009444900000,0x0000009444a00000)]
  0x0000027447a55ce0 JavaThread "Unconstrained build operations Thread 33" [_thread_blocked, id=13548, stack(0x0000009444a00000,0x0000009444b00000)]
  0x0000027447a53660 JavaThread "Unconstrained build operations Thread 34" [_thread_blocked, id=18212, stack(0x0000009444b00000,0x0000009444c00000)]
  0x0000027447a55810 JavaThread "Unconstrained build operations Thread 35" [_thread_blocked, id=17496, stack(0x0000009444c00000,0x0000009444d00000)]
  0x0000027447a56680 JavaThread "Unconstrained build operations Thread 36" [_thread_blocked, id=9836, stack(0x0000009444d00000,0x0000009444e00000)]
  0x0000027447a53b30 JavaThread "Unconstrained build operations Thread 37" [_thread_blocked, id=9496, stack(0x0000009444e00000,0x0000009444f00000)]
  0x0000027447a50b10 JavaThread "Unconstrained build operations Thread 38" [_thread_blocked, id=1772, stack(0x0000009444f00000,0x0000009445000000)]
  0x0000027447a57020 JavaThread "Unconstrained build operations Thread 39" [_thread_blocked, id=10124, stack(0x0000009445000000,0x0000009445100000)]
  0x0000027447a574f0 JavaThread "Unconstrained build operations Thread 40" [_thread_blocked, id=17676, stack(0x0000009445100000,0x0000009445200000)]
  0x0000027447a57e90 JavaThread "Unconstrained build operations Thread 41" [_thread_blocked, id=18112, stack(0x0000009445200000,0x0000009445300000)]
  0x0000027447a55340 JavaThread "Unconstrained build operations Thread 42" [_thread_blocked, id=18812, stack(0x0000009445300000,0x0000009445400000)]
  0x0000027447a579c0 JavaThread "Unconstrained build operations Thread 43" [_thread_blocked, id=12868, stack(0x0000009445400000,0x0000009445500000)]
  0x0000027447a527f0 JavaThread "Unconstrained build operations Thread 44" [_thread_blocked, id=10856, stack(0x0000009445500000,0x0000009445600000)]
  0x0000027447a544d0 JavaThread "Unconstrained build operations Thread 45" [_thread_blocked, id=18936, stack(0x0000009445600000,0x0000009445700000)]
  0x0000027447a50640 JavaThread "Unconstrained build operations Thread 46" [_thread_blocked, id=5080, stack(0x0000009445700000,0x0000009445800000)]
  0x0000027447a549a0 JavaThread "Unconstrained build operations Thread 47" [_thread_blocked, id=17296, stack(0x0000009445800000,0x0000009445900000)]
  0x0000027447a50fe0 JavaThread "Unconstrained build operations Thread 48" [_thread_blocked, id=13716, stack(0x0000009445900000,0x0000009445a00000)]
  0x0000027447a52cc0 JavaThread "Unconstrained build operations Thread 49" [_thread_blocked, id=19260, stack(0x0000009445a00000,0x0000009445b00000)]
  0x0000027447a514b0 JavaThread "Unconstrained build operations Thread 50" [_thread_blocked, id=2108, stack(0x0000009445b00000,0x0000009445c00000)]
  0x0000027447a51980 JavaThread "Unconstrained build operations Thread 51" [_thread_blocked, id=16512, stack(0x0000009445c00000,0x0000009445d00000)]
  0x0000027447a51e50 JavaThread "Unconstrained build operations Thread 52" [_thread_blocked, id=16992, stack(0x0000009445d00000,0x0000009445e00000)]
  0x0000027447a54000 JavaThread "Unconstrained build operations Thread 53" [_thread_blocked, id=13408, stack(0x0000009445e00000,0x0000009445f00000)]
  0x0000027447a54e70 JavaThread "Unconstrained build operations Thread 54" [_thread_blocked, id=19044, stack(0x0000009445f00000,0x0000009446000000)]
  0x0000027447b1cb10 JavaThread "Unconstrained build operations Thread 55" [_thread_blocked, id=284, stack(0x0000009446000000,0x0000009446100000)]
  0x0000027447b1cfe0 JavaThread "Unconstrained build operations Thread 56" [_thread_blocked, id=8944, stack(0x0000009446100000,0x0000009446200000)]
  0x0000027447b1d4b0 JavaThread "Unconstrained build operations Thread 57" [_thread_blocked, id=1784, stack(0x0000009446200000,0x0000009446300000)]
  0x0000027447b1c640 JavaThread "Unconstrained build operations Thread 58" [_thread_blocked, id=20940, stack(0x0000009446300000,0x0000009446400000)]
  0x0000027447b1d980 JavaThread "Unconstrained build operations Thread 59" [_thread_blocked, id=19676, stack(0x0000009446400000,0x0000009446500000)]
  0x0000027447b1de50 JavaThread "Unconstrained build operations Thread 60" [_thread_blocked, id=740, stack(0x0000009446500000,0x0000009446600000)]
  0x0000027447b1bca0 JavaThread "Unconstrained build operations Thread 61" [_thread_blocked, id=18920, stack(0x0000009446600000,0x0000009446700000)]
  0x0000027447b1a490 JavaThread "Unconstrained build operations Thread 62" [_thread_blocked, id=20732, stack(0x0000009446700000,0x0000009446800000)]
  0x0000027447b1b7d0 JavaThread "Unconstrained build operations Thread 63" [_thread_blocked, id=19776, stack(0x0000009446800000,0x0000009446900000)]
  0x0000027447b1a960 JavaThread "Unconstrained build operations Thread 64" [_thread_blocked, id=21004, stack(0x0000009446900000,0x0000009446a00000)]
  0x0000027447b1ae30 JavaThread "Unconstrained build operations Thread 65" [_thread_blocked, id=7956, stack(0x0000009446a00000,0x0000009446b00000)]
  0x0000027447b1b300 JavaThread "Unconstrained build operations Thread 66" [_thread_blocked, id=19640, stack(0x0000009446b00000,0x0000009446c00000)]
  0x0000027447b1c170 JavaThread "Unconstrained build operations Thread 67" [_thread_blocked, id=17508, stack(0x0000009446c00000,0x0000009446d00000)]
  0x0000027448566310 JavaThread "Unconstrained build operations Thread 68" [_thread_blocked, id=6696, stack(0x0000009446d00000,0x0000009446e00000)]
  0x00000274485654a0 JavaThread "Unconstrained build operations Thread 69" [_thread_blocked, id=4572, stack(0x0000009446e00000,0x0000009446f00000)]
  0x0000027448564b00 JavaThread "Unconstrained build operations Thread 70" [_thread_blocked, id=18940, stack(0x0000009446f00000,0x0000009447000000)]
  0x00000274485667e0 JavaThread "Unconstrained build operations Thread 71" [_thread_blocked, id=17196, stack(0x0000009447000000,0x0000009447100000)]
  0x00000274485637c0 JavaThread "Unconstrained build operations Thread 72" [_thread_blocked, id=1292, stack(0x0000009447100000,0x0000009447200000)]
  0x0000027448563c90 JavaThread "Unconstrained build operations Thread 73" [_thread_blocked, id=3908, stack(0x0000009447200000,0x0000009447300000)]
  0x0000027448564fd0 JavaThread "Unconstrained build operations Thread 74" [_thread_blocked, id=20612, stack(0x0000009447300000,0x0000009447400000)]
  0x0000027448566cb0 JavaThread "Unconstrained build operations Thread 75" [_thread_blocked, id=18828, stack(0x0000009447400000,0x0000009447500000)]
  0x0000027448565970 JavaThread "Unconstrained build operations Thread 76" [_thread_blocked, id=19240, stack(0x0000009447500000,0x0000009447600000)]
  0x0000027448564630 JavaThread "Unconstrained build operations Thread 77" [_thread_blocked, id=18696, stack(0x0000009447600000,0x0000009447700000)]
  0x0000027448567180 JavaThread "Unconstrained build operations Thread 78" [_thread_blocked, id=19112, stack(0x0000009447700000,0x0000009447800000)]
  0x0000027448564160 JavaThread "Unconstrained build operations Thread 79" [_thread_blocked, id=16136, stack(0x0000009447800000,0x0000009447900000)]
  0x0000027448565e40 JavaThread "Unconstrained build operations Thread 80" [_thread_blocked, id=17332, stack(0x0000009447900000,0x0000009447a00000)]
  0x0000027449b74900 JavaThread "jar transforms Thread 6" [_thread_blocked, id=20496, stack(0x0000009447a00000,0x0000009447b00000)]
  0x0000027449b74dd0 JavaThread "jar transforms Thread 7" [_thread_blocked, id=19136, stack(0x0000009447b00000,0x0000009447c00000)]
  0x0000027449b765e0 JavaThread "jar transforms Thread 8" [_thread_blocked, id=21500, stack(0x0000009447c00000,0x0000009447d00000)]
  0x0000027449b76110 JavaThread "Memory manager" [_thread_blocked, id=12584, stack(0x0000009447d00000,0x0000009447e00000)]
  0x0000027449b79600 JavaThread "build event listener" [_thread_blocked, id=21208, stack(0x0000009447e00000,0x0000009447f00000)]
  0x0000027449b77920 JavaThread "Execution worker for ':'" [_thread_blocked, id=12692, stack(0x0000009447f00000,0x0000009448000000)]
  0x0000027449b74430 JavaThread "Execution worker for ':' Thread 2" [_thread_blocked, id=8512, stack(0x0000009448000000,0x0000009448100000)]
  0x0000027449b72c20 JavaThread "Execution worker for ':' Thread 3" [_thread_blocked, id=19288, stack(0x0000009448100000,0x0000009448200000)]
  0x0000027449b752a0 JavaThread "Execution worker for ':' Thread 4" [_thread_blocked, id=16928, stack(0x0000009448200000,0x0000009448300000)]
  0x0000027449b75770 JavaThread "Execution worker for ':' Thread 5" [_thread_blocked, id=7576, stack(0x0000009448300000,0x0000009448400000)]
  0x0000027449b77450 JavaThread "Execution worker for ':' Thread 6" [_thread_blocked, id=20324, stack(0x0000009448400000,0x0000009448500000)]
  0x0000027449b71db0 JavaThread "Execution worker for ':' Thread 7" [_thread_blocked, id=20944, stack(0x0000009448500000,0x0000009448600000)]
  0x000002744271af00 JavaThread "Cache worker for execution history cache (C:\Users\hachem safae\Downloads\List3\.gradle\7.3.3\executionHistory)" [_thread_blocked, id=5380, stack(0x0000009448600000,0x0000009448700000)]
  0x000002744c1fb6e0 JavaThread "WorkerExecutor Queue" [_thread_blocked, id=12132, stack(0x0000009448700000,0x0000009448800000)]
  0x000002744c1f9060 JavaThread "WorkerExecutor Queue Thread 2" [_thread_blocked, id=14680, stack(0x0000009448800000,0x0000009448900000)]

Other Threads:
=>0x0000027442450ee0 VMThread "VM Thread" [stack: 0x000000943f600000,0x000000943f700000] [id=16436]
  0x000002744264e240 WatcherThread [stack: 0x0000009440200000,0x0000009440300000] [id=4196]
  0x0000027427a9b160 GCTaskThread "GC Thread#0" [stack: 0x000000943f100000,0x000000943f200000] [id=2908]
  0x00000274433b7cb0 GCTaskThread "GC Thread#1" [stack: 0x0000009440400000,0x0000009440500000] [id=1640]
  0x00000274431b4270 GCTaskThread "GC Thread#2" [stack: 0x0000009440500000,0x0000009440600000] [id=20352]
  0x0000027442b79b90 GCTaskThread "GC Thread#3" [stack: 0x0000009440600000,0x0000009440700000] [id=14892]
  0x0000027442b7a250 GCTaskThread "GC Thread#4" [stack: 0x0000009440700000,0x0000009440800000] [id=18580]
  0x0000027442b7b120 GCTaskThread "GC Thread#5" [stack: 0x0000009440800000,0x0000009440900000] [id=9868]
  0x00000274437e5ea0 GCTaskThread "GC Thread#6" [stack: 0x0000009441500000,0x0000009441600000] [id=14716]
  0x00000274439b9050 GCTaskThread "GC Thread#7" [stack: 0x0000009441600000,0x0000009441700000] [id=20156]
  0x0000027427aabf40 ConcurrentGCThread "G1 Main Marker" [stack: 0x000000943f200000,0x000000943f300000] [id=19836]
  0x0000027427aacf90 ConcurrentGCThread "G1 Conc#0" [stack: 0x000000943f300000,0x000000943f400000] [id=5040]
  0x0000027443fa0bd0 ConcurrentGCThread "G1 Conc#1" [stack: 0x0000009441700000,0x0000009441800000] [id=15576]
  0x0000027427afdf60 ConcurrentGCThread "G1 Refine#0" [stack: 0x000000943f400000,0x000000943f500000] [id=19244]
  0x00000274437c4ed0 ConcurrentGCThread "G1 Refine#1" [stack: 0x0000009442300000,0x0000009442400000] [id=4120]
  0x0000027427afe820 ConcurrentGCThread "G1 Service" [stack: 0x000000943f500000,0x000000943f600000] [id=2288]

Threads with active compile tasks:
C2 CompilerThread0    12872 12002 %     4       com.android.tools.r8.internal.xa::a @ 12 (148 bytes)
C1 CompilerThread0    12872 11945   !   2       com.google.common.util.concurrent.InterruptibleTask::run (461 bytes)
C2 CompilerThread1    12872 11882       4       com.android.tools.r8.graph.G1::h (64 bytes)
C2 CompilerThread2    12872 11976       4       com.android.tools.r8.graph.G1::b (336 bytes)

VM state: at safepoint (normal execution)

VM Mutex/Monitor currently owned by a thread:  ([mutex/lock_event])
[0x0000027427a3a760] Threads_lock - owner thread: 0x0000027442450ee0
[0x0000027427a3c1d0] Heap_lock - owner thread: 0x0000027447b1cb10

Heap address: 0x0000000080000000, size: 2048 MB, Compressed Oops mode: 32-bit

CDS archive(s) not mapped
Compressed class space mapped at: 0x0000000100000000-0x0000000140000000, reserved size: 1073741824
Narrow klass base: 0x0000000000000000, Narrow klass shift: 3, Narrow klass range: 0x140000000

GC Precious Log:
 CPUs: 8 total, 8 available
 Memory: 16194M
 Large Page Support: Disabled
 NUMA Support: Disabled
 Compressed Oops: Enabled (32-bit)
 Heap Region Size: 1M
 Heap Min Capacity: 8M
 Heap Initial Capacity: 254M
 Heap Max Capacity: 2G
 Pre-touch: Disabled
 Parallel Workers: 8
 Concurrent Workers: 2
 Concurrent Refinement Workers: 8
 Periodic GC: Disabled

Heap:
 garbage-first heap   total 263168K, used 171678K [0x0000000080000000, 0x0000000100000000)
  region size 1024K, 8 young (8192K), 8 survivors (8192K)
 Metaspace       used 101894K, committed 102528K, reserved 1138688K
  class space    used 13982K, committed 14272K, reserved 1048576K

Heap Regions: E=young(eden), S=young(survivor), O=old, HS=humongous(starts), HC=humongous(continues), CS=collection set, F=free, OA=open archive, CA=closed archive, TAMS=top-at-mark-start (previous, next)
|   0|0x0000000080000000, 0x0000000080100000, 0x0000000080100000|100%| O|  |TAMS 0x0000000080100000, 0x0000000080000000| Untracked 
|   1|0x0000000080100000, 0x0000000080200000, 0x0000000080200000|100%| O|  |TAMS 0x0000000080200000, 0x0000000080100000| Untracked 
|   2|0x0000000080200000, 0x0000000080300000, 0x0000000080300000|100%| O|  |TAMS 0x0000000080300000, 0x0000000080200000| Untracked 
|   3|0x0000000080300000, 0x0000000080400000, 0x0000000080400000|100%|HS|  |TAMS 0x0000000080400000, 0x0000000080300000| Complete 
|   4|0x0000000080400000, 0x0000000080500000, 0x0000000080500000|100%|HC|  |TAMS 0x0000000080500000, 0x0000000080400000| Complete 
|   5|0x0000000080500000, 0x0000000080600000, 0x0000000080600000|100%|HC|  |TAMS 0x0000000080600000, 0x0000000080500000| Complete 
|   6|0x0000000080600000, 0x0000000080700000, 0x0000000080700000|100%| O|  |TAMS 0x0000000080700000, 0x0000000080600000| Untracked 
|   7|0x0000000080700000, 0x0000000080800000, 0x0000000080800000|100%| O|  |TAMS 0x0000000080800000, 0x0000000080700000| Untracked 
|   8|0x0000000080800000, 0x0000000080900000, 0x0000000080900000|100%| O|  |TAMS 0x0000000080900000, 0x0000000080800000| Untracked 
|   9|0x0000000080900000, 0x0000000080a00000, 0x0000000080a00000|100%| O|  |TAMS 0x0000000080a00000, 0x0000000080900000| Untracked 
|  10|0x0000000080a00000, 0x0000000080ae2400, 0x0000000080b00000| 88%| O|  |TAMS 0x0000000080ae2400, 0x0000000080a00000| Untracked 
|  11|0x0000000080b00000, 0x0000000080c00000, 0x0000000080c00000|100%| O|  |TAMS 0x0000000080c00000, 0x0000000080b00000| Untracked 
|  12|0x0000000080c00000, 0x0000000080d00000, 0x0000000080d00000|100%| O|  |TAMS 0x0000000080d00000, 0x0000000080c00000| Untracked 
|  13|0x0000000080d00000, 0x0000000080e00000, 0x0000000080e00000|100%| O|  |TAMS 0x0000000080e00000, 0x0000000080d00000| Untracked 
|  14|0x0000000080e00000, 0x0000000080f00000, 0x0000000080f00000|100%| O|  |TAMS 0x0000000080f00000, 0x0000000080e00000| Untracked 
|  15|0x0000000080f00000, 0x0000000081000000, 0x0000000081000000|100%| O|  |TAMS 0x0000000081000000, 0x0000000080f00000| Untracked 
|  16|0x0000000081000000, 0x0000000081100000, 0x0000000081100000|100%| O|  |TAMS 0x0000000081100000, 0x0000000081000000| Untracked 
|  17|0x0000000081100000, 0x0000000081200000, 0x0000000081200000|100%| O|  |TAMS 0x0000000081200000, 0x0000000081100000| Untracked 
|  18|0x0000000081200000, 0x0000000081300000, 0x0000000081300000|100%| O|  |TAMS 0x0000000081300000, 0x0000000081200000| Untracked 
|  19|0x0000000081300000, 0x0000000081400000, 0x0000000081400000|100%| O|  |TAMS 0x0000000081400000, 0x0000000081300000| Untracked 
|  20|0x0000000081400000, 0x0000000081500000, 0x0000000081500000|100%| O|  |TAMS 0x0000000081500000, 0x0000000081400000| Untracked 
|  21|0x0000000081500000, 0x0000000081600000, 0x0000000081600000|100%| O|  |TAMS 0x0000000081600000, 0x0000000081500000| Untracked 
|  22|0x0000000081600000, 0x0000000081700000, 0x0000000081700000|100%| O|  |TAMS 0x0000000081700000, 0x0000000081600000| Untracked 
|  23|0x0000000081700000, 0x0000000081800000, 0x0000000081800000|100%| O|  |TAMS 0x0000000081800000, 0x0000000081700000| Untracked 
|  24|0x0000000081800000, 0x0000000081900000, 0x0000000081900000|100%| O|  |TAMS 0x0000000081900000, 0x0000000081800000| Untracked 
|  25|0x0000000081900000, 0x0000000081a00000, 0x0000000081a00000|100%| O|  |TAMS 0x0000000081a00000, 0x0000000081900000| Untracked 
|  26|0x0000000081a00000, 0x0000000081b00000, 0x0000000081b00000|100%| O|  |TAMS 0x0000000081b00000, 0x0000000081a00000| Untracked 
|  27|0x0000000081b00000, 0x0000000081c00000, 0x0000000081c00000|100%| O|  |TAMS 0x0000000081c00000, 0x0000000081b00000| Untracked 
|  28|0x0000000081c00000, 0x0000000081d00000, 0x0000000081d00000|100%| O|  |TAMS 0x0000000081d00000, 0x0000000081c00000| Untracked 
|  29|0x0000000081d00000, 0x0000000081e00000, 0x0000000081e00000|100%| O|  |TAMS 0x0000000081e00000, 0x0000000081d00000| Untracked 
|  30|0x0000000081e00000, 0x0000000081f00000, 0x0000000081f00000|100%| O|  |TAMS 0x0000000081f00000, 0x0000000081e00000| Untracked 
|  31|0x0000000081f00000, 0x0000000082000000, 0x0000000082000000|100%|HS|  |TAMS 0x0000000082000000, 0x0000000081f00000| Complete 
|  32|0x0000000082000000, 0x0000000082100000, 0x0000000082100000|100%|HS|  |TAMS 0x0000000082100000, 0x0000000082000000| Complete 
|  33|0x0000000082100000, 0x0000000082200000, 0x0000000082200000|100%|HC|  |TAMS 0x0000000082200000, 0x0000000082100000| Complete 
|  34|0x0000000082200000, 0x0000000082300000, 0x0000000082300000|100%|HS|  |TAMS 0x0000000082300000, 0x0000000082200000| Complete 
|  35|0x0000000082300000, 0x0000000082400000, 0x0000000082400000|100%| O|  |TAMS 0x0000000082400000, 0x0000000082300000| Untracked 
|  36|0x0000000082400000, 0x0000000082500000, 0x0000000082500000|100%| O|  |TAMS 0x0000000082500000, 0x0000000082400000| Untracked 
|  37|0x0000000082500000, 0x0000000082600000, 0x0000000082600000|100%| O|  |TAMS 0x0000000082600000, 0x0000000082500000| Untracked 
|  38|0x0000000082600000, 0x0000000082700000, 0x0000000082700000|100%|HS|  |TAMS 0x0000000082700000, 0x0000000082600000| Complete 
|  39|0x0000000082700000, 0x0000000082800000, 0x0000000082800000|100%|HC|  |TAMS 0x0000000082800000, 0x0000000082700000| Complete 
|  40|0x0000000082800000, 0x0000000082900000, 0x0000000082900000|100%|HC|  |TAMS 0x0000000082900000, 0x0000000082800000| Complete 
|  41|0x0000000082900000, 0x0000000082a00000, 0x0000000082a00000|100%|HC|  |TAMS 0x0000000082a00000, 0x0000000082900000| Complete 
|  42|0x0000000082a00000, 0x0000000082b00000, 0x0000000082b00000|100%|HS|  |TAMS 0x0000000082b00000, 0x0000000082a00000| Complete 
|  43|0x0000000082b00000, 0x0000000082c00000, 0x0000000082c00000|100%|HC|  |TAMS 0x0000000082c00000, 0x0000000082b00000| Complete 
|  44|0x0000000082c00000, 0x0000000082d00000, 0x0000000082d00000|100%| O|  |TAMS 0x0000000082d00000, 0x0000000082c00000| Untracked 
|  45|0x0000000082d00000, 0x0000000082e00000, 0x0000000082e00000|100%| O|  |TAMS 0x0000000082e00000, 0x0000000082d00000| Untracked 
|  46|0x0000000082e00000, 0x0000000082f00000, 0x0000000082f00000|100%| O|  |TAMS 0x0000000082f00000, 0x0000000082e00000| Untracked 
|  47|0x0000000082f00000, 0x0000000083000000, 0x0000000083000000|100%| O|  |TAMS 0x0000000083000000, 0x0000000082f00000| Untracked 
|  48|0x0000000083000000, 0x0000000083100000, 0x0000000083100000|100%| O|  |TAMS 0x0000000083100000, 0x0000000083000000| Untracked 
|  49|0x0000000083100000, 0x0000000083200000, 0x0000000083200000|100%| O|  |TAMS 0x0000000083200000, 0x0000000083100000| Untracked 
|  50|0x0000000083200000, 0x0000000083300000, 0x0000000083300000|100%| O|  |TAMS 0x0000000083300000, 0x0000000083200000| Untracked 
|  51|0x0000000083300000, 0x0000000083400000, 0x0000000083400000|100%| O|  |TAMS 0x0000000083400000, 0x0000000083300000| Untracked 
|  52|0x0000000083400000, 0x0000000083500000, 0x0000000083500000|100%| O|  |TAMS 0x0000000083500000, 0x0000000083400000| Untracked 
|  53|0x0000000083500000, 0x0000000083600000, 0x0000000083600000|100%| O|  |TAMS 0x0000000083600000, 0x0000000083500000| Untracked 
|  54|0x0000000083600000, 0x0000000083700000, 0x0000000083700000|100%| O|  |TAMS 0x0000000083700000, 0x0000000083600000| Untracked 
|  55|0x0000000083700000, 0x0000000083800000, 0x0000000083800000|100%| O|  |TAMS 0x0000000083800000, 0x0000000083700000| Untracked 
|  56|0x0000000083800000, 0x0000000083900000, 0x0000000083900000|100%| O|  |TAMS 0x0000000083900000, 0x0000000083800000| Untracked 
|  57|0x0000000083900000, 0x0000000083a00000, 0x0000000083a00000|100%| O|  |TAMS 0x0000000083a00000, 0x0000000083900000| Untracked 
|  58|0x0000000083a00000, 0x0000000083b00000, 0x0000000083b00000|100%| O|  |TAMS 0x0000000083b00000, 0x0000000083a00000| Untracked 
|  59|0x0000000083b00000, 0x0000000083c00000, 0x0000000083c00000|100%| O|  |TAMS 0x0000000083c00000, 0x0000000083b00000| Untracked 
|  60|0x0000000083c00000, 0x0000000083d00000, 0x0000000083d00000|100%| O|  |TAMS 0x0000000083d00000, 0x0000000083c00000| Untracked 
|  61|0x0000000083d00000, 0x0000000083e00000, 0x0000000083e00000|100%| O|  |TAMS 0x0000000083e00000, 0x0000000083d00000| Untracked 
|  62|0x0000000083e00000, 0x0000000083f00000, 0x0000000083f00000|100%| O|  |TAMS 0x0000000083f00000, 0x0000000083e00000| Untracked 
|  63|0x0000000083f00000, 0x0000000084000000, 0x0000000084000000|100%| O|  |TAMS 0x0000000084000000, 0x0000000083f00000| Untracked 
|  64|0x0000000084000000, 0x0000000084100000, 0x0000000084100000|100%| O|  |TAMS 0x0000000084000000, 0x0000000084000000| Untracked 
|  65|0x0000000084100000, 0x0000000084200000, 0x0000000084200000|100%| O|  |TAMS 0x0000000084200000, 0x0000000084100000| Untracked 
|  66|0x0000000084200000, 0x0000000084300000, 0x0000000084300000|100%| O|  |TAMS 0x000000008427ca00, 0x0000000084200000| Untracked 
|  67|0x0000000084300000, 0x0000000084400000, 0x0000000084400000|100%| O|  |TAMS 0x0000000084300000, 0x0000000084300000| Untracked 
|  68|0x0000000084400000, 0x0000000084500000, 0x0000000084500000|100%| O|  |TAMS 0x0000000084400000, 0x0000000084400000| Untracked 
|  69|0x0000000084500000, 0x0000000084600000, 0x0000000084600000|100%| O|  |TAMS 0x0000000084500000, 0x0000000084500000| Untracked 
|  70|0x0000000084600000, 0x0000000084700000, 0x0000000084700000|100%| O|  |TAMS 0x0000000084600000, 0x0000000084600000| Untracked 
|  71|0x0000000084700000, 0x0000000084800000, 0x0000000084800000|100%| O|  |TAMS 0x0000000084700000, 0x0000000084700000| Untracked 
|  72|0x0000000084800000, 0x0000000084900000, 0x0000000084900000|100%| O|  |TAMS 0x0000000084800000, 0x0000000084800000| Untracked 
|  73|0x0000000084900000, 0x0000000084a00000, 0x0000000084a00000|100%| O|  |TAMS 0x0000000084900000, 0x0000000084900000| Untracked 
|  74|0x0000000084a00000, 0x0000000084b00000, 0x0000000084b00000|100%| O|  |TAMS 0x0000000084a00000, 0x0000000084a00000| Untracked 
|  75|0x0000000084b00000, 0x0000000084c00000, 0x0000000084c00000|100%| O|  |TAMS 0x0000000084b00000, 0x0000000084b00000| Untracked 
|  76|0x0000000084c00000, 0x0000000084d00000, 0x0000000084d00000|100%| O|  |TAMS 0x0000000084c00000, 0x0000000084c00000| Untracked 
|  77|0x0000000084d00000, 0x0000000084e00000, 0x0000000084e00000|100%| O|  |TAMS 0x0000000084d00000, 0x0000000084d00000| Untracked 
|  78|0x0000000084e00000, 0x0000000084f00000, 0x0000000084f00000|100%| O|  |TAMS 0x0000000084e00000, 0x0000000084e00000| Untracked 
|  79|0x0000000084f00000, 0x0000000085000000, 0x0000000085000000|100%| O|  |TAMS 0x0000000084f00000, 0x0000000084f00000| Untracked 
|  80|0x0000000085000000, 0x0000000085100000, 0x0000000085100000|100%| O|  |TAMS 0x0000000085000000, 0x0000000085000000| Untracked 
|  81|0x0000000085100000, 0x0000000085200000, 0x0000000085200000|100%| O|  |TAMS 0x0000000085100000, 0x0000000085100000| Untracked 
|  82|0x0000000085200000, 0x0000000085300000, 0x0000000085300000|100%| O|  |TAMS 0x0000000085200000, 0x0000000085200000| Untracked 
|  83|0x0000000085300000, 0x0000000085400000, 0x0000000085400000|100%| O|  |TAMS 0x0000000085300000, 0x0000000085300000| Untracked 
|  84|0x0000000085400000, 0x0000000085500000, 0x0000000085500000|100%| O|  |TAMS 0x0000000085400000, 0x0000000085400000| Untracked 
|  85|0x0000000085500000, 0x0000000085600000, 0x0000000085600000|100%| O|  |TAMS 0x0000000085500000, 0x0000000085500000| Untracked 
|  86|0x0000000085600000, 0x0000000085700000, 0x0000000085700000|100%| O|  |TAMS 0x0000000085600000, 0x0000000085600000| Untracked 
|  87|0x0000000085700000, 0x0000000085800000, 0x0000000085800000|100%| O|  |TAMS 0x0000000085700000, 0x0000000085700000| Untracked 
|  88|0x0000000085800000, 0x0000000085900000, 0x0000000085900000|100%| O|  |TAMS 0x0000000085800000, 0x0000000085800000| Untracked 
|  89|0x0000000085900000, 0x0000000085a00000, 0x0000000085a00000|100%| O|  |TAMS 0x0000000085900000, 0x0000000085900000| Untracked 
|  90|0x0000000085a00000, 0x0000000085b00000, 0x0000000085b00000|100%| O|  |TAMS 0x0000000085a00000, 0x0000000085a00000| Untracked 
|  91|0x0000000085b00000, 0x0000000085c00000, 0x0000000085c00000|100%| O|  |TAMS 0x0000000085b00000, 0x0000000085b00000| Untracked 
|  92|0x0000000085c00000, 0x0000000085d00000, 0x0000000085d00000|100%| O|  |TAMS 0x0000000085c00000, 0x0000000085c00000| Untracked 
|  93|0x0000000085d00000, 0x0000000085e00000, 0x0000000085e00000|100%| O|  |TAMS 0x0000000085d00000, 0x0000000085d00000| Untracked 
|  94|0x0000000085e00000, 0x0000000085f00000, 0x0000000085f00000|100%| O|  |TAMS 0x0000000085e00000, 0x0000000085e00000| Untracked 
|  95|0x0000000085f00000, 0x0000000086000000, 0x0000000086000000|100%| O|  |TAMS 0x0000000085f00000, 0x0000000085f00000| Untracked 
|  96|0x0000000086000000, 0x0000000086100000, 0x0000000086100000|100%| O|  |TAMS 0x0000000086000000, 0x0000000086000000| Untracked 
|  97|0x0000000086100000, 0x0000000086200000, 0x0000000086200000|100%| O|  |TAMS 0x0000000086100000, 0x0000000086100000| Untracked 
|  98|0x0000000086200000, 0x0000000086300000, 0x0000000086300000|100%| O|  |TAMS 0x0000000086200000, 0x0000000086200000| Untracked 
|  99|0x0000000086300000, 0x0000000086400000, 0x0000000086400000|100%| O|  |TAMS 0x0000000086300000, 0x0000000086300000| Untracked 
| 100|0x0000000086400000, 0x0000000086500000, 0x0000000086500000|100%| O|  |TAMS 0x0000000086400000, 0x0000000086400000| Untracked 
| 101|0x0000000086500000, 0x0000000086600000, 0x0000000086600000|100%| O|  |TAMS 0x0000000086500000, 0x0000000086500000| Untracked 
| 102|0x0000000086600000, 0x0000000086700000, 0x0000000086700000|100%| O|  |TAMS 0x0000000086600000, 0x0000000086600000| Untracked 
| 103|0x0000000086700000, 0x0000000086800000, 0x0000000086800000|100%| O|  |TAMS 0x0000000086700000, 0x0000000086700000| Untracked 
| 104|0x0000000086800000, 0x0000000086900000, 0x0000000086900000|100%| O|  |TAMS 0x0000000086800000, 0x0000000086800000| Untracked 
| 105|0x0000000086900000, 0x0000000086a00000, 0x0000000086a00000|100%| O|  |TAMS 0x0000000086900000, 0x0000000086900000| Untracked 
| 106|0x0000000086a00000, 0x0000000086b00000, 0x0000000086b00000|100%| O|  |TAMS 0x0000000086a00000, 0x0000000086a00000| Untracked 
| 107|0x0000000086b00000, 0x0000000086c00000, 0x0000000086c00000|100%| O|  |TAMS 0x0000000086b00000, 0x0000000086b00000| Untracked 
| 108|0x0000000086c00000, 0x0000000086d00000, 0x0000000086d00000|100%| O|  |TAMS 0x0000000086c00000, 0x0000000086c00000| Untracked 
| 109|0x0000000086d00000, 0x0000000086e00000, 0x0000000086e00000|100%| O|  |TAMS 0x0000000086d00000, 0x0000000086d00000| Untracked 
| 110|0x0000000086e00000, 0x0000000086f00000, 0x0000000086f00000|100%| O|  |TAMS 0x0000000086e00000, 0x0000000086e00000| Untracked 
| 111|0x0000000086f00000, 0x0000000087000000, 0x0000000087000000|100%| O|  |TAMS 0x0000000086f00000, 0x0000000086f00000| Untracked 
| 112|0x0000000087000000, 0x0000000087100000, 0x0000000087100000|100%| O|  |TAMS 0x0000000087000000, 0x0000000087000000| Untracked 
| 113|0x0000000087100000, 0x0000000087200000, 0x0000000087200000|100%| O|  |TAMS 0x0000000087100000, 0x0000000087100000| Untracked 
| 114|0x0000000087200000, 0x0000000087300000, 0x0000000087300000|100%| O|  |TAMS 0x0000000087200000, 0x0000000087200000| Untracked 
| 115|0x0000000087300000, 0x0000000087400000, 0x0000000087400000|100%| O|  |TAMS 0x0000000087300000, 0x0000000087300000| Untracked 
| 116|0x0000000087400000, 0x0000000087500000, 0x0000000087500000|100%| O|  |TAMS 0x0000000087400000, 0x0000000087400000| Untracked 
| 117|0x0000000087500000, 0x0000000087600000, 0x0000000087600000|100%| O|  |TAMS 0x0000000087500000, 0x0000000087500000| Untracked 
| 118|0x0000000087600000, 0x0000000087700000, 0x0000000087700000|100%| O|  |TAMS 0x0000000087600000, 0x0000000087600000| Untracked 
| 119|0x0000000087700000, 0x0000000087800000, 0x0000000087800000|100%| O|  |TAMS 0x0000000087700000, 0x0000000087700000| Untracked 
| 120|0x0000000087800000, 0x0000000087900000, 0x0000000087900000|100%| O|  |TAMS 0x0000000087800000, 0x0000000087800000| Untracked 
| 121|0x0000000087900000, 0x0000000087a00000, 0x0000000087a00000|100%| O|  |TAMS 0x0000000087900000, 0x0000000087900000| Untracked 
| 122|0x0000000087a00000, 0x0000000087b00000, 0x0000000087b00000|100%| O|  |TAMS 0x0000000087a00000, 0x0000000087a00000| Untracked 
| 123|0x0000000087b00000, 0x0000000087c00000, 0x0000000087c00000|100%| O|  |TAMS 0x0000000087b00000, 0x0000000087b00000| Untracked 
| 124|0x0000000087c00000, 0x0000000087d00000, 0x0000000087d00000|100%| O|  |TAMS 0x0000000087c00000, 0x0000000087c00000| Untracked 
| 125|0x0000000087d00000, 0x0000000087e00000, 0x0000000087e00000|100%| O|  |TAMS 0x0000000087d00000, 0x0000000087d00000| Untracked 
| 126|0x0000000087e00000, 0x0000000087f00000, 0x0000000087f00000|100%| O|  |TAMS 0x0000000087e00000, 0x0000000087e00000| Untracked 
| 127|0x0000000087f00000, 0x0000000088000000, 0x0000000088000000|100%| O|  |TAMS 0x0000000087f00000, 0x0000000087f00000| Untracked 
| 128|0x0000000088000000, 0x0000000088100000, 0x0000000088100000|100%| O|  |TAMS 0x0000000088000000, 0x0000000088000000| Untracked 
| 129|0x0000000088100000, 0x0000000088200000, 0x0000000088200000|100%| O|  |TAMS 0x0000000088100000, 0x0000000088100000| Untracked 
| 130|0x0000000088200000, 0x0000000088300000, 0x0000000088300000|100%| O|  |TAMS 0x0000000088200000, 0x0000000088200000| Untracked 
| 131|0x0000000088300000, 0x0000000088400000, 0x0000000088400000|100%| O|  |TAMS 0x0000000088300000, 0x0000000088300000| Untracked 
| 132|0x0000000088400000, 0x0000000088500000, 0x0000000088500000|100%| O|  |TAMS 0x0000000088400000, 0x0000000088400000| Untracked 
| 133|0x0000000088500000, 0x0000000088600000, 0x0000000088600000|100%| O|  |TAMS 0x0000000088500000, 0x0000000088500000| Untracked 
| 134|0x0000000088600000, 0x0000000088700000, 0x0000000088700000|100%| O|  |TAMS 0x0000000088600000, 0x0000000088600000| Untracked 
| 135|0x0000000088700000, 0x0000000088800000, 0x0000000088800000|100%| O|  |TAMS 0x0000000088700000, 0x0000000088700000| Untracked 
| 136|0x0000000088800000, 0x0000000088900000, 0x0000000088900000|100%| O|  |TAMS 0x0000000088800000, 0x0000000088800000| Untracked 
| 137|0x0000000088900000, 0x0000000088a00000, 0x0000000088a00000|100%| O|  |TAMS 0x0000000088900000, 0x0000000088900000| Untracked 
| 138|0x0000000088a00000, 0x0000000088b00000, 0x0000000088b00000|100%| O|  |TAMS 0x0000000088a00000, 0x0000000088a00000| Untracked 
| 139|0x0000000088b00000, 0x0000000088c00000, 0x0000000088c00000|100%| O|  |TAMS 0x0000000088b00000, 0x0000000088b00000| Untracked 
| 140|0x0000000088c00000, 0x0000000088d00000, 0x0000000088d00000|100%| O|  |TAMS 0x0000000088c00000, 0x0000000088c00000| Untracked 
| 141|0x0000000088d00000, 0x0000000088e00000, 0x0000000088e00000|100%| O|  |TAMS 0x0000000088d00000, 0x0000000088d00000| Untracked 
| 142|0x0000000088e00000, 0x0000000088f00000, 0x0000000088f00000|100%| O|  |TAMS 0x0000000088e00000, 0x0000000088e00000| Untracked 
| 143|0x0000000088f00000, 0x0000000089000000, 0x0000000089000000|100%| O|  |TAMS 0x0000000088f00000, 0x0000000088f00000| Untracked 
| 144|0x0000000089000000, 0x0000000089100000, 0x0000000089100000|100%| O|  |TAMS 0x0000000089000000, 0x0000000089000000| Untracked 
| 145|0x0000000089100000, 0x0000000089200000, 0x0000000089200000|100%| O|  |TAMS 0x0000000089100000, 0x0000000089100000| Untracked 
| 146|0x0000000089200000, 0x0000000089300000, 0x0000000089300000|100%| O|  |TAMS 0x0000000089200000, 0x0000000089200000| Untracked 
| 147|0x0000000089300000, 0x0000000089400000, 0x0000000089400000|100%| O|  |TAMS 0x0000000089300000, 0x0000000089300000| Untracked 
| 148|0x0000000089400000, 0x0000000089500000, 0x0000000089500000|100%| O|  |TAMS 0x0000000089400000, 0x0000000089400000| Untracked 
| 149|0x0000000089500000, 0x0000000089600000, 0x0000000089600000|100%| O|  |TAMS 0x0000000089500000, 0x0000000089500000| Untracked 
| 150|0x0000000089600000, 0x0000000089700000, 0x0000000089700000|100%| O|  |TAMS 0x0000000089600000, 0x0000000089600000| Untracked 
| 151|0x0000000089700000, 0x0000000089800000, 0x0000000089800000|100%| O|  |TAMS 0x0000000089700000, 0x0000000089700000| Untracked 
| 152|0x0000000089800000, 0x0000000089900000, 0x0000000089900000|100%| O|  |TAMS 0x0000000089800000, 0x0000000089800000| Untracked 
| 153|0x0000000089900000, 0x0000000089a00000, 0x0000000089a00000|100%| O|  |TAMS 0x0000000089900000, 0x0000000089900000| Untracked 
| 154|0x0000000089a00000, 0x0000000089b00000, 0x0000000089b00000|100%| O|  |TAMS 0x0000000089a00000, 0x0000000089a00000| Untracked 
| 155|0x0000000089b00000, 0x0000000089c00000, 0x0000000089c00000|100%| O|  |TAMS 0x0000000089b00000, 0x0000000089b00000| Untracked 
| 156|0x0000000089c00000, 0x0000000089d00000, 0x0000000089d00000|100%| O|  |TAMS 0x0000000089c00000, 0x0000000089c00000| Untracked 
| 157|0x0000000089d00000, 0x0000000089e00000, 0x0000000089e00000|100%| O|  |TAMS 0x0000000089d00000, 0x0000000089d00000| Untracked 
| 158|0x0000000089e00000, 0x0000000089f00000, 0x0000000089f00000|100%| O|  |TAMS 0x0000000089e00000, 0x0000000089e00000| Untracked 
| 159|0x0000000089f00000, 0x0000000089fc5400, 0x000000008a000000| 77%| O|  |TAMS 0x0000000089f00000, 0x0000000089f00000| Untracked 
| 160|0x000000008a000000, 0x000000008a000000, 0x000000008a100000|  0%| F|  |TAMS 0x000000008a000000, 0x000000008a000000| Untracked 
| 161|0x000000008a100000, 0x000000008a100000, 0x000000008a200000|  0%| F|  |TAMS 0x000000008a100000, 0x000000008a100000| Untracked 
| 162|0x000000008a200000, 0x000000008a200000, 0x000000008a300000|  0%| F|  |TAMS 0x000000008a200000, 0x000000008a200000| Untracked 
| 163|0x000000008a300000, 0x000000008a300000, 0x000000008a400000|  0%| F|  |TAMS 0x000000008a300000, 0x000000008a300000| Untracked 
| 164|0x000000008a400000, 0x000000008a400000, 0x000000008a500000|  0%| F|  |TAMS 0x000000008a400000, 0x000000008a400000| Untracked 
| 165|0x000000008a500000, 0x000000008a500000, 0x000000008a600000|  0%| F|  |TAMS 0x000000008a500000, 0x000000008a500000| Untracked 
| 166|0x000000008a600000, 0x000000008a600000, 0x000000008a700000|  0%| F|  |TAMS 0x000000008a600000, 0x000000008a600000| Untracked 
| 167|0x000000008a700000, 0x000000008a700000, 0x000000008a800000|  0%| F|  |TAMS 0x000000008a700000, 0x000000008a700000| Untracked 
| 168|0x000000008a800000, 0x000000008a800000, 0x000000008a900000|  0%| F|  |TAMS 0x000000008a800000, 0x000000008a800000| Untracked 
| 169|0x000000008a900000, 0x000000008a900000, 0x000000008aa00000|  0%| F|  |TAMS 0x000000008a900000, 0x000000008a900000| Untracked 
| 170|0x000000008aa00000, 0x000000008aa00000, 0x000000008ab00000|  0%| F|  |TAMS 0x000000008aa00000, 0x000000008aa00000| Untracked 
| 171|0x000000008ab00000, 0x000000008ab00000, 0x000000008ac00000|  0%| F|  |TAMS 0x000000008ab00000, 0x000000008ab00000| Untracked 
| 172|0x000000008ac00000, 0x000000008ac00000, 0x000000008ad00000|  0%| F|  |TAMS 0x000000008ac00000, 0x000000008ac00000| Untracked 
| 173|0x000000008ad00000, 0x000000008ad00000, 0x000000008ae00000|  0%| F|  |TAMS 0x000000008ad00000, 0x000000008ad00000| Untracked 
| 174|0x000000008ae00000, 0x000000008ae00000, 0x000000008af00000|  0%| F|  |TAMS 0x000000008ae00000, 0x000000008ae00000| Untracked 
| 175|0x000000008af00000, 0x000000008af00000, 0x000000008b000000|  0%| F|  |TAMS 0x000000008af00000, 0x000000008af00000| Untracked 
| 176|0x000000008b000000, 0x000000008b000000, 0x000000008b100000|  0%| F|  |TAMS 0x000000008b000000, 0x000000008b000000| Untracked 
| 177|0x000000008b100000, 0x000000008b100000, 0x000000008b200000|  0%| F|  |TAMS 0x000000008b100000, 0x000000008b100000| Untracked 
| 178|0x000000008b200000, 0x000000008b200000, 0x000000008b300000|  0%| F|  |TAMS 0x000000008b200000, 0x000000008b200000| Untracked 
| 179|0x000000008b300000, 0x000000008b300000, 0x000000008b400000|  0%| F|  |TAMS 0x000000008b300000, 0x000000008b300000| Untracked 
| 180|0x000000008b400000, 0x000000008b400000, 0x000000008b500000|  0%| F|  |TAMS 0x000000008b400000, 0x000000008b400000| Untracked 
| 181|0x000000008b500000, 0x000000008b500000, 0x000000008b600000|  0%| F|  |TAMS 0x000000008b500000, 0x000000008b500000| Untracked 
| 182|0x000000008b600000, 0x000000008b600000, 0x000000008b700000|  0%| F|  |TAMS 0x000000008b600000, 0x000000008b600000| Untracked 
| 183|0x000000008b700000, 0x000000008b700000, 0x000000008b800000|  0%| F|  |TAMS 0x000000008b700000, 0x000000008b700000| Untracked 
| 184|0x000000008b800000, 0x000000008b800000, 0x000000008b900000|  0%| F|  |TAMS 0x000000008b800000, 0x000000008b800000| Untracked 
| 185|0x000000008b900000, 0x000000008b900000, 0x000000008ba00000|  0%| F|  |TAMS 0x000000008b900000, 0x000000008b900000| Untracked 
| 186|0x000000008ba00000, 0x000000008ba00000, 0x000000008bb00000|  0%| F|  |TAMS 0x000000008ba00000, 0x000000008ba00000| Untracked 
| 187|0x000000008bb00000, 0x000000008bb00000, 0x000000008bc00000|  0%| F|  |TAMS 0x000000008bb00000, 0x000000008bb00000| Untracked 
| 188|0x000000008bc00000, 0x000000008bc00000, 0x000000008bd00000|  0%| F|  |TAMS 0x000000008bc00000, 0x000000008bc00000| Untracked 
| 189|0x000000008bd00000, 0x000000008bd00000, 0x000000008be00000|  0%| F|  |TAMS 0x000000008bd00000, 0x000000008bd00000| Untracked 
| 190|0x000000008be00000, 0x000000008be00000, 0x000000008bf00000|  0%| F|  |TAMS 0x000000008be00000, 0x000000008be00000| Untracked 
| 191|0x000000008bf00000, 0x000000008bf00000, 0x000000008c000000|  0%| F|  |TAMS 0x000000008bf00000, 0x000000008bf00000| Untracked 
| 192|0x000000008c000000, 0x000000008c000000, 0x000000008c100000|  0%| F|  |TAMS 0x000000008c000000, 0x000000008c000000| Untracked 
| 193|0x000000008c100000, 0x000000008c100000, 0x000000008c200000|  0%| F|  |TAMS 0x000000008c100000, 0x000000008c100000| Untracked 
| 194|0x000000008c200000, 0x000000008c300000, 0x000000008c300000|100%| S|CS|TAMS 0x000000008c200000, 0x000000008c200000| Complete 
| 195|0x000000008c300000, 0x000000008c400000, 0x000000008c400000|100%| S|CS|TAMS 0x000000008c300000, 0x000000008c300000| Complete 
| 196|0x000000008c400000, 0x000000008c400000, 0x000000008c500000|  0%| F|  |TAMS 0x000000008c400000, 0x000000008c400000| Untracked 
| 197|0x000000008c500000, 0x000000008c500000, 0x000000008c600000|  0%| F|  |TAMS 0x000000008c500000, 0x000000008c500000| Untracked 
| 198|0x000000008c600000, 0x000000008c600000, 0x000000008c700000|  0%| F|  |TAMS 0x000000008c600000, 0x000000008c600000| Untracked 
| 199|0x000000008c700000, 0x000000008c700000, 0x000000008c800000|  0%| F|  |TAMS 0x000000008c700000, 0x000000008c700000| Untracked 
| 200|0x000000008c800000, 0x000000008c800000, 0x000000008c900000|  0%| F|  |TAMS 0x000000008c800000, 0x000000008c800000| Untracked 
| 201|0x000000008c900000, 0x000000008c900000, 0x000000008ca00000|  0%| F|  |TAMS 0x000000008c900000, 0x000000008c900000| Untracked 
| 202|0x000000008ca00000, 0x000000008cb00000, 0x000000008cb00000|100%| S|CS|TAMS 0x000000008ca00000, 0x000000008ca00000| Complete 
| 203|0x000000008cb00000, 0x000000008cc00000, 0x000000008cc00000|100%| S|CS|TAMS 0x000000008cb00000, 0x000000008cb00000| Complete 
| 204|0x000000008cc00000, 0x000000008cd00000, 0x000000008cd00000|100%| S|CS|TAMS 0x000000008cc00000, 0x000000008cc00000| Complete 
| 205|0x000000008cd00000, 0x000000008ce00000, 0x000000008ce00000|100%| S|CS|TAMS 0x000000008cd00000, 0x000000008cd00000| Complete 
| 206|0x000000008ce00000, 0x000000008cf00000, 0x000000008cf00000|100%| S|CS|TAMS 0x000000008ce00000, 0x000000008ce00000| Complete 
| 207|0x000000008cf00000, 0x000000008d000000, 0x000000008d000000|100%| S|CS|TAMS 0x000000008cf00000, 0x000000008cf00000| Complete 
| 208|0x000000008d000000, 0x000000008d000000, 0x000000008d100000|  0%| F|  |TAMS 0x000000008d000000, 0x000000008d000000| Untracked 
| 209|0x000000008d100000, 0x000000008d100000, 0x000000008d200000|  0%| F|  |TAMS 0x000000008d100000, 0x000000008d100000| Untracked 
| 210|0x000000008d200000, 0x000000008d200000, 0x000000008d300000|  0%| F|  |TAMS 0x000000008d200000, 0x000000008d200000| Untracked 
| 211|0x000000008d300000, 0x000000008d300000, 0x000000008d400000|  0%| F|  |TAMS 0x000000008d300000, 0x000000008d300000| Untracked 
| 212|0x000000008d400000, 0x000000008d400000, 0x000000008d500000|  0%| F|  |TAMS 0x000000008d400000, 0x000000008d400000| Untracked 
| 213|0x000000008d500000, 0x000000008d500000, 0x000000008d600000|  0%| F|  |TAMS 0x000000008d500000, 0x000000008d500000| Untracked 
| 214|0x000000008d600000, 0x000000008d600000, 0x000000008d700000|  0%| F|  |TAMS 0x000000008d600000, 0x000000008d600000| Untracked 
| 215|0x000000008d700000, 0x000000008d700000, 0x000000008d800000|  0%| F|  |TAMS 0x000000008d700000, 0x000000008d700000| Untracked 
| 216|0x000000008d800000, 0x000000008d800000, 0x000000008d900000|  0%| F|  |TAMS 0x000000008d800000, 0x000000008d800000| Untracked 
| 217|0x000000008d900000, 0x000000008d900000, 0x000000008da00000|  0%| F|  |TAMS 0x000000008d900000, 0x000000008d900000| Untracked 
| 218|0x000000008da00000, 0x000000008da00000, 0x000000008db00000|  0%| F|  |TAMS 0x000000008da00000, 0x000000008da00000| Untracked 
| 219|0x000000008db00000, 0x000000008db00000, 0x000000008dc00000|  0%| F|  |TAMS 0x000000008db00000, 0x000000008db00000| Untracked 
| 220|0x000000008dc00000, 0x000000008dc00000, 0x000000008dd00000|  0%| F|  |TAMS 0x000000008dc00000, 0x000000008dc00000| Untracked 
| 221|0x000000008dd00000, 0x000000008dd00000, 0x000000008de00000|  0%| F|  |TAMS 0x000000008dd00000, 0x000000008dd00000| Untracked 
| 222|0x000000008de00000, 0x000000008de00000, 0x000000008df00000|  0%| F|  |TAMS 0x000000008de00000, 0x000000008de00000| Untracked 
| 223|0x000000008df00000, 0x000000008df00000, 0x000000008e000000|  0%| F|  |TAMS 0x000000008df00000, 0x000000008df00000| Untracked 
| 224|0x000000008e000000, 0x000000008e000000, 0x000000008e100000|  0%| F|  |TAMS 0x000000008e000000, 0x000000008e000000| Untracked 
| 225|0x000000008e100000, 0x000000008e100000, 0x000000008e200000|  0%| F|  |TAMS 0x000000008e100000, 0x000000008e100000| Untracked 
| 226|0x000000008e200000, 0x000000008e200000, 0x000000008e300000|  0%| F|  |TAMS 0x000000008e200000, 0x000000008e200000| Untracked 
| 227|0x000000008e300000, 0x000000008e300000, 0x000000008e400000|  0%| F|  |TAMS 0x000000008e300000, 0x000000008e300000| Untracked 
| 228|0x000000008e400000, 0x000000008e400000, 0x000000008e500000|  0%| F|  |TAMS 0x000000008e400000, 0x000000008e400000| Untracked 
| 229|0x000000008e500000, 0x000000008e500000, 0x000000008e600000|  0%| F|  |TAMS 0x000000008e500000, 0x000000008e500000| Untracked 
| 230|0x000000008e600000, 0x000000008e600000, 0x000000008e700000|  0%| F|  |TAMS 0x000000008e600000, 0x000000008e600000| Untracked 
| 231|0x000000008e700000, 0x000000008e700000, 0x000000008e800000|  0%| F|  |TAMS 0x000000008e700000, 0x000000008e700000| Untracked 
| 232|0x000000008e800000, 0x000000008e800000, 0x000000008e900000|  0%| F|  |TAMS 0x000000008e800000, 0x000000008e800000| Untracked 
| 233|0x000000008e900000, 0x000000008e900000, 0x000000008ea00000|  0%| F|  |TAMS 0x000000008e900000, 0x000000008e900000| Untracked 
| 234|0x000000008ea00000, 0x000000008ea00000, 0x000000008eb00000|  0%| F|  |TAMS 0x000000008ea00000, 0x000000008ea00000| Untracked 
| 235|0x000000008eb00000, 0x000000008eb00000, 0x000000008ec00000|  0%| F|  |TAMS 0x000000008eb00000, 0x000000008eb00000| Untracked 
| 236|0x000000008ec00000, 0x000000008ec00000, 0x000000008ed00000|  0%| F|  |TAMS 0x000000008ec00000, 0x000000008ec00000| Untracked 
| 237|0x000000008ed00000, 0x000000008ed00000, 0x000000008ee00000|  0%| F|  |TAMS 0x000000008ed00000, 0x000000008ed00000| Untracked 
| 238|0x000000008ee00000, 0x000000008ee00000, 0x000000008ef00000|  0%| F|  |TAMS 0x000000008ee00000, 0x000000008ee00000| Untracked 
| 239|0x000000008ef00000, 0x000000008ef00000, 0x000000008f000000|  0%| F|  |TAMS 0x000000008ef00000, 0x000000008ef00000| Untracked 
| 240|0x000000008f000000, 0x000000008f000000, 0x000000008f100000|  0%| F|  |TAMS 0x000000008f000000, 0x000000008f000000| Untracked 
| 241|0x000000008f100000, 0x000000008f100000, 0x000000008f200000|  0%| F|  |TAMS 0x000000008f100000, 0x000000008f100000| Untracked 
| 242|0x000000008f200000, 0x000000008f200000, 0x000000008f300000|  0%| F|  |TAMS 0x000000008f200000, 0x000000008f200000| Untracked 
| 243|0x000000008f300000, 0x000000008f300000, 0x000000008f400000|  0%| F|  |TAMS 0x000000008f300000, 0x000000008f300000| Untracked 
| 244|0x000000008f400000, 0x000000008f400000, 0x000000008f500000|  0%| F|  |TAMS 0x000000008f400000, 0x000000008f400000| Untracked 
| 245|0x000000008f500000, 0x000000008f500000, 0x000000008f600000|  0%| F|  |TAMS 0x000000008f500000, 0x000000008f500000| Untracked 
| 246|0x000000008f600000, 0x000000008f600000, 0x000000008f700000|  0%| F|  |TAMS 0x000000008f600000, 0x000000008f600000| Untracked 
| 247|0x000000008f700000, 0x000000008f700000, 0x000000008f800000|  0%| F|  |TAMS 0x000000008f700000, 0x000000008f700000| Untracked 
| 248|0x000000008f800000, 0x000000008f800000, 0x000000008f900000|  0%| F|  |TAMS 0x000000008f800000, 0x000000008f800000| Untracked 
| 249|0x000000008f900000, 0x000000008f900000, 0x000000008fa00000|  0%| F|  |TAMS 0x000000008f900000, 0x000000008f900000| Untracked 
| 250|0x000000008fa00000, 0x000000008fa00000, 0x000000008fb00000|  0%| F|  |TAMS 0x000000008fa00000, 0x000000008fa00000| Untracked 
| 251|0x000000008fb00000, 0x000000008fb00000, 0x000000008fc00000|  0%| F|  |TAMS 0x000000008fb00000, 0x000000008fb00000| Untracked 
| 252|0x000000008fc00000, 0x000000008fc00000, 0x000000008fd00000|  0%| F|  |TAMS 0x000000008fc00000, 0x000000008fc00000| Untracked 
| 253|0x000000008fd00000, 0x000000008fd00000, 0x000000008fe00000|  0%| F|  |TAMS 0x000000008fd00000, 0x000000008fd00000| Untracked 
| 254|0x000000008fe00000, 0x000000008fe00000, 0x000000008ff00000|  0%| F|  |TAMS 0x000000008fe00000, 0x000000008fe00000| Untracked 
| 255|0x000000008ff00000, 0x000000008ff00000, 0x0000000090000000|  0%| F|  |TAMS 0x000000008ff00000, 0x000000008ff00000| Untracked 
| 256|0x0000000090000000, 0x0000000090000000, 0x0000000090100000|  0%| F|  |TAMS 0x0000000090000000, 0x0000000090000000| Untracked 

Card table byte_map: [0x000002743a630000,0x000002743aa30000] _byte_map_base: 0x000002743a230000

Marking Bits (Prev, Next): (CMBitMap*) 0x0000027427a9b610, (CMBitMap*) 0x0000027427a9b650
 Prev Bits: [0x000002743ae30000, 0x000002743ce30000)
 Next Bits: [0x000002743ce30000, 0x000002743ee30000)

Polling page: 0x0000027425970000

Metaspace:

Usage:
  Non-class:     85.85 MB used.
      Class:     13.66 MB used.
       Both:     99.51 MB used.

Virtual space:
  Non-class space:       88.00 MB reserved,      86.19 MB ( 98%) committed,  11 nodes.
      Class space:        1.00 GB reserved,      13.94 MB (  1%) committed,  1 nodes.
             Both:        1.09 GB reserved,     100.12 MB (  9%) committed. 

Chunk freelists:
   Non-Class:  1.55 MB
       Class:  1.89 MB
        Both:  3.44 MB

MaxMetaspaceSize: unlimited
CompressedClassSpaceSize: 1.00 GB
Initial GC threshold: 21.00 MB
Current GC threshold: 137.62 MB
CDS: off
MetaspaceReclaimPolicy: balanced
 - commit_granule_bytes: 65536.
 - commit_granule_words: 8192.
 - virtual_space_node_default_size: 1048576.
 - enlarge_chunks_in_place: 1.
 - new_chunks_are_fully_committed: 0.
 - uncommit_free_chunks: 1.
 - use_allocation_guard: 0.
 - handle_deallocations: 1.


Internal statistics:

num_allocs_failed_limit: 11.
num_arena_births: 808.
num_arena_deaths: 0.
num_vsnodes_births: 12.
num_vsnodes_deaths: 0.
num_space_committed: 1602.
num_space_uncommitted: 0.
num_chunks_returned_to_freelist: 11.
num_chunks_taken_from_freelist: 4521.
num_chunk_merges: 0.
num_chunk_splits: 3040.
num_chunks_enlarged: 2101.
num_purges: 0.
num_inconsistent_stats: 0.

CodeHeap 'non-profiled nmethods': size=120000Kb used=6490Kb max_used=6490Kb free=113509Kb
 bounds [0x00000274329d0000, 0x0000027433030000, 0x0000027439f00000]
CodeHeap 'profiled nmethods': size=120000Kb used=21240Kb max_used=21240Kb free=98759Kb
 bounds [0x000002742af00000, 0x000002742c3c0000, 0x0000027432430000]
CodeHeap 'non-nmethods': size=5760Kb used=2399Kb max_used=2517Kb free=3360Kb
 bounds [0x0000027432430000, 0x00000274326b0000, 0x00000274329d0000]
 total_blobs=11314 nmethods=10383 adapters=843
 compilation: enabled
              stopped_count=0, restarted_count=0
 full_count=0

Compilation events (20 events):
Event: 12.822 Thread 0x00000274424be140 nmethod 12008 0x000002742c3b9e90 code [0x000002742c3ba280, 0x000002742c3bb658]
Event: 12.822 Thread 0x00000274424be140 11947       2       com.android.tools.r8.internal.jF$$Lambda$1602/0x0000000100dbcca8::<init> (15 bytes)
Event: 12.823 Thread 0x00000274424be140 nmethod 11947 0x000002742c3bc290 code [0x000002742c3bc420, 0x000002742c3bc5d8]
Event: 12.823 Thread 0x00000274424be140 11941       2       com.android.tools.r8.internal.YG::<init> (15 bytes)
Event: 12.823 Thread 0x00000274424be140 nmethod 11941 0x000002742c3bc690 code [0x000002742c3bc820, 0x000002742c3bc978]
Event: 12.824 Thread 0x00000274424be140 11479       1       com.android.tools.r8.graph.Z0::S (2 bytes)
Event: 12.824 Thread 0x00000274424be140 nmethod 11479 0x0000027433026690 code [0x0000027433026820, 0x00000274330268f8]
Event: 12.824 Thread 0x00000274424be140 12017       2       java.util.AbstractSequentialList::iterator (5 bytes)
Event: 12.825 Thread 0x00000274424be140 nmethod 12017 0x000002742c3bca10 code [0x000002742c3bcba0, 0x000002742c3bccc8]
Event: 12.825 Thread 0x00000274424be140 11878       2       com.android.tools.r8.graph.u2::apply (40 bytes)
Event: 12.826 Thread 0x00000274424be140 nmethod 11878 0x000002742c3bcd90 code [0x000002742c3bcf60, 0x000002742c3bd1d8]
Event: 12.827 Thread 0x00000274424be140 11893       2       com.google.common.util.concurrent.AbstractFuture$UnsafeAtomicHelper::casWaiters (13 bytes)
Event: 12.829 Thread 0x00000274424be140 nmethod 11893 0x000002742c3bd410 code [0x000002742c3bd5a0, 0x000002742c3bd718]
Event: 12.829 Thread 0x00000274424be140 11880       2       com.android.tools.r8.graph.l::<init> (40 bytes)
Event: 12.829 Thread 0x00000274424be140 nmethod 11880 0x000002742c3bd790 code [0x000002742c3bd920, 0x000002742c3bdbb8]
Event: 12.830 Thread 0x00000274424be140 11937       2       com.google.common.util.concurrent.AbstractFuture::afterDone (1 bytes)
Event: 12.831 Thread 0x00000274424be140 nmethod 11937 0x000002742c3bdc90 code [0x000002742c3bde20, 0x000002742c3bdf18]
Event: 12.831 Thread 0x00000274424be140 11943       2       com.google.common.util.concurrent.AbstractFuture$UnsafeAtomicHelper::casListeners (13 bytes)
Event: 12.832 Thread 0x00000274424be140 nmethod 11943 0x000002742c3bdf90 code [0x000002742c3be120, 0x000002742c3be298]
Event: 12.832 Thread 0x00000274424be140 11945   !   2       com.google.common.util.concurrent.InterruptibleTask::run (461 bytes)

GC Heap History (20 events):
Event: 8.491 GC heap after
{Heap after GC invocations=35 (full 0):
 garbage-first heap   total 126976K, used 72691K [0x0000000080000000, 0x0000000100000000)
  region size 1024K, 5 young (5120K), 5 survivors (5120K)
 Metaspace       used 79482K, committed 80000K, reserved 1122304K
  class space    used 10691K, committed 10944K, reserved 1048576K
}
Event: 8.892 GC heap before
{Heap before GC invocations=35 (full 0):
 garbage-first heap   total 126976K, used 104435K [0x0000000080000000, 0x0000000100000000)
  region size 1024K, 36 young (36864K), 5 survivors (5120K)
 Metaspace       used 83860K, committed 84416K, reserved 1130496K
  class space    used 11297K, committed 11584K, reserved 1048576K
}
Event: 8.898 GC heap after
{Heap after GC invocations=36 (full 0):
 garbage-first heap   total 126976K, used 75342K [0x0000000080000000, 0x0000000100000000)
  region size 1024K, 5 young (5120K), 5 survivors (5120K)
 Metaspace       used 83860K, committed 84416K, reserved 1130496K
  class space    used 11297K, committed 11584K, reserved 1048576K
}
Event: 9.148 GC heap before
{Heap before GC invocations=37 (full 0):
 garbage-first heap   total 130048K, used 105038K [0x0000000080000000, 0x0000000100000000)
  region size 1024K, 34 young (34816K), 5 survivors (5120K)
 Metaspace       used 84393K, committed 84928K, reserved 1130496K
  class space    used 11375K, committed 11648K, reserved 1048576K
}
Event: 9.155 GC heap after
{Heap after GC invocations=38 (full 0):
 garbage-first heap   total 130048K, used 79579K [0x0000000080000000, 0x0000000100000000)
  region size 1024K, 5 young (5120K), 5 survivors (5120K)
 Metaspace       used 84393K, committed 84928K, reserved 1130496K
  class space    used 11375K, committed 11648K, reserved 1048576K
}
Event: 9.159 GC heap before
{Heap before GC invocations=38 (full 0):
 garbage-first heap   total 130048K, used 80603K [0x0000000080000000, 0x0000000100000000)
  region size 1024K, 6 young (6144K), 5 survivors (5120K)
 Metaspace       used 84393K, committed 84928K, reserved 1130496K
  class space    used 11375K, committed 11648K, reserved 1048576K
}
Event: 9.165 GC heap after
{Heap after GC invocations=39 (full 0):
 garbage-first heap   total 263168K, used 80158K [0x0000000080000000, 0x0000000100000000)
  region size 1024K, 1 young (1024K), 1 survivors (1024K)
 Metaspace       used 84393K, committed 84928K, reserved 1130496K
  class space    used 11375K, committed 11648K, reserved 1048576K
}
Event: 10.129 GC heap before
{Heap before GC invocations=39 (full 0):
 garbage-first heap   total 263168K, used 199966K [0x0000000080000000, 0x0000000100000000)
  region size 1024K, 119 young (121856K), 1 survivors (1024K)
 Metaspace       used 88206K, committed 88768K, reserved 1130496K
  class space    used 11968K, committed 12224K, reserved 1048576K
}
Event: 10.144 GC heap after
{Heap after GC invocations=40 (full 0):
 garbage-first heap   total 263168K, used 90100K [0x0000000080000000, 0x0000000100000000)
  region size 1024K, 11 young (11264K), 11 survivors (11264K)
 Metaspace       used 88206K, committed 88768K, reserved 1130496K
  class space    used 11968K, committed 12224K, reserved 1048576K
}
Event: 11.476 GC heap before
{Heap before GC invocations=40 (full 0):
 garbage-first heap   total 263168K, used 197620K [0x0000000080000000, 0x0000000100000000)
  region size 1024K, 117 young (119808K), 11 survivors (11264K)
 Metaspace       used 93082K, committed 93696K, reserved 1130496K
  class space    used 12595K, committed 12864K, reserved 1048576K
}
Event: 11.488 GC heap after
{Heap after GC invocations=41 (full 0):
 garbage-first heap   total 263168K, used 97686K [0x0000000080000000, 0x0000000100000000)
  region size 1024K, 8 young (8192K), 8 survivors (8192K)
 Metaspace       used 93082K, committed 93696K, reserved 1130496K
  class space    used 12595K, committed 12864K, reserved 1048576K
}
Event: 12.043 GC heap before
{Heap before GC invocations=41 (full 0):
 garbage-first heap   total 263168K, used 204182K [0x0000000080000000, 0x0000000100000000)
  region size 1024K, 113 young (115712K), 8 survivors (8192K)
 Metaspace       used 97254K, committed 97856K, reserved 1138688K
  class space    used 13210K, committed 13504K, reserved 1048576K
}
Event: 12.054 GC heap after
{Heap after GC invocations=42 (full 0):
 garbage-first heap   total 263168K, used 126626K [0x0000000080000000, 0x0000000100000000)
  region size 1024K, 15 young (15360K), 15 survivors (15360K)
 Metaspace       used 97254K, committed 97856K, reserved 1138688K
  class space    used 13210K, committed 13504K, reserved 1048576K
}
Event: 12.316 GC heap before
{Heap before GC invocations=42 (full 0):
 garbage-first heap   total 263168K, used 202402K [0x0000000080000000, 0x0000000100000000)
  region size 1024K, 90 young (92160K), 15 survivors (15360K)
 Metaspace       used 99659K, committed 100288K, reserved 1138688K
  class space    used 13564K, committed 13888K, reserved 1048576K
}
Event: 12.333 GC heap after
{Heap after GC invocations=43 (full 0):
 garbage-first heap   total 263168K, used 144091K [0x0000000080000000, 0x0000000100000000)
  region size 1024K, 12 young (12288K), 12 survivors (12288K)
 Metaspace       used 99659K, committed 100288K, reserved 1138688K
  class space    used 13564K, committed 13888K, reserved 1048576K
}
Event: 12.506 GC heap before
{Heap before GC invocations=43 (full 0):
 garbage-first heap   total 263168K, used 206555K [0x0000000080000000, 0x0000000100000000)
  region size 1024K, 73 young (74752K), 12 survivors (12288K)
 Metaspace       used 99926K, committed 100544K, reserved 1138688K
  class space    used 13622K, committed 13888K, reserved 1048576K
}
Event: 12.521 GC heap after
{Heap after GC invocations=44 (full 0):
 garbage-first heap   total 263168K, used 152457K [0x0000000080000000, 0x0000000100000000)
  region size 1024K, 10 young (10240K), 10 survivors (10240K)
 Metaspace       used 99926K, committed 100544K, reserved 1138688K
  class space    used 13622K, committed 13888K, reserved 1048576K
}
Event: 12.666 GC heap before
{Heap before GC invocations=44 (full 0):
 garbage-first heap   total 263168K, used 208777K [0x0000000080000000, 0x0000000100000000)
  region size 1024K, 65 young (66560K), 10 survivors (10240K)
 Metaspace       used 100841K, committed 101440K, reserved 1138688K
  class space    used 13795K, committed 14080K, reserved 1048576K
}
Event: 12.688 GC heap after
{Heap after GC invocations=45 (full 0):
 garbage-first heap   total 263168K, used 162583K [0x0000000080000000, 0x0000000100000000)
  region size 1024K, 9 young (9216K), 9 survivors (9216K)
 Metaspace       used 100841K, committed 101440K, reserved 1138688K
  class space    used 13795K, committed 14080K, reserved 1048576K
}
Event: 12.835 GC heap before
{Heap before GC invocations=45 (full 0):
 garbage-first heap   total 263168K, used 212758K [0x0000000080000000, 0x0000000100000000)
  region size 1024K, 58 young (59392K), 9 survivors (9216K)
 Metaspace       used 101894K, committed 102528K, reserved 1138688K
  class space    used 13982K, committed 14272K, reserved 1048576K
}

Dll operation events (2 events):
Event: 0.006 Loaded shared library D:\android studio\jbr\bin\java.dll
Event: 0.342 Loaded shared library D:\android studio\jbr\bin\verify.dll

Deoptimization events (20 events):
Event: 12.817 Thread 0x0000027447b1c640 DEOPT PACKING pc=0x000002742c3b2f55 sp=0x00000094463f9fa0
Event: 12.817 Thread 0x0000027447b1c640 DEOPT UNPACKING pc=0x0000027432487143 sp=0x00000094463f9438 mode 0
Event: 12.820 Thread 0x0000027447b1c170 DEOPT PACKING pc=0x000002742c3b2f55 sp=0x0000009446cfa3d0
Event: 12.820 Thread 0x0000027447b1c170 DEOPT UNPACKING pc=0x0000027432487143 sp=0x0000009446cf9868 mode 0
Event: 12.823 Thread 0x0000027447b1cb10 DEOPT PACKING pc=0x000002742c3a2efe sp=0x00000094460f9fb0
Event: 12.823 Thread 0x0000027447b1cb10 DEOPT UNPACKING pc=0x0000027432487143 sp=0x00000094460f9528 mode 0
Event: 12.823 Thread 0x0000027447b1c170 DEOPT PACKING pc=0x000002742c3b2f55 sp=0x0000009446cfa3d0
Event: 12.823 Thread 0x0000027447b1c170 DEOPT UNPACKING pc=0x0000027432487143 sp=0x0000009446cf9868 mode 0
Event: 12.825 Thread 0x0000027447b1cb10 DEOPT PACKING pc=0x000002742c3b2f55 sp=0x00000094460fa210
Event: 12.825 Thread 0x0000027447b1cb10 DEOPT UNPACKING pc=0x0000027432487143 sp=0x00000094460f96a8 mode 0
Event: 12.827 Thread 0x0000027447b1c170 DEOPT PACKING pc=0x000002742c3b2f55 sp=0x0000009446cfa3d0
Event: 12.827 Thread 0x0000027447b1c170 DEOPT UNPACKING pc=0x0000027432487143 sp=0x0000009446cf9868 mode 0
Event: 12.830 Thread 0x0000027447b1c640 DEOPT PACKING pc=0x000002742c3b2f55 sp=0x00000094463f9fa0
Event: 12.830 Thread 0x0000027447b1c640 DEOPT UNPACKING pc=0x0000027432487143 sp=0x00000094463f9438 mode 0
Event: 12.832 Thread 0x0000027447b1cb10 DEOPT PACKING pc=0x000002742c3b2f55 sp=0x00000094460fa210
Event: 12.832 Thread 0x0000027447b1cb10 DEOPT UNPACKING pc=0x0000027432487143 sp=0x00000094460f96a8 mode 0
Event: 12.833 Thread 0x0000027447b1c170 DEOPT PACKING pc=0x000002742c3b2f55 sp=0x0000009446cfa3d0
Event: 12.834 Thread 0x0000027447b1c170 DEOPT UNPACKING pc=0x0000027432487143 sp=0x0000009446cf9868 mode 0
Event: 12.835 Thread 0x0000027447b1c170 DEOPT PACKING pc=0x000002742c3a2efe sp=0x0000009446cf9fb0
Event: 12.835 Thread 0x0000027447b1c170 DEOPT UNPACKING pc=0x0000027432487143 sp=0x0000009446cf9528 mode 0

Classes unloaded (0 events):
No events

Classes redefined (0 events):
No events

Internal exceptions (20 events):
Event: 11.921 Thread 0x0000027448564fd0 Exception <a 'java/lang/NoSuchMethodError'{0x000000008b3d2d58}: 'void java.lang.invoke.DirectMethodHandle$Holder.invokeStatic(java.lang.Object, java.lang.Object, int, java.lang.Object, java.lang.Object, java.lang.Object, java.lang.Object)'> (0x000000008b3d2d58) 
thrown [s\src\hotspot\share\interpreter\linkResolver.cpp, line 771]
Event: 11.922 Thread 0x0000027448564fd0 Exception <a 'java/lang/NoSuchMethodError'{0x000000008b1b1600}: 'java.lang.Object java.lang.invoke.DirectMethodHandle$Holder.invokeSpecial(java.lang.Object, java.lang.Object, java.lang.Object, int, java.lang.Object, java.lang.Object)'> (0x000000008b1b1600) 
thrown [s\src\hotspot\share\interpreter\linkResolver.cpp, line 771]
Event: 11.923 Thread 0x0000027448563c90 Exception <a 'java/lang/NoSuchMethodError'{0x000000008b1cb960}: 'java.lang.Object java.lang.invoke.DirectMethodHandle$Holder.invokeSpecial(java.lang.Object, java.lang.Object, java.lang.Object, int, java.lang.Object, java.lang.Object)'> (0x000000008b1cb960) 
thrown [s\src\hotspot\share\interpreter\linkResolver.cpp, line 771]
Event: 11.923 Thread 0x0000027449b9b210 Exception <a 'java/lang/NoSuchMethodError'{0x000000008b26c7e8}: 'java.lang.Object java.lang.invoke.DirectMethodHandle$Holder.invokeSpecial(java.lang.Object, java.lang.Object, java.lang.Object, int, java.lang.Object, java.lang.Object)'> (0x000000008b26c7e8) 
thrown [s\src\hotspot\share\interpreter\linkResolver.cpp, line 771]
Event: 11.923 Thread 0x0000027449b9b210 Exception <a 'java/lang/NoSuchMethodError'{0x000000008b02c268}: 'java.lang.Object java.lang.invoke.Invokers$Holder.linkToTargetMethod(java.lang.Object, int, java.lang.Object, java.lang.Object, java.lang.Object)'> (0x000000008b02c268) 
thrown [s\src\hotspot\share\interpreter\linkResolver.cpp, line 771]
Event: 11.923 Thread 0x0000027448563c90 Exception <a 'java/lang/NoSuchMethodError'{0x000000008b1cfbb0}: 'java.lang.Object java.lang.invoke.Invokers$Holder.linkToTargetMethod(java.lang.Object, int, java.lang.Object, java.lang.Object, java.lang.Object)'> (0x000000008b1cfbb0) 
thrown [s\src\hotspot\share\interpreter\linkResolver.cpp, line 771]
Event: 11.942 Thread 0x0000027447a527f0 Exception <a 'sun/nio/fs/WindowsException'{0x000000008ade3d20}> (0x000000008ade3d20) 
thrown [s\src\hotspot\share\prims\jni.cpp, line 517]
Event: 11.952 Thread 0x0000027447a527f0 Exception <a 'java/lang/NoSuchMethodError'{0x000000008ab5db90}: 'java.lang.Object java.lang.invoke.DirectMethodHandle$Holder.newInvokeSpecial(java.lang.Object, long)'> (0x000000008ab5db90) 
thrown [s\src\hotspot\share\interpreter\linkResolver.cpp, line 771]
Event: 12.117 Thread 0x0000027448564fd0 Exception <a 'java/lang/IncompatibleClassChangeError'{0x000000008f14b518}: Found class java.lang.Object, but interface was expected> (0x000000008f14b518) 
thrown [s\src\hotspot\share\interpreter\linkResolver.cpp, line 838]
Event: 12.285 Thread 0x0000027447b1c640 Exception <a 'sun/nio/fs/WindowsException'{0x000000008c1ca318}> (0x000000008c1ca318) 
thrown [s\src\hotspot\share\prims\jni.cpp, line 517]
Event: 12.299 Thread 0x0000027449b9b210 Exception <a 'java/lang/NoSuchMethodError'{0x000000008bea0f20}: 'java.lang.Object java.lang.invoke.DirectMethodHandle$Holder.invokeStatic(java.lang.Object, int, java.lang.Object, java.lang.Object)'> (0x000000008bea0f20) 
thrown [s\src\hotspot\share\interpreter\linkResolver.cpp, line 771]
Event: 12.334 Thread 0x0000027448564fd0 Implicit null exception at 0x0000027432d43820 to 0x0000027432d43a44
Event: 12.336 Thread 0x0000027447b1cb10 Exception <a 'sun/nio/fs/WindowsException'{0x000000008ff30160}> (0x000000008ff30160) 
thrown [s\src\hotspot\share\prims\jni.cpp, line 517]
Event: 12.352 Thread 0x0000027447b1c170 Exception <a 'sun/nio/fs/WindowsException'{0x000000008f704948}> (0x000000008f704948) 
thrown [s\src\hotspot\share\prims\jni.cpp, line 517]
Event: 12.638 Thread 0x0000027448564fd0 Exception <a 'java/lang/NoSuchMethodError'{0x000000008ddf6460}: 'int java.lang.invoke.DirectMethodHandle$Holder.invokeSpecial(java.lang.Object, java.lang.Object, java.lang.Object, java.lang.Object, java.lang.Object)'> (0x000000008ddf6460) 
thrown [s\src\hotspot\share\interpreter\linkResolver.cpp, line 771]
Event: 12.639 Thread 0x0000027449b9b210 Exception <a 'java/lang/NoSuchMethodError'{0x000000008cfc35f8}: 'int java.lang.invoke.DirectMethodHandle$Holder.invokeSpecial(java.lang.Object, java.lang.Object, java.lang.Object, java.lang.Object, java.lang.Object)'> (0x000000008cfc35f8) 
thrown [s\src\hotspot\share\interpreter\linkResolver.cpp, line 771]
Event: 12.661 Thread 0x0000027448564fd0 Exception <a 'java/lang/IncompatibleClassChangeError'{0x000000008cbce1f0}: Found class java.lang.Object, but interface was expected> (0x000000008cbce1f0) 
thrown [s\src\hotspot\share\interpreter\linkResolver.cpp, line 838]
Event: 12.661 Thread 0x0000027449b9b210 Exception <a 'java/lang/IncompatibleClassChangeError'{0x000000008cbaa1d8}: Found class java.lang.Object, but interface was expected> (0x000000008cbaa1d8) 
thrown [s\src\hotspot\share\interpreter\linkResolver.cpp, line 838]
Event: 12.661 Thread 0x0000027448564fd0 Exception <a 'java/lang/IncompatibleClassChangeError'{0x000000008ca26500}: Found class java.lang.Object, but interface was expected> (0x000000008ca26500) 
thrown [s\src\hotspot\share\interpreter\linkResolver.cpp, line 838]
Event: 12.777 Thread 0x0000027449b9b210 Exception <a 'java/lang/NoSuchMethodError'{0x000000008e487ae0}: 'void java.lang.invoke.DirectMethodHandle$Holder.invokeSpecial(java.lang.Object, java.lang.Object, int, java.lang.Object)'> (0x000000008e487ae0) 
thrown [s\src\hotspot\share\interpreter\linkResolver.cpp, line 771]

VM Operations (20 events):
Event: 11.874 Executing VM operation: HandshakeAllThreads done
Event: 11.952 Executing VM operation: ICBufferFull
Event: 11.953 Executing VM operation: ICBufferFull done
Event: 12.043 Executing VM operation: G1CollectForAllocation
Event: 12.055 Executing VM operation: G1CollectForAllocation done
Event: 12.315 Executing VM operation: G1CollectForAllocation
Event: 12.335 Executing VM operation: G1CollectForAllocation done
Event: 12.492 Executing VM operation: HandshakeAllThreads
Event: 12.506 Executing VM operation: HandshakeAllThreads done
Event: 12.506 Executing VM operation: G1CollectForAllocation
Event: 12.521 Executing VM operation: G1CollectForAllocation done
Event: 12.528 Executing VM operation: HandshakeAllThreads
Event: 12.529 Executing VM operation: HandshakeAllThreads done
Event: 12.665 Executing VM operation: G1CollectForAllocation
Event: 12.692 Executing VM operation: G1CollectForAllocation done
Event: 12.822 Executing VM operation: HandshakeAllThreads
Event: 12.822 Executing VM operation: HandshakeAllThreads done
Event: 12.828 Executing VM operation: HandshakeAllThreads
Event: 12.828 Executing VM operation: HandshakeAllThreads done
Event: 12.835 Executing VM operation: G1CollectForAllocation

Events (20 events):
Event: 11.707 loading class java/io/UTFDataFormatException done
Event: 11.801 loading class java/util/concurrent/RejectedExecutionException
Event: 11.802 loading class java/util/concurrent/RejectedExecutionException done
Event: 11.875 Thread 0x00000274424c0270 flushing nmethod 0x0000027432a44410
Event: 11.880 Thread 0x00000274424c0270 flushing nmethod 0x000002742b150710
Event: 11.886 Thread 0x00000274424c0270 flushing nmethod 0x000002742b909f10
Event: 11.886 Thread 0x00000274424c0270 flushing nmethod 0x000002742b910d10
Event: 11.892 Thread 0x00000274424c0270 flushing nmethod 0x000002742c0ca810
Event: 11.896 loading class java/lang/reflect/GenericSignatureFormatError
Event: 11.896 loading class java/lang/reflect/GenericSignatureFormatError done
Event: 11.999 loading class java/util/concurrent/ConcurrentLinkedQueue$Itr
Event: 11.999 loading class java/util/concurrent/ConcurrentLinkedQueue$Itr done
Event: 12.820 loading class java/util/SortedSet$1
Event: 12.821 loading class java/util/SortedSet$1 done
Event: 12.825 loading class java/util/stream/SliceOps
Event: 12.825 loading class java/util/stream/SliceOps done
Event: 12.826 loading class java/util/stream/SliceOps$1
Event: 12.826 loading class java/util/stream/SliceOps$1 done
Event: 12.828 loading class java/util/stream/SliceOps$1$1
Event: 12.828 loading class java/util/stream/SliceOps$1$1 done


Dynamic libraries:
0x00007ff6aa360000 - 0x00007ff6aa36a000 	D:\android studio\jbr\bin\java.exe
0x00007ffa210b0000 - 0x00007ffa212c7000 	C:\WINDOWS\SYSTEM32\ntdll.dll
0x00007ffa20580000 - 0x00007ffa20644000 	C:\WINDOWS\System32\KERNEL32.DLL
0x00007ffa1e4a0000 - 0x00007ffa1e846000 	C:\WINDOWS\System32\KERNELBASE.dll
0x00007ffa1eb90000 - 0x00007ffa1eca1000 	C:\WINDOWS\System32\ucrtbase.dll
0x00007ffa014f0000 - 0x00007ffa01507000 	D:\android studio\jbr\bin\jli.dll
0x00007ffa08d90000 - 0x00007ffa08dab000 	D:\android studio\jbr\bin\VCRUNTIME140.dll
0x00007ffa1f280000 - 0x00007ffa1f42d000 	C:\WINDOWS\System32\USER32.dll
0x00007ffa1e9f0000 - 0x00007ffa1ea16000 	C:\WINDOWS\System32\win32u.dll
0x00007ffa02e80000 - 0x00007ffa03113000 	C:\WINDOWS\WinSxS\amd64_microsoft.windows.common-controls_6595b64144ccf1df_6.0.22621.2361_none_2712ced57382f843\COMCTL32.dll
0x00007ffa20d80000 - 0x00007ffa20da9000 	C:\WINDOWS\System32\GDI32.dll
0x00007ffa20cd0000 - 0x00007ffa20d77000 	C:\WINDOWS\System32\msvcrt.dll
0x00007ffa1e8d0000 - 0x00007ffa1e9e8000 	C:\WINDOWS\System32\gdi32full.dll
0x00007ffa1ecb0000 - 0x00007ffa1ed4a000 	C:\WINDOWS\System32\msvcp_win.dll
0x00007ffa20490000 - 0x00007ffa204c1000 	C:\WINDOWS\System32\IMM32.DLL
0x00007ffa04730000 - 0x00007ffa0473c000 	D:\android studio\jbr\bin\vcruntime140_1.dll
0x00007ff9de320000 - 0x00007ff9de3ad000 	D:\android studio\jbr\bin\msvcp140.dll
0x00007ff9842d0000 - 0x00007ff984f3e000 	D:\android studio\jbr\bin\server\jvm.dll
0x00007ffa204d0000 - 0x00007ffa20580000 	C:\WINDOWS\System32\ADVAPI32.dll
0x00007ffa209e0000 - 0x00007ffa20a86000 	C:\WINDOWS\System32\sechost.dll
0x00007ffa201b0000 - 0x00007ffa202c7000 	C:\WINDOWS\System32\RPCRT4.dll
0x00007ffa17680000 - 0x00007ffa176b4000 	C:\WINDOWS\SYSTEM32\WINMM.dll
0x00007ffa033d0000 - 0x00007ffa033d9000 	C:\WINDOWS\SYSTEM32\WSOCK32.dll
0x00007ffa18370000 - 0x00007ffa1837a000 	C:\WINDOWS\SYSTEM32\VERSION.dll
0x00007ffa20db0000 - 0x00007ffa20e21000 	C:\WINDOWS\System32\WS2_32.dll
0x00007ffa1d470000 - 0x00007ffa1d488000 	C:\WINDOWS\SYSTEM32\kernel.appcore.dll
0x00007ffa18ec0000 - 0x00007ffa18eca000 	D:\android studio\jbr\bin\jimage.dll
0x00007ffa1bd80000 - 0x00007ffa1bfae000 	C:\WINDOWS\SYSTEM32\DBGHELP.DLL
0x00007ffa20650000 - 0x00007ffa209da000 	C:\WINDOWS\System32\combase.dll
0x00007ffa20e30000 - 0x00007ffa20f07000 	C:\WINDOWS\System32\OLEAUT32.dll
0x00007ffa02780000 - 0x00007ffa027b2000 	C:\WINDOWS\SYSTEM32\dbgcore.DLL
0x00007ffa1e850000 - 0x00007ffa1e8ca000 	C:\WINDOWS\System32\bcryptPrimitives.dll
0x00007ffa17b70000 - 0x00007ffa17b95000 	D:\android studio\jbr\bin\java.dll
0x00007ffa06af0000 - 0x00007ffa06b08000 	D:\android studio\jbr\bin\zip.dll
0x00007ffa1f4b0000 - 0x00007ffa1fd08000 	C:\WINDOWS\System32\SHELL32.dll
0x00007ffa1c390000 - 0x00007ffa1cc82000 	C:\WINDOWS\SYSTEM32\windows.storage.dll
0x00007ffa1c250000 - 0x00007ffa1c38e000 	C:\WINDOWS\SYSTEM32\wintypes.dll
0x00007ffa20f70000 - 0x00007ffa21063000 	C:\WINDOWS\System32\SHCORE.dll
0x00007ffa20f10000 - 0x00007ffa20f6e000 	C:\WINDOWS\System32\shlwapi.dll
0x00007ffa1e360000 - 0x00007ffa1e386000 	C:\WINDOWS\SYSTEM32\profapi.dll
0x00007ffa05e30000 - 0x00007ffa05e49000 	D:\android studio\jbr\bin\net.dll
0x00007ffa17950000 - 0x00007ffa17a87000 	C:\WINDOWS\SYSTEM32\WINHTTP.dll
0x00007ffa1d8f0000 - 0x00007ffa1d959000 	C:\WINDOWS\system32\mswsock.dll
0x00007ffa05e10000 - 0x00007ffa05e26000 	D:\android studio\jbr\bin\nio.dll
0x00007ffa18eb0000 - 0x00007ffa18ec0000 	D:\android studio\jbr\bin\verify.dll
0x00007ff9e8ae0000 - 0x00007ff9e8b07000 	C:\Users\hachem safae\.gradle\native\e1d6ef7f7dcc3fd88c89a11ec53ec762bb8ba0a96d01ffa2cd45eb1d1d8dd5c5\windows-amd64\native-platform.dll
0x00007ff974e80000 - 0x00007ff974fc4000 	C:\Users\hachem safae\.gradle\native\5664cfc778a61ccfe75a443a1ab52a65af34e5dc3c78e0209fed803814484fcb\windows-amd64\native-platform-file-events.dll
0x00007ffa06ae0000 - 0x00007ffa06ae9000 	D:\android studio\jbr\bin\management.dll
0x00007ffa068d0000 - 0x00007ffa068db000 	D:\android studio\jbr\bin\management_ext.dll
0x00007ffa20bf0000 - 0x00007ffa20bf8000 	C:\WINDOWS\System32\PSAPI.DLL
0x00007ffa1db40000 - 0x00007ffa1db5b000 	C:\WINDOWS\SYSTEM32\CRYPTSP.dll
0x00007ffa1d3d0000 - 0x00007ffa1d405000 	C:\WINDOWS\system32\rsaenh.dll
0x00007ffa1d9e0000 - 0x00007ffa1da0c000 	C:\WINDOWS\SYSTEM32\USERENV.dll
0x00007ffa1dd00000 - 0x00007ffa1dd28000 	C:\WINDOWS\SYSTEM32\bcrypt.dll
0x00007ffa1db60000 - 0x00007ffa1db6c000 	C:\WINDOWS\SYSTEM32\CRYPTBASE.dll
0x00007ffa1cef0000 - 0x00007ffa1cf1d000 	C:\WINDOWS\SYSTEM32\IPHLPAPI.DLL
0x00007ffa201a0000 - 0x00007ffa201a9000 	C:\WINDOWS\System32\NSI.dll
0x00007ffa17660000 - 0x00007ffa17679000 	C:\WINDOWS\SYSTEM32\dhcpcsvc6.DLL
0x00007ffa17640000 - 0x00007ffa1765f000 	C:\WINDOWS\SYSTEM32\dhcpcsvc.DLL
0x00007ffa1cf60000 - 0x00007ffa1d059000 	C:\WINDOWS\SYSTEM32\DNSAPI.dll
0x00007ffa05e00000 - 0x00007ffa05e08000 	C:\WINDOWS\system32\wshunix.dll
0x00007ff9fd170000 - 0x00007ff9fd187000 	C:\WINDOWS\system32\napinsp.dll
0x00007ff9fd0f0000 - 0x00007ff9fd10b000 	C:\WINDOWS\system32\pnrpnsp.dll
0x00007ffa04830000 - 0x00007ffa04841000 	C:\WINDOWS\System32\winrnr.dll
0x00007ffa04810000 - 0x00007ffa04825000 	C:\WINDOWS\system32\wshbth.dll
0x00007ffa047e0000 - 0x00007ffa04801000 	C:\WINDOWS\system32\nlansp_c.dll
0x00007ffa14060000 - 0x00007ffa1406a000 	C:\Windows\System32\rasadhlp.dll
0x00007ffa16c20000 - 0x00007ffa16ca4000 	C:\WINDOWS\System32\fwpuclnt.dll

dbghelp: loaded successfully - version: 4.0.5 - missing functions: none
symbol engine: initialized successfully - sym options: 0x614 - pdb path: .;D:\android studio\jbr\bin;C:\WINDOWS\SYSTEM32;C:\WINDOWS\WinSxS\amd64_microsoft.windows.common-controls_6595b64144ccf1df_6.0.22621.2361_none_2712ced57382f843;D:\android studio\jbr\bin\server;C:\Users\hachem safae\.gradle\native\e1d6ef7f7dcc3fd88c89a11ec53ec762bb8ba0a96d01ffa2cd45eb1d1d8dd5c5\windows-amd64;C:\Users\hachem safae\.gradle\native\5664cfc778a61ccfe75a443a1ab52a65af34e5dc3c78e0209fed803814484fcb\windows-amd64

VM Arguments:
jvm_args: --add-opens=java.base/java.util=ALL-UNNAMED --add-opens=java.base/java.lang=ALL-UNNAMED --add-opens=java.base/java.lang.invoke=ALL-UNNAMED --add-opens=java.base/java.util=ALL-UNNAMED --add-opens=java.prefs/java.util.prefs=ALL-UNNAMED --add-opens=java.prefs/java.util.prefs=ALL-UNNAMED --add-opens=java.base/java.nio.charset=ALL-UNNAMED --add-opens=java.base/java.net=ALL-UNNAMED --add-opens=java.base/java.util.concurrent.atomic=ALL-UNNAMED -Xmx2048m -Dfile.encoding=UTF-8 -Duser.country=FR -Duser.language=fr -Duser.variant 
java_command: org.gradle.launcher.daemon.bootstrap.GradleDaemon 7.3.3
java_class_path (initial): C:\Users\hachem safae\.gradle\wrapper\dists\gradle-7.3.3-bin\6a41zxkdtcxs8rphpq6y0069z\gradle-7.3.3\lib\gradle-launcher-7.3.3.jar
Launcher Type: SUN_STANDARD

[Global flags]
     intx CICompilerCount                          = 4                                         {product} {ergonomic}
     uint ConcGCThreads                            = 2                                         {product} {ergonomic}
     uint G1ConcRefinementThreads                  = 8                                         {product} {ergonomic}
   size_t G1HeapRegionSize                         = 1048576                                   {product} {ergonomic}
    uintx GCDrainStackTargetSize                   = 64                                        {product} {ergonomic}
   size_t InitialHeapSize                          = 266338304                                 {product} {ergonomic}
   size_t MarkStackSize                            = 4194304                                   {product} {ergonomic}
   size_t MaxHeapSize                              = 2147483648                                {product} {command line}
   size_t MaxNewSize                               = 1287651328                                {product} {ergonomic}
   size_t MinHeapDeltaBytes                        = 1048576                                   {product} {ergonomic}
   size_t MinHeapSize                              = 8388608                                   {product} {ergonomic}
    uintx NonNMethodCodeHeapSize                   = 5839372                                {pd product} {ergonomic}
    uintx NonProfiledCodeHeapSize                  = 122909434                              {pd product} {ergonomic}
    uintx ProfiledCodeHeapSize                     = 122909434                              {pd product} {ergonomic}
    uintx ReservedCodeCacheSize                    = 251658240                              {pd product} {ergonomic}
     bool SegmentedCodeCache                       = true                                      {product} {ergonomic}
   size_t SoftMaxHeapSize                          = 2147483648                             {manageable} {ergonomic}
     bool UseCompressedClassPointers               = true                           {product lp64_product} {ergonomic}
     bool UseCompressedOops                        = true                           {product lp64_product} {ergonomic}
     bool UseG1GC                                  = true                                      {product} {ergonomic}
     bool UseLargePagesIndividualAllocation        = false                                  {pd product} {ergonomic}

Logging:
Log output configuration:
 #0: stdout all=warning uptime,level,tags
 #1: stderr all=off uptime,level,tags

Environment Variables:
JAVA_HOME=C:\Program Files\Java\jdk-11
PATH=C:\Program Files (x86)\Common Files\Oracle\Java\javapath;C:\Program Files (x86)\VMware\VMware Workstation\bin\;D:\oraclexe\app\oracle\product\11.2.0\server\bin;C:\Program Files\Common Files\Oracle\Java\javapath;C:\WINDOWS\system32;C:\WINDOWS;C:\WINDOWS\System32\Wbem;C:\WINDOWS\System32\WindowsPowerShell\v1.0\;C:\WINDOWS\System32\OpenSSH\;c:\Program Files (x86)\Microsoft SQL Server\100\Tools\Binn\;c:\Program Files\Microsoft SQL Server\100\Tools\Binn\;c:\Program Files\Microsoft SQL Server\100\DTS\Binn\;C:\Program Files\Java\jdk-11\bin;C:\Program Files\Java\jdk-19\bin;C:\Program Files\Common Files\Oracle\Java\javapath;C:\ProgramData\ComposerSetup\bin;D:\XAAMP\php\php.exe;D:\xamp\php;C:\Program Files\wkhtmltopdf\bin;D:\node;C:\Program Files\Git\cmd;C:\Program Files\nodejs\;C:\Program Files\MongoDB\Server\6.0\bin;D:\XAAMP\php;C:\Users\hachem safae\AppData\Local\Programs\Python\Python310\Scripts\;C:\Users\hachem safae\AppData\Local\Programs\Python\Python310\;C:\Program Files\MySQL\MySQL Shell 8.0\bin\;C:\Users\hachem safae\AppData\Local\Microsoft\WindowsApps;C:\Users\hachem safae\AppData\Roaming\Dashlane\6.2007.0.32704\bin\Firefox_Extension\{442718d9-475e-452a-b3e1-fb1ee16b8e9f}\components;C:\Users\hachem safae\AppData\Roaming\Dashlane\6.2007.0.32704\ucrt;C:\Users\hachem safae\AppData\Roaming\Dashlane\6.2007.0.32704\bin\Qt;C:\Users\hachem safae\AppData\Roaming\Dashlane\6.2007.0.32704\bin\Ssl;C:\Program Files\JetBrains\IntelliJ IDEA Community Edition 2020.2.2\bin;C:\Users\hachem safae\AppData\Local\Microsoft\WindowsApps;C:\Users\hachem safae\AppData\Local\Programs\Microsoft VS Code\bin;C:\Program Files\IntelliJ IDEA Community Edition 2022.3.2\bin;;C:\Users\hachem safae\AppData\Local\ComposerSetup\bin;C:\Users\hachem safae\AppData\Roaming\Composer\vendor\bin;C:\Users\hachem safae\AppData\Roaming\npm;D:\android2\platform-tools;D:\XAAMP\php;C:\wamp64\bin\php\php5.6.40;
USERNAME=hachem safae
OS=Windows_NT
PROCESSOR_IDENTIFIER=Intel64 Family 6 Model 142 Stepping 12, GenuineIntel
TMP=C:\Users\HACHEM~1\AppData\Local\Temp
TEMP=C:\Users\HACHEM~1\AppData\Local\Temp


JNI global refs:
JNI global refs: 29, weak refs: 84

JNI global refs memory usage: 843, weak refs: 1473


---------------  S Y S T E M  ---------------

OS:
 Windows 11 , 64 bit Build 22621 (10.0.22621.2428)
OS uptime: 0 days 2:36 hours

CPU: total 8 (initial active 8) (4 cores per cpu, 2 threads per core) family 6 model 142 stepping 12 microcode 0xf6, cx8, cmov, fxsr, ht, mmx, 3dnowpref, sse, sse2, sse3, ssse3, sse4.1, sse4.2, popcnt, lzcnt, tsc, tscinvbit, avx, avx2, aes, erms, clmul, bmi1, bmi2, adx, fma, vzeroupper, clflush, clflushopt

Memory: 4k page, system-wide physical 16194M (3435M free)
TotalPageFile size 18242M (AvailPageFile size 88M)
current process WorkingSet (physical memory assigned to process): 616M, peak: 616M
current process commit charge ("private bytes"): 681M, peak: 1060M

vm_info: OpenJDK 64-Bit Server VM (17.0.6+0-b2043.56-10027231) for windows-amd64 JRE (17.0.6+0-b2043.56-10027231), built on Apr 28 2023 00:43:19 by "androidbuild" with MS VC++ 16.10 / 16.11 (VS2019)

END.
