#
# There is insufficient memory for the Java Runtime Environment to continue.
# Native memory allocation (mmap) failed to map 209715200 bytes for G1 virtual space
# Possible reasons:
#   The system is out of physical RAM or swap space
#   The process is running with CompressedOops enabled, and the Java Heap may be blocking the growth of the native heap
# Possible solutions:
#   Reduce memory load on the system
#   Increase physical memory or swap space
#   Check if swap backing store is full
#   Decrease Java heap size (-Xmx/-Xms)
#   Decrease number of Java threads
#   Decrease Java thread stack sizes (-Xss)
#   Set larger code cache with -XX:ReservedCodeCacheSize=
#   JVM is running with Unscaled Compressed Oops mode in which the Java heap is
#     placed in the first 4GB address space. The Java Heap base address is the
#     maximum limit for the native heap growth. Please use -XX:HeapBaseMinAddress
#     to set the Java Heap base and to place the Java Heap above 4GB virtual address.
# This output file may be truncated or incomplete.
#
#  Out of Memory Error (os_windows.cpp:3769), pid=21212, tid=22556
#
# JRE version: OpenJDK Runtime Environment (17.0.6) (build 17.0.6+0-b2043.56-10027231)
# Java VM: OpenJDK 64-Bit Server VM (17.0.6+0-b2043.56-10027231, mixed mode, tiered, compressed oops, compressed class ptrs, g1 gc, windows-amd64)
# No core dump will be written. Minidumps are not enabled by default on client versions of Windows
#

---------------  S U M M A R Y ------------

Command Line: --add-opens=java.base/java.util=ALL-UNNAMED --add-opens=java.base/java.lang=ALL-UNNAMED --add-opens=java.base/java.lang.invoke=ALL-UNNAMED --add-opens=java.base/java.util=ALL-UNNAMED --add-opens=java.prefs/java.util.prefs=ALL-UNNAMED --add-opens=java.prefs/java.util.prefs=ALL-UNNAMED --add-opens=java.base/java.nio.charset=ALL-UNNAMED --add-opens=java.base/java.net=ALL-UNNAMED --add-opens=java.base/java.util.concurrent.atomic=ALL-UNNAMED -Xmx2048m -Dfile.encoding=UTF-8 -Duser.country=FR -Duser.language=fr -Duser.variant org.gradle.launcher.daemon.bootstrap.GradleDaemon 7.3.3

Host: Intel(R) Core(TM) i7-8565U CPU @ 1.80GHz, 8 cores, 15G,  Windows 11 , 64 bit Build 22621 (10.0.22621.2428)
Time: Tue Oct 17 09:12:49 2023 Maroc (heure d64 bit Build 22621 (10.0.22621.2428) elapsed time: 29.084760 seconds (0d 0h 0m 29s)

---------------  T H R E A D  ---------------

Current thread (0x0000020c7f297b20):  VMThread "VM Thread" [stack: 0x000000b476e00000,0x000000b476f00000] [id=22556]

Stack: [0x000000b476e00000,0x000000b476f00000]
Native frames: (J=compiled Java code, j=interpreted, Vv=VM code, C=native code)
V  [jvm.dll+0x683c9a]
V  [jvm.dll+0x8427a4]
V  [jvm.dll+0x843f9e]
V  [jvm.dll+0x844603]
V  [jvm.dll+0x249b75]
V  [jvm.dll+0x680b69]
V  [jvm.dll+0x67505a]
V  [jvm.dll+0x309acb]
V  [jvm.dll+0x310f86]
V  [jvm.dll+0x3608ee]
V  [jvm.dll+0x360b1f]
V  [jvm.dll+0x2dfbf8]
V  [jvm.dll+0x2ddec4]
V  [jvm.dll+0x2dd4cc]
V  [jvm.dll+0x321f3b]
V  [jvm.dll+0x848ccb]
V  [jvm.dll+0x849a04]
V  [jvm.dll+0x849f1d]
V  [jvm.dll+0x84a2f4]
V  [jvm.dll+0x84a3c0]
V  [jvm.dll+0x7f274a]
V  [jvm.dll+0x682ad5]
C  [ucrtbase.dll+0x29363]
C  [KERNEL32.DLL+0x1257d]
C  [ntdll.dll+0x5aa78]

VM_Operation (0x000000b4787f6020): G1CollectForAllocation, mode: safepoint, requested by thread 0x0000020c047f6500


---------------  P R O C E S S  ---------------

Threads class SMR info:
_java_thread_list=0x0000020c02ae52d0, length=135, elements={
0x0000020c6744cc20, 0x0000020c7f298390, 0x0000020c7fc3b700, 0x0000020c7fc846a0,
0x0000020c7fc85250, 0x0000020c7fc85e00, 0x0000020c7fc887c0, 0x0000020c7fc89550,
0x0000020c7fc8af10, 0x0000020c7fc8d820, 0x0000020c7fe33d60, 0x0000020c7fe36240,
0x0000020c02e4dff0, 0x0000020c7fed17e0, 0x0000020c0340b170, 0x0000020c03484820,
0x0000020c032e78f0, 0x0000020c047f6030, 0x0000020c047f6500, 0x0000020c02239390,
0x0000020c0223b070, 0x0000020c02238050, 0x0000020c022376b0, 0x0000020c0223a6d0,
0x0000020c0223aba0, 0x0000020c0223a200, 0x0000020c02238520, 0x0000020c022389f0,
0x0000020c02239d30, 0x0000020c046f9850, 0x0000020c046f6360, 0x0000020c046fa6c0,
0x0000020c046fc3a0, 0x0000020c046f6830, 0x0000020c046f4b50, 0x0000020c046f76a0,
0x0000020c046fb530, 0x0000020c046f5020, 0x0000020c046fb060, 0x0000020c046fba00,
0x0000020c046f59c0, 0x0000020c046fab90, 0x0000020c046fa1f0, 0x0000020c046f54f0,
0x0000020c046f5e90, 0x0000020c046f89e0, 0x0000020c046f8eb0, 0x0000020c046f9380,
0x0000020c046f9d20, 0x0000020c040aaf30, 0x0000020c040ab8d0, 0x0000020c040b22b0,
0x0000020c040b1440, 0x0000020c040ae8f0, 0x0000020c040ae420, 0x0000020c040b1910,
0x0000020c040b0100, 0x0000020c040af290, 0x0000020c040af760, 0x0000020c040b1de0,
0x0000020c040b05d0, 0x0000020c040adf50, 0x0000020c040aaa60, 0x0000020c040b0aa0,
0x0000020c040ab400, 0x0000020c040abda0, 0x0000020c040ac270, 0x0000020c040ada80,
0x0000020c040ad5b0, 0x0000020c040ac740, 0x0000020c040aedc0, 0x0000020c040acc10,
0x0000020c040ad0e0, 0x0000020c040b0f70, 0x0000020c040afc30, 0x0000020c02ba71b0,
0x0000020c02bab510, 0x0000020c02ba9830, 0x0000020c02badb90, 0x0000020c02ba8020,
0x0000020c02bad1f0, 0x0000020c02ba6810, 0x0000020c02bab9e0, 0x0000020c02ba6ce0,
0x0000020c02babeb0, 0x0000020c02ba7680, 0x0000020c02ba9d00, 0x0000020c02ba7b50,
0x0000020c02baa6a0, 0x0000020c02baab70, 0x0000020c02bacd20, 0x0000020c02ba6340,
0x0000020c02ba84f0, 0x0000020c02baa1d0, 0x0000020c02ba89c0, 0x0000020c02ba8e90,
0x0000020c02bac380, 0x0000020c02bad6c0, 0x0000020c02ba9360, 0x0000020c02bab040,
0x0000020c02bac850, 0x0000020c0441a760, 0x0000020c0441ac30, 0x0000020c0441b100,
0x0000020c0441cde0, 0x0000020c0441b5d0, 0x0000020c0441d2b0, 0x0000020c0441baa0,
0x0000020c0441bf70, 0x0000020c0441c440, 0x0000020c0441d780, 0x0000020c0441c910,
0x0000020c0441dc50, 0x0000020c0441a290, 0x0000020c05adbe80, 0x0000020c05ad6310,
0x0000020c05add1c0, 0x0000020c05ad8e60, 0x0000020c05ad9330, 0x0000020c05ad67e0,
0x0000020c05ad9800, 0x0000020c05adb010, 0x0000020c05adab40, 0x0000020c05ad9cd0,
0x0000020c0b70cb30, 0x0000020c0b70b1e0, 0x0000020c05ada670, 0x0000020c05adc820,
0x0000020c05adccf0, 0x0000020c05ad5970, 0x0000020c05ad5e40, 0x0000020c05ad7ff0,
0x0000020c02238ec0, 0x0000020c02237b80, 0x0000020c0a719200
}

Java Threads: ( => current thread )
  0x0000020c6744cc20 JavaThread "main" [_thread_blocked, id=22128, stack(0x000000b476800000,0x000000b476900000)]
  0x0000020c7f298390 JavaThread "Reference Handler" daemon [_thread_blocked, id=19168, stack(0x000000b476f00000,0x000000b477000000)]
  0x0000020c7fc3b700 JavaThread "Finalizer" daemon [_thread_blocked, id=18436, stack(0x000000b477000000,0x000000b477100000)]
  0x0000020c7fc846a0 JavaThread "Signal Dispatcher" daemon [_thread_blocked, id=16344, stack(0x000000b477100000,0x000000b477200000)]
  0x0000020c7fc85250 JavaThread "Attach Listener" daemon [_thread_blocked, id=11280, stack(0x000000b477200000,0x000000b477300000)]
  0x0000020c7fc85e00 JavaThread "Service Thread" daemon [_thread_blocked, id=17112, stack(0x000000b477300000,0x000000b477400000)]
  0x0000020c7fc887c0 JavaThread "Monitor Deflation Thread" daemon [_thread_blocked, id=17988, stack(0x000000b477400000,0x000000b477500000)]
  0x0000020c7fc89550 JavaThread "C2 CompilerThread0" daemon [_thread_blocked, id=14556, stack(0x000000b477500000,0x000000b477600000)]
  0x0000020c7fc8af10 JavaThread "C1 CompilerThread0" daemon [_thread_blocked, id=16440, stack(0x000000b477600000,0x000000b477700000)]
  0x0000020c7fc8d820 JavaThread "Sweeper thread" daemon [_thread_blocked, id=9544, stack(0x000000b477700000,0x000000b477800000)]
  0x0000020c7fe33d60 JavaThread "Common-Cleaner" daemon [_thread_blocked, id=14632, stack(0x000000b477800000,0x000000b477900000)]
  0x0000020c7fe36240 JavaThread "Notification Thread" daemon [_thread_blocked, id=22192, stack(0x000000b477900000,0x000000b477a00000)]
  0x0000020c02e4dff0 JavaThread "Daemon health stats" [_thread_blocked, id=12172, stack(0x000000b478200000,0x000000b478300000)]
  0x0000020c7fed17e0 JavaThread "Incoming local TCP Connector on port 62438" [_thread_in_native, id=9648, stack(0x000000b477b00000,0x000000b477c00000)]
  0x0000020c0340b170 JavaThread "Daemon periodic checks" [_thread_blocked, id=21772, stack(0x000000b478300000,0x000000b478400000)]
  0x0000020c03484820 JavaThread "Daemon" [_thread_blocked, id=4704, stack(0x000000b478400000,0x000000b478500000)]
  0x0000020c032e78f0 JavaThread "Handler for socket connection from /127.0.0.1:62438 to /127.0.0.1:62439" [_thread_in_native, id=5240, stack(0x000000b478500000,0x000000b478600000)]
  0x0000020c047f6030 JavaThread "Cancel handler" [_thread_blocked, id=22968, stack(0x000000b478600000,0x000000b478700000)]
  0x0000020c047f6500 JavaThread "Daemon worker" [_thread_blocked, id=19180, stack(0x000000b478700000,0x000000b478800000)]
  0x0000020c02239390 JavaThread "Asynchronous log dispatcher for DefaultDaemonConnection: socket connection from /127.0.0.1:62438 to /127.0.0.1:62439" [_thread_blocked, id=17944, stack(0x000000b478800000,0x000000b478900000)]
  0x0000020c0223b070 JavaThread "Stdin handler" [_thread_blocked, id=16960, stack(0x000000b478900000,0x000000b478a00000)]
  0x0000020c02238050 JavaThread "Daemon client event forwarder" [_thread_blocked, id=17216, stack(0x000000b478a00000,0x000000b478b00000)]
  0x0000020c022376b0 JavaThread "Cache worker for journal cache (C:\Users\hachem safae\.gradle\caches\journal-1)" [_thread_blocked, id=11540, stack(0x000000b478100000,0x000000b478200000)]
  0x0000020c0223a6d0 JavaThread "File lock request listener" [_thread_in_native, id=21348, stack(0x000000b478e00000,0x000000b478f00000)]
  0x0000020c0223aba0 JavaThread "Cache worker for file hash cache (C:\Users\hachem safae\.gradle\caches\7.3.3\fileHashes)" [_thread_blocked, id=15664, stack(0x000000b478f00000,0x000000b479000000)]
  0x0000020c0223a200 JavaThread "Cache worker for file hash cache (C:\Users\hachem safae\Downloads\List3\.gradle\7.3.3\fileHashes)" [_thread_blocked, id=22040, stack(0x000000b479100000,0x000000b479200000)]
  0x0000020c02238520 JavaThread "File watcher server" daemon [_thread_blocked, id=23180, stack(0x000000b479200000,0x000000b479300000)]
  0x0000020c022389f0 JavaThread "File watcher consumer" daemon [_thread_blocked, id=23320, stack(0x000000b479300000,0x000000b479400000)]
  0x0000020c02239d30 JavaThread "Cache worker for checksums cache (C:\Users\hachem safae\Downloads\List3\.gradle\7.3.3\checksums)" [_thread_blocked, id=1932, stack(0x000000b479400000,0x000000b479500000)]
  0x0000020c046f9850 JavaThread "Cache worker for cache directory md-supplier (C:\Users\hachem safae\.gradle\caches\7.3.3\md-supplier)" [_thread_blocked, id=12548, stack(0x000000b479500000,0x000000b479600000)]
  0x0000020c046f6360 JavaThread "Cache worker for cache directory md-rule (C:\Users\hachem safae\.gradle\caches\7.3.3\md-rule)" [_thread_blocked, id=19080, stack(0x000000b479600000,0x000000b479700000)]
  0x0000020c046fa6c0 JavaThread "Cache worker for execution history cache (C:\Users\hachem safae\.gradle\caches\7.3.3\executionHistory)" [_thread_blocked, id=18768, stack(0x000000b479700000,0x000000b479800000)]
  0x0000020c046fc3a0 JavaThread "jar transforms" [_thread_blocked, id=19484, stack(0x000000b479000000,0x000000b479100000)]
  0x0000020c046f6830 JavaThread "jar transforms Thread 2" [_thread_blocked, id=11944, stack(0x000000b479900000,0x000000b479a00000)]
  0x0000020c046f4b50 JavaThread "Cache worker for file content cache (C:\Users\hachem safae\.gradle\caches\7.3.3\fileContent)" [_thread_blocked, id=16532, stack(0x000000b479b00000,0x000000b479c00000)]
  0x0000020c046f76a0 JavaThread "jar transforms Thread 3" [_thread_blocked, id=19684, stack(0x000000b479c00000,0x000000b479d00000)]
  0x0000020c046fb530 JavaThread "jar transforms Thread 4" [_thread_blocked, id=9716, stack(0x000000b479d00000,0x000000b479e00000)]
  0x0000020c046f5020 JavaThread "Cache worker for dependencies-accessors (C:\Users\hachem safae\Downloads\List3\.gradle\7.3.3\dependencies-accessors)" [_thread_blocked, id=3992, stack(0x000000b479e00000,0x000000b479f00000)]
  0x0000020c046fb060 JavaThread "jar transforms Thread 5" [_thread_blocked, id=21868, stack(0x000000b479f00000,0x000000b47a000000)]
  0x0000020c046fba00 JavaThread "Cache worker for Build Output Cleanup Cache (C:\Users\hachem safae\Downloads\List3\.gradle\buildOutputCleanup)" [_thread_blocked, id=8692, stack(0x000000b479800000,0x000000b479900000)]
  0x0000020c046f59c0 JavaThread "Unconstrained build operations" [_thread_blocked, id=19112, stack(0x000000b47a000000,0x000000b47a100000)]
  0x0000020c046fab90 JavaThread "Unconstrained build operations Thread 2" [_thread_blocked, id=8460, stack(0x000000b47a100000,0x000000b47a200000)]
  0x0000020c046fa1f0 JavaThread "Unconstrained build operations Thread 3" [_thread_blocked, id=1688, stack(0x000000b47a200000,0x000000b47a300000)]
  0x0000020c046f54f0 JavaThread "Unconstrained build operations Thread 4" [_thread_blocked, id=12080, stack(0x000000b47a300000,0x000000b47a400000)]
  0x0000020c046f5e90 JavaThread "Unconstrained build operations Thread 5" [_thread_blocked, id=4208, stack(0x000000b47a400000,0x000000b47a500000)]
  0x0000020c046f89e0 JavaThread "Unconstrained build operations Thread 6" [_thread_blocked, id=21596, stack(0x000000b47a500000,0x000000b47a600000)]
  0x0000020c046f8eb0 JavaThread "Unconstrained build operations Thread 7" [_thread_blocked, id=11640, stack(0x000000b47a600000,0x000000b47a700000)]
  0x0000020c046f9380 JavaThread "Unconstrained build operations Thread 8" [_thread_blocked, id=21008, stack(0x000000b47a700000,0x000000b47a800000)]
  0x0000020c046f9d20 JavaThread "Unconstrained build operations Thread 9" [_thread_blocked, id=11560, stack(0x000000b47a800000,0x000000b47a900000)]
  0x0000020c040aaf30 JavaThread "Unconstrained build operations Thread 10" [_thread_blocked, id=22892, stack(0x000000b47a900000,0x000000b47aa00000)]
  0x0000020c040ab8d0 JavaThread "Unconstrained build operations Thread 11" [_thread_blocked, id=4400, stack(0x000000b47aa00000,0x000000b47ab00000)]
  0x0000020c040b22b0 JavaThread "Unconstrained build operations Thread 12" [_thread_blocked, id=20788, stack(0x000000b47ab00000,0x000000b47ac00000)]
  0x0000020c040b1440 JavaThread "Unconstrained build operations Thread 13" [_thread_blocked, id=17824, stack(0x000000b47ac00000,0x000000b47ad00000)]
  0x0000020c040ae8f0 JavaThread "Unconstrained build operations Thread 14" [_thread_blocked, id=23124, stack(0x000000b47ad00000,0x000000b47ae00000)]
  0x0000020c040ae420 JavaThread "Unconstrained build operations Thread 15" [_thread_blocked, id=22620, stack(0x000000b47ae00000,0x000000b47af00000)]
  0x0000020c040b1910 JavaThread "Unconstrained build operations Thread 16" [_thread_blocked, id=20948, stack(0x000000b47af00000,0x000000b47b000000)]
  0x0000020c040b0100 JavaThread "Unconstrained build operations Thread 17" [_thread_blocked, id=7540, stack(0x000000b47b000000,0x000000b47b100000)]
  0x0000020c040af290 JavaThread "Unconstrained build operations Thread 18" [_thread_blocked, id=8608, stack(0x000000b47b100000,0x000000b47b200000)]
  0x0000020c040af760 JavaThread "Unconstrained build operations Thread 19" [_thread_blocked, id=18192, stack(0x000000b47b200000,0x000000b47b300000)]
  0x0000020c040b1de0 JavaThread "Unconstrained build operations Thread 20" [_thread_blocked, id=9516, stack(0x000000b47b300000,0x000000b47b400000)]
  0x0000020c040b05d0 JavaThread "Unconstrained build operations Thread 21" [_thread_blocked, id=21276, stack(0x000000b47b400000,0x000000b47b500000)]
  0x0000020c040adf50 JavaThread "Unconstrained build operations Thread 22" [_thread_blocked, id=20304, stack(0x000000b47b500000,0x000000b47b600000)]
  0x0000020c040aaa60 JavaThread "Unconstrained build operations Thread 23" [_thread_blocked, id=2156, stack(0x000000b47b600000,0x000000b47b700000)]
  0x0000020c040b0aa0 JavaThread "Unconstrained build operations Thread 24" [_thread_blocked, id=20060, stack(0x000000b47b700000,0x000000b47b800000)]
  0x0000020c040ab400 JavaThread "Unconstrained build operations Thread 25" [_thread_blocked, id=4828, stack(0x000000b47b800000,0x000000b47b900000)]
  0x0000020c040abda0 JavaThread "Unconstrained build operations Thread 26" [_thread_blocked, id=2288, stack(0x000000b47b900000,0x000000b47ba00000)]
  0x0000020c040ac270 JavaThread "Unconstrained build operations Thread 27" [_thread_blocked, id=8164, stack(0x000000b47ba00000,0x000000b47bb00000)]
  0x0000020c040ada80 JavaThread "Unconstrained build operations Thread 28" [_thread_blocked, id=23420, stack(0x000000b47bb00000,0x000000b47bc00000)]
  0x0000020c040ad5b0 JavaThread "Unconstrained build operations Thread 29" [_thread_blocked, id=19344, stack(0x000000b47bc00000,0x000000b47bd00000)]
  0x0000020c040ac740 JavaThread "Unconstrained build operations Thread 30" [_thread_blocked, id=19120, stack(0x000000b47bd00000,0x000000b47be00000)]
  0x0000020c040aedc0 JavaThread "Unconstrained build operations Thread 31" [_thread_blocked, id=11984, stack(0x000000b47be00000,0x000000b47bf00000)]
  0x0000020c040acc10 JavaThread "Unconstrained build operations Thread 32" [_thread_blocked, id=13500, stack(0x000000b47bf00000,0x000000b47c000000)]
  0x0000020c040ad0e0 JavaThread "Unconstrained build operations Thread 33" [_thread_blocked, id=14604, stack(0x000000b47c000000,0x000000b47c100000)]
  0x0000020c040b0f70 JavaThread "Unconstrained build operations Thread 34" [_thread_blocked, id=20956, stack(0x000000b47c100000,0x000000b47c200000)]
  0x0000020c040afc30 JavaThread "Unconstrained build operations Thread 35" [_thread_blocked, id=14328, stack(0x000000b47c200000,0x000000b47c300000)]
  0x0000020c02ba71b0 JavaThread "Unconstrained build operations Thread 36" [_thread_blocked, id=18868, stack(0x000000b47c300000,0x000000b47c400000)]
  0x0000020c02bab510 JavaThread "Unconstrained build operations Thread 37" [_thread_blocked, id=22300, stack(0x000000b47c400000,0x000000b47c500000)]
  0x0000020c02ba9830 JavaThread "Unconstrained build operations Thread 38" [_thread_blocked, id=9672, stack(0x000000b47c500000,0x000000b47c600000)]
  0x0000020c02badb90 JavaThread "Unconstrained build operations Thread 39" [_thread_blocked, id=17328, stack(0x000000b47c600000,0x000000b47c700000)]
  0x0000020c02ba8020 JavaThread "Unconstrained build operations Thread 40" [_thread_blocked, id=21180, stack(0x000000b47c700000,0x000000b47c800000)]
  0x0000020c02bad1f0 JavaThread "Unconstrained build operations Thread 41" [_thread_blocked, id=15760, stack(0x000000b47c800000,0x000000b47c900000)]
  0x0000020c02ba6810 JavaThread "Unconstrained build operations Thread 42" [_thread_blocked, id=22976, stack(0x000000b47c900000,0x000000b47ca00000)]
  0x0000020c02bab9e0 JavaThread "Unconstrained build operations Thread 43" [_thread_blocked, id=10744, stack(0x000000b47ca00000,0x000000b47cb00000)]
  0x0000020c02ba6ce0 JavaThread "Unconstrained build operations Thread 44" [_thread_blocked, id=18484, stack(0x000000b47cb00000,0x000000b47cc00000)]
  0x0000020c02babeb0 JavaThread "Unconstrained build operations Thread 45" [_thread_blocked, id=5776, stack(0x000000b47cc00000,0x000000b47cd00000)]
  0x0000020c02ba7680 JavaThread "Unconstrained build operations Thread 46" [_thread_blocked, id=8020, stack(0x000000b47cd00000,0x000000b47ce00000)]
  0x0000020c02ba9d00 JavaThread "Unconstrained build operations Thread 47" [_thread_blocked, id=13308, stack(0x000000b47ce00000,0x000000b47cf00000)]
  0x0000020c02ba7b50 JavaThread "Unconstrained build operations Thread 48" [_thread_blocked, id=16856, stack(0x000000b47cf00000,0x000000b47d000000)]
  0x0000020c02baa6a0 JavaThread "Unconstrained build operations Thread 49" [_thread_blocked, id=22444, stack(0x000000b47d000000,0x000000b47d100000)]
  0x0000020c02baab70 JavaThread "Unconstrained build operations Thread 50" [_thread_blocked, id=6312, stack(0x000000b47d100000,0x000000b47d200000)]
  0x0000020c02bacd20 JavaThread "Unconstrained build operations Thread 51" [_thread_blocked, id=5496, stack(0x000000b47d200000,0x000000b47d300000)]
  0x0000020c02ba6340 JavaThread "Unconstrained build operations Thread 52" [_thread_blocked, id=20176, stack(0x000000b47d300000,0x000000b47d400000)]
  0x0000020c02ba84f0 JavaThread "Unconstrained build operations Thread 53" [_thread_blocked, id=7676, stack(0x000000b47d400000,0x000000b47d500000)]
  0x0000020c02baa1d0 JavaThread "Unconstrained build operations Thread 54" [_thread_blocked, id=9460, stack(0x000000b47d500000,0x000000b47d600000)]
  0x0000020c02ba89c0 JavaThread "Unconstrained build operations Thread 55" [_thread_blocked, id=22900, stack(0x000000b47d600000,0x000000b47d700000)]
  0x0000020c02ba8e90 JavaThread "Unconstrained build operations Thread 56" [_thread_blocked, id=16272, stack(0x000000b47d700000,0x000000b47d800000)]
  0x0000020c02bac380 JavaThread "Unconstrained build operations Thread 57" [_thread_blocked, id=16632, stack(0x000000b47d800000,0x000000b47d900000)]
  0x0000020c02bad6c0 JavaThread "Unconstrained build operations Thread 58" [_thread_blocked, id=3860, stack(0x000000b47d900000,0x000000b47da00000)]
  0x0000020c02ba9360 JavaThread "Unconstrained build operations Thread 59" [_thread_blocked, id=17072, stack(0x000000b47da00000,0x000000b47db00000)]
  0x0000020c02bab040 JavaThread "Unconstrained build operations Thread 60" [_thread_blocked, id=13304, stack(0x000000b47db00000,0x000000b47dc00000)]
  0x0000020c02bac850 JavaThread "Unconstrained build operations Thread 61" [_thread_blocked, id=23464, stack(0x000000b47dc00000,0x000000b47dd00000)]
  0x0000020c0441a760 JavaThread "Unconstrained build operations Thread 62" [_thread_blocked, id=19040, stack(0x000000b47dd00000,0x000000b47de00000)]
  0x0000020c0441ac30 JavaThread "Unconstrained build operations Thread 63" [_thread_blocked, id=16492, stack(0x000000b47de00000,0x000000b47df00000)]
  0x0000020c0441b100 JavaThread "Unconstrained build operations Thread 64" [_thread_blocked, id=15860, stack(0x000000b47df00000,0x000000b47e000000)]
  0x0000020c0441cde0 JavaThread "Unconstrained build operations Thread 65" [_thread_blocked, id=8172, stack(0x000000b47e000000,0x000000b47e100000)]
  0x0000020c0441b5d0 JavaThread "Unconstrained build operations Thread 66" [_thread_blocked, id=8928, stack(0x000000b47e100000,0x000000b47e200000)]
  0x0000020c0441d2b0 JavaThread "Unconstrained build operations Thread 67" [_thread_blocked, id=18512, stack(0x000000b47e200000,0x000000b47e300000)]
  0x0000020c0441baa0 JavaThread "Unconstrained build operations Thread 68" [_thread_blocked, id=21896, stack(0x000000b47e300000,0x000000b47e400000)]
  0x0000020c0441bf70 JavaThread "Unconstrained build operations Thread 69" [_thread_blocked, id=14616, stack(0x000000b47e400000,0x000000b47e500000)]
  0x0000020c0441c440 JavaThread "Unconstrained build operations Thread 70" [_thread_blocked, id=22520, stack(0x000000b47e500000,0x000000b47e600000)]
  0x0000020c0441d780 JavaThread "Unconstrained build operations Thread 71" [_thread_blocked, id=20156, stack(0x000000b47e600000,0x000000b47e700000)]
  0x0000020c0441c910 JavaThread "Unconstrained build operations Thread 72" [_thread_blocked, id=13600, stack(0x000000b47e700000,0x000000b47e800000)]
  0x0000020c0441dc50 JavaThread "Unconstrained build operations Thread 73" [_thread_blocked, id=10860, stack(0x000000b47e800000,0x000000b47e900000)]
  0x0000020c0441a290 JavaThread "Unconstrained build operations Thread 74" [_thread_blocked, id=20836, stack(0x000000b47e900000,0x000000b47ea00000)]
  0x0000020c05adbe80 JavaThread "Unconstrained build operations Thread 75" [_thread_blocked, id=9336, stack(0x000000b47ea00000,0x000000b47eb00000)]
  0x0000020c05ad6310 JavaThread "Unconstrained build operations Thread 76" [_thread_blocked, id=16984, stack(0x000000b47eb00000,0x000000b47ec00000)]
  0x0000020c05add1c0 JavaThread "Unconstrained build operations Thread 77" [_thread_blocked, id=9204, stack(0x000000b47ec00000,0x000000b47ed00000)]
  0x0000020c05ad8e60 JavaThread "Unconstrained build operations Thread 78" [_thread_blocked, id=21200, stack(0x000000b47ed00000,0x000000b47ee00000)]
  0x0000020c05ad9330 JavaThread "Unconstrained build operations Thread 79" [_thread_blocked, id=17144, stack(0x000000b47ee00000,0x000000b47ef00000)]
  0x0000020c05ad67e0 JavaThread "Unconstrained build operations Thread 80" [_thread_blocked, id=22452, stack(0x000000b47ef00000,0x000000b47f000000)]
  0x0000020c05ad9800 JavaThread "jar transforms Thread 6" [_thread_blocked, id=20768, stack(0x000000b47f100000,0x000000b47f200000)]
  0x0000020c05adb010 JavaThread "jar transforms Thread 7" [_thread_blocked, id=18696, stack(0x000000b47f200000,0x000000b47f300000)]
  0x0000020c05adab40 JavaThread "jar transforms Thread 8" [_thread_blocked, id=21264, stack(0x000000b47f300000,0x000000b47f400000)]
  0x0000020c05ad9cd0 JavaThread "Memory manager" [_thread_blocked, id=11616, stack(0x000000b47f400000,0x000000b47f500000)]
  0x0000020c0b70cb30 JavaThread "C2 CompilerThread1" daemon [_thread_blocked, id=8836, stack(0x000000b479a00000,0x000000b479b00000)]
  0x0000020c0b70b1e0 JavaThread "C2 CompilerThread2" daemon [_thread_blocked, id=18136, stack(0x000000b47f000000,0x000000b47f100000)]
  0x0000020c05ada670 JavaThread "build event listener" [_thread_blocked, id=11832, stack(0x000000b47f500000,0x000000b47f600000)]
  0x0000020c05adc820 JavaThread "Execution worker for ':'" [_thread_blocked, id=12692, stack(0x000000b47f600000,0x000000b47f700000)]
  0x0000020c05adccf0 JavaThread "Execution worker for ':' Thread 2" [_thread_blocked, id=13248, stack(0x000000b47f700000,0x000000b47f800000)]
  0x0000020c05ad5970 JavaThread "Execution worker for ':' Thread 3" [_thread_blocked, id=16588, stack(0x000000b47f800000,0x000000b47f900000)]
  0x0000020c05ad5e40 JavaThread "Execution worker for ':' Thread 4" [_thread_blocked, id=17068, stack(0x000000b47f900000,0x000000b47fa00000)]
  0x0000020c05ad7ff0 JavaThread "Execution worker for ':' Thread 5" [_thread_blocked, id=18480, stack(0x000000b47fa00000,0x000000b47fb00000)]
  0x0000020c02238ec0 JavaThread "Execution worker for ':' Thread 6" [_thread_blocked, id=2520, stack(0x000000b47fb00000,0x000000b47fc00000)]
  0x0000020c02237b80 JavaThread "Execution worker for ':' Thread 7" [_thread_blocked, id=4388, stack(0x000000b47fc00000,0x000000b47fd00000)]
  0x0000020c0a719200 JavaThread "Cache worker for execution history cache (C:\Users\hachem safae\Downloads\List3\.gradle\7.3.3\executionHistory)" [_thread_blocked, id=23092, stack(0x000000b47fd00000,0x000000b47fe00000)]

Other Threads:
=>0x0000020c7f297b20 VMThread "VM Thread" [stack: 0x000000b476e00000,0x000000b476f00000] [id=22556]
  0x0000020c7fe33040 WatcherThread [stack: 0x000000b477a00000,0x000000b477b00000] [id=22208]
  0x0000020c674aa590 GCTaskThread "GC Thread#0" [stack: 0x000000b476900000,0x000000b476a00000] [id=11980]
  0x0000020c0223c8b0 GCTaskThread "GC Thread#1" [stack: 0x000000b477c00000,0x000000b477d00000] [id=23212]
  0x0000020c0223cb60 GCTaskThread "GC Thread#2" [stack: 0x000000b477d00000,0x000000b477e00000] [id=18908]
  0x0000020c0223ce10 GCTaskThread "GC Thread#3" [stack: 0x000000b477e00000,0x000000b477f00000] [id=12004]
  0x0000020c02b6da00 GCTaskThread "GC Thread#4" [stack: 0x000000b477f00000,0x000000b478000000] [id=23032]
  0x0000020c02b6dcb0 GCTaskThread "GC Thread#5" [stack: 0x000000b478000000,0x000000b478100000] [id=18376]
  0x0000020c045edb70 GCTaskThread "GC Thread#6" [stack: 0x000000b478b00000,0x000000b478c00000] [id=21108]
  0x0000020c0436ab60 GCTaskThread "GC Thread#7" [stack: 0x000000b478c00000,0x000000b478d00000] [id=20404]
  0x0000020c674bb4d0 ConcurrentGCThread "G1 Main Marker" [stack: 0x000000b476a00000,0x000000b476b00000] [id=18508]
  0x0000020c674bbee0 ConcurrentGCThread "G1 Conc#0" [stack: 0x000000b476b00000,0x000000b476c00000] [id=3500]
  0x0000020c042076e0 ConcurrentGCThread "G1 Conc#1" [stack: 0x000000b478d00000,0x000000b478e00000] [id=21872]
  0x0000020c6750deb0 ConcurrentGCThread "G1 Refine#0" [stack: 0x000000b476c00000,0x000000b476d00000] [id=5504]
  0x0000020c6750e8d0 ConcurrentGCThread "G1 Service" [stack: 0x000000b476d00000,0x000000b476e00000] [id=18092]

Threads with active compile tasks:
C2 CompilerThread1    29130 11928   !   4       java.io.ObjectOutputStream::writeObject0 (620 bytes)
C2 CompilerThread2    29130 11934  s    4       sun.nio.fs.WindowsDirectoryStream$WindowsDirectoryIterator::hasNext (35 bytes)

VM state: at safepoint (normal execution)

VM Mutex/Monitor currently owned by a thread:  ([mutex/lock_event])
[0x0000020c67449e50] Threads_lock - owner thread: 0x0000020c7f297b20
[0x0000020c6744a090] Heap_lock - owner thread: 0x0000020c047f6500

Heap address: 0x0000000080000000, size: 2048 MB, Compressed Oops mode: 32-bit

CDS archive(s) not mapped
Compressed class space mapped at: 0x0000000100000000-0x0000000140000000, reserved size: 1073741824
Narrow klass base: 0x0000000000000000, Narrow klass shift: 3, Narrow klass range: 0x140000000

GC Precious Log:
 CPUs: 8 total, 8 available
 Memory: 16194M
 Large Page Support: Disabled
 NUMA Support: Disabled
 Compressed Oops: Enabled (32-bit)
 Heap Region Size: 1M
 Heap Min Capacity: 8M
 Heap Initial Capacity: 254M
 Heap Max Capacity: 2G
 Pre-touch: Disabled
 Parallel Workers: 8
 Concurrent Workers: 2
 Concurrent Refinement Workers: 8
 Periodic GC: Disabled

Heap:
 garbage-first heap   total 260096K, used 101293K [0x0000000080000000, 0x0000000100000000)
  region size 1024K, 1 young (1024K), 1 survivors (1024K)
 Metaspace       used 90459K, committed 91008K, reserved 1130496K
  class space    used 12151K, committed 12416K, reserved 1048576K

Heap Regions: E=young(eden), S=young(survivor), O=old, HS=humongous(starts), HC=humongous(continues), CS=collection set, F=free, OA=open archive, CA=closed archive, TAMS=top-at-mark-start (previous, next)
|   0|0x0000000080000000, 0x0000000080100000, 0x0000000080100000|100%| O|  |TAMS 0x0000000080100000, 0x0000000080000000| Untracked 
|   1|0x0000000080100000, 0x0000000080200000, 0x0000000080200000|100%| O|  |TAMS 0x0000000080200000, 0x0000000080100000| Untracked 
|   2|0x0000000080200000, 0x0000000080300000, 0x0000000080300000|100%| O|  |TAMS 0x0000000080300000, 0x0000000080200000| Untracked 
|   3|0x0000000080300000, 0x0000000080400000, 0x0000000080400000|100%|HS|  |TAMS 0x0000000080400000, 0x0000000080300000| Complete 
|   4|0x0000000080400000, 0x0000000080500000, 0x0000000080500000|100%|HC|  |TAMS 0x0000000080500000, 0x0000000080400000| Complete 
|   5|0x0000000080500000, 0x0000000080600000, 0x0000000080600000|100%|HC|  |TAMS 0x0000000080600000, 0x0000000080500000| Complete 
|   6|0x0000000080600000, 0x0000000080700000, 0x0000000080700000|100%| O|  |TAMS 0x0000000080700000, 0x0000000080600000| Untracked 
|   7|0x0000000080700000, 0x0000000080800000, 0x0000000080800000|100%| O|  |TAMS 0x0000000080800000, 0x0000000080700000| Untracked 
|   8|0x0000000080800000, 0x0000000080900000, 0x0000000080900000|100%| O|  |TAMS 0x0000000080900000, 0x0000000080800000| Untracked 
|   9|0x0000000080900000, 0x00000000809e1a00, 0x0000000080a00000| 88%| O|  |TAMS 0x00000000809e1a00, 0x0000000080900000| Untracked 
|  10|0x0000000080a00000, 0x0000000080b00000, 0x0000000080b00000|100%| O|  |TAMS 0x0000000080b00000, 0x0000000080a00000| Untracked 
|  11|0x0000000080b00000, 0x0000000080c00000, 0x0000000080c00000|100%| O|  |TAMS 0x0000000080c00000, 0x0000000080b00000| Untracked 
|  12|0x0000000080c00000, 0x0000000080d00000, 0x0000000080d00000|100%| O|  |TAMS 0x0000000080d00000, 0x0000000080c00000| Untracked 
|  13|0x0000000080d00000, 0x0000000080e00000, 0x0000000080e00000|100%| O|  |TAMS 0x0000000080e00000, 0x0000000080d00000| Untracked 
|  14|0x0000000080e00000, 0x0000000080f00000, 0x0000000080f00000|100%| O|  |TAMS 0x0000000080f00000, 0x0000000080e00000| Untracked 
|  15|0x0000000080f00000, 0x0000000081000000, 0x0000000081000000|100%| O|  |TAMS 0x0000000081000000, 0x0000000080f00000| Untracked 
|  16|0x0000000081000000, 0x0000000081100000, 0x0000000081100000|100%| O|  |TAMS 0x0000000081100000, 0x0000000081000000| Untracked 
|  17|0x0000000081100000, 0x0000000081200000, 0x0000000081200000|100%| O|  |TAMS 0x0000000081200000, 0x0000000081100000| Untracked 
|  18|0x0000000081200000, 0x0000000081300000, 0x0000000081300000|100%| O|  |TAMS 0x0000000081300000, 0x0000000081200000| Untracked 
|  19|0x0000000081300000, 0x0000000081400000, 0x0000000081400000|100%| O|  |TAMS 0x0000000081400000, 0x0000000081300000| Untracked 
|  20|0x0000000081400000, 0x0000000081500000, 0x0000000081500000|100%| O|  |TAMS 0x0000000081500000, 0x0000000081400000| Untracked 
|  21|0x0000000081500000, 0x0000000081600000, 0x0000000081600000|100%| O|  |TAMS 0x0000000081600000, 0x0000000081500000| Untracked 
|  22|0x0000000081600000, 0x0000000081700000, 0x0000000081700000|100%| O|  |TAMS 0x0000000081700000, 0x0000000081600000| Untracked 
|  23|0x0000000081700000, 0x0000000081800000, 0x0000000081800000|100%| O|  |TAMS 0x0000000081800000, 0x0000000081700000| Untracked 
|  24|0x0000000081800000, 0x0000000081900000, 0x0000000081900000|100%| O|  |TAMS 0x0000000081900000, 0x0000000081800000| Untracked 
|  25|0x0000000081900000, 0x0000000081a00000, 0x0000000081a00000|100%| O|  |TAMS 0x0000000081a00000, 0x0000000081900000| Untracked 
|  26|0x0000000081a00000, 0x0000000081b00000, 0x0000000081b00000|100%| O|  |TAMS 0x0000000081b00000, 0x0000000081a00000| Untracked 
|  27|0x0000000081b00000, 0x0000000081c00000, 0x0000000081c00000|100%| O|  |TAMS 0x0000000081c00000, 0x0000000081b00000| Untracked 
|  28|0x0000000081c00000, 0x0000000081d00000, 0x0000000081d00000|100%| O|  |TAMS 0x0000000081d00000, 0x0000000081c00000| Untracked 
|  29|0x0000000081d00000, 0x0000000081e00000, 0x0000000081e00000|100%| O|  |TAMS 0x0000000081e00000, 0x0000000081d00000| Untracked 
|  30|0x0000000081e00000, 0x0000000081f00000, 0x0000000081f00000|100%| O|  |TAMS 0x0000000081f00000, 0x0000000081e00000| Untracked 
|  31|0x0000000081f00000, 0x0000000082000000, 0x0000000082000000|100%| O|  |TAMS 0x0000000082000000, 0x0000000081f00000| Untracked 
|  32|0x0000000082000000, 0x0000000082100000, 0x0000000082100000|100%| O|  |TAMS 0x0000000082100000, 0x0000000082000000| Untracked 
|  33|0x0000000082100000, 0x0000000082200000, 0x0000000082200000|100%|HS|  |TAMS 0x0000000082200000, 0x0000000082100000| Complete 
|  34|0x0000000082200000, 0x0000000082300000, 0x0000000082300000|100%|HS|  |TAMS 0x0000000082300000, 0x0000000082200000| Complete 
|  35|0x0000000082300000, 0x0000000082400000, 0x0000000082400000|100%|HC|  |TAMS 0x0000000082400000, 0x0000000082300000| Complete 
|  36|0x0000000082400000, 0x0000000082500000, 0x0000000082500000|100%|HS|  |TAMS 0x0000000082500000, 0x0000000082400000| Complete 
|  37|0x0000000082500000, 0x0000000082600000, 0x0000000082600000|100%| O|  |TAMS 0x0000000082600000, 0x0000000082500000| Untracked 
|  38|0x0000000082600000, 0x0000000082700000, 0x0000000082700000|100%| O|  |TAMS 0x0000000082700000, 0x0000000082600000| Untracked 
|  39|0x0000000082700000, 0x0000000082800000, 0x0000000082800000|100%|HS|  |TAMS 0x0000000082800000, 0x0000000082700000| Complete 
|  40|0x0000000082800000, 0x0000000082900000, 0x0000000082900000|100%|HC|  |TAMS 0x0000000082900000, 0x0000000082800000| Complete 
|  41|0x0000000082900000, 0x0000000082a00000, 0x0000000082a00000|100%|HC|  |TAMS 0x0000000082a00000, 0x0000000082900000| Complete 
|  42|0x0000000082a00000, 0x0000000082b00000, 0x0000000082b00000|100%|HC|  |TAMS 0x0000000082b00000, 0x0000000082a00000| Complete 
|  43|0x0000000082b00000, 0x0000000082c00000, 0x0000000082c00000|100%| O|  |TAMS 0x0000000082c00000, 0x0000000082b00000| Untracked 
|  44|0x0000000082c00000, 0x0000000082d00000, 0x0000000082d00000|100%| O|  |TAMS 0x0000000082d00000, 0x0000000082c00000| Untracked 
|  45|0x0000000082d00000, 0x0000000082e00000, 0x0000000082e00000|100%| O|  |TAMS 0x0000000082e00000, 0x0000000082d00000| Untracked 
|  46|0x0000000082e00000, 0x0000000082f00000, 0x0000000082f00000|100%|HS|  |TAMS 0x0000000082f00000, 0x0000000082e00000| Complete 
|  47|0x0000000082f00000, 0x0000000083000000, 0x0000000083000000|100%|HC|  |TAMS 0x0000000083000000, 0x0000000082f00000| Complete 
|  48|0x0000000083000000, 0x0000000083100000, 0x0000000083100000|100%| O|  |TAMS 0x0000000083100000, 0x0000000083000000| Untracked 
|  49|0x0000000083100000, 0x0000000083200000, 0x0000000083200000|100%| O|  |TAMS 0x0000000083200000, 0x0000000083100000| Untracked 
|  50|0x0000000083200000, 0x0000000083300000, 0x0000000083300000|100%| O|  |TAMS 0x0000000083300000, 0x0000000083200000| Untracked 
|  51|0x0000000083300000, 0x0000000083400000, 0x0000000083400000|100%| O|  |TAMS 0x0000000083400000, 0x0000000083300000| Untracked 
|  52|0x0000000083400000, 0x0000000083500000, 0x0000000083500000|100%| O|  |TAMS 0x0000000083500000, 0x0000000083400000| Untracked 
|  53|0x0000000083500000, 0x0000000083600000, 0x0000000083600000|100%| O|  |TAMS 0x0000000083600000, 0x0000000083500000| Untracked 
|  54|0x0000000083600000, 0x0000000083700000, 0x0000000083700000|100%| O|  |TAMS 0x0000000083700000, 0x0000000083600000| Untracked 
|  55|0x0000000083700000, 0x0000000083800000, 0x0000000083800000|100%| O|  |TAMS 0x0000000083800000, 0x0000000083700000| Untracked 
|  56|0x0000000083800000, 0x0000000083900000, 0x0000000083900000|100%| O|  |TAMS 0x0000000083900000, 0x0000000083800000| Untracked 
|  57|0x0000000083900000, 0x0000000083a00000, 0x0000000083a00000|100%| O|  |TAMS 0x0000000083a00000, 0x0000000083900000| Untracked 
|  58|0x0000000083a00000, 0x0000000083b00000, 0x0000000083b00000|100%| O|  |TAMS 0x0000000083b00000, 0x0000000083a00000| Untracked 
|  59|0x0000000083b00000, 0x0000000083c00000, 0x0000000083c00000|100%| O|  |TAMS 0x0000000083c00000, 0x0000000083b00000| Untracked 
|  60|0x0000000083c00000, 0x0000000083d00000, 0x0000000083d00000|100%| O|  |TAMS 0x0000000083d00000, 0x0000000083c00000| Untracked 
|  61|0x0000000083d00000, 0x0000000083e00000, 0x0000000083e00000|100%| O|  |TAMS 0x0000000083e00000, 0x0000000083d00000| Untracked 
|  62|0x0000000083e00000, 0x0000000083f00000, 0x0000000083f00000|100%| O|  |TAMS 0x0000000083f00000, 0x0000000083e00000| Untracked 
|  63|0x0000000083f00000, 0x0000000084000000, 0x0000000084000000|100%| O|  |TAMS 0x0000000084000000, 0x0000000083f00000| Untracked 
|  64|0x0000000084000000, 0x0000000084100000, 0x0000000084100000|100%| O|  |TAMS 0x0000000084100000, 0x0000000084000000| Untracked 
|  65|0x0000000084100000, 0x0000000084200000, 0x0000000084200000|100%| O|  |TAMS 0x0000000084200000, 0x0000000084100000| Untracked 
|  66|0x0000000084200000, 0x0000000084300000, 0x0000000084300000|100%| O|  |TAMS 0x0000000084300000, 0x0000000084200000| Untracked 
|  67|0x0000000084300000, 0x0000000084400000, 0x0000000084400000|100%| O|  |TAMS 0x0000000084400000, 0x0000000084300000| Untracked 
|  68|0x0000000084400000, 0x0000000084500000, 0x0000000084500000|100%| O|  |TAMS 0x0000000084500000, 0x0000000084400000| Untracked 
|  69|0x0000000084500000, 0x0000000084600000, 0x0000000084600000|100%| O|  |TAMS 0x0000000084600000, 0x0000000084500000| Untracked 
|  70|0x0000000084600000, 0x0000000084700000, 0x0000000084700000|100%| O|  |TAMS 0x0000000084700000, 0x0000000084600000| Untracked 
|  71|0x0000000084700000, 0x0000000084800000, 0x0000000084800000|100%| O|  |TAMS 0x0000000084800000, 0x0000000084700000| Untracked 
|  72|0x0000000084800000, 0x0000000084900000, 0x0000000084900000|100%| O|  |TAMS 0x0000000084900000, 0x0000000084800000| Untracked 
|  73|0x0000000084900000, 0x0000000084a00000, 0x0000000084a00000|100%| O|  |TAMS 0x0000000084a00000, 0x0000000084900000| Untracked 
|  74|0x0000000084a00000, 0x0000000084b00000, 0x0000000084b00000|100%| O|  |TAMS 0x0000000084b00000, 0x0000000084a00000| Untracked 
|  75|0x0000000084b00000, 0x0000000084b00000, 0x0000000084c00000|  0%| F|  |TAMS 0x0000000084b00000, 0x0000000084b00000| Untracked 
|  76|0x0000000084c00000, 0x0000000084d00000, 0x0000000084d00000|100%| O|  |TAMS 0x0000000084c00000, 0x0000000084c00000| Untracked 
|  77|0x0000000084d00000, 0x0000000084e00000, 0x0000000084e00000|100%| O|  |TAMS 0x0000000084e00000, 0x0000000084d00000| Untracked 
|  78|0x0000000084e00000, 0x0000000084f00000, 0x0000000084f00000|100%| O|  |TAMS 0x0000000084f00000, 0x0000000084e00000| Untracked 
|  79|0x0000000084f00000, 0x0000000085000000, 0x0000000085000000|100%| O|  |TAMS 0x0000000085000000, 0x0000000084f00000| Untracked 
|  80|0x0000000085000000, 0x0000000085100000, 0x0000000085100000|100%| O|  |TAMS 0x0000000085100000, 0x0000000085000000| Untracked 
|  81|0x0000000085100000, 0x0000000085200000, 0x0000000085200000|100%| O|  |TAMS 0x0000000085200000, 0x0000000085100000| Untracked 
|  82|0x0000000085200000, 0x0000000085300000, 0x0000000085300000|100%| O|  |TAMS 0x0000000085300000, 0x0000000085200000| Untracked 
|  83|0x0000000085300000, 0x0000000085400000, 0x0000000085400000|100%| O|  |TAMS 0x0000000085400000, 0x0000000085300000| Untracked 
|  84|0x0000000085400000, 0x0000000085500000, 0x0000000085500000|100%| O|  |TAMS 0x0000000085500000, 0x0000000085400000| Untracked 
|  85|0x0000000085500000, 0x0000000085600000, 0x0000000085600000|100%| O|  |TAMS 0x0000000085600000, 0x0000000085500000| Untracked 
|  86|0x0000000085600000, 0x0000000085700000, 0x0000000085700000|100%| O|  |TAMS 0x0000000085700000, 0x0000000085600000| Untracked 
|  87|0x0000000085700000, 0x0000000085800000, 0x0000000085800000|100%| O|  |TAMS 0x0000000085800000, 0x0000000085700000| Untracked 
|  88|0x0000000085800000, 0x0000000085900000, 0x0000000085900000|100%| O|  |TAMS 0x0000000085900000, 0x0000000085800000| Untracked 
|  89|0x0000000085900000, 0x0000000085a00000, 0x0000000085a00000|100%| O|  |TAMS 0x0000000085a00000, 0x0000000085900000| Untracked 
|  90|0x0000000085a00000, 0x0000000085b00000, 0x0000000085b00000|100%| O|  |TAMS 0x0000000085b00000, 0x0000000085a00000| Untracked 
|  91|0x0000000085b00000, 0x0000000085c00000, 0x0000000085c00000|100%| O|  |TAMS 0x0000000085c00000, 0x0000000085b00000| Untracked 
|  92|0x0000000085c00000, 0x0000000085d00000, 0x0000000085d00000|100%| O|  |TAMS 0x0000000085d00000, 0x0000000085c00000| Untracked 
|  93|0x0000000085d00000, 0x0000000085e00000, 0x0000000085e00000|100%| O|  |TAMS 0x0000000085e00000, 0x0000000085d00000| Untracked 
|  94|0x0000000085e00000, 0x0000000085f00000, 0x0000000085f00000|100%| O|  |TAMS 0x0000000085e35000, 0x0000000085e00000| Untracked 
|  95|0x0000000085f00000, 0x0000000086000000, 0x0000000086000000|100%| O|  |TAMS 0x0000000085f00000, 0x0000000085f00000| Untracked 
|  96|0x0000000086000000, 0x0000000086100000, 0x0000000086100000|100%| O|  |TAMS 0x0000000086000000, 0x0000000086000000| Untracked 
|  97|0x0000000086100000, 0x0000000086200000, 0x0000000086200000|100%| O|  |TAMS 0x0000000086100000, 0x0000000086100000| Untracked 
|  98|0x0000000086200000, 0x0000000086300000, 0x0000000086300000|100%| O|  |TAMS 0x0000000086200000, 0x0000000086200000| Untracked 
|  99|0x0000000086300000, 0x0000000086322a00, 0x0000000086400000| 13%| O|  |TAMS 0x0000000086300000, 0x0000000086300000| Untracked 
| 100|0x0000000086400000, 0x0000000086400000, 0x0000000086500000|  0%| F|  |TAMS 0x0000000086400000, 0x0000000086400000| Untracked 
| 101|0x0000000086500000, 0x0000000086500000, 0x0000000086600000|  0%| F|  |TAMS 0x0000000086500000, 0x0000000086500000| Untracked 
| 102|0x0000000086600000, 0x0000000086600000, 0x0000000086700000|  0%| F|  |TAMS 0x0000000086600000, 0x0000000086600000| Untracked 
| 103|0x0000000086700000, 0x0000000086700000, 0x0000000086800000|  0%| F|  |TAMS 0x0000000086700000, 0x0000000086700000| Untracked 
| 104|0x0000000086800000, 0x0000000086800000, 0x0000000086900000|  0%| F|  |TAMS 0x0000000086800000, 0x0000000086800000| Untracked 
| 105|0x0000000086900000, 0x0000000086900000, 0x0000000086a00000|  0%| F|  |TAMS 0x0000000086900000, 0x0000000086900000| Untracked 
| 106|0x0000000086a00000, 0x0000000086a00000, 0x0000000086b00000|  0%| F|  |TAMS 0x0000000086a00000, 0x0000000086a00000| Untracked 
| 107|0x0000000086b00000, 0x0000000086b00000, 0x0000000086c00000|  0%| F|  |TAMS 0x0000000086b00000, 0x0000000086b00000| Untracked 
| 108|0x0000000086c00000, 0x0000000086c00000, 0x0000000086d00000|  0%| F|  |TAMS 0x0000000086c00000, 0x0000000086c00000| Untracked 
| 109|0x0000000086d00000, 0x0000000086d00000, 0x0000000086e00000|  0%| F|  |TAMS 0x0000000086d00000, 0x0000000086d00000| Untracked 
| 110|0x0000000086e00000, 0x0000000086e00000, 0x0000000086f00000|  0%| F|  |TAMS 0x0000000086e00000, 0x0000000086e00000| Untracked 
| 111|0x0000000086f00000, 0x0000000086f00000, 0x0000000087000000|  0%| F|  |TAMS 0x0000000086f00000, 0x0000000086f00000| Untracked 
| 112|0x0000000087000000, 0x0000000087000000, 0x0000000087100000|  0%| F|  |TAMS 0x0000000087000000, 0x0000000087000000| Untracked 
| 113|0x0000000087100000, 0x0000000087100000, 0x0000000087200000|  0%| F|  |TAMS 0x0000000087100000, 0x0000000087100000| Untracked 
| 114|0x0000000087200000, 0x0000000087200000, 0x0000000087300000|  0%| F|  |TAMS 0x0000000087200000, 0x0000000087200000| Untracked 
| 115|0x0000000087300000, 0x0000000087300000, 0x0000000087400000|  0%| F|  |TAMS 0x0000000087300000, 0x0000000087300000| Untracked 
| 116|0x0000000087400000, 0x0000000087400000, 0x0000000087500000|  0%| F|  |TAMS 0x0000000087400000, 0x0000000087400000| Untracked 
| 117|0x0000000087500000, 0x0000000087500000, 0x0000000087600000|  0%| F|  |TAMS 0x0000000087500000, 0x0000000087500000| Untracked 
| 118|0x0000000087600000, 0x0000000087600000, 0x0000000087700000|  0%| F|  |TAMS 0x0000000087600000, 0x0000000087600000| Untracked 
| 119|0x0000000087700000, 0x0000000087700000, 0x0000000087800000|  0%| F|  |TAMS 0x0000000087700000, 0x0000000087700000| Untracked 
| 120|0x0000000087800000, 0x0000000087800000, 0x0000000087900000|  0%| F|  |TAMS 0x0000000087800000, 0x0000000087800000| Untracked 
| 121|0x0000000087900000, 0x0000000087900000, 0x0000000087a00000|  0%| F|  |TAMS 0x0000000087900000, 0x0000000087900000| Untracked 
| 122|0x0000000087a00000, 0x0000000087a00000, 0x0000000087b00000|  0%| F|  |TAMS 0x0000000087a00000, 0x0000000087a00000| Untracked 
| 123|0x0000000087b00000, 0x0000000087b00000, 0x0000000087c00000|  0%| F|  |TAMS 0x0000000087b00000, 0x0000000087b00000| Untracked 
| 124|0x0000000087c00000, 0x0000000087c00000, 0x0000000087d00000|  0%| F|  |TAMS 0x0000000087c00000, 0x0000000087c00000| Untracked 
| 125|0x0000000087d00000, 0x0000000087d00000, 0x0000000087e00000|  0%| F|  |TAMS 0x0000000087d00000, 0x0000000087d00000| Untracked 
| 126|0x0000000087e00000, 0x0000000087e00000, 0x0000000087f00000|  0%| F|  |TAMS 0x0000000087e00000, 0x0000000087e00000| Untracked 
| 127|0x0000000087f00000, 0x0000000087f00000, 0x0000000088000000|  0%| F|  |TAMS 0x0000000087f00000, 0x0000000087f00000| Untracked 
| 128|0x0000000088000000, 0x0000000088000000, 0x0000000088100000|  0%| F|  |TAMS 0x0000000088000000, 0x0000000088000000| Untracked 
| 129|0x0000000088100000, 0x0000000088100000, 0x0000000088200000|  0%| F|  |TAMS 0x0000000088100000, 0x0000000088100000| Untracked 
| 130|0x0000000088200000, 0x0000000088200000, 0x0000000088300000|  0%| F|  |TAMS 0x0000000088200000, 0x0000000088200000| Untracked 
| 131|0x0000000088300000, 0x0000000088300000, 0x0000000088400000|  0%| F|  |TAMS 0x0000000088300000, 0x0000000088300000| Untracked 
| 132|0x0000000088400000, 0x0000000088400000, 0x0000000088500000|  0%| F|  |TAMS 0x0000000088400000, 0x0000000088400000| Untracked 
| 133|0x0000000088500000, 0x0000000088500000, 0x0000000088600000|  0%| F|  |TAMS 0x0000000088500000, 0x0000000088500000| Untracked 
| 134|0x0000000088600000, 0x0000000088600000, 0x0000000088700000|  0%| F|  |TAMS 0x0000000088600000, 0x0000000088600000| Untracked 
| 135|0x0000000088700000, 0x0000000088700000, 0x0000000088800000|  0%| F|  |TAMS 0x0000000088700000, 0x0000000088700000| Untracked 
| 136|0x0000000088800000, 0x0000000088800000, 0x0000000088900000|  0%| F|  |TAMS 0x0000000088800000, 0x0000000088800000| Untracked 
| 137|0x0000000088900000, 0x0000000088900000, 0x0000000088a00000|  0%| F|  |TAMS 0x0000000088900000, 0x0000000088900000| Untracked 
| 138|0x0000000088a00000, 0x0000000088a00000, 0x0000000088b00000|  0%| F|  |TAMS 0x0000000088a00000, 0x0000000088a00000| Untracked 
| 139|0x0000000088b00000, 0x0000000088b00000, 0x0000000088c00000|  0%| F|  |TAMS 0x0000000088b00000, 0x0000000088b00000| Untracked 
| 140|0x0000000088c00000, 0x0000000088c00000, 0x0000000088d00000|  0%| F|  |TAMS 0x0000000088c00000, 0x0000000088c00000| Untracked 
| 141|0x0000000088d00000, 0x0000000088d00000, 0x0000000088e00000|  0%| F|  |TAMS 0x0000000088d00000, 0x0000000088d00000| Untracked 
| 142|0x0000000088e00000, 0x0000000088e00000, 0x0000000088f00000|  0%| F|  |TAMS 0x0000000088e00000, 0x0000000088e00000| Untracked 
| 143|0x0000000088f00000, 0x0000000088f00000, 0x0000000089000000|  0%| F|  |TAMS 0x0000000088f00000, 0x0000000088f00000| Untracked 
| 144|0x0000000089000000, 0x0000000089000000, 0x0000000089100000|  0%| F|  |TAMS 0x0000000089000000, 0x0000000089000000| Untracked 
| 145|0x0000000089100000, 0x0000000089100000, 0x0000000089200000|  0%| F|  |TAMS 0x0000000089100000, 0x0000000089100000| Untracked 
| 146|0x0000000089200000, 0x0000000089200000, 0x0000000089300000|  0%| F|  |TAMS 0x0000000089200000, 0x0000000089200000| Untracked 
| 147|0x0000000089300000, 0x0000000089300000, 0x0000000089400000|  0%| F|  |TAMS 0x0000000089300000, 0x0000000089300000| Untracked 
| 148|0x0000000089400000, 0x0000000089400000, 0x0000000089500000|  0%| F|  |TAMS 0x0000000089400000, 0x0000000089400000| Untracked 
| 149|0x0000000089500000, 0x0000000089500000, 0x0000000089600000|  0%| F|  |TAMS 0x0000000089500000, 0x0000000089500000| Untracked 
| 150|0x0000000089600000, 0x0000000089600000, 0x0000000089700000|  0%| F|  |TAMS 0x0000000089600000, 0x0000000089600000| Untracked 
| 151|0x0000000089700000, 0x0000000089700000, 0x0000000089800000|  0%| F|  |TAMS 0x0000000089700000, 0x0000000089700000| Untracked 
| 152|0x0000000089800000, 0x0000000089800000, 0x0000000089900000|  0%| F|  |TAMS 0x0000000089800000, 0x0000000089800000| Untracked 
| 153|0x0000000089900000, 0x0000000089900000, 0x0000000089a00000|  0%| F|  |TAMS 0x0000000089900000, 0x0000000089900000| Untracked 
| 154|0x0000000089a00000, 0x0000000089a00000, 0x0000000089b00000|  0%| F|  |TAMS 0x0000000089a00000, 0x0000000089a00000| Untracked 
| 155|0x0000000089b00000, 0x0000000089b00000, 0x0000000089c00000|  0%| F|  |TAMS 0x0000000089b00000, 0x0000000089b00000| Untracked 
| 156|0x0000000089c00000, 0x0000000089c00000, 0x0000000089d00000|  0%| F|  |TAMS 0x0000000089c00000, 0x0000000089c00000| Untracked 
| 157|0x0000000089d00000, 0x0000000089d00000, 0x0000000089e00000|  0%| F|  |TAMS 0x0000000089d00000, 0x0000000089d00000| Untracked 
| 158|0x0000000089e00000, 0x0000000089e00000, 0x0000000089f00000|  0%| F|  |TAMS 0x0000000089e00000, 0x0000000089e00000| Untracked 
| 159|0x0000000089f00000, 0x0000000089f00000, 0x000000008a000000|  0%| F|  |TAMS 0x0000000089f00000, 0x0000000089f00000| Untracked 
| 160|0x000000008a000000, 0x000000008a000000, 0x000000008a100000|  0%| F|  |TAMS 0x000000008a000000, 0x000000008a000000| Untracked 
| 161|0x000000008a100000, 0x000000008a100000, 0x000000008a200000|  0%| F|  |TAMS 0x000000008a100000, 0x000000008a100000| Untracked 
| 162|0x000000008a200000, 0x000000008a200000, 0x000000008a300000|  0%| F|  |TAMS 0x000000008a200000, 0x000000008a200000| Untracked 
| 163|0x000000008a300000, 0x000000008a300000, 0x000000008a400000|  0%| F|  |TAMS 0x000000008a300000, 0x000000008a300000| Untracked 
| 164|0x000000008a400000, 0x000000008a400000, 0x000000008a500000|  0%| F|  |TAMS 0x000000008a400000, 0x000000008a400000| Untracked 
| 165|0x000000008a500000, 0x000000008a500000, 0x000000008a600000|  0%| F|  |TAMS 0x000000008a500000, 0x000000008a500000| Untracked 
| 166|0x000000008a600000, 0x000000008a600000, 0x000000008a700000|  0%| F|  |TAMS 0x000000008a600000, 0x000000008a600000| Untracked 
| 167|0x000000008a700000, 0x000000008a700000, 0x000000008a800000|  0%| F|  |TAMS 0x000000008a700000, 0x000000008a700000| Untracked 
| 168|0x000000008a800000, 0x000000008a800000, 0x000000008a900000|  0%| F|  |TAMS 0x000000008a800000, 0x000000008a800000| Untracked 
| 169|0x000000008a900000, 0x000000008a900000, 0x000000008aa00000|  0%| F|  |TAMS 0x000000008a900000, 0x000000008a900000| Untracked 
| 170|0x000000008aa00000, 0x000000008aa00000, 0x000000008ab00000|  0%| F|  |TAMS 0x000000008aa00000, 0x000000008aa00000| Untracked 
| 171|0x000000008ab00000, 0x000000008ab00000, 0x000000008ac00000|  0%| F|  |TAMS 0x000000008ab00000, 0x000000008ab00000| Untracked 
| 172|0x000000008ac00000, 0x000000008ac00000, 0x000000008ad00000|  0%| F|  |TAMS 0x000000008ac00000, 0x000000008ac00000| Untracked 
| 173|0x000000008ad00000, 0x000000008ad00000, 0x000000008ae00000|  0%| F|  |TAMS 0x000000008ad00000, 0x000000008ad00000| Untracked 
| 174|0x000000008ae00000, 0x000000008ae00000, 0x000000008af00000|  0%| F|  |TAMS 0x000000008ae00000, 0x000000008ae00000| Untracked 
| 175|0x000000008af00000, 0x000000008af00000, 0x000000008b000000|  0%| F|  |TAMS 0x000000008af00000, 0x000000008af00000| Untracked 
| 176|0x000000008b000000, 0x000000008b000000, 0x000000008b100000|  0%| F|  |TAMS 0x000000008b000000, 0x000000008b000000| Untracked 
| 177|0x000000008b100000, 0x000000008b100000, 0x000000008b200000|  0%| F|  |TAMS 0x000000008b100000, 0x000000008b100000| Untracked 
| 178|0x000000008b200000, 0x000000008b200000, 0x000000008b300000|  0%| F|  |TAMS 0x000000008b200000, 0x000000008b200000| Untracked 
| 179|0x000000008b300000, 0x000000008b300000, 0x000000008b400000|  0%| F|  |TAMS 0x000000008b300000, 0x000000008b300000| Untracked 
| 180|0x000000008b400000, 0x000000008b400000, 0x000000008b500000|  0%| F|  |TAMS 0x000000008b400000, 0x000000008b400000| Untracked 
| 181|0x000000008b500000, 0x000000008b500000, 0x000000008b600000|  0%| F|  |TAMS 0x000000008b500000, 0x000000008b500000| Untracked 
| 182|0x000000008b600000, 0x000000008b600000, 0x000000008b700000|  0%| F|  |TAMS 0x000000008b600000, 0x000000008b600000| Untracked 
| 183|0x000000008b700000, 0x000000008b700000, 0x000000008b800000|  0%| F|  |TAMS 0x000000008b700000, 0x000000008b700000| Untracked 
| 184|0x000000008b800000, 0x000000008b800000, 0x000000008b900000|  0%| F|  |TAMS 0x000000008b800000, 0x000000008b800000| Untracked 
| 185|0x000000008b900000, 0x000000008b900000, 0x000000008ba00000|  0%| F|  |TAMS 0x000000008b900000, 0x000000008b900000| Untracked 
| 186|0x000000008ba00000, 0x000000008ba00000, 0x000000008bb00000|  0%| F|  |TAMS 0x000000008ba00000, 0x000000008ba00000| Untracked 
| 187|0x000000008bb00000, 0x000000008bb00000, 0x000000008bc00000|  0%| F|  |TAMS 0x000000008bb00000, 0x000000008bb00000| Untracked 
| 188|0x000000008bc00000, 0x000000008bc00000, 0x000000008bd00000|  0%| F|  |TAMS 0x000000008bc00000, 0x000000008bc00000| Untracked 
| 189|0x000000008bd00000, 0x000000008bd00000, 0x000000008be00000|  0%| F|  |TAMS 0x000000008bd00000, 0x000000008bd00000| Untracked 
| 190|0x000000008be00000, 0x000000008be00000, 0x000000008bf00000|  0%| F|  |TAMS 0x000000008be00000, 0x000000008be00000| Untracked 
| 191|0x000000008bf00000, 0x000000008bf00000, 0x000000008c000000|  0%| F|  |TAMS 0x000000008bf00000, 0x000000008bf00000| Untracked 
| 192|0x000000008c000000, 0x000000008c000000, 0x000000008c100000|  0%| F|  |TAMS 0x000000008c000000, 0x000000008c000000| Untracked 
| 193|0x000000008c100000, 0x000000008c100000, 0x000000008c200000|  0%| F|  |TAMS 0x000000008c100000, 0x000000008c100000| Untracked 
| 194|0x000000008c200000, 0x000000008c200000, 0x000000008c300000|  0%| F|  |TAMS 0x000000008c200000, 0x000000008c200000| Untracked 
| 195|0x000000008c300000, 0x000000008c300000, 0x000000008c400000|  0%| F|  |TAMS 0x000000008c300000, 0x000000008c300000| Untracked 
| 196|0x000000008c400000, 0x000000008c400000, 0x000000008c500000|  0%| F|  |TAMS 0x000000008c400000, 0x000000008c400000| Untracked 
| 197|0x000000008c500000, 0x000000008c500000, 0x000000008c600000|  0%| F|  |TAMS 0x000000008c500000, 0x000000008c500000| Untracked 
| 198|0x000000008c600000, 0x000000008c600000, 0x000000008c700000|  0%| F|  |TAMS 0x000000008c600000, 0x000000008c600000| Untracked 
| 199|0x000000008c700000, 0x000000008c700000, 0x000000008c800000|  0%| F|  |TAMS 0x000000008c700000, 0x000000008c700000| Untracked 
| 200|0x000000008c800000, 0x000000008c800000, 0x000000008c900000|  0%| F|  |TAMS 0x000000008c800000, 0x000000008c800000| Untracked 
| 201|0x000000008c900000, 0x000000008c900000, 0x000000008ca00000|  0%| F|  |TAMS 0x000000008c900000, 0x000000008c900000| Untracked 
| 202|0x000000008ca00000, 0x000000008ca00000, 0x000000008cb00000|  0%| F|  |TAMS 0x000000008ca00000, 0x000000008ca00000| Untracked 
| 203|0x000000008cb00000, 0x000000008cb00000, 0x000000008cc00000|  0%| F|  |TAMS 0x000000008cb00000, 0x000000008cb00000| Untracked 
| 204|0x000000008cc00000, 0x000000008cc00000, 0x000000008cd00000|  0%| F|  |TAMS 0x000000008cc00000, 0x000000008cc00000| Untracked 
| 205|0x000000008cd00000, 0x000000008cd00000, 0x000000008ce00000|  0%| F|  |TAMS 0x000000008cd00000, 0x000000008cd00000| Untracked 
| 206|0x000000008ce00000, 0x000000008ce00000, 0x000000008cf00000|  0%| F|  |TAMS 0x000000008ce00000, 0x000000008ce00000| Untracked 
| 207|0x000000008cf00000, 0x000000008cfe7040, 0x000000008d000000| 90%| S|CS|TAMS 0x000000008cf00000, 0x000000008cf00000| Complete 
| 208|0x000000008d000000, 0x000000008d000000, 0x000000008d100000|  0%| F|  |TAMS 0x000000008d000000, 0x000000008d000000| Untracked 
| 209|0x000000008d100000, 0x000000008d100000, 0x000000008d200000|  0%| F|  |TAMS 0x000000008d100000, 0x000000008d100000| Untracked 
| 210|0x000000008d200000, 0x000000008d200000, 0x000000008d300000|  0%| F|  |TAMS 0x000000008d200000, 0x000000008d200000| Untracked 
| 211|0x000000008d300000, 0x000000008d300000, 0x000000008d400000|  0%| F|  |TAMS 0x000000008d300000, 0x000000008d300000| Untracked 
| 212|0x000000008d400000, 0x000000008d400000, 0x000000008d500000|  0%| F|  |TAMS 0x000000008d400000, 0x000000008d400000| Untracked 
| 213|0x000000008d500000, 0x000000008d500000, 0x000000008d600000|  0%| F|  |TAMS 0x000000008d500000, 0x000000008d500000| Untracked 
| 214|0x000000008d600000, 0x000000008d600000, 0x000000008d700000|  0%| F|  |TAMS 0x000000008d600000, 0x000000008d600000| Untracked 
| 215|0x000000008d700000, 0x000000008d700000, 0x000000008d800000|  0%| F|  |TAMS 0x000000008d700000, 0x000000008d700000| Untracked 
| 216|0x000000008d800000, 0x000000008d800000, 0x000000008d900000|  0%| F|  |TAMS 0x000000008d800000, 0x000000008d800000| Untracked 
| 217|0x000000008d900000, 0x000000008d900000, 0x000000008da00000|  0%| F|  |TAMS 0x000000008d900000, 0x000000008d900000| Untracked 
| 218|0x000000008da00000, 0x000000008da00000, 0x000000008db00000|  0%| F|  |TAMS 0x000000008da00000, 0x000000008da00000| Untracked 
| 219|0x000000008db00000, 0x000000008db00000, 0x000000008dc00000|  0%| F|  |TAMS 0x000000008db00000, 0x000000008db00000| Untracked 
| 220|0x000000008dc00000, 0x000000008dc00000, 0x000000008dd00000|  0%| F|  |TAMS 0x000000008dc00000, 0x000000008dc00000| Untracked 
| 221|0x000000008dd00000, 0x000000008dd00000, 0x000000008de00000|  0%| F|  |TAMS 0x000000008dd00000, 0x000000008dd00000| Untracked 
| 222|0x000000008de00000, 0x000000008de00000, 0x000000008df00000|  0%| F|  |TAMS 0x000000008de00000, 0x000000008de00000| Untracked 
| 223|0x000000008df00000, 0x000000008df00000, 0x000000008e000000|  0%| F|  |TAMS 0x000000008df00000, 0x000000008df00000| Untracked 
| 224|0x000000008e000000, 0x000000008e000000, 0x000000008e100000|  0%| F|  |TAMS 0x000000008e000000, 0x000000008e000000| Untracked 
| 225|0x000000008e100000, 0x000000008e100000, 0x000000008e200000|  0%| F|  |TAMS 0x000000008e100000, 0x000000008e100000| Untracked 
| 226|0x000000008e200000, 0x000000008e200000, 0x000000008e300000|  0%| F|  |TAMS 0x000000008e200000, 0x000000008e200000| Untracked 
| 227|0x000000008e300000, 0x000000008e300000, 0x000000008e400000|  0%| F|  |TAMS 0x000000008e300000, 0x000000008e300000| Untracked 
| 228|0x000000008e400000, 0x000000008e400000, 0x000000008e500000|  0%| F|  |TAMS 0x000000008e400000, 0x000000008e400000| Untracked 
| 229|0x000000008e500000, 0x000000008e500000, 0x000000008e600000|  0%| F|  |TAMS 0x000000008e500000, 0x000000008e500000| Untracked 
| 230|0x000000008e600000, 0x000000008e600000, 0x000000008e700000|  0%| F|  |TAMS 0x000000008e600000, 0x000000008e600000| Untracked 
| 231|0x000000008e700000, 0x000000008e700000, 0x000000008e800000|  0%| F|  |TAMS 0x000000008e700000, 0x000000008e700000| Untracked 
| 232|0x000000008e800000, 0x000000008e800000, 0x000000008e900000|  0%| F|  |TAMS 0x000000008e800000, 0x000000008e800000| Untracked 
| 233|0x000000008e900000, 0x000000008e900000, 0x000000008ea00000|  0%| F|  |TAMS 0x000000008e900000, 0x000000008e900000| Untracked 
| 234|0x000000008ea00000, 0x000000008ea00000, 0x000000008eb00000|  0%| F|  |TAMS 0x000000008ea00000, 0x000000008ea00000| Untracked 
| 235|0x000000008eb00000, 0x000000008eb00000, 0x000000008ec00000|  0%| F|  |TAMS 0x000000008eb00000, 0x000000008eb00000| Untracked 
| 236|0x000000008ec00000, 0x000000008ec00000, 0x000000008ed00000|  0%| F|  |TAMS 0x000000008ec00000, 0x000000008ec00000| Untracked 
| 237|0x000000008ed00000, 0x000000008ed00000, 0x000000008ee00000|  0%| F|  |TAMS 0x000000008ed00000, 0x000000008ed00000| Untracked 
| 238|0x000000008ee00000, 0x000000008ee00000, 0x000000008ef00000|  0%| F|  |TAMS 0x000000008ee00000, 0x000000008ee00000| Untracked 
| 239|0x000000008ef00000, 0x000000008ef00000, 0x000000008f000000|  0%| F|  |TAMS 0x000000008ef00000, 0x000000008ef00000| Untracked 
| 240|0x000000008f000000, 0x000000008f000000, 0x000000008f100000|  0%| F|  |TAMS 0x000000008f000000, 0x000000008f000000| Untracked 
| 241|0x000000008f100000, 0x000000008f100000, 0x000000008f200000|  0%| F|  |TAMS 0x000000008f100000, 0x000000008f100000| Untracked 
| 242|0x000000008f200000, 0x000000008f200000, 0x000000008f300000|  0%| F|  |TAMS 0x000000008f200000, 0x000000008f200000| Untracked 
| 243|0x000000008f300000, 0x000000008f300000, 0x000000008f400000|  0%| F|  |TAMS 0x000000008f300000, 0x000000008f300000| Untracked 
| 244|0x000000008f400000, 0x000000008f400000, 0x000000008f500000|  0%| F|  |TAMS 0x000000008f400000, 0x000000008f400000| Untracked 
| 245|0x000000008f500000, 0x000000008f500000, 0x000000008f600000|  0%| F|  |TAMS 0x000000008f500000, 0x000000008f500000| Untracked 
| 246|0x000000008f600000, 0x000000008f600000, 0x000000008f700000|  0%| F|  |TAMS 0x000000008f600000, 0x000000008f600000| Untracked 
| 247|0x000000008f700000, 0x000000008f700000, 0x000000008f800000|  0%| F|  |TAMS 0x000000008f700000, 0x000000008f700000| Untracked 
| 248|0x000000008f800000, 0x000000008f800000, 0x000000008f900000|  0%| F|  |TAMS 0x000000008f800000, 0x000000008f800000| Untracked 
| 249|0x000000008f900000, 0x000000008f900000, 0x000000008fa00000|  0%| F|  |TAMS 0x000000008f900000, 0x000000008f900000| Untracked 
| 250|0x000000008fa00000, 0x000000008fa00000, 0x000000008fb00000|  0%| F|  |TAMS 0x000000008fa00000, 0x000000008fa00000| Untracked 
| 251|0x000000008fb00000, 0x000000008fb00000, 0x000000008fc00000|  0%| F|  |TAMS 0x000000008fb00000, 0x000000008fb00000| Untracked 
| 252|0x000000008fc00000, 0x000000008fc00000, 0x000000008fd00000|  0%| F|  |TAMS 0x000000008fc00000, 0x000000008fc00000| Untracked 
| 253|0x000000008fd00000, 0x000000008fd00000, 0x000000008fe00000|  0%| F|  |TAMS 0x000000008fd00000, 0x000000008fd00000| Untracked 

Card table byte_map: [0x0000020c7a040000,0x0000020c7a440000] _byte_map_base: 0x0000020c79c40000

Marking Bits (Prev, Next): (CMBitMap*) 0x0000020c674aaba0, (CMBitMap*) 0x0000020c674aabe0
 Prev Bits: [0x0000020c7a840000, 0x0000020c7c840000)
 Next Bits: [0x0000020c7c840000, 0x0000020c7e840000)

Polling page: 0x0000020c66c10000

Metaspace:

Usage:
  Non-class:     76.47 MB used.
      Class:     11.87 MB used.
       Both:     88.34 MB used.

Virtual space:
  Non-class space:       80.00 MB reserved,      76.75 MB ( 96%) committed,  10 nodes.
      Class space:        1.00 GB reserved,      12.12 MB (  1%) committed,  1 nodes.
             Both:        1.08 GB reserved,      88.88 MB (  8%) committed. 

Chunk freelists:
   Non-Class:  2.94 MB
       Class:  3.91 MB
        Both:  6.85 MB

MaxMetaspaceSize: unlimited
CompressedClassSpaceSize: 1.00 GB
Initial GC threshold: 21.00 MB
Current GC threshold: 148.12 MB
CDS: off
MetaspaceReclaimPolicy: balanced
 - commit_granule_bytes: 65536.
 - commit_granule_words: 8192.
 - virtual_space_node_default_size: 1048576.
 - enlarge_chunks_in_place: 1.
 - new_chunks_are_fully_committed: 0.
 - uncommit_free_chunks: 1.
 - use_allocation_guard: 0.
 - handle_deallocations: 1.


Internal statistics:

num_allocs_failed_limit: 9.
num_arena_births: 778.
num_arena_deaths: 14.
num_vsnodes_births: 11.
num_vsnodes_deaths: 0.
num_space_committed: 1422.
num_space_uncommitted: 0.
num_chunks_returned_to_freelist: 28.
num_chunks_taken_from_freelist: 4070.
num_chunk_merges: 14.
num_chunk_splits: 2675.
num_chunks_enlarged: 1775.
num_purges: 2.
num_inconsistent_stats: 0.

CodeHeap 'non-profiled nmethods': size=120000Kb used=6881Kb max_used=6881Kb free=113118Kb
 bounds [0x0000020c723e0000, 0x0000020c72aa0000, 0x0000020c79910000]
CodeHeap 'profiled nmethods': size=120000Kb used=20372Kb max_used=20372Kb free=99627Kb
 bounds [0x0000020c6a910000, 0x0000020c6bd00000, 0x0000020c71e40000]
CodeHeap 'non-nmethods': size=5760Kb used=2369Kb max_used=2513Kb free=3390Kb
 bounds [0x0000020c71e40000, 0x0000020c720c0000, 0x0000020c723e0000]
 total_blobs=11360 nmethods=10461 adapters=811
 compilation: enabled
              stopped_count=0, restarted_count=0
 full_count=0

Compilation events (20 events):
Event: 29.043 Thread 0x0000020c7fc8af10 11926       3       org.gradle.tooling.internal.provider.runner.OperationDependenciesResolver$$Lambda$846/0x0000000100b55b60::test (8 bytes)
Event: 29.043 Thread 0x0000020c7fc8af10 nmethod 11926 0x0000020c6bcf5290 code [0x0000020c6bcf5440, 0x0000020c6bcf5718]
Event: 29.043 Thread 0x0000020c7fc8af10 11922       3       org.gradle.tooling.internal.provider.runner.ProgressEventConsumer$$Lambda$416/0x000000010057a8d0::test (14 bytes)
Event: 29.043 Thread 0x0000020c7fc8af10 nmethod 11922 0x0000020c6bcf5810 code [0x0000020c6bcf59c0, 0x0000020c6bcf5c68]
Event: 29.043 Thread 0x0000020c7fc8af10 11923       3       java.util.concurrent.ConcurrentHashMap$KeySetView::contains (9 bytes)
Event: 29.044 Thread 0x0000020c7fc8af10 nmethod 11923 0x0000020c6bcf5d90 code [0x0000020c6bcf5f40, 0x0000020c6bcf6148]
Event: 29.044 Thread 0x0000020c0b70cb30 11928   !   4       java.io.ObjectOutputStream::writeObject0 (620 bytes)
Event: 29.048 Thread 0x0000020c0b70b1e0 nmethod 11895 0x0000020c72a92b90 code [0x0000020c72a92dc0, 0x0000020c72a945a8]
Event: 29.048 Thread 0x0000020c0b70b1e0 11929       4       java.io.ObjectOutputStream$HandleTable::insert (39 bytes)
Event: 29.054 Thread 0x0000020c0b70b1e0 nmethod 11929 0x0000020c72a95710 code [0x0000020c72a958a0, 0x0000020c72a95ba8]
Event: 29.059 Thread 0x0000020c7fc89550 nmethod 11901 0x0000020c72a95e10 code [0x0000020c72a96020, 0x0000020c72a97860]
Event: 29.061 Thread 0x0000020c7fc8af10 11930       3       org.gradle.api.internal.provider.DefaultProperty::finalValue (10 bytes)
Event: 29.062 Thread 0x0000020c7fc8af10 nmethod 11930 0x0000020c6bcf6290 code [0x0000020c6bcf6440, 0x0000020c6bcf67e8]
Event: 29.062 Thread 0x0000020c7fc8af10 11931       3       org.gradle.api.internal.tasks.execution.TaskExecution$$Lambda$892/0x0000000100b8c620::getValue (12 bytes)
Event: 29.062 Thread 0x0000020c7fc8af10 nmethod 11931 0x0000020c6bcf6910 code [0x0000020c6bcf6ac0, 0x0000020c6bcf6c68]
Event: 29.062 Thread 0x0000020c7fc8af10 11932       3       org.gradle.api.internal.tasks.execution.TaskExecution::lambda$visitRegularInputs$1 (9 bytes)
Event: 29.062 Thread 0x0000020c7fc8af10 nmethod 11932 0x0000020c6bcf6d90 code [0x0000020c6bcf6f20, 0x0000020c6bcf7068]
Event: 29.062 Thread 0x0000020c7fc8af10 11933   !   3       org.gradle.api.internal.tasks.properties.InputParameterUtils::prepareInputParameterValue (29 bytes)
Event: 29.063 Thread 0x0000020c7fc8af10 nmethod 11933 0x0000020c6bcf7110 code [0x0000020c6bcf7340, 0x0000020c6bcf7d18]
Event: 29.065 Thread 0x0000020c0b70b1e0 11934  s    4       sun.nio.fs.WindowsDirectoryStream$WindowsDirectoryIterator::hasNext (35 bytes)

GC Heap History (20 events):
Event: 22.748 GC heap after
{Heap after GC invocations=43 (full 0):
 garbage-first heap   total 121856K, used 73711K [0x0000000080000000, 0x0000000100000000)
  region size 1024K, 5 young (5120K), 5 survivors (5120K)
 Metaspace       used 83181K, committed 83776K, reserved 1122304K
  class space    used 11174K, committed 11456K, reserved 1048576K
}
Event: 23.336 GC heap before
{Heap before GC invocations=44 (full 0):
 garbage-first heap   total 130048K, used 100335K [0x0000000080000000, 0x0000000100000000)
  region size 1024K, 31 young (31744K), 5 survivors (5120K)
 Metaspace       used 84428K, committed 85056K, reserved 1130496K
  class space    used 11350K, committed 11648K, reserved 1048576K
}
Event: 23.346 GC heap after
{Heap after GC invocations=45 (full 0):
 garbage-first heap   total 130048K, used 77256K [0x0000000080000000, 0x0000000100000000)
  region size 1024K, 4 young (4096K), 4 survivors (4096K)
 Metaspace       used 84428K, committed 85056K, reserved 1130496K
  class space    used 11350K, committed 11648K, reserved 1048576K
}
Event: 23.369 GC heap before
{Heap before GC invocations=45 (full 0):
 garbage-first heap   total 130048K, used 79304K [0x0000000080000000, 0x0000000100000000)
  region size 1024K, 6 young (6144K), 4 survivors (4096K)
 Metaspace       used 84428K, committed 85056K, reserved 1130496K
  class space    used 11350K, committed 11648K, reserved 1048576K
}
Event: 23.376 GC heap after
{Heap after GC invocations=46 (full 0):
 garbage-first heap   total 180224K, used 77728K [0x0000000080000000, 0x0000000100000000)
  region size 1024K, 1 young (1024K), 1 survivors (1024K)
 Metaspace       used 84428K, committed 85056K, reserved 1130496K
  class space    used 11350K, committed 11648K, reserved 1048576K
}
Event: 25.235 GC heap before
{Heap before GC invocations=46 (full 0):
 garbage-first heap   total 180224K, used 138144K [0x0000000080000000, 0x0000000100000000)
  region size 1024K, 60 young (61440K), 1 survivors (1024K)
 Metaspace       used 86712K, committed 87296K, reserved 1130496K
  class space    used 11784K, committed 12032K, reserved 1048576K
}
Event: 25.247 GC heap after
{Heap after GC invocations=47 (full 0):
 garbage-first heap   total 180224K, used 85736K [0x0000000080000000, 0x0000000100000000)
  region size 1024K, 8 young (8192K), 8 survivors (8192K)
 Metaspace       used 86712K, committed 87296K, reserved 1130496K
  class space    used 11784K, committed 12032K, reserved 1048576K
}
Event: 26.113 GC heap before
{Heap before GC invocations=47 (full 0):
 garbage-first heap   total 180224K, used 137960K [0x0000000080000000, 0x0000000100000000)
  region size 1024K, 60 young (61440K), 8 survivors (8192K)
 Metaspace       used 87172K, committed 87744K, reserved 1130496K
  class space    used 11836K, committed 12096K, reserved 1048576K
}
Event: 26.122 GC heap after
{Heap after GC invocations=48 (full 0):
 garbage-first heap   total 180224K, used 89707K [0x0000000080000000, 0x0000000100000000)
  region size 1024K, 4 young (4096K), 4 survivors (4096K)
 Metaspace       used 87172K, committed 87744K, reserved 1130496K
  class space    used 11836K, committed 12096K, reserved 1048576K
}
Event: 27.111 GC heap before
{Heap before GC invocations=48 (full 0):
 garbage-first heap   total 180224K, used 140907K [0x0000000080000000, 0x0000000100000000)
  region size 1024K, 55 young (56320K), 4 survivors (4096K)
 Metaspace       used 89130K, committed 89728K, reserved 1130496K
  class space    used 12015K, committed 12288K, reserved 1048576K
}
Event: 27.118 GC heap after
{Heap after GC invocations=49 (full 0):
 garbage-first heap   total 180224K, used 93062K [0x0000000080000000, 0x0000000100000000)
  region size 1024K, 7 young (7168K), 7 survivors (7168K)
 Metaspace       used 89130K, committed 89728K, reserved 1130496K
  class space    used 12015K, committed 12288K, reserved 1048576K
}
Event: 27.882 GC heap before
{Heap before GC invocations=50 (full 0):
 garbage-first heap   total 180224K, used 144262K [0x0000000080000000, 0x0000000100000000)
  region size 1024K, 58 young (59392K), 7 survivors (7168K)
 Metaspace       used 90139K, committed 90752K, reserved 1130496K
  class space    used 12124K, committed 12416K, reserved 1048576K
}
Event: 27.891 GC heap after
{Heap after GC invocations=51 (full 0):
 garbage-first heap   total 180224K, used 96602K [0x0000000080000000, 0x0000000100000000)
  region size 1024K, 8 young (8192K), 8 survivors (8192K)
 Metaspace       used 90139K, committed 90752K, reserved 1130496K
  class space    used 12124K, committed 12416K, reserved 1048576K
}
Event: 27.898 GC heap before
{Heap before GC invocations=51 (full 0):
 garbage-first heap   total 180224K, used 97626K [0x0000000080000000, 0x0000000100000000)
  region size 1024K, 9 young (9216K), 8 survivors (8192K)
 Metaspace       used 90141K, committed 90752K, reserved 1130496K
  class space    used 12124K, committed 12416K, reserved 1048576K
}
Event: 27.906 GC heap after
{Heap after GC invocations=52 (full 0):
 garbage-first heap   total 180224K, used 96346K [0x0000000080000000, 0x0000000100000000)
  region size 1024K, 1 young (1024K), 1 survivors (1024K)
 Metaspace       used 90141K, committed 90752K, reserved 1130496K
  class space    used 12124K, committed 12416K, reserved 1048576K
}
Event: 28.396 GC heap before
{Heap before GC invocations=52 (full 0):
 garbage-first heap   total 180224K, used 145498K [0x0000000080000000, 0x0000000100000000)
  region size 1024K, 50 young (51200K), 1 survivors (1024K)
 Metaspace       used 90381K, committed 90944K, reserved 1130496K
  class space    used 12146K, committed 12416K, reserved 1048576K
}
Event: 28.401 GC heap after
{Heap after GC invocations=53 (full 0):
 garbage-first heap   total 180224K, used 98392K [0x0000000080000000, 0x0000000100000000)
  region size 1024K, 3 young (3072K), 3 survivors (3072K)
 Metaspace       used 90381K, committed 90944K, reserved 1130496K
  class space    used 12146K, committed 12416K, reserved 1048576K
}
Event: 28.982 GC heap before
{Heap before GC invocations=54 (full 0):
 garbage-first heap   total 191488K, used 146520K [0x0000000080000000, 0x0000000100000000)
  region size 1024K, 51 young (52224K), 3 survivors (3072K)
 Metaspace       used 90438K, committed 91008K, reserved 1130496K
  class space    used 12148K, committed 12416K, reserved 1048576K
}
Event: 28.990 GC heap after
{Heap after GC invocations=55 (full 0):
 garbage-first heap   total 191488K, used 100901K [0x0000000080000000, 0x0000000100000000)
  region size 1024K, 6 young (6144K), 6 survivors (6144K)
 Metaspace       used 90438K, committed 91008K, reserved 1130496K
  class space    used 12148K, committed 12416K, reserved 1048576K
}
Event: 29.073 GC heap before
{Heap before GC invocations=55 (full 0):
 garbage-first heap   total 191488K, used 102949K [0x0000000080000000, 0x0000000100000000)
  region size 1024K, 9 young (9216K), 6 survivors (6144K)
 Metaspace       used 90459K, committed 91008K, reserved 1130496K
  class space    used 12151K, committed 12416K, reserved 1048576K
}

Dll operation events (2 events):
Event: 0.010 Loaded shared library D:\android studio\jbr\bin\java.dll
Event: 0.577 Loaded shared library D:\android studio\jbr\bin\verify.dll

Deoptimization events (20 events):
Event: 29.025 Thread 0x0000020c05ad5970 Uncommon trap: trap_request=0xffffffd6 fr.pc=0x0000020c72a769f4 relative=0x0000000000000a74
Event: 29.025 Thread 0x0000020c05ad5970 Uncommon trap: reason=array_check action=maybe_recompile pc=0x0000020c72a769f4 method=com.google.common.collect.RegularImmutableMap.fromEntryArray(I[Ljava/util/Map$Entry;)Lcom/google/common/collect/ImmutableMap; @ 157 c2
Event: 29.025 Thread 0x0000020c05ad5970 DEOPT PACKING pc=0x0000020c72a769f4 sp=0x000000b47f8fbd40
Event: 29.025 Thread 0x0000020c05ad5970 DEOPT UNPACKING pc=0x0000020c71e969a3 sp=0x000000b47f8fbce0 mode 2
Event: 29.058 Thread 0x0000020c047f6500 Uncommon trap: trap_request=0xffffffde fr.pc=0x0000020c72a18c80 relative=0x00000000000014e0
Event: 29.058 Thread 0x0000020c047f6500 Uncommon trap: reason=class_check action=maybe_recompile pc=0x0000020c72a18c80 method=org.gradle.internal.snapshot.ChildMap$Entry.handleAncestorDescendantOrExactMatch(Lorg/gradle/internal/snapshot/VfsRelativePath;Lorg/gradle/internal/snapshot/CaseSensitiv
Event: 29.058 Thread 0x0000020c047f6500 DEOPT PACKING pc=0x0000020c72a18c80 sp=0x000000b4787f8a20
Event: 29.058 Thread 0x0000020c047f6500 DEOPT UNPACKING pc=0x0000020c71e969a3 sp=0x000000b4787f89f0 mode 2
Event: 29.058 Thread 0x0000020c047f6500 Uncommon trap: trap_request=0xffffffde fr.pc=0x0000020c72a18c80 relative=0x00000000000014e0
Event: 29.058 Thread 0x0000020c047f6500 Uncommon trap: reason=class_check action=maybe_recompile pc=0x0000020c72a18c80 method=org.gradle.internal.snapshot.ChildMap$Entry.handleAncestorDescendantOrExactMatch(Lorg/gradle/internal/snapshot/VfsRelativePath;Lorg/gradle/internal/snapshot/CaseSensitiv
Event: 29.058 Thread 0x0000020c047f6500 DEOPT PACKING pc=0x0000020c72a18c80 sp=0x000000b4787f8a20
Event: 29.058 Thread 0x0000020c047f6500 DEOPT UNPACKING pc=0x0000020c71e969a3 sp=0x000000b4787f89f0 mode 2
Event: 29.061 Thread 0x0000020c047f6500 Uncommon trap: trap_request=0xffffff45 fr.pc=0x0000020c729cb3a0 relative=0x0000000000000aa0
Event: 29.061 Thread 0x0000020c047f6500 Uncommon trap: reason=unstable_if action=reinterpret pc=0x0000020c729cb3a0 method=org.gradle.internal.snapshot.VfsRelativePath.lengthOfCommonPrefix(Ljava/lang/String;Lorg/gradle/internal/snapshot/CaseSensitivity;)I @ 117 c2
Event: 29.061 Thread 0x0000020c047f6500 DEOPT PACKING pc=0x0000020c729cb3a0 sp=0x000000b4787f8330
Event: 29.061 Thread 0x0000020c047f6500 DEOPT UNPACKING pc=0x0000020c71e969a3 sp=0x000000b4787f82b8 mode 2
Event: 29.061 Thread 0x0000020c047f6500 Uncommon trap: trap_request=0xffffff45 fr.pc=0x0000020c72a3dd74 relative=0x00000000000019b4
Event: 29.061 Thread 0x0000020c047f6500 Uncommon trap: reason=unstable_if action=reinterpret pc=0x0000020c72a3dd74 method=org.gradle.internal.snapshot.ChildMap$Entry.handlePath(Lorg/gradle/internal/snapshot/VfsRelativePath;Lorg/gradle/internal/snapshot/CaseSensitivity;Lorg/gradle/internal/snaps
Event: 29.061 Thread 0x0000020c047f6500 DEOPT PACKING pc=0x0000020c72a3dd74 sp=0x000000b4787f8390
Event: 29.061 Thread 0x0000020c047f6500 DEOPT UNPACKING pc=0x0000020c71e969a3 sp=0x000000b4787f8328 mode 2

Classes unloaded (7 events):
Event: 27.235 Thread 0x0000020c7f297b20 Unloading class 0x0000000100bb9c00 'java/lang/invoke/LambdaForm$DMH+0x0000000100bb9c00'
Event: 27.235 Thread 0x0000020c7f297b20 Unloading class 0x0000000100bb9800 'java/lang/invoke/LambdaForm$DMH+0x0000000100bb9800'
Event: 27.235 Thread 0x0000020c7f297b20 Unloading class 0x0000000100bb9400 'java/lang/invoke/LambdaForm$DMH+0x0000000100bb9400'
Event: 27.235 Thread 0x0000020c7f297b20 Unloading class 0x0000000100bb9000 'java/lang/invoke/LambdaForm$DMH+0x0000000100bb9000'
Event: 27.235 Thread 0x0000020c7f297b20 Unloading class 0x0000000100bb8c00 'java/lang/invoke/LambdaForm$DMH+0x0000000100bb8c00'
Event: 27.235 Thread 0x0000020c7f297b20 Unloading class 0x0000000100bb8800 'java/lang/invoke/LambdaForm$DMH+0x0000000100bb8800'
Event: 27.235 Thread 0x0000020c7f297b20 Unloading class 0x0000000100bb8000 'java/lang/invoke/LambdaForm$DMH+0x0000000100bb8000'

Classes redefined (0 events):
No events

Internal exceptions (20 events):
Event: 25.119 Thread 0x0000020c046fa1f0 Implicit null exception at 0x0000020c72645d10 to 0x0000020c726466c4
Event: 25.214 Thread 0x0000020c046f59c0 Exception <a 'java/lang/NoSuchMethodError'{0x0000000087473948}: 'java.lang.Object java.lang.invoke.DirectMethodHandle$Holder.invokeSpecialIFC(java.lang.Object, java.lang.Object, java.lang.Object)'> (0x0000000087473948) 
thrown [s\src\hotspot\share\interpreter\linkResolver.cpp, line 771]
Event: 25.214 Thread 0x0000020c046f54f0 Exception <a 'java/lang/NoSuchMethodError'{0x000000008745e448}: 'java.lang.Object java.lang.invoke.DirectMethodHandle$Holder.invokeSpecialIFC(java.lang.Object, java.lang.Object, java.lang.Object)'> (0x000000008745e448) 
thrown [s\src\hotspot\share\interpreter\linkResolver.cpp, line 771]
Event: 25.214 Thread 0x0000020c02baa1d0 Exception <a 'java/lang/NoSuchMethodError'{0x000000008746ac40}: 'java.lang.Object java.lang.invoke.DirectMethodHandle$Holder.invokeSpecialIFC(java.lang.Object, java.lang.Object, java.lang.Object)'> (0x000000008746ac40) 
thrown [s\src\hotspot\share\interpreter\linkResolver.cpp, line 771]
Event: 25.214 Thread 0x0000020c047f6500 Exception <a 'java/lang/NoSuchMethodError'{0x0000000087954c80}: 'java.lang.Object java.lang.invoke.DirectMethodHandle$Holder.invokeSpecialIFC(java.lang.Object, java.lang.Object, java.lang.Object)'> (0x0000000087954c80) 
thrown [s\src\hotspot\share\interpreter\linkResolver.cpp, line 771]
Event: 25.214 Thread 0x0000020c040ae420 Exception <a 'java/lang/NoSuchMethodError'{0x0000000087486aa0}: 'java.lang.Object java.lang.invoke.DirectMethodHandle$Holder.invokeSpecialIFC(java.lang.Object, java.lang.Object, java.lang.Object)'> (0x0000000087486aa0) 
thrown [s\src\hotspot\share\interpreter\linkResolver.cpp, line 771]
Event: 25.215 Thread 0x0000020c046fab90 Exception <a 'java/lang/NoSuchMethodError'{0x000000008747f080}: 'java.lang.Object java.lang.invoke.DirectMethodHandle$Holder.invokeSpecialIFC(java.lang.Object, java.lang.Object, java.lang.Object)'> (0x000000008747f080) 
thrown [s\src\hotspot\share\interpreter\linkResolver.cpp, line 771]
Event: 25.215 Thread 0x0000020c046fa1f0 Exception <a 'java/lang/NoSuchMethodError'{0x0000000087493b88}: 'java.lang.Object java.lang.invoke.DirectMethodHandle$Holder.invokeSpecialIFC(java.lang.Object, java.lang.Object, java.lang.Object)'> (0x0000000087493b88) 
thrown [s\src\hotspot\share\interpreter\linkResolver.cpp, line 771]
Event: 25.215 Thread 0x0000020c046f89e0 Exception <a 'java/lang/NoSuchMethodError'{0x000000008744f760}: 'java.lang.Object java.lang.invoke.DirectMethodHandle$Holder.invokeSpecialIFC(java.lang.Object, java.lang.Object, java.lang.Object)'> (0x000000008744f760) 
thrown [s\src\hotspot\share\interpreter\linkResolver.cpp, line 771]
Event: 25.903 Thread 0x0000020c0441d780 Exception <a 'java/lang/NoSuchMethodError'{0x0000000089fafc88}: 'void java.lang.invoke.DirectMethodHandle$Holder.invokeVirtual(java.lang.Object, java.lang.Object)'> (0x0000000089fafc88) 
thrown [s\src\hotspot\share\interpreter\linkResolver.cpp, line 771]
Event: 27.106 Thread 0x0000020c047f6500 Implicit null exception at 0x0000020c727d9e72 to 0x0000020c727da5a4
Event: 27.359 Thread 0x0000020c02238050 Exception <a 'java/lang/NoSuchMethodError'{0x000000008cb6bb48}: static [Ljava/lang/Object;.<clinit>()V> (0x000000008cb6bb48) 
thrown [s\src\hotspot\share\prims\jni.cpp, line 1108]
Event: 27.397 Thread 0x0000020c047f6500 Exception <a 'java/lang/NoSuchMethodError'{0x000000008cbe2de0}: static Lcom/android/build/gradle/internal/scope/InternalArtifactType;.<clinit>()V> (0x000000008cbe2de0) 
thrown [s\src\hotspot\share\prims\jni.cpp, line 1108]
Event: 27.397 Thread 0x0000020c047f6500 Exception <a 'java/lang/NoSuchMethodError'{0x000000008cbe4e10}: static Lcom/android/build/gradle/internal/scope/InternalArtifactType;.<clinit>()V> (0x000000008cbe4e10) 
thrown [s\src\hotspot\share\prims\jni.cpp, line 1108]
Event: 27.397 Thread 0x0000020c047f6500 Exception <a 'java/lang/NoSuchMethodError'{0x000000008cbe8438}: static Lcom/android/build/api/artifact/Artifact$Single;.<clinit>()V> (0x000000008cbe8438) 
thrown [s\src\hotspot\share\prims\jni.cpp, line 1108]
Event: 27.397 Thread 0x0000020c047f6500 Exception <a 'java/lang/NoSuchMethodError'{0x000000008cbeb448}: static Ljava/lang/Object;.<clinit>()V> (0x000000008cbeb448) 
thrown [s\src\hotspot\share\prims\jni.cpp, line 1108]
Event: 27.400 Thread 0x0000020c047f6500 Exception <a 'java/lang/NoSuchMethodError'{0x000000008c916e98}: static Lcom/android/build/api/artifact/ArtifactKind;.<clinit>()V> (0x000000008c916e98) 
thrown [s\src\hotspot\share\prims\jni.cpp, line 1108]
Event: 27.400 Thread 0x0000020c047f6500 Exception <a 'java/lang/NoSuchMethodError'{0x000000008c918af8}: static Lcom/android/build/api/artifact/ArtifactKind;.<clinit>()V> (0x000000008c918af8) 
thrown [s\src\hotspot\share\prims\jni.cpp, line 1108]
Event: 27.944 Thread 0x0000020c040aaf30 Implicit null exception at 0x0000020c72a09300 to 0x0000020c72a0a528
Event: 27.999 Thread 0x0000020c047f6500 Exception <a 'java/lang/NoSuchMethodError'{0x000000008c862730}: 'int java.lang.invoke.DirectMethodHandle$Holder.invokeSpecial(java.lang.Object, java.lang.Object, java.lang.Object, java.lang.Object, java.lang.Object)'> (0x000000008c862730) 
thrown [s\src\hotspot\share\interpreter\linkResolver.cpp, line 771]

VM Operations (20 events):
Event: 28.166 Executing VM operation: ICBufferFull done
Event: 28.167 Executing VM operation: ICBufferFull
Event: 28.168 Executing VM operation: ICBufferFull done
Event: 28.168 Executing VM operation: ICBufferFull
Event: 28.168 Executing VM operation: ICBufferFull done
Event: 28.168 Executing VM operation: ICBufferFull
Event: 28.168 Executing VM operation: ICBufferFull done
Event: 28.169 Executing VM operation: ICBufferFull
Event: 28.170 Executing VM operation: ICBufferFull done
Event: 28.171 Executing VM operation: ICBufferFull
Event: 28.172 Executing VM operation: ICBufferFull done
Event: 28.396 Executing VM operation: G1CollectForAllocation
Event: 28.402 Executing VM operation: G1CollectForAllocation done
Event: 28.552 Executing VM operation: G1Concurrent
Event: 28.575 Executing VM operation: G1Concurrent done
Event: 28.636 Executing VM operation: G1Concurrent
Event: 28.637 Executing VM operation: G1Concurrent done
Event: 28.981 Executing VM operation: G1CollectForAllocation
Event: 28.995 Executing VM operation: G1CollectForAllocation done
Event: 29.072 Executing VM operation: G1CollectForAllocation

Events (20 events):
Event: 27.104 loading class org/w3c/dom/ls/DOMImplementationLS
Event: 27.104 loading class org/w3c/dom/ls/DOMImplementationLS done
Event: 27.104 loading class org/w3c/dom/ls/LSInput
Event: 27.104 loading class org/w3c/dom/ls/LSInput done
Event: 27.104 loading class org/w3c/dom/ls/LSOutput
Event: 27.104 loading class org/w3c/dom/ls/LSOutput done
Event: 27.104 loading class org/w3c/dom/ls/LSParser
Event: 27.105 loading class org/w3c/dom/ls/LSParser done
Event: 27.105 loading class org/w3c/dom/ls/LSSerializer
Event: 27.105 loading class org/w3c/dom/ls/LSSerializer done
Event: 27.197 loading class java/util/TreeMap$DescendingSubMap$DescendingEntrySetView
Event: 27.197 loading class java/util/TreeMap$NavigableSubMap$EntrySetView
Event: 27.198 loading class java/util/TreeMap$NavigableSubMap$EntrySetView done
Event: 27.198 loading class java/util/TreeMap$DescendingSubMap$DescendingEntrySetView done
Event: 27.198 loading class java/util/TreeMap$NavigableSubMap$DescendingSubMapEntryIterator
Event: 27.198 loading class java/util/TreeMap$NavigableSubMap$DescendingSubMapEntryIterator done
Event: 27.330 loading class java/time/Instant$1
Event: 27.330 loading class java/time/Instant$1 done
Event: 27.818 loading class java/nio/file/FileTreeWalker$1
Event: 27.818 loading class java/nio/file/FileTreeWalker$1 done


Dynamic libraries:
0x00007ff6aa360000 - 0x00007ff6aa36a000 	D:\android studio\jbr\bin\java.exe
0x00007ffa210b0000 - 0x00007ffa212c7000 	C:\WINDOWS\SYSTEM32\ntdll.dll
0x00007ffa20580000 - 0x00007ffa20644000 	C:\WINDOWS\System32\KERNEL32.DLL
0x00007ffa1e4a0000 - 0x00007ffa1e846000 	C:\WINDOWS\System32\KERNELBASE.dll
0x00007ffa1eb90000 - 0x00007ffa1eca1000 	C:\WINDOWS\System32\ucrtbase.dll
0x00007ff9e3660000 - 0x00007ff9e3677000 	D:\android studio\jbr\bin\jli.dll
0x00007ff9df700000 - 0x00007ff9df71b000 	D:\android studio\jbr\bin\VCRUNTIME140.dll
0x00007ffa1f280000 - 0x00007ffa1f42d000 	C:\WINDOWS\System32\USER32.dll
0x00007ffa1e9f0000 - 0x00007ffa1ea16000 	C:\WINDOWS\System32\win32u.dll
0x00007ffa02e80000 - 0x00007ffa03113000 	C:\WINDOWS\WinSxS\amd64_microsoft.windows.common-controls_6595b64144ccf1df_6.0.22621.2361_none_2712ced57382f843\COMCTL32.dll
0x00007ffa20d80000 - 0x00007ffa20da9000 	C:\WINDOWS\System32\GDI32.dll
0x00007ffa20cd0000 - 0x00007ffa20d77000 	C:\WINDOWS\System32\msvcrt.dll
0x00007ffa1e8d0000 - 0x00007ffa1e9e8000 	C:\WINDOWS\System32\gdi32full.dll
0x00007ffa1ecb0000 - 0x00007ffa1ed4a000 	C:\WINDOWS\System32\msvcp_win.dll
0x00007ffa20490000 - 0x00007ffa204c1000 	C:\WINDOWS\System32\IMM32.DLL
0x00007ff9f1aa0000 - 0x00007ff9f1aac000 	D:\android studio\jbr\bin\vcruntime140_1.dll
0x00007ff97d830000 - 0x00007ff97d8bd000 	D:\android studio\jbr\bin\msvcp140.dll
0x00007ff977ee0000 - 0x00007ff978b4e000 	D:\android studio\jbr\bin\server\jvm.dll
0x00007ffa204d0000 - 0x00007ffa20580000 	C:\WINDOWS\System32\ADVAPI32.dll
0x00007ffa209e0000 - 0x00007ffa20a86000 	C:\WINDOWS\System32\sechost.dll
0x00007ffa201b0000 - 0x00007ffa202c7000 	C:\WINDOWS\System32\RPCRT4.dll
0x00007ffa033d0000 - 0x00007ffa033d9000 	C:\WINDOWS\SYSTEM32\WSOCK32.dll
0x00007ffa20db0000 - 0x00007ffa20e21000 	C:\WINDOWS\System32\WS2_32.dll
0x00007ffa17680000 - 0x00007ffa176b4000 	C:\WINDOWS\SYSTEM32\WINMM.dll
0x00007ffa18370000 - 0x00007ffa1837a000 	C:\WINDOWS\SYSTEM32\VERSION.dll
0x00007ffa1d470000 - 0x00007ffa1d488000 	C:\WINDOWS\SYSTEM32\kernel.appcore.dll
0x00007ffa07e50000 - 0x00007ffa07e5a000 	D:\android studio\jbr\bin\jimage.dll
0x00007ffa1bd80000 - 0x00007ffa1bfae000 	C:\WINDOWS\SYSTEM32\DBGHELP.DLL
0x00007ffa20650000 - 0x00007ffa209da000 	C:\WINDOWS\System32\combase.dll
0x00007ffa20e30000 - 0x00007ffa20f07000 	C:\WINDOWS\System32\OLEAUT32.dll
0x00007ffa02780000 - 0x00007ffa027b2000 	C:\WINDOWS\SYSTEM32\dbgcore.DLL
0x00007ffa1e850000 - 0x00007ffa1e8ca000 	C:\WINDOWS\System32\bcryptPrimitives.dll
0x00007ff9f7080000 - 0x00007ff9f70a5000 	D:\android studio\jbr\bin\java.dll
0x00007ff9f00e0000 - 0x00007ff9f00f8000 	D:\android studio\jbr\bin\zip.dll
0x00007ffa1f4b0000 - 0x00007ffa1fd08000 	C:\WINDOWS\System32\SHELL32.dll
0x00007ffa1c390000 - 0x00007ffa1cc82000 	C:\WINDOWS\SYSTEM32\windows.storage.dll
0x00007ffa1c250000 - 0x00007ffa1c38e000 	C:\WINDOWS\SYSTEM32\wintypes.dll
0x00007ffa20f70000 - 0x00007ffa21063000 	C:\WINDOWS\System32\SHCORE.dll
0x00007ffa20f10000 - 0x00007ffa20f6e000 	C:\WINDOWS\System32\shlwapi.dll
0x00007ffa1e360000 - 0x00007ffa1e386000 	C:\WINDOWS\SYSTEM32\profapi.dll
0x00007ff9f00c0000 - 0x00007ff9f00d9000 	D:\android studio\jbr\bin\net.dll
0x00007ffa17950000 - 0x00007ffa17a87000 	C:\WINDOWS\SYSTEM32\WINHTTP.dll
0x00007ffa1d8f0000 - 0x00007ffa1d959000 	C:\WINDOWS\system32\mswsock.dll
0x00007ff9e8bf0000 - 0x00007ff9e8c06000 	D:\android studio\jbr\bin\nio.dll
0x00007ff9fcf10000 - 0x00007ff9fcf20000 	D:\android studio\jbr\bin\verify.dll
0x00007ffa06b60000 - 0x00007ffa06b87000 	C:\Users\hachem safae\.gradle\native\e1d6ef7f7dcc3fd88c89a11ec53ec762bb8ba0a96d01ffa2cd45eb1d1d8dd5c5\windows-amd64\native-platform.dll
0x00007ff96d630000 - 0x00007ff96d774000 	C:\Users\hachem safae\.gradle\native\5664cfc778a61ccfe75a443a1ab52a65af34e5dc3c78e0209fed803814484fcb\windows-amd64\native-platform-file-events.dll
0x00007ff9f7850000 - 0x00007ff9f7859000 	D:\android studio\jbr\bin\management.dll
0x00007ff9f7070000 - 0x00007ff9f707b000 	D:\android studio\jbr\bin\management_ext.dll
0x00007ffa20bf0000 - 0x00007ffa20bf8000 	C:\WINDOWS\System32\PSAPI.DLL
0x00007ffa1db40000 - 0x00007ffa1db5b000 	C:\WINDOWS\SYSTEM32\CRYPTSP.dll
0x00007ffa1d3d0000 - 0x00007ffa1d405000 	C:\WINDOWS\system32\rsaenh.dll
0x00007ffa1d9e0000 - 0x00007ffa1da0c000 	C:\WINDOWS\SYSTEM32\USERENV.dll
0x00007ffa1dd00000 - 0x00007ffa1dd28000 	C:\WINDOWS\SYSTEM32\bcrypt.dll
0x00007ffa1db60000 - 0x00007ffa1db6c000 	C:\WINDOWS\SYSTEM32\CRYPTBASE.dll
0x00007ffa1cef0000 - 0x00007ffa1cf1d000 	C:\WINDOWS\SYSTEM32\IPHLPAPI.DLL
0x00007ffa201a0000 - 0x00007ffa201a9000 	C:\WINDOWS\System32\NSI.dll
0x00007ffa17660000 - 0x00007ffa17679000 	C:\WINDOWS\SYSTEM32\dhcpcsvc6.DLL
0x00007ffa17640000 - 0x00007ffa1765f000 	C:\WINDOWS\SYSTEM32\dhcpcsvc.DLL
0x00007ffa1cf60000 - 0x00007ffa1d059000 	C:\WINDOWS\SYSTEM32\DNSAPI.dll
0x00007ff9f34e0000 - 0x00007ff9f34e8000 	C:\WINDOWS\system32\wshunix.dll
0x00007ff9fd170000 - 0x00007ff9fd187000 	C:\WINDOWS\system32\napinsp.dll
0x00007ff9fd0f0000 - 0x00007ff9fd10b000 	C:\WINDOWS\system32\pnrpnsp.dll
0x00007ffa04830000 - 0x00007ffa04841000 	C:\WINDOWS\System32\winrnr.dll
0x00007ffa04810000 - 0x00007ffa04825000 	C:\WINDOWS\system32\wshbth.dll
0x00007ffa047e0000 - 0x00007ffa04801000 	C:\WINDOWS\system32\nlansp_c.dll
0x00007ffa14060000 - 0x00007ffa1406a000 	C:\Windows\System32\rasadhlp.dll
0x00007ffa16c20000 - 0x00007ffa16ca4000 	C:\WINDOWS\System32\fwpuclnt.dll

dbghelp: loaded successfully - version: 4.0.5 - missing functions: none
symbol engine: initialized successfully - sym options: 0x614 - pdb path: .;D:\android studio\jbr\bin;C:\WINDOWS\SYSTEM32;C:\WINDOWS\WinSxS\amd64_microsoft.windows.common-controls_6595b64144ccf1df_6.0.22621.2361_none_2712ced57382f843;D:\android studio\jbr\bin\server;C:\Users\hachem safae\.gradle\native\e1d6ef7f7dcc3fd88c89a11ec53ec762bb8ba0a96d01ffa2cd45eb1d1d8dd5c5\windows-amd64;C:\Users\hachem safae\.gradle\native\5664cfc778a61ccfe75a443a1ab52a65af34e5dc3c78e0209fed803814484fcb\windows-amd64

VM Arguments:
jvm_args: --add-opens=java.base/java.util=ALL-UNNAMED --add-opens=java.base/java.lang=ALL-UNNAMED --add-opens=java.base/java.lang.invoke=ALL-UNNAMED --add-opens=java.base/java.util=ALL-UNNAMED --add-opens=java.prefs/java.util.prefs=ALL-UNNAMED --add-opens=java.prefs/java.util.prefs=ALL-UNNAMED --add-opens=java.base/java.nio.charset=ALL-UNNAMED --add-opens=java.base/java.net=ALL-UNNAMED --add-opens=java.base/java.util.concurrent.atomic=ALL-UNNAMED -Xmx2048m -Dfile.encoding=UTF-8 -Duser.country=FR -Duser.language=fr -Duser.variant 
java_command: org.gradle.launcher.daemon.bootstrap.GradleDaemon 7.3.3
java_class_path (initial): C:\Users\hachem safae\.gradle\wrapper\dists\gradle-7.3.3-bin\6a41zxkdtcxs8rphpq6y0069z\gradle-7.3.3\lib\gradle-launcher-7.3.3.jar
Launcher Type: SUN_STANDARD

[Global flags]
     intx CICompilerCount                          = 4                                         {product} {ergonomic}
     uint ConcGCThreads                            = 2                                         {product} {ergonomic}
     uint G1ConcRefinementThreads                  = 8                                         {product} {ergonomic}
   size_t G1HeapRegionSize                         = 1048576                                   {product} {ergonomic}
    uintx GCDrainStackTargetSize                   = 64                                        {product} {ergonomic}
   size_t InitialHeapSize                          = 266338304                                 {product} {ergonomic}
   size_t MarkStackSize                            = 4194304                                   {product} {ergonomic}
   size_t MaxHeapSize                              = 2147483648                                {product} {command line}
   size_t MaxNewSize                               = 1287651328                                {product} {ergonomic}
   size_t MinHeapDeltaBytes                        = 1048576                                   {product} {ergonomic}
   size_t MinHeapSize                              = 8388608                                   {product} {ergonomic}
    uintx NonNMethodCodeHeapSize                   = 5839372                                {pd product} {ergonomic}
    uintx NonProfiledCodeHeapSize                  = 122909434                              {pd product} {ergonomic}
    uintx ProfiledCodeHeapSize                     = 122909434                              {pd product} {ergonomic}
    uintx ReservedCodeCacheSize                    = 251658240                              {pd product} {ergonomic}
     bool SegmentedCodeCache                       = true                                      {product} {ergonomic}
   size_t SoftMaxHeapSize                          = 2147483648                             {manageable} {ergonomic}
     bool UseCompressedClassPointers               = true                           {product lp64_product} {ergonomic}
     bool UseCompressedOops                        = true                           {product lp64_product} {ergonomic}
     bool UseG1GC                                  = true                                      {product} {ergonomic}
     bool UseLargePagesIndividualAllocation        = false                                  {pd product} {ergonomic}

Logging:
Log output configuration:
 #0: stdout all=warning uptime,level,tags
 #1: stderr all=off uptime,level,tags

Environment Variables:
JAVA_HOME=C:\Program Files\Java\jdk-11
PATH=C:\Program Files (x86)\Common Files\Oracle\Java\javapath;C:\Program Files (x86)\VMware\VMware Workstation\bin\;D:\oraclexe\app\oracle\product\11.2.0\server\bin;C:\Program Files\Common Files\Oracle\Java\javapath;C:\WINDOWS\system32;C:\WINDOWS;C:\WINDOWS\System32\Wbem;C:\WINDOWS\System32\WindowsPowerShell\v1.0\;C:\WINDOWS\System32\OpenSSH\;c:\Program Files (x86)\Microsoft SQL Server\100\Tools\Binn\;c:\Program Files\Microsoft SQL Server\100\Tools\Binn\;c:\Program Files\Microsoft SQL Server\100\DTS\Binn\;C:\Program Files\Java\jdk-11\bin;C:\Program Files\Java\jdk-19\bin;C:\Program Files\Common Files\Oracle\Java\javapath;C:\ProgramData\ComposerSetup\bin;D:\XAAMP\php\php.exe;D:\xamp\php;C:\Program Files\wkhtmltopdf\bin;D:\node;C:\Program Files\Git\cmd;C:\Program Files\nodejs\;C:\Program Files\MongoDB\Server\6.0\bin;D:\XAAMP\php;C:\Users\hachem safae\AppData\Local\Programs\Python\Python310\Scripts\;C:\Users\hachem safae\AppData\Local\Programs\Python\Python310\;C:\Program Files\MySQL\MySQL Shell 8.0\bin\;C:\Users\hachem safae\AppData\Local\Microsoft\WindowsApps;C:\Users\hachem safae\AppData\Roaming\Dashlane\6.2007.0.32704\bin\Firefox_Extension\{442718d9-475e-452a-b3e1-fb1ee16b8e9f}\components;C:\Users\hachem safae\AppData\Roaming\Dashlane\6.2007.0.32704\ucrt;C:\Users\hachem safae\AppData\Roaming\Dashlane\6.2007.0.32704\bin\Qt;C:\Users\hachem safae\AppData\Roaming\Dashlane\6.2007.0.32704\bin\Ssl;C:\Program Files\JetBrains\IntelliJ IDEA Community Edition 2020.2.2\bin;C:\Users\hachem safae\AppData\Local\Microsoft\WindowsApps;C:\Users\hachem safae\AppData\Local\Programs\Microsoft VS Code\bin;C:\Program Files\IntelliJ IDEA Community Edition 2022.3.2\bin;;C:\Users\hachem safae\AppData\Local\ComposerSetup\bin;C:\Users\hachem safae\AppData\Roaming\Composer\vendor\bin;C:\Users\hachem safae\AppData\Roaming\npm;D:\android2\platform-tools;D:\XAAMP\php;C:\wamp64\bin\php\php5.6.40;C:\
USERNAME=hachem safae
OS=Windows_NT
PROCESSOR_IDENTIFIER=Intel64 Family 6 Model 142 Stepping 12, GenuineIntel
TMP=C:\Users\HACHEM~1\AppData\Local\Temp
TEMP=C:\Users\HACHEM~1\AppData\Local\Temp


JNI global refs:
JNI global refs: 25, weak refs: 0

JNI global refs memory usage: 843, weak refs: 841


---------------  S Y S T E M  ---------------

OS:
 Windows 11 , 64 bit Build 22621 (10.0.22621.2428)
OS uptime: 0 days 15:07 hours

CPU: total 8 (initial active 8) (4 cores per cpu, 2 threads per core) family 6 model 142 stepping 12 microcode 0xf6, cx8, cmov, fxsr, ht, mmx, 3dnowpref, sse, sse2, sse3, ssse3, sse4.1, sse4.2, popcnt, lzcnt, tsc, tscinvbit, avx, avx2, aes, erms, clmul, bmi1, bmi2, adx, fma, vzeroupper, clflush, clflushopt

Memory: 4k page, system-wide physical 16194M (1946M free)
TotalPageFile size 18242M (AvailPageFile size 143M)
current process WorkingSet (physical memory assigned to process): 446M, peak: 463M
current process commit charge ("private bytes"): 550M, peak: 750M

vm_info: OpenJDK 64-Bit Server VM (17.0.6+0-b2043.56-10027231) for windows-amd64 JRE (17.0.6+0-b2043.56-10027231), built on Apr 28 2023 00:43:19 by "androidbuild" with MS VC++ 16.10 / 16.11 (VS2019)

END.
