#
# There is insufficient memory for the Java Runtime Environment to continue.
# Native memory allocation (mmap) failed to map 45088768 bytes for G1 virtual space
# Possible reasons:
#   The system is out of physical RAM or swap space
#   The process is running with CompressedOops enabled, and the Java Heap may be blocking the growth of the native heap
# Possible solutions:
#   Reduce memory load on the system
#   Increase physical memory or swap space
#   Check if swap backing store is full
#   Decrease Java heap size (-Xmx/-Xms)
#   Decrease number of Java threads
#   Decrease Java thread stack sizes (-Xss)
#   Set larger code cache with -XX:ReservedCodeCacheSize=
#   JVM is running with Unscaled Compressed Oops mode in which the Java heap is
#     placed in the first 4GB address space. The Java Heap base address is the
#     maximum limit for the native heap growth. Please use -XX:HeapBaseMinAddress
#     to set the Java Heap base and to place the Java Heap above 4GB virtual address.
# This output file may be truncated or incomplete.
#
#  Out of Memory Error (os_windows.cpp:3769), pid=13368, tid=10940
#
# JRE version: OpenJDK Runtime Environment (17.0.6) (build 17.0.6+0-b2043.56-10027231)
# Java VM: OpenJDK 64-Bit Server VM (17.0.6+0-b2043.56-10027231, mixed mode, tiered, compressed oops, compressed class ptrs, g1 gc, windows-amd64)
# No core dump will be written. Minidumps are not enabled by default on client versions of Windows
#

---------------  S U M M A R Y ------------

Command Line: --add-opens=java.base/java.util=ALL-UNNAMED --add-opens=java.base/java.lang=ALL-UNNAMED --add-opens=java.base/java.lang.invoke=ALL-UNNAMED --add-opens=java.base/java.util=ALL-UNNAMED --add-opens=java.prefs/java.util.prefs=ALL-UNNAMED --add-opens=java.prefs/java.util.prefs=ALL-UNNAMED --add-opens=java.base/java.nio.charset=ALL-UNNAMED --add-opens=java.base/java.net=ALL-UNNAMED --add-opens=java.base/java.util.concurrent.atomic=ALL-UNNAMED -Xmx2048m -Dfile.encoding=UTF-8 -Duser.country=FR -Duser.language=fr -Duser.variant org.gradle.launcher.daemon.bootstrap.GradleDaemon 7.3.3

Host: Intel(R) Core(TM) i7-8565U CPU @ 1.80GHz, 8 cores, 15G,  Windows 11 , 64 bit Build 22621 (10.0.22621.2428)
Time: Mon Oct 16 20:47:04 2023 Maroc (heure d64 bit Build 22621 (10.0.22621.2428) elapsed time: 14.382437 seconds (0d 0h 0m 14s)

---------------  T H R E A D  ---------------

Current thread (0x0000023da43288b0):  VMThread "VM Thread" [stack: 0x0000009273200000,0x0000009273300000] [id=10940]

Stack: [0x0000009273200000,0x0000009273300000]
Native frames: (J=compiled Java code, j=interpreted, Vv=VM code, C=native code)
V  [jvm.dll+0x683c9a]
V  [jvm.dll+0x8427a4]
V  [jvm.dll+0x843f9e]
V  [jvm.dll+0x844603]
V  [jvm.dll+0x249b75]
V  [jvm.dll+0x680b69]
V  [jvm.dll+0x67505a]
V  [jvm.dll+0x309acb]
V  [jvm.dll+0x310f86]
V  [jvm.dll+0x3608ee]
V  [jvm.dll+0x360b1f]
V  [jvm.dll+0x2dfbf8]
V  [jvm.dll+0x2ddec4]
V  [jvm.dll+0x2dd4cc]
V  [jvm.dll+0x321f3b]
V  [jvm.dll+0x848ccb]
V  [jvm.dll+0x849a04]
V  [jvm.dll+0x849f1d]
V  [jvm.dll+0x84a2f4]
V  [jvm.dll+0x84a3c0]
V  [jvm.dll+0x7f274a]
V  [jvm.dll+0x682ad5]
C  [ucrtbase.dll+0x29363]
C  [KERNEL32.DLL+0x1257d]
C  [ntdll.dll+0x5aa78]

VM_Operation (0x0000009274cf28c0): G1CollectForAllocation, mode: safepoint, requested by thread 0x0000023da52bbdf0


---------------  P R O C E S S  ---------------

Threads class SMR info:
_java_thread_list=0x0000023da7d7af00, length=136, elements={
0x0000023d8a4ce260, 0x0000023da4c1d900, 0x0000023da4c27ff0, 0x0000023da4c81330,
0x0000023da4c81bf0, 0x0000023da4c869d0, 0x0000023da4c87290, 0x0000023da4c87e80,
0x0000023da4c88fd0, 0x0000023da4c8b8e0, 0x0000023da4e08930, 0x0000023da4e2d0e0,
0x0000023da63cd990, 0x0000023da7dada60, 0x0000023da82276d0, 0x0000023da6804910,
0x0000023da75e3aa0, 0x0000023da52bc790, 0x0000023da52bbdf0, 0x0000023da52bb920,
0x0000023da52ba5e0, 0x0000023da52bc2c0, 0x0000023da52baf80, 0x0000023da52bcc60,
0x0000023da52bb450, 0x0000023da52bd130, 0x0000023da52bdad0, 0x0000023da52ba110,
0x0000023daa52ef30, 0x0000023daa52b570, 0x0000023daa52ba40, 0x0000023daa52dbf0,
0x0000023daa52c3e0, 0x0000023daa52e0c0, 0x0000023daa52e590, 0x0000023daa52d250,
0x0000023daa52ea60, 0x0000023dab4e5ea0, 0x0000023dab4e71e0, 0x0000023dab4e7b80,
0x0000023dab4e8050, 0x0000023dab4e6d10, 0x0000023dab4e76b0, 0x0000023dab4e3cf0,
0x0000023dab4e0cd0, 0x0000023dab4e24e0, 0x0000023dab4e41c0, 0x0000023dab4e2e80,
0x0000023dab4e59d0, 0x0000023dab4e3350, 0x0000023dab4e2010, 0x0000023dab4e0800,
0x0000023dab4e6370, 0x0000023dab4e4690, 0x0000023dab4e4b60, 0x0000023dab4e11a0,
0x0000023dab4e5030, 0x0000023dab4e1670, 0x0000023dab4e6840, 0x0000023dab4e1b40,
0x0000023dab4e5500, 0x0000023dab4e29b0, 0x0000023dab4e3820, 0x0000023da51aba40,
0x0000023da51ae590, 0x0000023da51aabd0, 0x0000023da51aa700, 0x0000023da51aea60,
0x0000023da51acd80, 0x0000023da51ab0a0, 0x0000023da51abf10, 0x0000023da51aef30,
0x0000023da51a7bb0, 0x0000023da51ab570, 0x0000023da51a9890, 0x0000023da51ad250,
0x0000023da51af400, 0x0000023da51ac3e0, 0x0000023da51a9d60, 0x0000023da51a8a20,
0x0000023da51ac8b0, 0x0000023da51aa230, 0x0000023da51a8080, 0x0000023da51ad720,
0x0000023da51a8ef0, 0x0000023da51a8550, 0x0000023da51adbf0, 0x0000023da51ae0c0,
0x0000023da51a93c0, 0x0000023dab3f9a40, 0x0000023dab3f4870, 0x0000023dab3f90a0,
0x0000023dab3fa8b0, 0x0000023dab3f6080, 0x0000023dab3f43a0, 0x0000023dab3f6550,
0x0000023dab3f9570, 0x0000023dab3f6ef0, 0x0000023dab3f5bb0, 0x0000023dab3f3060,
0x0000023dab3f8700, 0x0000023dab3fa3e0, 0x0000023dab3f6a20, 0x0000023dab3f56e0,
0x0000023dab3f9f10, 0x0000023dab3f3530, 0x0000023dab3f73c0, 0x0000023dab3f8bd0,
0x0000023dab3f3a00, 0x0000023dab3f7d60, 0x0000023dab3f4d40, 0x0000023dab3f8230,
0x0000023dab3f7890, 0x0000023dab3f5210, 0x0000023dab3f3ed0, 0x0000023daa5642f0,
0x0000023daa565160, 0x0000023daa562ae0, 0x0000023daa563950, 0x0000023daa562fb0,
0x0000023daa565630, 0x0000023daa5664a0, 0x0000023daa565b00, 0x0000023daa563480,
0x0000023da8a59d70, 0x0000023da8a5a280, 0x0000023dab969090, 0x0000023dab966a10,
0x0000023dab964390, 0x0000023dab966ee0, 0x0000023dab968bc0, 0x0000023dab964860,
0x0000023dab964d30, 0x0000023dab96bbe0, 0x0000023dab966540, 0x0000023db0414070
}

Java Threads: ( => current thread )
  0x0000023d8a4ce260 JavaThread "main" [_thread_blocked, id=19380, stack(0x0000009272c00000,0x0000009272d00000)]
  0x0000023da4c1d900 JavaThread "Reference Handler" daemon [_thread_blocked, id=20384, stack(0x0000009273300000,0x0000009273400000)]
  0x0000023da4c27ff0 JavaThread "Finalizer" daemon [_thread_blocked, id=6128, stack(0x0000009273400000,0x0000009273500000)]
  0x0000023da4c81330 JavaThread "Signal Dispatcher" daemon [_thread_blocked, id=19732, stack(0x0000009273500000,0x0000009273600000)]
  0x0000023da4c81bf0 JavaThread "Attach Listener" daemon [_thread_blocked, id=17456, stack(0x0000009273600000,0x0000009273700000)]
  0x0000023da4c869d0 JavaThread "Service Thread" daemon [_thread_blocked, id=20748, stack(0x0000009273700000,0x0000009273800000)]
  0x0000023da4c87290 JavaThread "Monitor Deflation Thread" daemon [_thread_blocked, id=20044, stack(0x0000009273800000,0x0000009273900000)]
  0x0000023da4c87e80 JavaThread "C2 CompilerThread0" daemon [_thread_blocked, id=18452, stack(0x0000009273900000,0x0000009273a00000)]
  0x0000023da4c88fd0 JavaThread "C1 CompilerThread0" daemon [_thread_blocked, id=1772, stack(0x0000009273a00000,0x0000009273b00000)]
  0x0000023da4c8b8e0 JavaThread "Sweeper thread" daemon [_thread_blocked, id=18844, stack(0x0000009273b00000,0x0000009273c00000)]
  0x0000023da4e08930 JavaThread "Common-Cleaner" daemon [_thread_blocked, id=2168, stack(0x0000009273c00000,0x0000009273d00000)]
  0x0000023da4e2d0e0 JavaThread "Notification Thread" daemon [_thread_blocked, id=17676, stack(0x0000009273d00000,0x0000009273e00000)]
  0x0000023da63cd990 JavaThread "Daemon health stats" [_thread_blocked, id=5080, stack(0x0000009274600000,0x0000009274700000)]
  0x0000023da7dada60 JavaThread "Incoming local TCP Connector on port 53603" [_thread_in_native, id=19044, stack(0x0000009274700000,0x0000009274800000)]
  0x0000023da82276d0 JavaThread "Daemon periodic checks" [_thread_blocked, id=8944, stack(0x0000009274800000,0x0000009274900000)]
  0x0000023da6804910 JavaThread "Daemon" [_thread_blocked, id=1784, stack(0x0000009274900000,0x0000009274a00000)]
  0x0000023da75e3aa0 JavaThread "Handler for socket connection from /127.0.0.1:53603 to /127.0.0.1:53604" [_thread_in_native, id=20940, stack(0x0000009274a00000,0x0000009274b00000)]
  0x0000023da52bc790 JavaThread "Cancel handler" [_thread_blocked, id=19676, stack(0x0000009274b00000,0x0000009274c00000)]
  0x0000023da52bbdf0 JavaThread "Daemon worker" [_thread_blocked, id=740, stack(0x0000009274c00000,0x0000009274d00000)]
  0x0000023da52bb920 JavaThread "Asynchronous log dispatcher for DefaultDaemonConnection: socket connection from /127.0.0.1:53603 to /127.0.0.1:53604" [_thread_blocked, id=19776, stack(0x0000009274d00000,0x0000009274e00000)]
  0x0000023da52ba5e0 JavaThread "Stdin handler" [_thread_blocked, id=19640, stack(0x0000009274e00000,0x0000009274f00000)]
  0x0000023da52bc2c0 JavaThread "Daemon client event forwarder" [_thread_blocked, id=16272, stack(0x0000009274f00000,0x0000009275000000)]
  0x0000023da52baf80 JavaThread "Cache worker for journal cache (C:\Users\hachem safae\.gradle\caches\journal-1)" [_thread_blocked, id=8992, stack(0x0000009275000000,0x0000009275100000)]
  0x0000023da52bcc60 JavaThread "File lock request listener" [_thread_in_native, id=21208, stack(0x0000009275100000,0x0000009275200000)]
  0x0000023da52bb450 JavaThread "Cache worker for file hash cache (C:\Users\hachem safae\.gradle\caches\7.3.3\fileHashes)" [_thread_blocked, id=19288, stack(0x0000009275500000,0x0000009275600000)]
  0x0000023da52bd130 JavaThread "Cache worker for file hash cache (C:\Users\hachem safae\Downloads\List3\.gradle\7.3.3\fileHashes)" [_thread_blocked, id=7576, stack(0x0000009275600000,0x0000009275700000)]
  0x0000023da52bdad0 JavaThread "File watcher server" daemon [_thread_blocked, id=20944, stack(0x0000009275700000,0x0000009275800000)]
  0x0000023da52ba110 JavaThread "File watcher consumer" daemon [_thread_blocked, id=5380, stack(0x0000009275800000,0x0000009275900000)]
  0x0000023daa52ef30 JavaThread "Cache worker for checksums cache (C:\Users\hachem safae\Downloads\List3\.gradle\7.3.3\checksums)" [_thread_blocked, id=12132, stack(0x0000009275900000,0x0000009275a00000)]
  0x0000023daa52b570 JavaThread "Cache worker for cache directory md-supplier (C:\Users\hachem safae\.gradle\caches\7.3.3\md-supplier)" [_thread_blocked, id=14680, stack(0x0000009275a00000,0x0000009275b00000)]
  0x0000023daa52ba40 JavaThread "Cache worker for cache directory md-rule (C:\Users\hachem safae\.gradle\caches\7.3.3\md-rule)" [_thread_blocked, id=16436, stack(0x0000009275b00000,0x0000009275c00000)]
  0x0000023daa52dbf0 JavaThread "Cache worker for execution history cache (C:\Users\hachem safae\.gradle\caches\7.3.3\executionHistory)" [_thread_blocked, id=17668, stack(0x0000009275c00000,0x0000009275d00000)]
  0x0000023daa52c3e0 JavaThread "jar transforms" [_thread_blocked, id=19548, stack(0x0000009275d00000,0x0000009275e00000)]
  0x0000023daa52e0c0 JavaThread "jar transforms Thread 2" [_thread_blocked, id=20928, stack(0x0000009275e00000,0x0000009275f00000)]
  0x0000023daa52e590 JavaThread "Cache worker for file content cache (C:\Users\hachem safae\.gradle\caches\7.3.3\fileContent)" [_thread_blocked, id=20636, stack(0x0000009275f00000,0x0000009276000000)]
  0x0000023daa52d250 JavaThread "jar transforms Thread 3" [_thread_blocked, id=20696, stack(0x0000009276000000,0x0000009276100000)]
  0x0000023daa52ea60 JavaThread "jar transforms Thread 4" [_thread_blocked, id=1652, stack(0x0000009276100000,0x0000009276200000)]
  0x0000023dab4e5ea0 JavaThread "Cache worker for dependencies-accessors (C:\Users\hachem safae\Downloads\List3\.gradle\7.3.3\dependencies-accessors)" [_thread_blocked, id=18632, stack(0x0000009276200000,0x0000009276300000)]
  0x0000023dab4e71e0 JavaThread "jar transforms Thread 5" [_thread_blocked, id=20504, stack(0x0000009276300000,0x0000009276400000)]
  0x0000023dab4e7b80 JavaThread "Cache worker for Build Output Cleanup Cache (C:\Users\hachem safae\Downloads\List3\.gradle\buildOutputCleanup)" [_thread_blocked, id=19516, stack(0x0000009276400000,0x0000009276500000)]
  0x0000023dab4e8050 JavaThread "Unconstrained build operations" [_thread_blocked, id=7540, stack(0x0000009276500000,0x0000009276600000)]
  0x0000023dab4e6d10 JavaThread "Unconstrained build operations Thread 2" [_thread_blocked, id=21164, stack(0x0000009276600000,0x0000009276700000)]
  0x0000023dab4e76b0 JavaThread "Unconstrained build operations Thread 3" [_thread_blocked, id=5764, stack(0x0000009276700000,0x0000009276800000)]
  0x0000023dab4e3cf0 JavaThread "Unconstrained build operations Thread 4" [_thread_blocked, id=9768, stack(0x0000009276800000,0x0000009276900000)]
  0x0000023dab4e0cd0 JavaThread "Unconstrained build operations Thread 5" [_thread_blocked, id=11720, stack(0x0000009276900000,0x0000009276a00000)]
  0x0000023dab4e24e0 JavaThread "Unconstrained build operations Thread 6" [_thread_blocked, id=20528, stack(0x0000009276a00000,0x0000009276b00000)]
  0x0000023dab4e41c0 JavaThread "Unconstrained build operations Thread 7" [_thread_blocked, id=17436, stack(0x0000009276b00000,0x0000009276c00000)]
  0x0000023dab4e2e80 JavaThread "Unconstrained build operations Thread 8" [_thread_blocked, id=21472, stack(0x0000009276c00000,0x0000009276d00000)]
  0x0000023dab4e59d0 JavaThread "Unconstrained build operations Thread 9" [_thread_blocked, id=19968, stack(0x0000009276d00000,0x0000009276e00000)]
  0x0000023dab4e3350 JavaThread "Unconstrained build operations Thread 10" [_thread_blocked, id=13084, stack(0x0000009276e00000,0x0000009276f00000)]
  0x0000023dab4e2010 JavaThread "Unconstrained build operations Thread 11" [_thread_blocked, id=9700, stack(0x0000009276f00000,0x0000009277000000)]
  0x0000023dab4e0800 JavaThread "Unconstrained build operations Thread 12" [_thread_blocked, id=11416, stack(0x0000009277000000,0x0000009277100000)]
  0x0000023dab4e6370 JavaThread "Unconstrained build operations Thread 13" [_thread_blocked, id=10016, stack(0x0000009277100000,0x0000009277200000)]
  0x0000023dab4e4690 JavaThread "Unconstrained build operations Thread 14" [_thread_blocked, id=11796, stack(0x0000009277200000,0x0000009277300000)]
  0x0000023dab4e4b60 JavaThread "Unconstrained build operations Thread 15" [_thread_blocked, id=21124, stack(0x0000009277300000,0x0000009277400000)]
  0x0000023dab4e11a0 JavaThread "Unconstrained build operations Thread 16" [_thread_blocked, id=16492, stack(0x0000009277400000,0x0000009277500000)]
  0x0000023dab4e5030 JavaThread "Unconstrained build operations Thread 17" [_thread_blocked, id=9764, stack(0x0000009277500000,0x0000009277600000)]
  0x0000023dab4e1670 JavaThread "Unconstrained build operations Thread 18" [_thread_blocked, id=19884, stack(0x0000009277600000,0x0000009277700000)]
  0x0000023dab4e6840 JavaThread "Unconstrained build operations Thread 19" [_thread_blocked, id=19768, stack(0x0000009277700000,0x0000009277800000)]
  0x0000023dab4e1b40 JavaThread "Unconstrained build operations Thread 20" [_thread_blocked, id=19932, stack(0x0000009277800000,0x0000009277900000)]
  0x0000023dab4e5500 JavaThread "Unconstrained build operations Thread 21" [_thread_blocked, id=11536, stack(0x0000009277900000,0x0000009277a00000)]
  0x0000023dab4e29b0 JavaThread "Unconstrained build operations Thread 22" [_thread_blocked, id=19464, stack(0x0000009277a00000,0x0000009277b00000)]
  0x0000023dab4e3820 JavaThread "Unconstrained build operations Thread 23" [_thread_blocked, id=4008, stack(0x0000009277b00000,0x0000009277c00000)]
  0x0000023da51aba40 JavaThread "Unconstrained build operations Thread 24" [_thread_blocked, id=1748, stack(0x0000009277c00000,0x0000009277d00000)]
  0x0000023da51ae590 JavaThread "Unconstrained build operations Thread 25" [_thread_blocked, id=3088, stack(0x0000009277d00000,0x0000009277e00000)]
  0x0000023da51aabd0 JavaThread "Unconstrained build operations Thread 26" [_thread_blocked, id=19148, stack(0x0000009277e00000,0x0000009277f00000)]
  0x0000023da51aa700 JavaThread "Unconstrained build operations Thread 27" [_thread_blocked, id=3052, stack(0x0000009277f00000,0x0000009278000000)]
  0x0000023da51aea60 JavaThread "Unconstrained build operations Thread 28" [_thread_blocked, id=21148, stack(0x0000009278000000,0x0000009278100000)]
  0x0000023da51acd80 JavaThread "Unconstrained build operations Thread 29" [_thread_blocked, id=18192, stack(0x0000009278100000,0x0000009278200000)]
  0x0000023da51ab0a0 JavaThread "Unconstrained build operations Thread 30" [_thread_blocked, id=10436, stack(0x0000009278200000,0x0000009278300000)]
  0x0000023da51abf10 JavaThread "Unconstrained build operations Thread 31" [_thread_blocked, id=10048, stack(0x0000009278300000,0x0000009278400000)]
  0x0000023da51aef30 JavaThread "Unconstrained build operations Thread 32" [_thread_blocked, id=3524, stack(0x0000009278400000,0x0000009278500000)]
  0x0000023da51a7bb0 JavaThread "Unconstrained build operations Thread 33" [_thread_blocked, id=10720, stack(0x0000009278500000,0x0000009278600000)]
  0x0000023da51ab570 JavaThread "Unconstrained build operations Thread 34" [_thread_blocked, id=11404, stack(0x0000009278600000,0x0000009278700000)]
  0x0000023da51a9890 JavaThread "Unconstrained build operations Thread 35" [_thread_blocked, id=8908, stack(0x0000009278700000,0x0000009278800000)]
  0x0000023da51ad250 JavaThread "Unconstrained build operations Thread 36" [_thread_blocked, id=5124, stack(0x0000009278800000,0x0000009278900000)]
  0x0000023da51af400 JavaThread "Unconstrained build operations Thread 37" [_thread_blocked, id=8232, stack(0x0000009278900000,0x0000009278a00000)]
  0x0000023da51ac3e0 JavaThread "Unconstrained build operations Thread 38" [_thread_blocked, id=13316, stack(0x0000009278a00000,0x0000009278b00000)]
  0x0000023da51a9d60 JavaThread "Unconstrained build operations Thread 39" [_thread_blocked, id=15664, stack(0x0000009278b00000,0x0000009278c00000)]
  0x0000023da51a8a20 JavaThread "Unconstrained build operations Thread 40" [_thread_blocked, id=2280, stack(0x0000009278c00000,0x0000009278d00000)]
  0x0000023da51ac8b0 JavaThread "Unconstrained build operations Thread 41" [_thread_blocked, id=12356, stack(0x0000009278d00000,0x0000009278e00000)]
  0x0000023da51aa230 JavaThread "Unconstrained build operations Thread 42" [_thread_blocked, id=12392, stack(0x0000009278e00000,0x0000009278f00000)]
  0x0000023da51a8080 JavaThread "Unconstrained build operations Thread 43" [_thread_blocked, id=8264, stack(0x0000009278f00000,0x0000009279000000)]
  0x0000023da51ad720 JavaThread "Unconstrained build operations Thread 44" [_thread_blocked, id=4600, stack(0x0000009279000000,0x0000009279100000)]
  0x0000023da51a8ef0 JavaThread "Unconstrained build operations Thread 45" [_thread_blocked, id=1792, stack(0x0000009279100000,0x0000009279200000)]
  0x0000023da51a8550 JavaThread "Unconstrained build operations Thread 46" [_thread_blocked, id=5516, stack(0x0000009279200000,0x0000009279300000)]
  0x0000023da51adbf0 JavaThread "Unconstrained build operations Thread 47" [_thread_blocked, id=9480, stack(0x0000009279300000,0x0000009279400000)]
  0x0000023da51ae0c0 JavaThread "Unconstrained build operations Thread 48" [_thread_blocked, id=8744, stack(0x0000009279400000,0x0000009279500000)]
  0x0000023da51a93c0 JavaThread "Unconstrained build operations Thread 49" [_thread_blocked, id=15860, stack(0x0000009279500000,0x0000009279600000)]
  0x0000023dab3f9a40 JavaThread "Unconstrained build operations Thread 50" [_thread_blocked, id=14732, stack(0x0000009279600000,0x0000009279700000)]
  0x0000023dab3f4870 JavaThread "Unconstrained build operations Thread 51" [_thread_blocked, id=17188, stack(0x0000009279700000,0x0000009279800000)]
  0x0000023dab3f90a0 JavaThread "Unconstrained build operations Thread 52" [_thread_blocked, id=20908, stack(0x0000009279800000,0x0000009279900000)]
  0x0000023dab3fa8b0 JavaThread "Unconstrained build operations Thread 53" [_thread_blocked, id=18060, stack(0x0000009279900000,0x0000009279a00000)]
  0x0000023dab3f6080 JavaThread "Unconstrained build operations Thread 54" [_thread_blocked, id=12868, stack(0x0000009279a00000,0x0000009279b00000)]
  0x0000023dab3f43a0 JavaThread "Unconstrained build operations Thread 55" [_thread_blocked, id=13812, stack(0x0000009279b00000,0x0000009279c00000)]
  0x0000023dab3f6550 JavaThread "Unconstrained build operations Thread 56" [_thread_blocked, id=18264, stack(0x0000009279c00000,0x0000009279d00000)]
  0x0000023dab3f9570 JavaThread "Unconstrained build operations Thread 57" [_thread_blocked, id=21120, stack(0x0000009279d00000,0x0000009279e00000)]
  0x0000023dab3f6ef0 JavaThread "Unconstrained build operations Thread 58" [_thread_blocked, id=8948, stack(0x0000009279e00000,0x0000009279f00000)]
  0x0000023dab3f5bb0 JavaThread "Unconstrained build operations Thread 59" [_thread_blocked, id=19400, stack(0x0000009279f00000,0x000000927a000000)]
  0x0000023dab3f3060 JavaThread "Unconstrained build operations Thread 60" [_thread_blocked, id=19144, stack(0x000000927a000000,0x000000927a100000)]
  0x0000023dab3f8700 JavaThread "Unconstrained build operations Thread 61" [_thread_blocked, id=20668, stack(0x000000927a100000,0x000000927a200000)]
  0x0000023dab3fa3e0 JavaThread "Unconstrained build operations Thread 62" [_thread_blocked, id=19436, stack(0x000000927a200000,0x000000927a300000)]
  0x0000023dab3f6a20 JavaThread "Unconstrained build operations Thread 63" [_thread_blocked, id=21092, stack(0x000000927a300000,0x000000927a400000)]
  0x0000023dab3f56e0 JavaThread "Unconstrained build operations Thread 64" [_thread_blocked, id=17932, stack(0x000000927a400000,0x000000927a500000)]
  0x0000023dab3f9f10 JavaThread "Unconstrained build operations Thread 65" [_thread_blocked, id=9676, stack(0x000000927a500000,0x000000927a600000)]
  0x0000023dab3f3530 JavaThread "Unconstrained build operations Thread 66" [_thread_blocked, id=11632, stack(0x000000927a600000,0x000000927a700000)]
  0x0000023dab3f73c0 JavaThread "Unconstrained build operations Thread 67" [_thread_blocked, id=8272, stack(0x000000927a700000,0x000000927a800000)]
  0x0000023dab3f8bd0 JavaThread "Unconstrained build operations Thread 68" [_thread_blocked, id=16400, stack(0x000000927a800000,0x000000927a900000)]
  0x0000023dab3f3a00 JavaThread "Unconstrained build operations Thread 69" [_thread_blocked, id=4072, stack(0x000000927a900000,0x000000927aa00000)]
  0x0000023dab3f7d60 JavaThread "Unconstrained build operations Thread 70" [_thread_blocked, id=18508, stack(0x000000927aa00000,0x000000927ab00000)]
  0x0000023dab3f4d40 JavaThread "Unconstrained build operations Thread 71" [_thread_blocked, id=16672, stack(0x000000927ab00000,0x000000927ac00000)]
  0x0000023dab3f8230 JavaThread "Unconstrained build operations Thread 72" [_thread_blocked, id=692, stack(0x000000927ac00000,0x000000927ad00000)]
  0x0000023dab3f7890 JavaThread "Unconstrained build operations Thread 73" [_thread_blocked, id=9856, stack(0x000000927ad00000,0x000000927ae00000)]
  0x0000023dab3f5210 JavaThread "Unconstrained build operations Thread 74" [_thread_blocked, id=19664, stack(0x000000927ae00000,0x000000927af00000)]
  0x0000023dab3f3ed0 JavaThread "Unconstrained build operations Thread 75" [_thread_blocked, id=17388, stack(0x000000927af00000,0x000000927b000000)]
  0x0000023daa5642f0 JavaThread "Unconstrained build operations Thread 76" [_thread_blocked, id=9800, stack(0x000000927b000000,0x000000927b100000)]
  0x0000023daa565160 JavaThread "Unconstrained build operations Thread 77" [_thread_blocked, id=9108, stack(0x000000927b100000,0x000000927b200000)]
  0x0000023daa562ae0 JavaThread "Unconstrained build operations Thread 78" [_thread_blocked, id=17404, stack(0x000000927b200000,0x000000927b300000)]
  0x0000023daa563950 JavaThread "Unconstrained build operations Thread 79" [_thread_blocked, id=7600, stack(0x000000927b300000,0x000000927b400000)]
  0x0000023daa562fb0 JavaThread "Unconstrained build operations Thread 80" [_thread_blocked, id=15500, stack(0x000000927b400000,0x000000927b500000)]
  0x0000023daa565630 JavaThread "jar transforms Thread 6" [_thread_blocked, id=10928, stack(0x000000927b500000,0x000000927b600000)]
  0x0000023daa5664a0 JavaThread "jar transforms Thread 7" [_thread_blocked, id=12420, stack(0x000000927b600000,0x000000927b700000)]
  0x0000023daa565b00 JavaThread "jar transforms Thread 8" [_thread_blocked, id=15144, stack(0x000000927b700000,0x000000927b800000)]
  0x0000023daa563480 JavaThread "Memory manager" [_thread_blocked, id=11092, stack(0x000000927b800000,0x000000927b900000)]
  0x0000023da8a59d70 JavaThread "C2 CompilerThread1" daemon [_thread_in_native, id=21456, stack(0x0000009273f00000,0x0000009274000000)]
  0x0000023da8a5a280 JavaThread "C2 CompilerThread2" daemon [_thread_blocked, id=8568, stack(0x0000009274000000,0x0000009274100000)]
  0x0000023dab969090 JavaThread "build event listener" [_thread_blocked, id=12192, stack(0x000000927bb00000,0x000000927bc00000)]
  0x0000023dab966a10 JavaThread "Execution worker for ':'" [_thread_blocked, id=10464, stack(0x000000927bc00000,0x000000927bd00000)]
  0x0000023dab964390 JavaThread "Execution worker for ':' Thread 2" [_thread_blocked, id=20812, stack(0x000000927bd00000,0x000000927be00000)]
  0x0000023dab966ee0 JavaThread "Execution worker for ':' Thread 3" [_thread_blocked, id=5836, stack(0x000000927be00000,0x000000927bf00000)]
  0x0000023dab968bc0 JavaThread "Execution worker for ':' Thread 4" [_thread_blocked, id=13272, stack(0x000000927bf00000,0x000000927c000000)]
  0x0000023dab964860 JavaThread "Execution worker for ':' Thread 5" [_thread_blocked, id=10712, stack(0x000000927c000000,0x000000927c100000)]
  0x0000023dab964d30 JavaThread "Execution worker for ':' Thread 6" [_thread_blocked, id=19600, stack(0x000000927c100000,0x000000927c200000)]
  0x0000023dab96bbe0 JavaThread "Execution worker for ':' Thread 7" [_thread_blocked, id=18640, stack(0x000000927c200000,0x000000927c300000)]
  0x0000023dab966540 JavaThread "Cache worker for execution history cache (C:\Users\hachem safae\Downloads\List3\.gradle\7.3.3\executionHistory)" [_thread_blocked, id=11060, stack(0x000000927c300000,0x000000927c400000)]
  0x0000023db0414070 JavaThread "WorkerExecutor Queue" [_thread_blocked, id=19220, stack(0x000000927c400000,0x000000927c500000)]

Other Threads:
=>0x0000023da43288b0 VMThread "VM Thread" [stack: 0x0000009273200000,0x0000009273300000] [id=10940]
  0x0000023da4e0ce10 WatcherThread [stack: 0x0000009273e00000,0x0000009273f00000] [id=14652]
  0x0000023d8a52abc0 GCTaskThread "GC Thread#0" [stack: 0x0000009272d00000,0x0000009272e00000] [id=5812]
  0x0000023da59cc030 GCTaskThread "GC Thread#1" [stack: 0x0000009274100000,0x0000009274200000] [id=10856]
  0x0000023da59cc2e0 GCTaskThread "GC Thread#2" [stack: 0x0000009274200000,0x0000009274300000] [id=17296]
  0x0000023da5d55c50 GCTaskThread "GC Thread#3" [stack: 0x0000009274300000,0x0000009274400000] [id=13716]
  0x0000023da5d55f00 GCTaskThread "GC Thread#4" [stack: 0x0000009274400000,0x0000009274500000] [id=19260]
  0x0000023da5d581c0 GCTaskThread "GC Thread#5" [stack: 0x0000009274500000,0x0000009274600000] [id=2108]
  0x0000023da781a080 GCTaskThread "GC Thread#6" [stack: 0x0000009275200000,0x0000009275300000] [id=9444]
  0x0000023da8319f50 GCTaskThread "GC Thread#7" [stack: 0x0000009275300000,0x0000009275400000] [id=12692]
  0x0000023d8a53b8b0 ConcurrentGCThread "G1 Main Marker" [stack: 0x0000009272e00000,0x0000009272f00000] [id=16616]
  0x0000023d8a53c070 ConcurrentGCThread "G1 Conc#0" [stack: 0x0000009272f00000,0x0000009273000000] [id=11924]
  0x0000023da74ba4e0 ConcurrentGCThread "G1 Conc#1" [stack: 0x0000009275400000,0x0000009275500000] [id=8512]
  0x0000023d8a58e820 ConcurrentGCThread "G1 Refine#0" [stack: 0x0000009273000000,0x0000009273100000] [id=20008]
  0x0000023dabb2ceb0 ConcurrentGCThread "G1 Refine#1" [stack: 0x000000927b900000,0x000000927ba00000] [id=19028]
  0x0000023dabb2c8f0 ConcurrentGCThread "G1 Refine#2" [stack: 0x000000927ba00000,0x000000927bb00000] [id=20924]
  0x0000023da41da2b0 ConcurrentGCThread "G1 Service" [stack: 0x0000009273100000,0x0000009273200000] [id=20040]

Threads with active compile tasks:
C2 CompilerThread0    14420 10339       4       org.gradle.cache.internal.btree.CachingBlockStore::read (56 bytes)
C2 CompilerThread1    14420 9843       4       org.gradle.internal.instantiation.generator.AbstractClassGenerator::inspectType (560 bytes)
C2 CompilerThread2    14420 10321       4       org.gradle.cache.internal.btree.FreeListBlockStore::read (12 bytes)

VM state: at safepoint (normal execution)

VM Mutex/Monitor currently owned by a thread:  ([mutex/lock_event])
[0x0000023d8a4c9f30] Threads_lock - owner thread: 0x0000023da43288b0
[0x0000023d8a4cb1c0] Heap_lock - owner thread: 0x0000023da52bbdf0

Heap address: 0x0000000080000000, size: 2048 MB, Compressed Oops mode: 32-bit

CDS archive(s) not mapped
Compressed class space mapped at: 0x0000000100000000-0x0000000140000000, reserved size: 1073741824
Narrow klass base: 0x0000000000000000, Narrow klass shift: 3, Narrow klass range: 0x140000000

GC Precious Log:
 CPUs: 8 total, 8 available
 Memory: 16194M
 Large Page Support: Disabled
 NUMA Support: Disabled
 Compressed Oops: Enabled (32-bit)
 Heap Region Size: 1M
 Heap Min Capacity: 8M
 Heap Initial Capacity: 254M
 Heap Max Capacity: 2G
 Pre-touch: Disabled
 Parallel Workers: 8
 Concurrent Workers: 2
 Concurrent Refinement Workers: 8
 Periodic GC: Disabled

Heap:
 garbage-first heap   total 171008K, used 93420K [0x0000000080000000, 0x0000000100000000)
  region size 1024K, 1 young (1024K), 1 survivors (1024K)
 Metaspace       used 88900K, committed 89408K, reserved 1130496K
  class space    used 12023K, committed 12224K, reserved 1048576K

Heap Regions: E=young(eden), S=young(survivor), O=old, HS=humongous(starts), HC=humongous(continues), CS=collection set, F=free, OA=open archive, CA=closed archive, TAMS=top-at-mark-start (previous, next)
|   0|0x0000000080000000, 0x0000000080100000, 0x0000000080100000|100%| O|  |TAMS 0x0000000080100000, 0x0000000080000000| Untracked 
|   1|0x0000000080100000, 0x0000000080200000, 0x0000000080200000|100%| O|  |TAMS 0x0000000080200000, 0x0000000080100000| Untracked 
|   2|0x0000000080200000, 0x0000000080300000, 0x0000000080300000|100%| O|  |TAMS 0x0000000080300000, 0x0000000080200000| Untracked 
|   3|0x0000000080300000, 0x0000000080400000, 0x0000000080400000|100%|HS|  |TAMS 0x0000000080400000, 0x0000000080300000| Complete 
|   4|0x0000000080400000, 0x0000000080500000, 0x0000000080500000|100%|HC|  |TAMS 0x0000000080500000, 0x0000000080400000| Complete 
|   5|0x0000000080500000, 0x0000000080600000, 0x0000000080600000|100%|HC|  |TAMS 0x0000000080600000, 0x0000000080500000| Complete 
|   6|0x0000000080600000, 0x0000000080700000, 0x0000000080700000|100%| O|  |TAMS 0x0000000080700000, 0x0000000080600000| Untracked 
|   7|0x0000000080700000, 0x0000000080800000, 0x0000000080800000|100%| O|  |TAMS 0x0000000080800000, 0x0000000080700000| Untracked 
|   8|0x0000000080800000, 0x0000000080900000, 0x0000000080900000|100%| O|  |TAMS 0x0000000080900000, 0x0000000080800000| Untracked 
|   9|0x0000000080900000, 0x0000000080a00000, 0x0000000080a00000|100%| O|  |TAMS 0x0000000080a00000, 0x0000000080900000| Untracked 
|  10|0x0000000080a00000, 0x0000000080ad0200, 0x0000000080b00000| 81%| O|  |TAMS 0x0000000080ad0200, 0x0000000080a00000| Untracked 
|  11|0x0000000080b00000, 0x0000000080c00000, 0x0000000080c00000|100%| O|  |TAMS 0x0000000080c00000, 0x0000000080b00000| Untracked 
|  12|0x0000000080c00000, 0x0000000080d00000, 0x0000000080d00000|100%| O|  |TAMS 0x0000000080d00000, 0x0000000080c00000| Untracked 
|  13|0x0000000080d00000, 0x0000000080e00000, 0x0000000080e00000|100%| O|  |TAMS 0x0000000080e00000, 0x0000000080d00000| Untracked 
|  14|0x0000000080e00000, 0x0000000080f00000, 0x0000000080f00000|100%| O|  |TAMS 0x0000000080f00000, 0x0000000080e00000| Untracked 
|  15|0x0000000080f00000, 0x0000000081000000, 0x0000000081000000|100%| O|  |TAMS 0x0000000081000000, 0x0000000080f00000| Untracked 
|  16|0x0000000081000000, 0x0000000081100000, 0x0000000081100000|100%| O|  |TAMS 0x0000000081100000, 0x0000000081000000| Untracked 
|  17|0x0000000081100000, 0x0000000081200000, 0x0000000081200000|100%| O|  |TAMS 0x0000000081200000, 0x0000000081100000| Untracked 
|  18|0x0000000081200000, 0x0000000081300000, 0x0000000081300000|100%| O|  |TAMS 0x0000000081300000, 0x0000000081200000| Untracked 
|  19|0x0000000081300000, 0x0000000081400000, 0x0000000081400000|100%| O|  |TAMS 0x0000000081400000, 0x0000000081300000| Untracked 
|  20|0x0000000081400000, 0x0000000081500000, 0x0000000081500000|100%| O|  |TAMS 0x0000000081500000, 0x0000000081400000| Untracked 
|  21|0x0000000081500000, 0x0000000081600000, 0x0000000081600000|100%| O|  |TAMS 0x0000000081600000, 0x0000000081500000| Untracked 
|  22|0x0000000081600000, 0x0000000081700000, 0x0000000081700000|100%| O|  |TAMS 0x0000000081700000, 0x0000000081600000| Untracked 
|  23|0x0000000081700000, 0x0000000081800000, 0x0000000081800000|100%| O|  |TAMS 0x0000000081800000, 0x0000000081700000| Untracked 
|  24|0x0000000081800000, 0x0000000081900000, 0x0000000081900000|100%| O|  |TAMS 0x0000000081900000, 0x0000000081800000| Untracked 
|  25|0x0000000081900000, 0x0000000081a00000, 0x0000000081a00000|100%|HS|  |TAMS 0x0000000081a00000, 0x0000000081900000| Complete 
|  26|0x0000000081a00000, 0x0000000081b00000, 0x0000000081b00000|100%| O|  |TAMS 0x0000000081b00000, 0x0000000081a00000| Untracked 
|  27|0x0000000081b00000, 0x0000000081c00000, 0x0000000081c00000|100%| O|  |TAMS 0x0000000081c00000, 0x0000000081b00000| Untracked 
|  28|0x0000000081c00000, 0x0000000081d00000, 0x0000000081d00000|100%| O|  |TAMS 0x0000000081d00000, 0x0000000081c00000| Untracked 
|  29|0x0000000081d00000, 0x0000000081e00000, 0x0000000081e00000|100%| O|  |TAMS 0x0000000081e00000, 0x0000000081d00000| Untracked 
|  30|0x0000000081e00000, 0x0000000081f00000, 0x0000000081f00000|100%| O|  |TAMS 0x0000000081f00000, 0x0000000081e00000| Untracked 
|  31|0x0000000081f00000, 0x0000000082000000, 0x0000000082000000|100%|HS|  |TAMS 0x0000000082000000, 0x0000000081f00000| Complete 
|  32|0x0000000082000000, 0x0000000082100000, 0x0000000082100000|100%|HC|  |TAMS 0x0000000082100000, 0x0000000082000000| Complete 
|  33|0x0000000082100000, 0x0000000082200000, 0x0000000082200000|100%|HS|  |TAMS 0x0000000082200000, 0x0000000082100000| Complete 
|  34|0x0000000082200000, 0x0000000082300000, 0x0000000082300000|100%| O|  |TAMS 0x0000000082300000, 0x0000000082200000| Untracked 
|  35|0x0000000082300000, 0x0000000082400000, 0x0000000082400000|100%| O|  |TAMS 0x0000000082400000, 0x0000000082300000| Untracked 
|  36|0x0000000082400000, 0x0000000082500000, 0x0000000082500000|100%| O|  |TAMS 0x0000000082500000, 0x0000000082400000| Untracked 
|  37|0x0000000082500000, 0x0000000082600000, 0x0000000082600000|100%|HS|  |TAMS 0x0000000082600000, 0x0000000082500000| Complete 
|  38|0x0000000082600000, 0x0000000082700000, 0x0000000082700000|100%|HC|  |TAMS 0x0000000082700000, 0x0000000082600000| Complete 
|  39|0x0000000082700000, 0x0000000082800000, 0x0000000082800000|100%|HC|  |TAMS 0x0000000082800000, 0x0000000082700000| Complete 
|  40|0x0000000082800000, 0x0000000082900000, 0x0000000082900000|100%|HC|  |TAMS 0x0000000082900000, 0x0000000082800000| Complete 
|  41|0x0000000082900000, 0x0000000082a00000, 0x0000000082a00000|100%|HS|  |TAMS 0x0000000082a00000, 0x0000000082900000| Complete 
|  42|0x0000000082a00000, 0x0000000082b00000, 0x0000000082b00000|100%|HC|  |TAMS 0x0000000082b00000, 0x0000000082a00000| Complete 
|  43|0x0000000082b00000, 0x0000000082c00000, 0x0000000082c00000|100%| O|  |TAMS 0x0000000082c00000, 0x0000000082b00000| Untracked 
|  44|0x0000000082c00000, 0x0000000082d00000, 0x0000000082d00000|100%| O|  |TAMS 0x0000000082d00000, 0x0000000082c00000| Untracked 
|  45|0x0000000082d00000, 0x0000000082e00000, 0x0000000082e00000|100%| O|  |TAMS 0x0000000082e00000, 0x0000000082d00000| Untracked 
|  46|0x0000000082e00000, 0x0000000082f00000, 0x0000000082f00000|100%| O|  |TAMS 0x0000000082f00000, 0x0000000082e00000| Untracked 
|  47|0x0000000082f00000, 0x0000000083000000, 0x0000000083000000|100%| O|  |TAMS 0x0000000083000000, 0x0000000082f00000| Untracked 
|  48|0x0000000083000000, 0x0000000083100000, 0x0000000083100000|100%| O|  |TAMS 0x0000000083100000, 0x0000000083000000| Untracked 
|  49|0x0000000083100000, 0x0000000083200000, 0x0000000083200000|100%| O|  |TAMS 0x0000000083200000, 0x0000000083100000| Untracked 
|  50|0x0000000083200000, 0x0000000083300000, 0x0000000083300000|100%| O|  |TAMS 0x0000000083300000, 0x0000000083200000| Untracked 
|  51|0x0000000083300000, 0x0000000083400000, 0x0000000083400000|100%| O|  |TAMS 0x0000000083400000, 0x0000000083300000| Untracked 
|  52|0x0000000083400000, 0x0000000083500000, 0x0000000083500000|100%| O|  |TAMS 0x0000000083500000, 0x0000000083400000| Untracked 
|  53|0x0000000083500000, 0x0000000083600000, 0x0000000083600000|100%| O|  |TAMS 0x0000000083600000, 0x0000000083500000| Untracked 
|  54|0x0000000083600000, 0x0000000083700000, 0x0000000083700000|100%| O|  |TAMS 0x0000000083700000, 0x0000000083600000| Untracked 
|  55|0x0000000083700000, 0x0000000083800000, 0x0000000083800000|100%| O|  |TAMS 0x0000000083800000, 0x0000000083700000| Untracked 
|  56|0x0000000083800000, 0x0000000083900000, 0x0000000083900000|100%| O|  |TAMS 0x0000000083900000, 0x0000000083800000| Untracked 
|  57|0x0000000083900000, 0x0000000083a00000, 0x0000000083a00000|100%| O|  |TAMS 0x0000000083a00000, 0x0000000083900000| Untracked 
|  58|0x0000000083a00000, 0x0000000083b00000, 0x0000000083b00000|100%| O|  |TAMS 0x0000000083b00000, 0x0000000083a00000| Untracked 
|  59|0x0000000083b00000, 0x0000000083c00000, 0x0000000083c00000|100%| O|  |TAMS 0x0000000083c00000, 0x0000000083b00000| Untracked 
|  60|0x0000000083c00000, 0x0000000083d00000, 0x0000000083d00000|100%| O|  |TAMS 0x0000000083d00000, 0x0000000083c00000| Untracked 
|  61|0x0000000083d00000, 0x0000000083e00000, 0x0000000083e00000|100%| O|  |TAMS 0x0000000083e00000, 0x0000000083d00000| Untracked 
|  62|0x0000000083e00000, 0x0000000083f00000, 0x0000000083f00000|100%| O|  |TAMS 0x0000000083f00000, 0x0000000083e00000| Untracked 
|  63|0x0000000083f00000, 0x0000000084000000, 0x0000000084000000|100%| O|  |TAMS 0x0000000084000000, 0x0000000083f00000| Untracked 
|  64|0x0000000084000000, 0x0000000084100000, 0x0000000084100000|100%| O|  |TAMS 0x0000000084100000, 0x0000000084000000| Untracked 
|  65|0x0000000084100000, 0x0000000084200000, 0x0000000084200000|100%| O|  |TAMS 0x0000000084200000, 0x0000000084100000| Untracked 
|  66|0x0000000084200000, 0x0000000084300000, 0x0000000084300000|100%| O|  |TAMS 0x0000000084300000, 0x0000000084200000| Untracked 
|  67|0x0000000084300000, 0x0000000084400000, 0x0000000084400000|100%| O|  |TAMS 0x0000000084400000, 0x0000000084300000| Untracked 
|  68|0x0000000084400000, 0x0000000084500000, 0x0000000084500000|100%| O|  |TAMS 0x0000000084500000, 0x0000000084400000| Untracked 
|  69|0x0000000084500000, 0x0000000084600000, 0x0000000084600000|100%| O|  |TAMS 0x0000000084600000, 0x0000000084500000| Untracked 
|  70|0x0000000084600000, 0x0000000084700000, 0x0000000084700000|100%| O|  |TAMS 0x0000000084700000, 0x0000000084600000| Untracked 
|  71|0x0000000084700000, 0x0000000084800000, 0x0000000084800000|100%| O|  |TAMS 0x0000000084700000, 0x0000000084700000| Untracked 
|  72|0x0000000084800000, 0x0000000084900000, 0x0000000084900000|100%| O|  |TAMS 0x0000000084900000, 0x0000000084800000| Untracked 
|  73|0x0000000084900000, 0x0000000084a00000, 0x0000000084a00000|100%| O|  |TAMS 0x0000000084a00000, 0x0000000084900000| Untracked 
|  74|0x0000000084a00000, 0x0000000084b00000, 0x0000000084b00000|100%| O|  |TAMS 0x0000000084b00000, 0x0000000084a00000| Untracked 
|  75|0x0000000084b00000, 0x0000000084c00000, 0x0000000084c00000|100%| O|  |TAMS 0x0000000084c00000, 0x0000000084b00000| Untracked 
|  76|0x0000000084c00000, 0x0000000084d00000, 0x0000000084d00000|100%| O|  |TAMS 0x0000000084d00000, 0x0000000084c00000| Untracked 
|  77|0x0000000084d00000, 0x0000000084e00000, 0x0000000084e00000|100%| O|  |TAMS 0x0000000084e00000, 0x0000000084d00000| Untracked 
|  78|0x0000000084e00000, 0x0000000084e00000, 0x0000000084f00000|  0%| F|  |TAMS 0x0000000084e00000, 0x0000000084e00000| Untracked 
|  79|0x0000000084f00000, 0x0000000085000000, 0x0000000085000000|100%| O|  |TAMS 0x0000000085000000, 0x0000000084f00000| Untracked 
|  80|0x0000000085000000, 0x0000000085100000, 0x0000000085100000|100%| O|  |TAMS 0x0000000085100000, 0x0000000085000000| Untracked 
|  81|0x0000000085100000, 0x0000000085200000, 0x0000000085200000|100%| O|  |TAMS 0x0000000085200000, 0x0000000085100000| Untracked 
|  82|0x0000000085200000, 0x0000000085300000, 0x0000000085300000|100%| O|  |TAMS 0x0000000085300000, 0x0000000085200000| Untracked 
|  83|0x0000000085300000, 0x0000000085400000, 0x0000000085400000|100%| O|  |TAMS 0x0000000085400000, 0x0000000085300000| Untracked 
|  84|0x0000000085400000, 0x0000000085400000, 0x0000000085500000|  0%| F|  |TAMS 0x0000000085400000, 0x0000000085400000| Untracked 
|  85|0x0000000085500000, 0x0000000085600000, 0x0000000085600000|100%| O|  |TAMS 0x0000000085600000, 0x0000000085500000| Untracked 
|  86|0x0000000085600000, 0x0000000085700000, 0x0000000085700000|100%| O|  |TAMS 0x0000000085700000, 0x0000000085600000| Untracked 
|  87|0x0000000085700000, 0x0000000085800000, 0x0000000085800000|100%| O|  |TAMS 0x0000000085800000, 0x0000000085700000| Untracked 
|  88|0x0000000085800000, 0x0000000085900000, 0x0000000085900000|100%| O|  |TAMS 0x0000000085800000, 0x0000000085800000| Untracked 
|  89|0x0000000085900000, 0x0000000085a00000, 0x0000000085a00000|100%| O|  |TAMS 0x0000000085900000, 0x0000000085900000| Untracked 
|  90|0x0000000085a00000, 0x0000000085b00000, 0x0000000085b00000|100%| O|  |TAMS 0x0000000085a00000, 0x0000000085a00000| Untracked 
|  91|0x0000000085b00000, 0x0000000085c00000, 0x0000000085c00000|100%| O|  |TAMS 0x0000000085b00000, 0x0000000085b00000| Untracked 
|  92|0x0000000085c00000, 0x0000000085c9e400, 0x0000000085d00000| 61%| O|  |TAMS 0x0000000085c00000, 0x0000000085c00000| Untracked 
|  93|0x0000000085d00000, 0x0000000085d00000, 0x0000000085e00000|  0%| F|  |TAMS 0x0000000085d00000, 0x0000000085d00000| Untracked 
|  94|0x0000000085e00000, 0x0000000085e00000, 0x0000000085f00000|  0%| F|  |TAMS 0x0000000085e00000, 0x0000000085e00000| Untracked 
|  95|0x0000000085f00000, 0x0000000085f00000, 0x0000000086000000|  0%| F|  |TAMS 0x0000000085f00000, 0x0000000085f00000| Untracked 
|  96|0x0000000086000000, 0x0000000086000000, 0x0000000086100000|  0%| F|  |TAMS 0x0000000086000000, 0x0000000086000000| Untracked 
|  97|0x0000000086100000, 0x0000000086100000, 0x0000000086200000|  0%| F|  |TAMS 0x0000000086100000, 0x0000000086100000| Untracked 
|  98|0x0000000086200000, 0x0000000086200000, 0x0000000086300000|  0%| F|  |TAMS 0x0000000086200000, 0x0000000086200000| Untracked 
|  99|0x0000000086300000, 0x0000000086300000, 0x0000000086400000|  0%| F|  |TAMS 0x0000000086300000, 0x0000000086300000| Untracked 
| 100|0x0000000086400000, 0x0000000086400000, 0x0000000086500000|  0%| F|  |TAMS 0x0000000086400000, 0x0000000086400000| Untracked 
| 101|0x0000000086500000, 0x0000000086500000, 0x0000000086600000|  0%| F|  |TAMS 0x0000000086500000, 0x0000000086500000| Untracked 
| 102|0x0000000086600000, 0x0000000086600000, 0x0000000086700000|  0%| F|  |TAMS 0x0000000086600000, 0x0000000086600000| Untracked 
| 103|0x0000000086700000, 0x0000000086700000, 0x0000000086800000|  0%| F|  |TAMS 0x0000000086700000, 0x0000000086700000| Untracked 
| 104|0x0000000086800000, 0x0000000086800000, 0x0000000086900000|  0%| F|  |TAMS 0x0000000086800000, 0x0000000086800000| Untracked 
| 105|0x0000000086900000, 0x0000000086900000, 0x0000000086a00000|  0%| F|  |TAMS 0x0000000086900000, 0x0000000086900000| Untracked 
| 106|0x0000000086a00000, 0x0000000086a00000, 0x0000000086b00000|  0%| F|  |TAMS 0x0000000086a00000, 0x0000000086a00000| Untracked 
| 107|0x0000000086b00000, 0x0000000086b00000, 0x0000000086c00000|  0%| F|  |TAMS 0x0000000086b00000, 0x0000000086b00000| Untracked 
| 108|0x0000000086c00000, 0x0000000086c00000, 0x0000000086d00000|  0%| F|  |TAMS 0x0000000086c00000, 0x0000000086c00000| Untracked 
| 109|0x0000000086d00000, 0x0000000086d00000, 0x0000000086e00000|  0%| F|  |TAMS 0x0000000086d00000, 0x0000000086d00000| Untracked 
| 110|0x0000000086e00000, 0x0000000086e00000, 0x0000000086f00000|  0%| F|  |TAMS 0x0000000086e00000, 0x0000000086e00000| Untracked 
| 111|0x0000000086f00000, 0x0000000086f00000, 0x0000000087000000|  0%| F|  |TAMS 0x0000000086f00000, 0x0000000086f00000| Untracked 
| 112|0x0000000087000000, 0x0000000087000000, 0x0000000087100000|  0%| F|  |TAMS 0x0000000087000000, 0x0000000087000000| Untracked 
| 113|0x0000000087100000, 0x0000000087100000, 0x0000000087200000|  0%| F|  |TAMS 0x0000000087100000, 0x0000000087100000| Untracked 
| 114|0x0000000087200000, 0x0000000087200000, 0x0000000087300000|  0%| F|  |TAMS 0x0000000087200000, 0x0000000087200000| Untracked 
| 115|0x0000000087300000, 0x0000000087300000, 0x0000000087400000|  0%| F|  |TAMS 0x0000000087300000, 0x0000000087300000| Untracked 
| 116|0x0000000087400000, 0x0000000087400000, 0x0000000087500000|  0%| F|  |TAMS 0x0000000087400000, 0x0000000087400000| Untracked 
| 117|0x0000000087500000, 0x0000000087500000, 0x0000000087600000|  0%| F|  |TAMS 0x0000000087500000, 0x0000000087500000| Untracked 
| 118|0x0000000087600000, 0x0000000087600000, 0x0000000087700000|  0%| F|  |TAMS 0x0000000087600000, 0x0000000087600000| Untracked 
| 119|0x0000000087700000, 0x0000000087700000, 0x0000000087800000|  0%| F|  |TAMS 0x0000000087700000, 0x0000000087700000| Untracked 
| 120|0x0000000087800000, 0x0000000087800000, 0x0000000087900000|  0%| F|  |TAMS 0x0000000087800000, 0x0000000087800000| Untracked 
| 121|0x0000000087900000, 0x0000000087900000, 0x0000000087a00000|  0%| F|  |TAMS 0x0000000087900000, 0x0000000087900000| Untracked 
| 122|0x0000000087a00000, 0x0000000087a00000, 0x0000000087b00000|  0%| F|  |TAMS 0x0000000087a00000, 0x0000000087a00000| Untracked 
| 123|0x0000000087b00000, 0x0000000087b00000, 0x0000000087c00000|  0%| F|  |TAMS 0x0000000087b00000, 0x0000000087b00000| Untracked 
| 124|0x0000000087c00000, 0x0000000087c00000, 0x0000000087d00000|  0%| F|  |TAMS 0x0000000087c00000, 0x0000000087c00000| Untracked 
| 125|0x0000000087d00000, 0x0000000087d00000, 0x0000000087e00000|  0%| F|  |TAMS 0x0000000087d00000, 0x0000000087d00000| Untracked 
| 126|0x0000000087e00000, 0x0000000087e00000, 0x0000000087f00000|  0%| F|  |TAMS 0x0000000087e00000, 0x0000000087e00000| Untracked 
| 127|0x0000000087f00000, 0x0000000087f00000, 0x0000000088000000|  0%| F|  |TAMS 0x0000000087f00000, 0x0000000087f00000| Untracked 
| 128|0x0000000088000000, 0x0000000088000000, 0x0000000088100000|  0%| F|  |TAMS 0x0000000088000000, 0x0000000088000000| Untracked 
| 129|0x0000000088100000, 0x0000000088100000, 0x0000000088200000|  0%| F|  |TAMS 0x0000000088100000, 0x0000000088100000| Untracked 
| 130|0x0000000088200000, 0x0000000088200000, 0x0000000088300000|  0%| F|  |TAMS 0x0000000088200000, 0x0000000088200000| Untracked 
| 131|0x0000000088300000, 0x0000000088300000, 0x0000000088400000|  0%| F|  |TAMS 0x0000000088300000, 0x0000000088300000| Untracked 
| 132|0x0000000088400000, 0x0000000088400000, 0x0000000088500000|  0%| F|  |TAMS 0x0000000088400000, 0x0000000088400000| Untracked 
| 133|0x0000000088500000, 0x0000000088500000, 0x0000000088600000|  0%| F|  |TAMS 0x0000000088500000, 0x0000000088500000| Untracked 
| 134|0x0000000088600000, 0x0000000088600000, 0x0000000088700000|  0%| F|  |TAMS 0x0000000088600000, 0x0000000088600000| Untracked 
| 135|0x0000000088700000, 0x0000000088700000, 0x0000000088800000|  0%| F|  |TAMS 0x0000000088700000, 0x0000000088700000| Untracked 
| 136|0x0000000088800000, 0x0000000088800000, 0x0000000088900000|  0%| F|  |TAMS 0x0000000088800000, 0x0000000088800000| Untracked 
| 137|0x0000000088900000, 0x0000000088900000, 0x0000000088a00000|  0%| F|  |TAMS 0x0000000088900000, 0x0000000088900000| Untracked 
| 138|0x0000000088a00000, 0x0000000088a00000, 0x0000000088b00000|  0%| F|  |TAMS 0x0000000088a00000, 0x0000000088a00000| Untracked 
| 139|0x0000000088b00000, 0x0000000088b00000, 0x0000000088c00000|  0%| F|  |TAMS 0x0000000088b00000, 0x0000000088b00000| Untracked 
| 140|0x0000000088c00000, 0x0000000088c00000, 0x0000000088d00000|  0%| F|  |TAMS 0x0000000088c00000, 0x0000000088c00000| Untracked 
| 141|0x0000000088d00000, 0x0000000088d00000, 0x0000000088e00000|  0%| F|  |TAMS 0x0000000088d00000, 0x0000000088d00000| Untracked 
| 142|0x0000000088e00000, 0x0000000088e00000, 0x0000000088f00000|  0%| F|  |TAMS 0x0000000088e00000, 0x0000000088e00000| Untracked 
| 143|0x0000000088f00000, 0x0000000088f00000, 0x0000000089000000|  0%| F|  |TAMS 0x0000000088f00000, 0x0000000088f00000| Untracked 
| 144|0x0000000089000000, 0x0000000089000000, 0x0000000089100000|  0%| F|  |TAMS 0x0000000089000000, 0x0000000089000000| Untracked 
| 145|0x0000000089100000, 0x0000000089100000, 0x0000000089200000|  0%| F|  |TAMS 0x0000000089100000, 0x0000000089100000| Untracked 
| 146|0x0000000089200000, 0x0000000089200000, 0x0000000089300000|  0%| F|  |TAMS 0x0000000089200000, 0x0000000089200000| Untracked 
| 147|0x0000000089300000, 0x0000000089300000, 0x0000000089400000|  0%| F|  |TAMS 0x0000000089300000, 0x0000000089300000| Untracked 
| 148|0x0000000089400000, 0x0000000089400000, 0x0000000089500000|  0%| F|  |TAMS 0x0000000089400000, 0x0000000089400000| Untracked 
| 149|0x0000000089500000, 0x0000000089500000, 0x0000000089600000|  0%| F|  |TAMS 0x0000000089500000, 0x0000000089500000| Untracked 
| 150|0x0000000089600000, 0x0000000089600000, 0x0000000089700000|  0%| F|  |TAMS 0x0000000089600000, 0x0000000089600000| Untracked 
| 151|0x0000000089700000, 0x0000000089700000, 0x0000000089800000|  0%| F|  |TAMS 0x0000000089700000, 0x0000000089700000| Untracked 
| 152|0x0000000089800000, 0x0000000089800000, 0x0000000089900000|  0%| F|  |TAMS 0x0000000089800000, 0x0000000089800000| Untracked 
| 153|0x0000000089900000, 0x0000000089900000, 0x0000000089a00000|  0%| F|  |TAMS 0x0000000089900000, 0x0000000089900000| Untracked 
| 154|0x0000000089a00000, 0x0000000089a00000, 0x0000000089b00000|  0%| F|  |TAMS 0x0000000089a00000, 0x0000000089a00000| Untracked 
| 155|0x0000000089b00000, 0x0000000089b00000, 0x0000000089c00000|  0%| F|  |TAMS 0x0000000089b00000, 0x0000000089b00000| Untracked 
| 156|0x0000000089c00000, 0x0000000089c00000, 0x0000000089d00000|  0%| F|  |TAMS 0x0000000089c00000, 0x0000000089c00000| Untracked 
| 157|0x0000000089d00000, 0x0000000089d00000, 0x0000000089e00000|  0%| F|  |TAMS 0x0000000089d00000, 0x0000000089d00000| Untracked 
| 201|0x000000008c900000, 0x000000008c900000, 0x000000008ca00000|  0%| F|  |TAMS 0x000000008c900000, 0x000000008c900000| Untracked 
| 202|0x000000008ca00000, 0x000000008ca00000, 0x000000008cb00000|  0%| F|  |TAMS 0x000000008ca00000, 0x000000008ca00000| Untracked 
| 203|0x000000008cb00000, 0x000000008cb00000, 0x000000008cc00000|  0%| F|  |TAMS 0x000000008cb00000, 0x000000008cb00000| Untracked 
| 204|0x000000008cc00000, 0x000000008cc00000, 0x000000008cd00000|  0%| F|  |TAMS 0x000000008cc00000, 0x000000008cc00000| Untracked 
| 205|0x000000008cd00000, 0x000000008cd00000, 0x000000008ce00000|  0%| F|  |TAMS 0x000000008cd00000, 0x000000008cd00000| Untracked 
| 206|0x000000008ce00000, 0x000000008ceccd00, 0x000000008cf00000| 80%| S|CS|TAMS 0x000000008ce00000, 0x000000008ce00000| Complete 
| 207|0x000000008cf00000, 0x000000008cf00000, 0x000000008d000000|  0%| F|  |TAMS 0x000000008cf00000, 0x000000008cf00000| Untracked 
| 208|0x000000008d000000, 0x000000008d000000, 0x000000008d100000|  0%| F|  |TAMS 0x000000008d000000, 0x000000008d000000| Untracked 
| 253|0x000000008fd00000, 0x000000008fd00000, 0x000000008fe00000|  0%| F|  |TAMS 0x000000008fd00000, 0x000000008fd00000| Untracked 

Card table byte_map: [0x0000023d9d0c0000,0x0000023d9d4c0000] _byte_map_base: 0x0000023d9ccc0000

Marking Bits (Prev, Next): (CMBitMap*) 0x0000023d8a52af80, (CMBitMap*) 0x0000023d8a52afc0
 Prev Bits: [0x0000023d9d8c0000, 0x0000023d9f8c0000)
 Next Bits: [0x0000023d9f8c0000, 0x0000023da18c0000)

Polling page: 0x0000023d89c90000

Metaspace:

Usage:
  Non-class:     75.08 MB used.
      Class:     11.74 MB used.
       Both:     86.82 MB used.

Virtual space:
  Non-class space:       80.00 MB reserved,      75.38 MB ( 94%) committed,  10 nodes.
      Class space:        1.00 GB reserved,      11.94 MB (  1%) committed,  1 nodes.
             Both:        1.08 GB reserved,      87.31 MB (  8%) committed. 

Chunk freelists:
   Non-Class:  608.00 KB
       Class:  64.00 KB
        Both:  672.00 KB

MaxMetaspaceSize: unlimited
CompressedClassSpaceSize: 1.00 GB
Initial GC threshold: 21.00 MB
Current GC threshold: 144.38 MB
CDS: off
MetaspaceReclaimPolicy: balanced
 - commit_granule_bytes: 65536.
 - commit_granule_words: 8192.
 - virtual_space_node_default_size: 1048576.
 - enlarge_chunks_in_place: 1.
 - new_chunks_are_fully_committed: 0.
 - uncommit_free_chunks: 1.
 - use_allocation_guard: 0.
 - handle_deallocations: 1.


Internal statistics:

num_allocs_failed_limit: 11.
num_arena_births: 770.
num_arena_deaths: 14.
num_vsnodes_births: 11.
num_vsnodes_deaths: 0.
num_space_committed: 1397.
num_space_uncommitted: 0.
num_chunks_returned_to_freelist: 30.
num_chunks_taken_from_freelist: 4008.
num_chunk_merges: 11.
num_chunk_splits: 2627.
num_chunks_enlarged: 1745.
num_purges: 2.
num_inconsistent_stats: 0.

CodeHeap 'non-profiled nmethods': size=120000Kb used=5051Kb max_used=5792Kb free=114949Kb
 bounds [0x0000023d95460000, 0x0000023d95a10000, 0x0000023d9c990000]
CodeHeap 'profiled nmethods': size=120000Kb used=16211Kb max_used=18298Kb free=103788Kb
 bounds [0x0000023d8d990000, 0x0000023d8eb70000, 0x0000023d94ec0000]
CodeHeap 'non-nmethods': size=5760Kb used=2370Kb max_used=2489Kb free=3389Kb
 bounds [0x0000023d94ec0000, 0x0000023d95150000, 0x0000023d95460000]
 total_blobs=9746 nmethods=8849 adapters=809
 compilation: enabled
              stopped_count=0, restarted_count=0
 full_count=0

Compilation events (20 events):
Event: 14.322 Thread 0x0000023da4c87e80 nmethod 10308 0x0000023d95629810 code [0x0000023d95629980, 0x0000023d95629a18]
Event: 14.322 Thread 0x0000023da4c87e80 10339       4       org.gradle.cache.internal.btree.CachingBlockStore::read (56 bytes)
Event: 14.326 Thread 0x0000023da4c88fd0 10377       3       org.gradle.api.internal.file.AbstractFileCollection::iterator (10 bytes)
Event: 14.326 Thread 0x0000023da4c88fd0 nmethod 10377 0x0000023d8d9df310 code [0x0000023d8d9df4c0, 0x0000023d8d9df738]
Event: 14.335 Thread 0x0000023da4c88fd0 10378       3       com.google.gson.internal.bind.TypeAdapters$32::create (20 bytes)
Event: 14.335 Thread 0x0000023da4c88fd0 nmethod 10378 0x0000023d8dc67010 code [0x0000023d8dc671c0, 0x0000023d8dc67378]
Event: 14.340 Thread 0x0000023da4c88fd0 10379       3       kotlin.reflect.jvm.internal.pcollections.HashPMap::getEntries (22 bytes)
Event: 14.341 Thread 0x0000023da4c88fd0 nmethod 10379 0x0000023d8d9f5810 code [0x0000023d8d9f59e0, 0x0000023d8d9f5d48]
Event: 14.341 Thread 0x0000023da4c88fd0 10380       3       kotlin.reflect.jvm.internal.pcollections.IntTreePMap::get (10 bytes)
Event: 14.341 Thread 0x0000023da4c88fd0 nmethod 10380 0x0000023d8dc8c590 code [0x0000023d8dc8c740, 0x0000023d8dc8c888]
Event: 14.341 Thread 0x0000023da4c88fd0 10381       3       kotlin.jvm.internal.Reflection::getOrCreateKotlinClass (8 bytes)
Event: 14.341 Thread 0x0000023da4c88fd0 nmethod 10381 0x0000023d8dce2990 code [0x0000023d8dce2b40, 0x0000023d8dce2cc8]
Event: 14.343 Thread 0x0000023da8a5a280 nmethod 10338 0x0000023d9569d610 code [0x0000023d9569d820, 0x0000023d9569ec58]
Event: 14.343 Thread 0x0000023da8a5a280 10341       4       java.util.Optional::orElseGet (21 bytes)
Event: 14.344 Thread 0x0000023da8a5a280 nmethod 10341 0x0000023d95656490 code [0x0000023d95656600, 0x0000023d956566b8]
Event: 14.344 Thread 0x0000023da8a5a280 10375       4       org.gradle.internal.logging.slf4j.OutputEventListenerBackedLogger::isDebugEnabled (5 bytes)
Event: 14.345 Thread 0x0000023da8a5a280 nmethod 10375 0x0000023d95893990 code [0x0000023d95893b20, 0x0000023d95893c18]
Event: 14.345 Thread 0x0000023da8a5a280 10323       4       java.nio.HeapByteBuffer::putInt (31 bytes)
Event: 14.347 Thread 0x0000023da8a5a280 nmethod 10323 0x0000023d95499690 code [0x0000023d95499800, 0x0000023d95499918]
Event: 14.347 Thread 0x0000023da8a5a280 10321       4       org.gradle.cache.internal.btree.FreeListBlockStore::read (12 bytes)

GC Heap History (20 events):
Event: 9.070 GC heap after
{Heap after GC invocations=30 (full 0):
 garbage-first heap   total 116736K, used 65667K [0x0000000080000000, 0x0000000100000000)
  region size 1024K, 3 young (3072K), 3 survivors (3072K)
 Metaspace       used 69201K, committed 69760K, reserved 1114112K
  class space    used 9017K, committed 9280K, reserved 1048576K
}
Event: 9.822 GC heap before
{Heap before GC invocations=30 (full 0):
 garbage-first heap   total 116736K, used 94339K [0x0000000080000000, 0x0000000100000000)
  region size 1024K, 31 young (31744K), 3 survivors (3072K)
 Metaspace       used 72995K, committed 73536K, reserved 1114112K
  class space    used 9714K, committed 9984K, reserved 1048576K
}
Event: 9.829 GC heap after
{Heap after GC invocations=31 (full 0):
 garbage-first heap   total 140288K, used 67527K [0x0000000080000000, 0x0000000100000000)
  region size 1024K, 2 young (2048K), 2 survivors (2048K)
 Metaspace       used 72995K, committed 73536K, reserved 1114112K
  class space    used 9714K, committed 9984K, reserved 1048576K
}
Event: 11.195 GC heap before
{Heap before GC invocations=32 (full 0):
 garbage-first heap   total 140288K, used 113607K [0x0000000080000000, 0x0000000100000000)
  region size 1024K, 47 young (48128K), 2 survivors (2048K)
 Metaspace       used 77351K, committed 77888K, reserved 1122304K
  class space    used 10362K, committed 10624K, reserved 1048576K
}
Event: 11.204 GC heap after
{Heap after GC invocations=33 (full 0):
 garbage-first heap   total 140288K, used 70779K [0x0000000080000000, 0x0000000100000000)
  region size 1024K, 6 young (6144K), 6 survivors (6144K)
 Metaspace       used 77351K, committed 77888K, reserved 1122304K
  class space    used 10362K, committed 10624K, reserved 1048576K
}
Event: 12.212 GC heap before
{Heap before GC invocations=33 (full 0):
 garbage-first heap   total 140288K, used 113787K [0x0000000080000000, 0x0000000100000000)
  region size 1024K, 48 young (49152K), 6 survivors (6144K)
 Metaspace       used 82921K, committed 83456K, reserved 1122304K
  class space    used 11155K, committed 11392K, reserved 1048576K
}
Event: 12.220 GC heap after
{Heap after GC invocations=34 (full 0):
 garbage-first heap   total 140288K, used 73776K [0x0000000080000000, 0x0000000100000000)
  region size 1024K, 4 young (4096K), 4 survivors (4096K)
 Metaspace       used 82921K, committed 83456K, reserved 1122304K
  class space    used 11155K, committed 11392K, reserved 1048576K
}
Event: 12.819 GC heap before
{Heap before GC invocations=35 (full 0):
 garbage-first heap   total 140288K, used 114736K [0x0000000080000000, 0x0000000100000000)
  region size 1024K, 44 young (45056K), 4 survivors (4096K)
 Metaspace       used 84374K, committed 84992K, reserved 1130496K
  class space    used 11350K, committed 11648K, reserved 1048576K
}
Event: 12.827 GC heap after
{Heap after GC invocations=36 (full 0):
 garbage-first heap   total 140288K, used 79666K [0x0000000080000000, 0x0000000100000000)
  region size 1024K, 6 young (6144K), 6 survivors (6144K)
 Metaspace       used 84374K, committed 84992K, reserved 1130496K
  class space    used 11350K, committed 11648K, reserved 1048576K
}
Event: 13.289 GC heap before
{Heap before GC invocations=36 (full 0):
 garbage-first heap   total 140288K, used 113458K [0x0000000080000000, 0x0000000100000000)
  region size 1024K, 40 young (40960K), 6 survivors (6144K)
 Metaspace       used 86169K, committed 86656K, reserved 1130496K
  class space    used 11684K, committed 11904K, reserved 1048576K
}
Event: 13.299 GC heap after
{Heap after GC invocations=37 (full 0):
 garbage-first heap   total 140288K, used 86116K [0x0000000080000000, 0x0000000100000000)
  region size 1024K, 5 young (5120K), 5 survivors (5120K)
 Metaspace       used 86169K, committed 86656K, reserved 1130496K
  class space    used 11684K, committed 11904K, reserved 1048576K
}
Event: 13.568 GC heap before
{Heap before GC invocations=38 (full 0):
 garbage-first heap   total 157696K, used 112740K [0x0000000080000000, 0x0000000100000000)
  region size 1024K, 32 young (32768K), 5 survivors (5120K)
 Metaspace       used 86882K, committed 87424K, reserved 1130496K
  class space    used 11826K, committed 12032K, reserved 1048576K
}
Event: 13.577 GC heap after
{Heap after GC invocations=39 (full 0):
 garbage-first heap   total 157696K, used 89424K [0x0000000080000000, 0x0000000100000000)
  region size 1024K, 3 young (3072K), 3 survivors (3072K)
 Metaspace       used 86882K, committed 87424K, reserved 1130496K
  class space    used 11826K, committed 12032K, reserved 1048576K
}
Event: 13.604 GC heap before
{Heap before GC invocations=39 (full 0):
 garbage-first heap   total 157696K, used 92496K [0x0000000080000000, 0x0000000100000000)
  region size 1024K, 7 young (7168K), 3 survivors (3072K)
 Metaspace       used 86889K, committed 87424K, reserved 1130496K
  class space    used 11826K, committed 12032K, reserved 1048576K
}
Event: 13.608 GC heap after
{Heap after GC invocations=40 (full 0):
 garbage-first heap   total 157696K, used 89550K [0x0000000080000000, 0x0000000100000000)
  region size 1024K, 1 young (1024K), 1 survivors (1024K)
 Metaspace       used 86889K, committed 87424K, reserved 1130496K
  class space    used 11826K, committed 12032K, reserved 1048576K
}
Event: 13.893 GC heap before
{Heap before GC invocations=40 (full 0):
 garbage-first heap   total 157696K, used 125390K [0x0000000080000000, 0x0000000100000000)
  region size 1024K, 37 young (37888K), 1 survivors (1024K)
 Metaspace       used 87793K, committed 88320K, reserved 1130496K
  class space    used 11878K, committed 12096K, reserved 1048576K
}
Event: 13.896 GC heap after
{Heap after GC invocations=41 (full 0):
 garbage-first heap   total 157696K, used 91258K [0x0000000080000000, 0x0000000100000000)
  region size 1024K, 3 young (3072K), 3 survivors (3072K)
 Metaspace       used 87793K, committed 88320K, reserved 1130496K
  class space    used 11878K, committed 12096K, reserved 1048576K
}
Event: 14.300 GC heap before
{Heap before GC invocations=42 (full 0):
 garbage-first heap   total 171008K, used 127098K [0x0000000080000000, 0x0000000100000000)
  region size 1024K, 39 young (39936K), 3 survivors (3072K)
 Metaspace       used 88488K, committed 89024K, reserved 1130496K
  class space    used 11960K, committed 12224K, reserved 1048576K
}
Event: 14.306 GC heap after
{Heap after GC invocations=43 (full 0):
 garbage-first heap   total 171008K, used 93985K [0x0000000080000000, 0x0000000100000000)
  region size 1024K, 5 young (5120K), 5 survivors (5120K)
 Metaspace       used 88488K, committed 89024K, reserved 1130496K
  class space    used 11960K, committed 12224K, reserved 1048576K
}
Event: 14.375 GC heap before
{Heap before GC invocations=43 (full 0):
 garbage-first heap   total 171008K, used 97057K [0x0000000080000000, 0x0000000100000000)
  region size 1024K, 8 young (8192K), 5 survivors (5120K)
 Metaspace       used 88900K, committed 89408K, reserved 1130496K
  class space    used 12023K, committed 12224K, reserved 1048576K
}

Dll operation events (2 events):
Event: 0.005 Loaded shared library D:\android studio\jbr\bin\java.dll
Event: 0.336 Loaded shared library D:\android studio\jbr\bin\verify.dll

Deoptimization events (20 events):
Event: 14.160 Thread 0x0000023da52bbdf0 DEOPT PACKING pc=0x0000023d959d938c sp=0x0000009274cf8e20
Event: 14.160 Thread 0x0000023da52bbdf0 DEOPT UNPACKING pc=0x0000023d94f169a3 sp=0x0000009274cf8da8 mode 2
Event: 14.161 Thread 0x0000023da52bbdf0 DEOPT PACKING pc=0x0000023d8e1b1d51 sp=0x0000009274cfa850
Event: 14.161 Thread 0x0000023da52bbdf0 DEOPT UNPACKING pc=0x0000023d94f17143 sp=0x0000009274cf9d48 mode 0
Event: 14.172 Thread 0x0000023da52bbdf0 Uncommon trap: trap_request=0xffffff45 fr.pc=0x0000023d95793f9c relative=0x00000000000008fc
Event: 14.172 Thread 0x0000023da52bbdf0 Uncommon trap: reason=unstable_if action=reinterpret pc=0x0000023d95793f9c method=org.gradle.internal.snapshot.VfsRelativePath.compareToFirstSegment(Ljava/lang/String;Lorg/gradle/internal/snapshot/CaseSensitivity;)I @ 134 c2
Event: 14.172 Thread 0x0000023da52bbdf0 DEOPT PACKING pc=0x0000023d95793f9c sp=0x0000009274cf8ec0
Event: 14.172 Thread 0x0000023da52bbdf0 DEOPT UNPACKING pc=0x0000023d94f169a3 sp=0x0000009274cf8e40 mode 2
Event: 14.177 Thread 0x0000023da52bc2c0 DEOPT PACKING pc=0x0000023d8eac3ae4 sp=0x0000009274ffc9b0
Event: 14.177 Thread 0x0000023da52bc2c0 DEOPT UNPACKING pc=0x0000023d94f17143 sp=0x0000009274ffbe78 mode 0
Event: 14.192 Thread 0x0000023da51abf10 Uncommon trap: trap_request=0xffffff45 fr.pc=0x0000023d9579d7ec relative=0x000000000000068c
Event: 14.192 Thread 0x0000023da51abf10 Uncommon trap: reason=unstable_if action=reinterpret pc=0x0000023d9579d7ec method=sun.security.provider.DigestBase.engineUpdate([BII)V @ 1 c2
Event: 14.192 Thread 0x0000023da51abf10 DEOPT PACKING pc=0x0000023d9579d7ec sp=0x00000092783fda50
Event: 14.192 Thread 0x0000023da51abf10 DEOPT UNPACKING pc=0x0000023d94f169a3 sp=0x00000092783fda28 mode 2
Event: 14.204 Thread 0x0000023da52bbdf0 Uncommon trap: trap_request=0xffffffc6 fr.pc=0x0000023d959f925c relative=0x000000000000147c
Event: 14.204 Thread 0x0000023da52bbdf0 Uncommon trap: reason=bimorphic_or_optimized_type_check action=maybe_recompile pc=0x0000023d959f925c method=org.gradle.internal.snapshot.SnapshotUtil$1.handleAsDescendantOfChild(Lorg/gradle/internal/snapshot/VfsRelativePath;Lorg/gradle/internal/snapshot/F
Event: 14.204 Thread 0x0000023da52bbdf0 DEOPT PACKING pc=0x0000023d959f925c sp=0x0000009274cf8400
Event: 14.204 Thread 0x0000023da52bbdf0 DEOPT UNPACKING pc=0x0000023d94f169a3 sp=0x0000009274cf82f0 mode 2
Event: 14.257 Thread 0x0000023daa52dbf0 DEOPT PACKING pc=0x0000023d8ea7c862 sp=0x0000009275cfe0c0
Event: 14.257 Thread 0x0000023daa52dbf0 DEOPT UNPACKING pc=0x0000023d94f17143 sp=0x0000009275cfd588 mode 0

Classes unloaded (7 events):
Event: 14.019 Thread 0x0000023da43288b0 Unloading class 0x0000000100bb5800 'java/lang/invoke/LambdaForm$DMH+0x0000000100bb5800'
Event: 14.019 Thread 0x0000023da43288b0 Unloading class 0x0000000100bb5c00 'java/lang/invoke/LambdaForm$DMH+0x0000000100bb5c00'
Event: 14.019 Thread 0x0000023da43288b0 Unloading class 0x0000000100bb5400 'java/lang/invoke/LambdaForm$DMH+0x0000000100bb5400'
Event: 14.019 Thread 0x0000023da43288b0 Unloading class 0x0000000100bb5000 'java/lang/invoke/LambdaForm$DMH+0x0000000100bb5000'
Event: 14.019 Thread 0x0000023da43288b0 Unloading class 0x0000000100bb4800 'java/lang/invoke/LambdaForm$DMH+0x0000000100bb4800'
Event: 14.019 Thread 0x0000023da43288b0 Unloading class 0x0000000100bb4400 'java/lang/invoke/LambdaForm$DMH+0x0000000100bb4400'
Event: 14.019 Thread 0x0000023da43288b0 Unloading class 0x0000000100bb4c00 'java/lang/invoke/LambdaForm$DMH+0x0000000100bb4c00'

Classes redefined (0 events):
No events

Internal exceptions (20 events):
Event: 13.051 Thread 0x0000023da52bc2c0 Exception <a 'java/lang/NoSuchMethodError'{0x00000000872b8210}: static Lorg/gradle/internal/build/event/types/DefaultTaskSkippedResult;.<clinit>()V> (0x00000000872b8210) 
thrown [s\src\hotspot\share\prims\jni.cpp, line 1108]
Event: 13.051 Thread 0x0000023dab964860 Exception <a 'java/lang/NoSuchMethodError'{0x000000008729eab8}: 'java.lang.Object java.lang.invoke.DirectMethodHandle$Holder.invokeInterface(java.lang.Object, java.lang.Object, int)'> (0x000000008729eab8) 
thrown [s\src\hotspot\share\interpreter\linkResolver.cpp, line 771]
Event: 13.054 Thread 0x0000023dab964860 Exception <a 'java/lang/NoSuchMethodError'{0x00000000872bacb0}: 'void java.lang.invoke.DirectMethodHandle$Holder.invokeStatic(java.lang.Object, java.lang.Object, java.lang.Object, int)'> (0x00000000872bacb0) 
thrown [s\src\hotspot\share\interpreter\linkResolver.cpp, line 771]
Event: 13.085 Thread 0x0000023dab964860 Implicit null exception at 0x0000023d95795257 to 0x0000023d957953f8
Event: 13.092 Thread 0x0000023dab964860 Exception <a 'java/lang/IncompatibleClassChangeError'{0x00000000871f9cd8}: Found class java.lang.Object, but interface was expected> (0x00000000871f9cd8) 
thrown [s\src\hotspot\share\interpreter\linkResolver.cpp, line 838]
Event: 13.125 Thread 0x0000023dab964860 Exception <a 'java/lang/NoSuchMethodError'{0x0000000086fa8c98}: 'int java.lang.invoke.DirectMethodHandle$Holder.invokeStaticInit(java.lang.Object, java.lang.Object, java.lang.Object, java.lang.Object, java.lang.Object)'> (0x0000000086fa8c98) 
thrown [s\src\hotspot\share\interpreter\linkResolver.cpp, line 771]
Event: 13.368 Thread 0x0000023dab964860 Exception <a 'java/lang/NoSuchMethodError'{0x000000008cf8b2e0}: 'void java.lang.invoke.DirectMethodHandle$Holder.invokeStatic(java.lang.Object, java.lang.Object, java.lang.Object, java.lang.Object, int, java.lang.Object, java.lang.Object)'> (0x000000008cf8b2e0) 
thrown [s\src\hotspot\share\interpreter\linkResolver.cpp, line 771]
Event: 13.424 Thread 0x0000023da51acd80 Exception <a 'java/lang/NoSuchMethodError'{0x000000008cac64a8}: 'java.lang.Object java.lang.invoke.DirectMethodHandle$Holder.invokeSpecialIFC(java.lang.Object, java.lang.Object, java.lang.Object)'> (0x000000008cac64a8) 
thrown [s\src\hotspot\share\interpreter\linkResolver.cpp, line 771]
Event: 13.424 Thread 0x0000023da51aabd0 Exception <a 'java/lang/NoSuchMethodError'{0x000000008cab5010}: 'java.lang.Object java.lang.invoke.DirectMethodHandle$Holder.invokeSpecialIFC(java.lang.Object, java.lang.Object, java.lang.Object)'> (0x000000008cab5010) 
thrown [s\src\hotspot\share\interpreter\linkResolver.cpp, line 771]
Event: 13.424 Thread 0x0000023dab3f3530 Exception <a 'java/lang/NoSuchMethodError'{0x000000008caa3270}: 'java.lang.Object java.lang.invoke.DirectMethodHandle$Holder.invokeSpecialIFC(java.lang.Object, java.lang.Object, java.lang.Object)'> (0x000000008caa3270) 
thrown [s\src\hotspot\share\interpreter\linkResolver.cpp, line 771]
Event: 13.424 Thread 0x0000023da51ab570 Exception <a 'java/lang/NoSuchMethodError'{0x000000008cabdc38}: 'java.lang.Object java.lang.invoke.DirectMethodHandle$Holder.invokeSpecialIFC(java.lang.Object, java.lang.Object, java.lang.Object)'> (0x000000008cabdc38) 
thrown [s\src\hotspot\share\interpreter\linkResolver.cpp, line 771]
Event: 13.424 Thread 0x0000023dab964860 Exception <a 'java/lang/NoSuchMethodError'{0x000000008ca1dcf8}: 'java.lang.Object java.lang.invoke.DirectMethodHandle$Holder.invokeSpecialIFC(java.lang.Object, java.lang.Object, java.lang.Object)'> (0x000000008ca1dcf8) 
thrown [s\src\hotspot\share\interpreter\linkResolver.cpp, line 771]
Event: 13.424 Thread 0x0000023dab4e1670 Exception <a 'java/lang/NoSuchMethodError'{0x000000008caab7f0}: 'java.lang.Object java.lang.invoke.DirectMethodHandle$Holder.invokeSpecialIFC(java.lang.Object, java.lang.Object, java.lang.Object)'> (0x000000008caab7f0) 
thrown [s\src\hotspot\share\interpreter\linkResolver.cpp, line 771]
Event: 13.424 Thread 0x0000023dab4e8050 Exception <a 'java/lang/NoSuchMethodError'{0x000000008ca8f0b8}: 'java.lang.Object java.lang.invoke.DirectMethodHandle$Holder.invokeSpecialIFC(java.lang.Object, java.lang.Object, java.lang.Object)'> (0x000000008ca8f0b8) 
thrown [s\src\hotspot\share\interpreter\linkResolver.cpp, line 771]
Event: 13.424 Thread 0x0000023dab3f4870 Exception <a 'java/lang/NoSuchMethodError'{0x000000008ca99898}: 'java.lang.Object java.lang.invoke.DirectMethodHandle$Holder.invokeSpecialIFC(java.lang.Object, java.lang.Object, java.lang.Object)'> (0x000000008ca99898) 
thrown [s\src\hotspot\share\interpreter\linkResolver.cpp, line 771]
Event: 13.700 Thread 0x0000023dab3f6550 Exception <a 'java/lang/NoSuchMethodError'{0x000000008cb3ec20}: 'void java.lang.invoke.DirectMethodHandle$Holder.invokeVirtual(java.lang.Object, java.lang.Object)'> (0x000000008cb3ec20) 
thrown [s\src\hotspot\share\interpreter\linkResolver.cpp, line 771]
Event: 13.906 Thread 0x0000023dab964860 Exception <a 'java/lang/NoSuchMethodError'{0x000000008fd624a8}: static Lcom/android/build/gradle/internal/tasks/AarMetadataArtifact;.<clinit>()V> (0x000000008fd624a8) 
thrown [s\src\hotspot\share\prims\jni.cpp, line 1108]
Event: 14.007 Thread 0x0000023da52bc2c0 Exception <a 'java/lang/NoSuchMethodError'{0x000000008c975308}: static Lorg/gradle/internal/build/event/types/DefaultTaskFailureResult;.<clinit>()V> (0x000000008c975308) 
thrown [s\src\hotspot\share\prims\jni.cpp, line 1108]
Event: 14.010 Thread 0x0000023da52bc2c0 Exception <a 'java/lang/NoSuchMethodError'{0x000000008c9c2d48}: static [Ljava/lang/Object;.<clinit>()V> (0x000000008c9c2d48) 
thrown [s\src\hotspot\share\prims\jni.cpp, line 1108]
Event: 14.011 Thread 0x0000023da52bc2c0 Exception <a 'java/lang/NoSuchMethodError'{0x000000008c9f8300}: static Lorg/gradle/internal/build/event/types/DefaultFailure;.<clinit>()V> (0x000000008c9f8300) 
thrown [s\src\hotspot\share\prims\jni.cpp, line 1108]

VM Operations (20 events):
Event: 14.028 Executing VM operation: G1Concurrent done
Event: 14.088 Executing VM operation: G1Concurrent
Event: 14.088 Executing VM operation: G1Concurrent done
Event: 14.189 Executing VM operation: HandshakeAllThreads
Event: 14.189 Executing VM operation: HandshakeAllThreads done
Event: 14.207 Executing VM operation: ICBufferFull
Event: 14.207 Executing VM operation: ICBufferFull done
Event: 14.225 Executing VM operation: HandshakeAllThreads
Event: 14.237 Executing VM operation: HandshakeAllThreads done
Event: 14.263 Executing VM operation: HandshakeAllThreads
Event: 14.264 Executing VM operation: HandshakeAllThreads done
Event: 14.300 Executing VM operation: G1CollectForAllocation
Event: 14.306 Executing VM operation: G1CollectForAllocation done
Event: 14.312 Executing VM operation: HandshakeAllThreads
Event: 14.312 Executing VM operation: HandshakeAllThreads done
Event: 14.322 Executing VM operation: HandshakeAllThreads
Event: 14.322 Executing VM operation: HandshakeAllThreads done
Event: 14.323 Executing VM operation: HandshakeAllThreads
Event: 14.323 Executing VM operation: HandshakeAllThreads done
Event: 14.374 Executing VM operation: G1CollectForAllocation

Events (20 events):
Event: 14.332 Thread 0x0000023da4c8b8e0 flushing nmethod 0x0000023d8e9ecc90
Event: 14.332 Thread 0x0000023da4c8b8e0 flushing nmethod 0x0000023d8e9eef10
Event: 14.332 Thread 0x0000023da4c8b8e0 flushing nmethod 0x0000023d8e9f6410
Event: 14.332 Thread 0x0000023da4c8b8e0 flushing nmethod 0x0000023d8ea00990
Event: 14.332 Thread 0x0000023da4c8b8e0 flushing nmethod 0x0000023d8ea0d710
Event: 14.332 Thread 0x0000023da4c8b8e0 flushing nmethod 0x0000023d8ea0e010
Event: 14.332 Thread 0x0000023da4c8b8e0 flushing nmethod 0x0000023d8ea0e510
Event: 14.332 Thread 0x0000023da4c8b8e0 flushing nmethod 0x0000023d8ea0ec90
Event: 14.332 Thread 0x0000023da4c8b8e0 flushing nmethod 0x0000023d8ea15f90
Event: 14.332 Thread 0x0000023da4c8b8e0 flushing nmethod 0x0000023d8ea5d890
Event: 14.332 Thread 0x0000023da4c8b8e0 flushing nmethod 0x0000023d8ea7dc10
Event: 14.332 Thread 0x0000023da4c8b8e0 flushing nmethod 0x0000023d8ea83a90
Event: 14.332 Thread 0x0000023da4c8b8e0 flushing nmethod 0x0000023d8ea85910
Event: 14.332 Thread 0x0000023da4c8b8e0 flushing nmethod 0x0000023d8eaa7710
Event: 14.332 Thread 0x0000023da4c8b8e0 flushing nmethod 0x0000023d8eaa7b10
Event: 14.332 Thread 0x0000023da4c8b8e0 flushing nmethod 0x0000023d8eaa8910
Event: 14.332 Thread 0x0000023da4c8b8e0 flushing nmethod 0x0000023d8eac3690
Event: 14.333 Thread 0x0000023da4c8b8e0 flushing nmethod 0x0000023d8eb13690
Event: 14.338 loading class jdk/internal/reflect/UnsafeQualifiedIntegerFieldAccessorImpl
Event: 14.338 loading class jdk/internal/reflect/UnsafeQualifiedIntegerFieldAccessorImpl done


Dynamic libraries:
0x00007ff6aa360000 - 0x00007ff6aa36a000 	D:\android studio\jbr\bin\java.exe
0x00007ffa210b0000 - 0x00007ffa212c7000 	C:\WINDOWS\SYSTEM32\ntdll.dll
0x00007ffa20580000 - 0x00007ffa20644000 	C:\WINDOWS\System32\KERNEL32.DLL
0x00007ffa1e4a0000 - 0x00007ffa1e846000 	C:\WINDOWS\System32\KERNELBASE.dll
0x00007ffa1eb90000 - 0x00007ffa1eca1000 	C:\WINDOWS\System32\ucrtbase.dll
0x00007ffa014f0000 - 0x00007ffa01507000 	D:\android studio\jbr\bin\jli.dll
0x00007ffa04730000 - 0x00007ffa0474b000 	D:\android studio\jbr\bin\VCRUNTIME140.dll
0x00007ffa1f280000 - 0x00007ffa1f42d000 	C:\WINDOWS\System32\USER32.dll
0x00007ffa1e9f0000 - 0x00007ffa1ea16000 	C:\WINDOWS\System32\win32u.dll
0x00007ffa02e80000 - 0x00007ffa03113000 	C:\WINDOWS\WinSxS\amd64_microsoft.windows.common-controls_6595b64144ccf1df_6.0.22621.2361_none_2712ced57382f843\COMCTL32.dll
0x00007ffa20d80000 - 0x00007ffa20da9000 	C:\WINDOWS\System32\GDI32.dll
0x00007ffa20cd0000 - 0x00007ffa20d77000 	C:\WINDOWS\System32\msvcrt.dll
0x00007ffa1e8d0000 - 0x00007ffa1e9e8000 	C:\WINDOWS\System32\gdi32full.dll
0x00007ffa1ecb0000 - 0x00007ffa1ed4a000 	C:\WINDOWS\System32\msvcp_win.dll
0x00007ffa20490000 - 0x00007ffa204c1000 	C:\WINDOWS\System32\IMM32.DLL
0x00007ffa04db0000 - 0x00007ffa04dbc000 	D:\android studio\jbr\bin\vcruntime140_1.dll
0x00007ff9f2f50000 - 0x00007ff9f2fdd000 	D:\android studio\jbr\bin\msvcp140.dll
0x00007ff9842d0000 - 0x00007ff984f3e000 	D:\android studio\jbr\bin\server\jvm.dll
0x00007ffa204d0000 - 0x00007ffa20580000 	C:\WINDOWS\System32\ADVAPI32.dll
0x00007ffa209e0000 - 0x00007ffa20a86000 	C:\WINDOWS\System32\sechost.dll
0x00007ffa201b0000 - 0x00007ffa202c7000 	C:\WINDOWS\System32\RPCRT4.dll
0x00007ffa033d0000 - 0x00007ffa033d9000 	C:\WINDOWS\SYSTEM32\WSOCK32.dll
0x00007ffa20db0000 - 0x00007ffa20e21000 	C:\WINDOWS\System32\WS2_32.dll
0x00007ffa17680000 - 0x00007ffa176b4000 	C:\WINDOWS\SYSTEM32\WINMM.dll
0x00007ffa18370000 - 0x00007ffa1837a000 	C:\WINDOWS\SYSTEM32\VERSION.dll
0x00007ffa1d470000 - 0x00007ffa1d488000 	C:\WINDOWS\SYSTEM32\kernel.appcore.dll
0x00007ffa18ec0000 - 0x00007ffa18eca000 	D:\android studio\jbr\bin\jimage.dll
0x00007ffa1bd80000 - 0x00007ffa1bfae000 	C:\WINDOWS\SYSTEM32\DBGHELP.DLL
0x00007ffa20650000 - 0x00007ffa209da000 	C:\WINDOWS\System32\combase.dll
0x00007ffa20e30000 - 0x00007ffa20f07000 	C:\WINDOWS\System32\OLEAUT32.dll
0x00007ffa02780000 - 0x00007ffa027b2000 	C:\WINDOWS\SYSTEM32\dbgcore.DLL
0x00007ffa1e850000 - 0x00007ffa1e8ca000 	C:\WINDOWS\System32\bcryptPrimitives.dll
0x00007ffa17b70000 - 0x00007ffa17b95000 	D:\android studio\jbr\bin\java.dll
0x00007ffa06af0000 - 0x00007ffa06b08000 	D:\android studio\jbr\bin\zip.dll
0x00007ffa1f4b0000 - 0x00007ffa1fd08000 	C:\WINDOWS\System32\SHELL32.dll
0x00007ffa1c390000 - 0x00007ffa1cc82000 	C:\WINDOWS\SYSTEM32\windows.storage.dll
0x00007ffa1c250000 - 0x00007ffa1c38e000 	C:\WINDOWS\SYSTEM32\wintypes.dll
0x00007ffa20f70000 - 0x00007ffa21063000 	C:\WINDOWS\System32\SHCORE.dll
0x00007ffa20f10000 - 0x00007ffa20f6e000 	C:\WINDOWS\System32\shlwapi.dll
0x00007ffa1e360000 - 0x00007ffa1e386000 	C:\WINDOWS\SYSTEM32\profapi.dll
0x00007ffa05e30000 - 0x00007ffa05e49000 	D:\android studio\jbr\bin\net.dll
0x00007ffa17950000 - 0x00007ffa17a87000 	C:\WINDOWS\SYSTEM32\WINHTTP.dll
0x00007ffa1d8f0000 - 0x00007ffa1d959000 	C:\WINDOWS\system32\mswsock.dll
0x00007ffa05e10000 - 0x00007ffa05e26000 	D:\android studio\jbr\bin\nio.dll
0x00007ffa18eb0000 - 0x00007ffa18ec0000 	D:\android studio\jbr\bin\verify.dll
0x00007ff9e8ae0000 - 0x00007ff9e8b07000 	C:\Users\hachem safae\.gradle\native\e1d6ef7f7dcc3fd88c89a11ec53ec762bb8ba0a96d01ffa2cd45eb1d1d8dd5c5\windows-amd64\native-platform.dll
0x00007ff9c44f0000 - 0x00007ff9c4634000 	C:\Users\hachem safae\.gradle\native\5664cfc778a61ccfe75a443a1ab52a65af34e5dc3c78e0209fed803814484fcb\windows-amd64\native-platform-file-events.dll
0x00007ffa06ae0000 - 0x00007ffa06ae9000 	D:\android studio\jbr\bin\management.dll
0x00007ffa068d0000 - 0x00007ffa068db000 	D:\android studio\jbr\bin\management_ext.dll
0x00007ffa20bf0000 - 0x00007ffa20bf8000 	C:\WINDOWS\System32\PSAPI.DLL
0x00007ffa1db40000 - 0x00007ffa1db5b000 	C:\WINDOWS\SYSTEM32\CRYPTSP.dll
0x00007ffa1d3d0000 - 0x00007ffa1d405000 	C:\WINDOWS\system32\rsaenh.dll
0x00007ffa1d9e0000 - 0x00007ffa1da0c000 	C:\WINDOWS\SYSTEM32\USERENV.dll
0x00007ffa1dd00000 - 0x00007ffa1dd28000 	C:\WINDOWS\SYSTEM32\bcrypt.dll
0x00007ffa1db60000 - 0x00007ffa1db6c000 	C:\WINDOWS\SYSTEM32\CRYPTBASE.dll
0x00007ffa1cef0000 - 0x00007ffa1cf1d000 	C:\WINDOWS\SYSTEM32\IPHLPAPI.DLL
0x00007ffa201a0000 - 0x00007ffa201a9000 	C:\WINDOWS\System32\NSI.dll
0x00007ffa17660000 - 0x00007ffa17679000 	C:\WINDOWS\SYSTEM32\dhcpcsvc6.DLL
0x00007ffa17640000 - 0x00007ffa1765f000 	C:\WINDOWS\SYSTEM32\dhcpcsvc.DLL
0x00007ffa1cf60000 - 0x00007ffa1d059000 	C:\WINDOWS\SYSTEM32\DNSAPI.dll
0x00007ffa05e00000 - 0x00007ffa05e08000 	C:\WINDOWS\system32\wshunix.dll
0x00007ff9fd170000 - 0x00007ff9fd187000 	C:\WINDOWS\system32\napinsp.dll
0x00007ff9fd0f0000 - 0x00007ff9fd10b000 	C:\WINDOWS\system32\pnrpnsp.dll
0x00007ffa04830000 - 0x00007ffa04841000 	C:\WINDOWS\System32\winrnr.dll
0x00007ffa04810000 - 0x00007ffa04825000 	C:\WINDOWS\system32\wshbth.dll
0x00007ffa047e0000 - 0x00007ffa04801000 	C:\WINDOWS\system32\nlansp_c.dll
0x00007ffa14060000 - 0x00007ffa1406a000 	C:\Windows\System32\rasadhlp.dll
0x00007ffa16c20000 - 0x00007ffa16ca4000 	C:\WINDOWS\System32\fwpuclnt.dll

dbghelp: loaded successfully - version: 4.0.5 - missing functions: none
symbol engine: initialized successfully - sym options: 0x614 - pdb path: .;D:\android studio\jbr\bin;C:\WINDOWS\SYSTEM32;C:\WINDOWS\WinSxS\amd64_microsoft.windows.common-controls_6595b64144ccf1df_6.0.22621.2361_none_2712ced57382f843;D:\android studio\jbr\bin\server;C:\Users\hachem safae\.gradle\native\e1d6ef7f7dcc3fd88c89a11ec53ec762bb8ba0a96d01ffa2cd45eb1d1d8dd5c5\windows-amd64;C:\Users\hachem safae\.gradle\native\5664cfc778a61ccfe75a443a1ab52a65af34e5dc3c78e0209fed803814484fcb\windows-amd64

VM Arguments:
jvm_args: --add-opens=java.base/java.util=ALL-UNNAMED --add-opens=java.base/java.lang=ALL-UNNAMED --add-opens=java.base/java.lang.invoke=ALL-UNNAMED --add-opens=java.base/java.util=ALL-UNNAMED --add-opens=java.prefs/java.util.prefs=ALL-UNNAMED --add-opens=java.prefs/java.util.prefs=ALL-UNNAMED --add-opens=java.base/java.nio.charset=ALL-UNNAMED --add-opens=java.base/java.net=ALL-UNNAMED --add-opens=java.base/java.util.concurrent.atomic=ALL-UNNAMED -Xmx2048m -Dfile.encoding=UTF-8 -Duser.country=FR -Duser.language=fr -Duser.variant 
java_command: org.gradle.launcher.daemon.bootstrap.GradleDaemon 7.3.3
java_class_path (initial): C:\Users\hachem safae\.gradle\wrapper\dists\gradle-7.3.3-bin\6a41zxkdtcxs8rphpq6y0069z\gradle-7.3.3\lib\gradle-launcher-7.3.3.jar
Launcher Type: SUN_STANDARD

[Global flags]
     intx CICompilerCount                          = 4                                         {product} {ergonomic}
     uint ConcGCThreads                            = 2                                         {product} {ergonomic}
     uint G1ConcRefinementThreads                  = 8                                         {product} {ergonomic}
   size_t G1HeapRegionSize                         = 1048576                                   {product} {ergonomic}
    uintx GCDrainStackTargetSize                   = 64                                        {product} {ergonomic}
   size_t InitialHeapSize                          = 266338304                                 {product} {ergonomic}
   size_t MarkStackSize                            = 4194304                                   {product} {ergonomic}
   size_t MaxHeapSize                              = 2147483648                                {product} {command line}
   size_t MaxNewSize                               = 1287651328                                {product} {ergonomic}
   size_t MinHeapDeltaBytes                        = 1048576                                   {product} {ergonomic}
   size_t MinHeapSize                              = 8388608                                   {product} {ergonomic}
    uintx NonNMethodCodeHeapSize                   = 5839372                                {pd product} {ergonomic}
    uintx NonProfiledCodeHeapSize                  = 122909434                              {pd product} {ergonomic}
    uintx ProfiledCodeHeapSize                     = 122909434                              {pd product} {ergonomic}
    uintx ReservedCodeCacheSize                    = 251658240                              {pd product} {ergonomic}
     bool SegmentedCodeCache                       = true                                      {product} {ergonomic}
   size_t SoftMaxHeapSize                          = 2147483648                             {manageable} {ergonomic}
     bool UseCompressedClassPointers               = true                           {product lp64_product} {ergonomic}
     bool UseCompressedOops                        = true                           {product lp64_product} {ergonomic}
     bool UseG1GC                                  = true                                      {product} {ergonomic}
     bool UseLargePagesIndividualAllocation        = false                                  {pd product} {ergonomic}

Logging:
Log output configuration:
 #0: stdout all=warning uptime,level,tags
 #1: stderr all=off uptime,level,tags

Environment Variables:
JAVA_HOME=C:\Program Files\Java\jdk-11
PATH=C:\Program Files (x86)\Common Files\Oracle\Java\javapath;C:\Program Files (x86)\VMware\VMware Workstation\bin\;D:\oraclexe\app\oracle\product\11.2.0\server\bin;C:\Program Files\Common Files\Oracle\Java\javapath;C:\WINDOWS\system32;C:\WINDOWS;C:\WINDOWS\System32\Wbem;C:\WINDOWS\System32\WindowsPowerShell\v1.0\;C:\WINDOWS\System32\OpenSSH\;c:\Program Files (x86)\Microsoft SQL Server\100\Tools\Binn\;c:\Program Files\Microsoft SQL Server\100\Tools\Binn\;c:\Program Files\Microsoft SQL Server\100\DTS\Binn\;C:\Program Files\Java\jdk-11\bin;C:\Program Files\Java\jdk-19\bin;C:\Program Files\Common Files\Oracle\Java\javapath;C:\ProgramData\ComposerSetup\bin;D:\XAAMP\php\php.exe;D:\xamp\php;C:\Program Files\wkhtmltopdf\bin;D:\node;C:\Program Files\Git\cmd;C:\Program Files\nodejs\;C:\Program Files\MongoDB\Server\6.0\bin;D:\XAAMP\php;C:\Users\hachem safae\AppData\Local\Programs\Python\Python310\Scripts\;C:\Users\hachem safae\AppData\Local\Programs\Python\Python310\;C:\Program Files\MySQL\MySQL Shell 8.0\bin\;C:\Users\hachem safae\AppData\Local\Microsoft\WindowsApps;C:\Users\hachem safae\AppData\Roaming\Dashlane\6.2007.0.32704\bin\Firefox_Extension\{442718d9-475e-452a-b3e1-fb1ee16b8e9f}\components;C:\Users\hachem safae\AppData\Roaming\Dashlane\6.2007.0.32704\ucrt;C:\Users\hachem safae\AppData\Roaming\Dashlane\6.2007.0.32704\bin\Qt;C:\Users\hachem safae\AppData\Roaming\Dashlane\6.2007.0.32704\bin\Ssl;C:\Program Files\JetBrains\IntelliJ IDEA Community Edition 2020.2.2\bin;C:\Users\hachem safae\AppData\Local\Microsoft\WindowsApps;C:\Users\hachem safae\AppData\Local\Programs\Microsoft VS Code\bin;C:\Program Files\IntelliJ IDEA Community Edition 2022.3.2\bin;;C:\Users\hachem safae\AppData\Local\ComposerSetup\bin;C:\Users\hachem safae\AppData\Roaming\Composer\vendor\bin;C:\Users\hachem safae\AppData\Roaming\npm;D:\android2\platform-tools;D:\XAAMP\php;C:\wamp64\bin\php\php5.6.40;
USERNAME=hachem safae
OS=Windows_NT
PROCESSOR_IDENTIFIER=Intel64 Family 6 Model 142 Stepping 12, GenuineIntel
TMP=C:\Users\HACHEM~1\AppData\Local\Temp
TEMP=C:\Users\HACHEM~1\AppData\Local\Temp


JNI global refs:
JNI global refs: 28, weak refs: 9

JNI global refs memory usage: 843, weak refs: 841


---------------  S Y S T E M  ---------------

OS:
 Windows 11 , 64 bit Build 22621 (10.0.22621.2428)
OS uptime: 0 days 2:41 hours

CPU: total 8 (initial active 8) (4 cores per cpu, 2 threads per core) family 6 model 142 stepping 12 microcode 0xf6, cx8, cmov, fxsr, ht, mmx, 3dnowpref, sse, sse2, sse3, ssse3, sse4.1, sse4.2, popcnt, lzcnt, tsc, tscinvbit, avx, avx2, aes, erms, clmul, bmi1, bmi2, adx, fma, vzeroupper, clflush, clflushopt

Memory: 4k page, system-wide physical 16194M (2107M free)
TotalPageFile size 18242M (AvailPageFile size 47M)
current process WorkingSet (physical memory assigned to process): 447M, peak: 447M
current process commit charge ("private bytes"): 480M, peak: 523M

vm_info: OpenJDK 64-Bit Server VM (17.0.6+0-b2043.56-10027231) for windows-amd64 JRE (17.0.6+0-b2043.56-10027231), built on Apr 28 2023 00:43:19 by "androidbuild" with MS VC++ 16.10 / 16.11 (VS2019)

END.
