#
# There is insufficient memory for the Java Runtime Environment to continue.
# Native memory allocation (mmap) failed to map 329252864 bytes for G1 virtual space
# Possible reasons:
#   The system is out of physical RAM or swap space
#   The process is running with CompressedOops enabled, and the Java Heap may be blocking the growth of the native heap
# Possible solutions:
#   Reduce memory load on the system
#   Increase physical memory or swap space
#   Check if swap backing store is full
#   Decrease Java heap size (-Xmx/-Xms)
#   Decrease number of Java threads
#   Decrease Java thread stack sizes (-Xss)
#   Set larger code cache with -XX:ReservedCodeCacheSize=
#   JVM is running with Unscaled Compressed Oops mode in which the Java heap is
#     placed in the first 4GB address space. The Java Heap base address is the
#     maximum limit for the native heap growth. Please use -XX:HeapBaseMinAddress
#     to set the Java Heap base and to place the Java Heap above 4GB virtual address.
# This output file may be truncated or incomplete.
#
#  Out of Memory Error (os_windows.cpp:3769), pid=692, tid=18508
#
# JRE version: OpenJDK Runtime Environment (17.0.6) (build 17.0.6+0-b2043.56-10027231)
# Java VM: OpenJDK 64-Bit Server VM (17.0.6+0-b2043.56-10027231, mixed mode, tiered, compressed oops, compressed class ptrs, g1 gc, windows-amd64)
# No core dump will be written. Minidumps are not enabled by default on client versions of Windows
#

---------------  S U M M A R Y ------------

Command Line: --add-opens=java.base/java.util=ALL-UNNAMED --add-opens=java.base/java.lang=ALL-UNNAMED --add-opens=java.base/java.lang.invoke=ALL-UNNAMED --add-opens=java.base/java.util=ALL-UNNAMED --add-opens=java.prefs/java.util.prefs=ALL-UNNAMED --add-opens=java.prefs/java.util.prefs=ALL-UNNAMED --add-opens=java.base/java.nio.charset=ALL-UNNAMED --add-opens=java.base/java.net=ALL-UNNAMED --add-opens=java.base/java.util.concurrent.atomic=ALL-UNNAMED -Xmx2048m -Dfile.encoding=UTF-8 -Duser.country=FR -Duser.language=fr -Duser.variant org.gradle.launcher.daemon.bootstrap.GradleDaemon 7.3.3

Host: Intel(R) Core(TM) i7-8565U CPU @ 1.80GHz, 8 cores, 15G,  Windows 11 , 64 bit Build 22621 (10.0.22621.2428)
Time: Mon Oct 16 20:45:21 2023 Maroc (heure d64 bit Build 22621 (10.0.22621.2428) elapsed time: 20.279987 seconds (0d 0h 0m 20s)

---------------  T H R E A D  ---------------

Current thread (0x000001f086eeaad0):  VMThread "VM Thread" [stack: 0x000000e3c4a00000,0x000000e3c4b00000] [id=18508]

Stack: [0x000000e3c4a00000,0x000000e3c4b00000]
Native frames: (J=compiled Java code, j=interpreted, Vv=VM code, C=native code)
V  [jvm.dll+0x683c9a]
V  [jvm.dll+0x8427a4]
V  [jvm.dll+0x843f9e]
V  [jvm.dll+0x844603]
V  [jvm.dll+0x249b75]
V  [jvm.dll+0x680b69]
V  [jvm.dll+0x67505a]
V  [jvm.dll+0x309acb]
V  [jvm.dll+0x310f86]
V  [jvm.dll+0x3608ee]
V  [jvm.dll+0x360b1f]
V  [jvm.dll+0x2dfbf8]
V  [jvm.dll+0x2ddec4]
V  [jvm.dll+0x2dd4cc]
V  [jvm.dll+0x321f3b]
V  [jvm.dll+0x848ccb]
V  [jvm.dll+0x849a04]
V  [jvm.dll+0x849f1d]
V  [jvm.dll+0x84a2f4]
V  [jvm.dll+0x84a3c0]
V  [jvm.dll+0x7f274a]
V  [jvm.dll+0x682ad5]
C  [ucrtbase.dll+0x29363]
C  [KERNEL32.DLL+0x1257d]
C  [ntdll.dll+0x5aa78]

VM_Operation (0x000000e3c83fa170): G1CollectForAllocation, mode: safepoint, requested by thread 0x000001f08da40ae0


---------------  P R O C E S S  ---------------

Threads class SMR info:
_java_thread_list=0x000001f0891cbd90, length=137, elements={
0x000001f0ecf9da00, 0x000001f087822e70, 0x000001f087824940, 0x000001f08788afd0,
0x000001f08788b990, 0x000001f08788e860, 0x000001f08788f630, 0x000001f087890b60,
0x000001f0878b1a10, 0x000001f0878b2ba0, 0x000001f087a4e2e0, 0x000001f087a4f3d0,
0x000001f08a2674d0, 0x000001f087d88050, 0x000001f08911e880, 0x000001f08a177e80,
0x000001f0892a7ec0, 0x000001f088c14920, 0x000001f08a262d80, 0x000001f087be8f50,
0x000001f087be85b0, 0x000001f087be8a80, 0x000001f087be7270, 0x000001f087be98f0,
0x000001f087be80e0, 0x000001f087be9420, 0x000001f087be5f30, 0x000001f087be68d0,
0x000001f087be6da0, 0x000001f08da44970, 0x000001f08da44e40, 0x000001f08da457e0,
0x000001f08da45310, 0x000001f08da45cb0, 0x000001f08da40fb0, 0x000001f08da46180,
0x000001f08da3ee00, 0x000001f08da41950, 0x000001f08da3e930, 0x000001f08da43b00,
0x000001f08da3f2d0, 0x000001f08da3f7a0, 0x000001f08da3fc70, 0x000001f08da40140,
0x000001f08da42c90, 0x000001f08da40610, 0x000001f08da40ae0, 0x000001f08da43fd0,
0x000001f08da422f0, 0x000001f08da43160, 0x000001f08da444a0, 0x000001f08fbe4540,
0x000001f08fbea580, 0x000001f08fbe66f0, 0x000001f08fbea0b0, 0x000001f08fbe88a0,
0x000001f08fbeaa50, 0x000001f08fbe9be0, 0x000001f08fbe7560, 0x000001f08fbe9710,
0x000001f08fbe7a30, 0x000001f08fbe7f00, 0x000001f08fbe5880, 0x000001f08fbe3200,
0x000001f08fbe4070, 0x000001f08fbe83d0, 0x000001f08fbe8d70, 0x000001f08fbe9240,
0x000001f08fbe7090, 0x000001f08fbe4a10, 0x000001f08fbe36d0, 0x000001f08fbe3ba0,
0x000001f08fbe6bc0, 0x000001f08fbe4ee0, 0x000001f08fbe53b0, 0x000001f08fbe5d50,
0x000001f08fbe6220, 0x000001f08fbd7070, 0x000001f08fbda090, 0x000001f08fbd9bc0,
0x000001f08fbd8880, 0x000001f08fbd49f0, 0x000001f08fbd8d50, 0x000001f08fbdaa30,
0x000001f08fbd4ec0, 0x000001f08fbd4050, 0x000001f08fbd7540, 0x000001f08fbd4520,
0x000001f08fbd5390, 0x000001f08fbd7a10, 0x000001f08fbd5860, 0x000001f08fbd5d30,
0x000001f08fbd3b80, 0x000001f08fbd6200, 0x000001f08fbd66d0, 0x000001f08fbd31e0,
0x000001f08fbd9220, 0x000001f08fbd6ba0, 0x000001f08fbd7ee0, 0x000001f08fbd83b0,
0x000001f08fbd96f0, 0x000001f08fbda560, 0x000001f08fbd36b0, 0x000001f08d125de0,
0x000001f08d123290, 0x000001f08d11fda0, 0x000001f08d120270, 0x000001f08d125910,
0x000001f08d124100, 0x000001f08d1245d0, 0x000001f08d124aa0, 0x000001f08d122dc0,
0x000001f08d121f50, 0x000001f08d120740, 0x000001f08d11ef30, 0x000001f08d11e590,
0x000001f08d120c10, 0x000001f08d1210e0, 0x000001f08d124f70, 0x000001f08d125440,
0x000001f08d11ea60, 0x000001f08d1215b0, 0x000001f08d121a80, 0x000001f08d123760,
0x000001f08d30e8c0, 0x000001f08d30aa30, 0x000001f08d30af00, 0x000001f08d30bd70,
0x000001f08d30c240, 0x000001f08d30b3d0, 0x000001f08d30fc00, 0x000001f08d30da50,
0x000001f08d30b8a0, 0x000001f08d30f730, 0x000001f090a4d120, 0x000001f08d30a560,
0x000001f090a4d630
}

Java Threads: ( => current thread )
  0x000001f0ecf9da00 JavaThread "main" [_thread_blocked, id=14432, stack(0x000000e3c4400000,0x000000e3c4500000)]
  0x000001f087822e70 JavaThread "Reference Handler" daemon [_thread_blocked, id=16616, stack(0x000000e3c4b00000,0x000000e3c4c00000)]
  0x000001f087824940 JavaThread "Finalizer" daemon [_thread_blocked, id=11924, stack(0x000000e3c4c00000,0x000000e3c4d00000)]
  0x000001f08788afd0 JavaThread "Signal Dispatcher" daemon [_thread_blocked, id=20008, stack(0x000000e3c4d00000,0x000000e3c4e00000)]
  0x000001f08788b990 JavaThread "Attach Listener" daemon [_thread_blocked, id=20040, stack(0x000000e3c4e00000,0x000000e3c4f00000)]
  0x000001f08788e860 JavaThread "Service Thread" daemon [_thread_blocked, id=10940, stack(0x000000e3c4f00000,0x000000e3c5000000)]
  0x000001f08788f630 JavaThread "Monitor Deflation Thread" daemon [_thread_blocked, id=20384, stack(0x000000e3c5000000,0x000000e3c5100000)]
  0x000001f087890b60 JavaThread "C2 CompilerThread0" daemon [_thread_blocked, id=6128, stack(0x000000e3c5100000,0x000000e3c5200000)]
  0x000001f0878b1a10 JavaThread "C1 CompilerThread0" daemon [_thread_blocked, id=19732, stack(0x000000e3c5200000,0x000000e3c5300000)]
  0x000001f0878b2ba0 JavaThread "Sweeper thread" daemon [_thread_blocked, id=17456, stack(0x000000e3c5300000,0x000000e3c5400000)]
  0x000001f087a4e2e0 JavaThread "Common-Cleaner" daemon [_thread_blocked, id=20748, stack(0x000000e3c5400000,0x000000e3c5500000)]
  0x000001f087a4f3d0 JavaThread "Notification Thread" daemon [_thread_blocked, id=20044, stack(0x000000e3c5500000,0x000000e3c5600000)]
  0x000001f08a2674d0 JavaThread "Daemon health stats" [_thread_blocked, id=9836, stack(0x000000e3c5e00000,0x000000e3c5f00000)]
  0x000001f087d88050 JavaThread "Incoming local TCP Connector on port 53570" [_thread_in_native, id=1772, stack(0x000000e3c5700000,0x000000e3c5800000)]
  0x000001f08911e880 JavaThread "Daemon periodic checks" [_thread_blocked, id=2168, stack(0x000000e3c5800000,0x000000e3c5900000)]
  0x000001f08a177e80 JavaThread "Daemon" [_thread_blocked, id=17676, stack(0x000000e3c6000000,0x000000e3c6100000)]
  0x000001f0892a7ec0 JavaThread "Handler for socket connection from /127.0.0.1:53570 to /127.0.0.1:53571" [_thread_in_native, id=14652, stack(0x000000e3c6100000,0x000000e3c6200000)]
  0x000001f088c14920 JavaThread "Cancel handler" [_thread_blocked, id=18112, stack(0x000000e3c6200000,0x000000e3c6300000)]
  0x000001f08a262d80 JavaThread "Daemon worker" [_thread_blocked, id=18264, stack(0x000000e3c6300000,0x000000e3c6400000)]
  0x000001f087be8f50 JavaThread "Asynchronous log dispatcher for DefaultDaemonConnection: socket connection from /127.0.0.1:53570 to /127.0.0.1:53571" [_thread_blocked, id=10856, stack(0x000000e3c6400000,0x000000e3c6500000)]
  0x000001f087be85b0 JavaThread "Stdin handler" [_thread_blocked, id=18936, stack(0x000000e3c6500000,0x000000e3c6600000)]
  0x000001f087be8a80 JavaThread "Daemon client event forwarder" [_thread_blocked, id=5080, stack(0x000000e3c6600000,0x000000e3c6700000)]
  0x000001f087be7270 JavaThread "Cache worker for journal cache (C:\Users\hachem safae\.gradle\caches\journal-1)" [_thread_blocked, id=17296, stack(0x000000e3c6700000,0x000000e3c6800000)]
  0x000001f087be98f0 JavaThread "File lock request listener" [_thread_in_native, id=16512, stack(0x000000e3c6b00000,0x000000e3c6c00000)]
  0x000001f087be80e0 JavaThread "Cache worker for file hash cache (C:\Users\hachem safae\.gradle\caches\7.3.3\fileHashes)" [_thread_blocked, id=13408, stack(0x000000e3c6c00000,0x000000e3c6d00000)]
  0x000001f087be9420 JavaThread "Cache worker for file hash cache (C:\Users\hachem safae\Downloads\List3\.gradle\7.3.3\fileHashes)" [_thread_blocked, id=19044, stack(0x000000e3c6d00000,0x000000e3c6e00000)]
  0x000001f087be5f30 JavaThread "File watcher server" daemon [_thread_blocked, id=8944, stack(0x000000e3c6f00000,0x000000e3c7000000)]
  0x000001f087be68d0 JavaThread "File watcher consumer" daemon [_thread_blocked, id=1784, stack(0x000000e3c7000000,0x000000e3c7100000)]
  0x000001f087be6da0 JavaThread "Cache worker for checksums cache (C:\Users\hachem safae\Downloads\List3\.gradle\7.3.3\checksums)" [_thread_blocked, id=20940, stack(0x000000e3c7100000,0x000000e3c7200000)]
  0x000001f08da44970 JavaThread "Cache worker for cache directory md-supplier (C:\Users\hachem safae\.gradle\caches\7.3.3\md-supplier)" [_thread_blocked, id=19676, stack(0x000000e3c7200000,0x000000e3c7300000)]
  0x000001f08da44e40 JavaThread "Cache worker for cache directory md-rule (C:\Users\hachem safae\.gradle\caches\7.3.3\md-rule)" [_thread_blocked, id=740, stack(0x000000e3c7300000,0x000000e3c7400000)]
  0x000001f08da457e0 JavaThread "Cache worker for execution history cache (C:\Users\hachem safae\.gradle\caches\7.3.3\executionHistory)" [_thread_blocked, id=18920, stack(0x000000e3c7400000,0x000000e3c7500000)]
  0x000001f08da45310 JavaThread "jar transforms" [_thread_blocked, id=20732, stack(0x000000e3c7500000,0x000000e3c7600000)]
  0x000001f08da45cb0 JavaThread "jar transforms Thread 2" [_thread_blocked, id=19776, stack(0x000000e3c7600000,0x000000e3c7700000)]
  0x000001f08da40fb0 JavaThread "Cache worker for file content cache (C:\Users\hachem safae\.gradle\caches\7.3.3\fileContent)" [_thread_blocked, id=19640, stack(0x000000e3c7700000,0x000000e3c7800000)]
  0x000001f08da46180 JavaThread "jar transforms Thread 3" [_thread_blocked, id=16272, stack(0x000000e3c7800000,0x000000e3c7900000)]
  0x000001f08da3ee00 JavaThread "jar transforms Thread 4" [_thread_blocked, id=12584, stack(0x000000e3c7900000,0x000000e3c7a00000)]
  0x000001f08da41950 JavaThread "Cache worker for dependencies-accessors (C:\Users\hachem safae\Downloads\List3\.gradle\7.3.3\dependencies-accessors)" [_thread_blocked, id=8992, stack(0x000000e3c7a00000,0x000000e3c7b00000)]
  0x000001f08da3e930 JavaThread "jar transforms Thread 5" [_thread_blocked, id=21208, stack(0x000000e3c7b00000,0x000000e3c7c00000)]
  0x000001f08da43b00 JavaThread "Cache worker for Build Output Cleanup Cache (C:\Users\hachem safae\Downloads\List3\.gradle\buildOutputCleanup)" [_thread_blocked, id=12692, stack(0x000000e3c7c00000,0x000000e3c7d00000)]
  0x000001f08da3f2d0 JavaThread "Unconstrained build operations" [_thread_blocked, id=8512, stack(0x000000e3c7d00000,0x000000e3c7e00000)]
  0x000001f08da3f7a0 JavaThread "Unconstrained build operations Thread 2" [_thread_blocked, id=19288, stack(0x000000e3c7e00000,0x000000e3c7f00000)]
  0x000001f08da3fc70 JavaThread "Unconstrained build operations Thread 3" [_thread_blocked, id=16928, stack(0x000000e3c7f00000,0x000000e3c8000000)]
  0x000001f08da40140 JavaThread "Unconstrained build operations Thread 4" [_thread_blocked, id=7576, stack(0x000000e3c8000000,0x000000e3c8100000)]
  0x000001f08da42c90 JavaThread "Unconstrained build operations Thread 5" [_thread_blocked, id=20324, stack(0x000000e3c8100000,0x000000e3c8200000)]
  0x000001f08da40610 JavaThread "Unconstrained build operations Thread 6" [_thread_blocked, id=20944, stack(0x000000e3c8200000,0x000000e3c8300000)]
  0x000001f08da40ae0 JavaThread "Unconstrained build operations Thread 7" [_thread_blocked, id=5380, stack(0x000000e3c8300000,0x000000e3c8400000)]
  0x000001f08da43fd0 JavaThread "Unconstrained build operations Thread 8" [_thread_blocked, id=12132, stack(0x000000e3c8400000,0x000000e3c8500000)]
  0x000001f08da422f0 JavaThread "Unconstrained build operations Thread 9" [_thread_blocked, id=14680, stack(0x000000e3c8500000,0x000000e3c8600000)]
  0x000001f08da43160 JavaThread "Unconstrained build operations Thread 10" [_thread_blocked, id=16436, stack(0x000000e3c8600000,0x000000e3c8700000)]
  0x000001f08da444a0 JavaThread "Unconstrained build operations Thread 11" [_thread_blocked, id=17668, stack(0x000000e3c8700000,0x000000e3c8800000)]
  0x000001f08fbe4540 JavaThread "Unconstrained build operations Thread 12" [_thread_blocked, id=19548, stack(0x000000e3c8800000,0x000000e3c8900000)]
  0x000001f08fbea580 JavaThread "Unconstrained build operations Thread 13" [_thread_blocked, id=20928, stack(0x000000e3c8900000,0x000000e3c8a00000)]
  0x000001f08fbe66f0 JavaThread "Unconstrained build operations Thread 14" [_thread_blocked, id=20756, stack(0x000000e3c8a00000,0x000000e3c8b00000)]
  0x000001f08fbea0b0 JavaThread "Unconstrained build operations Thread 15" [_thread_blocked, id=20744, stack(0x000000e3c8b00000,0x000000e3c8c00000)]
  0x000001f08fbe88a0 JavaThread "Unconstrained build operations Thread 16" [_thread_blocked, id=19100, stack(0x000000e3c8c00000,0x000000e3c8d00000)]
  0x000001f08fbeaa50 JavaThread "Unconstrained build operations Thread 17" [_thread_blocked, id=21028, stack(0x000000e3c8d00000,0x000000e3c8e00000)]
  0x000001f08fbe9be0 JavaThread "Unconstrained build operations Thread 18" [_thread_blocked, id=18880, stack(0x000000e3c8e00000,0x000000e3c8f00000)]
  0x000001f08fbe7560 JavaThread "Unconstrained build operations Thread 19" [_thread_blocked, id=4120, stack(0x000000e3c8f00000,0x000000e3c9000000)]
  0x000001f08fbe9710 JavaThread "Unconstrained build operations Thread 20" [_thread_blocked, id=20636, stack(0x000000e3c9000000,0x000000e3c9100000)]
  0x000001f08fbe7a30 JavaThread "Unconstrained build operations Thread 21" [_thread_blocked, id=15340, stack(0x000000e3c9100000,0x000000e3c9200000)]
  0x000001f08fbe7f00 JavaThread "Unconstrained build operations Thread 22" [_thread_blocked, id=20696, stack(0x000000e3c9200000,0x000000e3c9300000)]
  0x000001f08fbe5880 JavaThread "Unconstrained build operations Thread 23" [_thread_blocked, id=1652, stack(0x000000e3c9300000,0x000000e3c9400000)]
  0x000001f08fbe3200 JavaThread "Unconstrained build operations Thread 24" [_thread_blocked, id=18632, stack(0x000000e3c9400000,0x000000e3c9500000)]
  0x000001f08fbe4070 JavaThread "Unconstrained build operations Thread 25" [_thread_blocked, id=13184, stack(0x000000e3c9500000,0x000000e3c9600000)]
  0x000001f08fbe83d0 JavaThread "Unconstrained build operations Thread 26" [_thread_blocked, id=20808, stack(0x000000e3c9600000,0x000000e3c9700000)]
  0x000001f08fbe8d70 JavaThread "Unconstrained build operations Thread 27" [_thread_blocked, id=21476, stack(0x000000e3c9700000,0x000000e3c9800000)]
  0x000001f08fbe9240 JavaThread "Unconstrained build operations Thread 28" [_thread_blocked, id=20504, stack(0x000000e3c9800000,0x000000e3c9900000)]
  0x000001f08fbe7090 JavaThread "Unconstrained build operations Thread 29" [_thread_blocked, id=19516, stack(0x000000e3c9900000,0x000000e3c9a00000)]
  0x000001f08fbe4a10 JavaThread "Unconstrained build operations Thread 30" [_thread_blocked, id=3536, stack(0x000000e3c9a00000,0x000000e3c9b00000)]
  0x000001f08fbe36d0 JavaThread "Unconstrained build operations Thread 31" [_thread_blocked, id=7540, stack(0x000000e3c9b00000,0x000000e3c9c00000)]
  0x000001f08fbe3ba0 JavaThread "Unconstrained build operations Thread 32" [_thread_blocked, id=21164, stack(0x000000e3c9c00000,0x000000e3c9d00000)]
  0x000001f08fbe6bc0 JavaThread "Unconstrained build operations Thread 33" [_thread_blocked, id=5764, stack(0x000000e3c9d00000,0x000000e3c9e00000)]
  0x000001f08fbe4ee0 JavaThread "Unconstrained build operations Thread 34" [_thread_blocked, id=9768, stack(0x000000e3c9e00000,0x000000e3c9f00000)]
  0x000001f08fbe53b0 JavaThread "Unconstrained build operations Thread 35" [_thread_blocked, id=11720, stack(0x000000e3c9f00000,0x000000e3ca000000)]
  0x000001f08fbe5d50 JavaThread "Unconstrained build operations Thread 36" [_thread_blocked, id=20528, stack(0x000000e3ca000000,0x000000e3ca100000)]
  0x000001f08fbe6220 JavaThread "Unconstrained build operations Thread 37" [_thread_blocked, id=17436, stack(0x000000e3ca100000,0x000000e3ca200000)]
  0x000001f08fbd7070 JavaThread "Unconstrained build operations Thread 38" [_thread_blocked, id=21472, stack(0x000000e3ca200000,0x000000e3ca300000)]
  0x000001f08fbda090 JavaThread "Unconstrained build operations Thread 39" [_thread_blocked, id=19968, stack(0x000000e3ca300000,0x000000e3ca400000)]
  0x000001f08fbd9bc0 JavaThread "Unconstrained build operations Thread 40" [_thread_blocked, id=13084, stack(0x000000e3ca400000,0x000000e3ca500000)]
  0x000001f08fbd8880 JavaThread "Unconstrained build operations Thread 41" [_thread_blocked, id=9700, stack(0x000000e3ca500000,0x000000e3ca600000)]
  0x000001f08fbd49f0 JavaThread "Unconstrained build operations Thread 42" [_thread_blocked, id=11416, stack(0x000000e3ca600000,0x000000e3ca700000)]
  0x000001f08fbd8d50 JavaThread "Unconstrained build operations Thread 43" [_thread_blocked, id=10016, stack(0x000000e3ca700000,0x000000e3ca800000)]
  0x000001f08fbdaa30 JavaThread "Unconstrained build operations Thread 44" [_thread_blocked, id=11796, stack(0x000000e3ca800000,0x000000e3ca900000)]
  0x000001f08fbd4ec0 JavaThread "Unconstrained build operations Thread 45" [_thread_blocked, id=21124, stack(0x000000e3ca900000,0x000000e3caa00000)]
  0x000001f08fbd4050 JavaThread "Unconstrained build operations Thread 46" [_thread_blocked, id=16492, stack(0x000000e3caa00000,0x000000e3cab00000)]
  0x000001f08fbd7540 JavaThread "Unconstrained build operations Thread 47" [_thread_blocked, id=9764, stack(0x000000e3cab00000,0x000000e3cac00000)]
  0x000001f08fbd4520 JavaThread "Unconstrained build operations Thread 48" [_thread_blocked, id=19884, stack(0x000000e3cac00000,0x000000e3cad00000)]
  0x000001f08fbd5390 JavaThread "Unconstrained build operations Thread 49" [_thread_blocked, id=19768, stack(0x000000e3cad00000,0x000000e3cae00000)]
  0x000001f08fbd7a10 JavaThread "Unconstrained build operations Thread 50" [_thread_blocked, id=19932, stack(0x000000e3cae00000,0x000000e3caf00000)]
  0x000001f08fbd5860 JavaThread "Unconstrained build operations Thread 51" [_thread_blocked, id=11536, stack(0x000000e3caf00000,0x000000e3cb000000)]
  0x000001f08fbd5d30 JavaThread "Unconstrained build operations Thread 52" [_thread_blocked, id=19464, stack(0x000000e3cb000000,0x000000e3cb100000)]
  0x000001f08fbd3b80 JavaThread "Unconstrained build operations Thread 53" [_thread_blocked, id=4008, stack(0x000000e3cb100000,0x000000e3cb200000)]
  0x000001f08fbd6200 JavaThread "Unconstrained build operations Thread 54" [_thread_blocked, id=1748, stack(0x000000e3cb200000,0x000000e3cb300000)]
  0x000001f08fbd66d0 JavaThread "Unconstrained build operations Thread 55" [_thread_blocked, id=3088, stack(0x000000e3cb300000,0x000000e3cb400000)]
  0x000001f08fbd31e0 JavaThread "Unconstrained build operations Thread 56" [_thread_blocked, id=19148, stack(0x000000e3cb400000,0x000000e3cb500000)]
  0x000001f08fbd9220 JavaThread "Unconstrained build operations Thread 57" [_thread_blocked, id=3052, stack(0x000000e3cb500000,0x000000e3cb600000)]
  0x000001f08fbd6ba0 JavaThread "Unconstrained build operations Thread 58" [_thread_blocked, id=21148, stack(0x000000e3cb600000,0x000000e3cb700000)]
  0x000001f08fbd7ee0 JavaThread "Unconstrained build operations Thread 59" [_thread_blocked, id=18192, stack(0x000000e3cb700000,0x000000e3cb800000)]
  0x000001f08fbd83b0 JavaThread "Unconstrained build operations Thread 60" [_thread_blocked, id=10436, stack(0x000000e3cb800000,0x000000e3cb900000)]
  0x000001f08fbd96f0 JavaThread "Unconstrained build operations Thread 61" [_thread_blocked, id=10048, stack(0x000000e3cb900000,0x000000e3cba00000)]
  0x000001f08fbda560 JavaThread "Unconstrained build operations Thread 62" [_thread_blocked, id=3524, stack(0x000000e3cba00000,0x000000e3cbb00000)]
  0x000001f08fbd36b0 JavaThread "Unconstrained build operations Thread 63" [_thread_blocked, id=10720, stack(0x000000e3cbb00000,0x000000e3cbc00000)]
  0x000001f08d125de0 JavaThread "Unconstrained build operations Thread 64" [_thread_blocked, id=11404, stack(0x000000e3cbc00000,0x000000e3cbd00000)]
  0x000001f08d123290 JavaThread "Unconstrained build operations Thread 65" [_thread_blocked, id=8908, stack(0x000000e3cbd00000,0x000000e3cbe00000)]
  0x000001f08d11fda0 JavaThread "Unconstrained build operations Thread 66" [_thread_blocked, id=5124, stack(0x000000e3cbe00000,0x000000e3cbf00000)]
  0x000001f08d120270 JavaThread "Unconstrained build operations Thread 67" [_thread_blocked, id=8232, stack(0x000000e3cbf00000,0x000000e3cc000000)]
  0x000001f08d125910 JavaThread "Unconstrained build operations Thread 68" [_thread_blocked, id=13316, stack(0x000000e3cc000000,0x000000e3cc100000)]
  0x000001f08d124100 JavaThread "Unconstrained build operations Thread 69" [_thread_blocked, id=15664, stack(0x000000e3cc100000,0x000000e3cc200000)]
  0x000001f08d1245d0 JavaThread "Unconstrained build operations Thread 70" [_thread_blocked, id=2280, stack(0x000000e3cc200000,0x000000e3cc300000)]
  0x000001f08d124aa0 JavaThread "Unconstrained build operations Thread 71" [_thread_blocked, id=12356, stack(0x000000e3cc300000,0x000000e3cc400000)]
  0x000001f08d122dc0 JavaThread "Unconstrained build operations Thread 72" [_thread_blocked, id=12392, stack(0x000000e3cc400000,0x000000e3cc500000)]
  0x000001f08d121f50 JavaThread "Unconstrained build operations Thread 73" [_thread_blocked, id=8264, stack(0x000000e3cc500000,0x000000e3cc600000)]
  0x000001f08d120740 JavaThread "Unconstrained build operations Thread 74" [_thread_blocked, id=4600, stack(0x000000e3cc600000,0x000000e3cc700000)]
  0x000001f08d11ef30 JavaThread "Unconstrained build operations Thread 75" [_thread_blocked, id=1792, stack(0x000000e3cc700000,0x000000e3cc800000)]
  0x000001f08d11e590 JavaThread "Unconstrained build operations Thread 76" [_thread_blocked, id=5516, stack(0x000000e3cc800000,0x000000e3cc900000)]
  0x000001f08d120c10 JavaThread "Unconstrained build operations Thread 77" [_thread_blocked, id=9480, stack(0x000000e3cc900000,0x000000e3cca00000)]
  0x000001f08d1210e0 JavaThread "Unconstrained build operations Thread 78" [_thread_blocked, id=8744, stack(0x000000e3cca00000,0x000000e3ccb00000)]
  0x000001f08d124f70 JavaThread "Unconstrained build operations Thread 79" [_thread_blocked, id=15860, stack(0x000000e3ccb00000,0x000000e3ccc00000)]
  0x000001f08d125440 JavaThread "Unconstrained build operations Thread 80" [_thread_blocked, id=14732, stack(0x000000e3ccc00000,0x000000e3ccd00000)]
  0x000001f08d11ea60 JavaThread "jar transforms Thread 6" [_thread_blocked, id=17188, stack(0x000000e3ccd00000,0x000000e3cce00000)]
  0x000001f08d1215b0 JavaThread "jar transforms Thread 7" [_thread_blocked, id=20908, stack(0x000000e3cce00000,0x000000e3ccf00000)]
  0x000001f08d121a80 JavaThread "jar transforms Thread 8" [_thread_blocked, id=18060, stack(0x000000e3ccf00000,0x000000e3cd000000)]
  0x000001f08d123760 JavaThread "Memory manager" [_thread_blocked, id=13812, stack(0x000000e3cd000000,0x000000e3cd100000)]
  0x000001f08d30e8c0 JavaThread "build event listener" [_thread_blocked, id=8948, stack(0x000000e3cd100000,0x000000e3cd200000)]
  0x000001f08d30aa30 JavaThread "Execution worker for ':'" [_thread_blocked, id=19400, stack(0x000000e3cd200000,0x000000e3cd300000)]
  0x000001f08d30af00 JavaThread "Execution worker for ':' Thread 2" [_thread_blocked, id=19144, stack(0x000000e3cd300000,0x000000e3cd400000)]
  0x000001f08d30bd70 JavaThread "Execution worker for ':' Thread 3" [_thread_blocked, id=20668, stack(0x000000e3cd400000,0x000000e3cd500000)]
  0x000001f08d30c240 JavaThread "Execution worker for ':' Thread 4" [_thread_blocked, id=19436, stack(0x000000e3cd500000,0x000000e3cd600000)]
  0x000001f08d30b3d0 JavaThread "Execution worker for ':' Thread 5" [_thread_blocked, id=21120, stack(0x000000e3cd600000,0x000000e3cd700000)]
  0x000001f08d30fc00 JavaThread "Execution worker for ':' Thread 6" [_thread_blocked, id=21092, stack(0x000000e3cd700000,0x000000e3cd800000)]
  0x000001f08d30da50 JavaThread "Execution worker for ':' Thread 7" [_thread_blocked, id=17932, stack(0x000000e3cd800000,0x000000e3cd900000)]
  0x000001f08d30b8a0 JavaThread "Cache worker for execution history cache (C:\Users\hachem safae\Downloads\List3\.gradle\7.3.3\executionHistory)" [_thread_blocked, id=9676, stack(0x000000e3cd900000,0x000000e3cda00000)]
  0x000001f08d30f730 JavaThread "WorkerExecutor Queue" [_thread_blocked, id=8272, stack(0x000000e3cda00000,0x000000e3cdb00000)]
  0x000001f090a4d120 JavaThread "C2 CompilerThread1" daemon [_thread_blocked, id=16400, stack(0x000000e3c5f00000,0x000000e3c6000000)]
  0x000001f08d30a560 JavaThread "WorkerExecutor Queue Thread 2" [_thread_blocked, id=11632, stack(0x000000e3c6e00000,0x000000e3c6f00000)]
  0x000001f090a4d630 JavaThread "C2 CompilerThread2" daemon [_thread_blocked, id=4072, stack(0x000000e3cdb00000,0x000000e3cdc00000)]

Other Threads:
=>0x000001f086eeaad0 VMThread "VM Thread" [stack: 0x000000e3c4a00000,0x000000e3c4b00000] [id=18508]
  0x000001f087a500b0 WatcherThread [stack: 0x000000e3c5600000,0x000000e3c5700000] [id=18452]
  0x000001f0ecffa1c0 GCTaskThread "GC Thread#0" [stack: 0x000000e3c4500000,0x000000e3c4600000] [id=20536]
  0x000001f088b17340 GCTaskThread "GC Thread#1" [stack: 0x000000e3c5900000,0x000000e3c5a00000] [id=18844]
  0x000001f0886d51d0 GCTaskThread "GC Thread#2" [stack: 0x000000e3c5a00000,0x000000e3c5b00000] [id=9052]
  0x000001f0887c8a60 GCTaskThread "GC Thread#3" [stack: 0x000000e3c5b00000,0x000000e3c5c00000] [id=20424]
  0x000001f0887c36f0 GCTaskThread "GC Thread#4" [stack: 0x000000e3c5c00000,0x000000e3c5d00000] [id=12304]
  0x000001f0887c49c0 GCTaskThread "GC Thread#5" [stack: 0x000000e3c5d00000,0x000000e3c5e00000] [id=1916]
  0x000001f0887c4460 GCTaskThread "GC Thread#6" [stack: 0x000000e3c6800000,0x000000e3c6900000] [id=13716]
  0x000001f0887c41b0 GCTaskThread "GC Thread#7" [stack: 0x000000e3c6900000,0x000000e3c6a00000] [id=19260]
  0x000001f0ed00afa0 ConcurrentGCThread "G1 Main Marker" [stack: 0x000000e3c4600000,0x000000e3c4700000] [id=21204]
  0x000001f0ed00b850 ConcurrentGCThread "G1 Conc#0" [stack: 0x000000e3c4700000,0x000000e3c4800000] [id=19728]
  0x000001f0887c3c50 ConcurrentGCThread "G1 Conc#1" [stack: 0x000000e3c6a00000,0x000000e3c6b00000] [id=2108]
  0x000001f086d989a0 ConcurrentGCThread "G1 Refine#0" [stack: 0x000000e3c4800000,0x000000e3c4900000] [id=19380]
  0x000001f086d99070 ConcurrentGCThread "G1 Service" [stack: 0x000000e3c4900000,0x000000e3c4a00000] [id=5812]

Threads with active compile tasks:
C2 CompilerThread0    20301 11670       4       com.android.tools.r8.internal.xa::c (26 bytes)
C1 CompilerThread0    20301 11788       2       com.android.tools.r8.internal.xa::a (4216 bytes)
C2 CompilerThread1    20301 11785   !   4       com.android.tools.r8.graph.d1::j0 (91 bytes)
C2 CompilerThread2    20302 11779       4       com.android.tools.r8.internal.le::e (297 bytes)

VM state: at safepoint (normal execution)

VM Mutex/Monitor currently owned by a thread:  ([mutex/lock_event])
[0x000001f0ecf99cb0] Threads_lock - owner thread: 0x000001f086eeaad0
[0x000001f0ecf99170] Heap_lock - owner thread: 0x000001f08da40ae0

Heap address: 0x0000000080000000, size: 2048 MB, Compressed Oops mode: 32-bit

CDS archive(s) not mapped
Compressed class space mapped at: 0x0000000100000000-0x0000000140000000, reserved size: 1073741824
Narrow klass base: 0x0000000000000000, Narrow klass shift: 3, Narrow klass range: 0x140000000

GC Precious Log:
 CPUs: 8 total, 8 available
 Memory: 16194M
 Large Page Support: Disabled
 NUMA Support: Disabled
 Compressed Oops: Enabled (32-bit)
 Heap Region Size: 1M
 Heap Min Capacity: 8M
 Heap Initial Capacity: 254M
 Heap Max Capacity: 2G
 Pre-touch: Disabled
 Parallel Workers: 8
 Concurrent Workers: 2
 Concurrent Refinement Workers: 8
 Periodic GC: Disabled

Heap:
 garbage-first heap   total 260096K, used 139869K [0x0000000080000000, 0x0000000100000000)
  region size 1024K, 2 young (2048K), 2 survivors (2048K)
 Metaspace       used 97080K, committed 97664K, reserved 1138688K
  class space    used 13137K, committed 13376K, reserved 1048576K

Heap Regions: E=young(eden), S=young(survivor), O=old, HS=humongous(starts), HC=humongous(continues), CS=collection set, F=free, OA=open archive, CA=closed archive, TAMS=top-at-mark-start (previous, next)
|   0|0x0000000080000000, 0x0000000080100000, 0x0000000080100000|100%| O|  |TAMS 0x0000000080100000, 0x0000000080000000| Untracked 
|   1|0x0000000080100000, 0x0000000080200000, 0x0000000080200000|100%| O|  |TAMS 0x0000000080200000, 0x0000000080100000| Untracked 
|   2|0x0000000080200000, 0x0000000080300000, 0x0000000080300000|100%| O|  |TAMS 0x0000000080300000, 0x0000000080200000| Untracked 
|   3|0x0000000080300000, 0x0000000080400000, 0x0000000080400000|100%|HS|  |TAMS 0x0000000080400000, 0x0000000080300000| Complete 
|   4|0x0000000080400000, 0x0000000080500000, 0x0000000080500000|100%|HC|  |TAMS 0x0000000080500000, 0x0000000080400000| Complete 
|   5|0x0000000080500000, 0x0000000080600000, 0x0000000080600000|100%|HC|  |TAMS 0x0000000080600000, 0x0000000080500000| Complete 
|   6|0x0000000080600000, 0x0000000080700000, 0x0000000080700000|100%| O|  |TAMS 0x0000000080700000, 0x0000000080600000| Untracked 
|   7|0x0000000080700000, 0x0000000080800000, 0x0000000080800000|100%| O|  |TAMS 0x0000000080800000, 0x0000000080700000| Untracked 
|   8|0x0000000080800000, 0x0000000080900000, 0x0000000080900000|100%| O|  |TAMS 0x0000000080900000, 0x0000000080800000| Untracked 
|   9|0x0000000080900000, 0x0000000080a00000, 0x0000000080a00000|100%| O|  |TAMS 0x0000000080a00000, 0x0000000080900000| Untracked 
|  10|0x0000000080a00000, 0x0000000080b00000, 0x0000000080b00000|100%| O|  |TAMS 0x0000000080a00000, 0x0000000080a00000| Untracked 
|  11|0x0000000080b00000, 0x0000000080c00000, 0x0000000080c00000|100%| O|  |TAMS 0x0000000080c00000, 0x0000000080b00000| Untracked 
|  12|0x0000000080c00000, 0x0000000080d00000, 0x0000000080d00000|100%| O|  |TAMS 0x0000000080d00000, 0x0000000080c00000| Untracked 
|  13|0x0000000080d00000, 0x0000000080e00000, 0x0000000080e00000|100%| O|  |TAMS 0x0000000080e00000, 0x0000000080d00000| Untracked 
|  14|0x0000000080e00000, 0x0000000080f00000, 0x0000000080f00000|100%| O|  |TAMS 0x0000000080f00000, 0x0000000080e00000| Untracked 
|  15|0x0000000080f00000, 0x0000000081000000, 0x0000000081000000|100%| O|  |TAMS 0x0000000081000000, 0x0000000080f00000| Untracked 
|  16|0x0000000081000000, 0x0000000081100000, 0x0000000081100000|100%| O|  |TAMS 0x0000000081100000, 0x0000000081000000| Untracked 
|  17|0x0000000081100000, 0x0000000081200000, 0x0000000081200000|100%| O|  |TAMS 0x0000000081200000, 0x0000000081100000| Untracked 
|  18|0x0000000081200000, 0x0000000081300000, 0x0000000081300000|100%| O|  |TAMS 0x0000000081300000, 0x0000000081200000| Untracked 
|  19|0x0000000081300000, 0x0000000081400000, 0x0000000081400000|100%| O|  |TAMS 0x0000000081400000, 0x0000000081300000| Untracked 
|  20|0x0000000081400000, 0x0000000081500000, 0x0000000081500000|100%| O|  |TAMS 0x0000000081500000, 0x0000000081400000| Untracked 
|  21|0x0000000081500000, 0x0000000081600000, 0x0000000081600000|100%| O|  |TAMS 0x0000000081600000, 0x0000000081500000| Untracked 
|  22|0x0000000081600000, 0x0000000081700000, 0x0000000081700000|100%| O|  |TAMS 0x0000000081700000, 0x0000000081600000| Untracked 
|  23|0x0000000081700000, 0x0000000081800000, 0x0000000081800000|100%|HS|  |TAMS 0x0000000081800000, 0x0000000081700000| Complete 
|  24|0x0000000081800000, 0x0000000081900000, 0x0000000081900000|100%| O|  |TAMS 0x0000000081900000, 0x0000000081800000| Untracked 
|  25|0x0000000081900000, 0x0000000081a00000, 0x0000000081a00000|100%| O|  |TAMS 0x0000000081a00000, 0x0000000081900000| Untracked 
|  26|0x0000000081a00000, 0x0000000081b00000, 0x0000000081b00000|100%| O|  |TAMS 0x0000000081b00000, 0x0000000081a00000| Untracked 
|  27|0x0000000081b00000, 0x0000000081c00000, 0x0000000081c00000|100%| O|  |TAMS 0x0000000081c00000, 0x0000000081b00000| Untracked 
|  28|0x0000000081c00000, 0x0000000081d00000, 0x0000000081d00000|100%| O|  |TAMS 0x0000000081d00000, 0x0000000081c00000| Untracked 
|  29|0x0000000081d00000, 0x0000000081e00000, 0x0000000081e00000|100%| O|  |TAMS 0x0000000081e00000, 0x0000000081d00000| Untracked 
|  30|0x0000000081e00000, 0x0000000081f00000, 0x0000000081f00000|100%|HS|  |TAMS 0x0000000081f00000, 0x0000000081e00000| Complete 
|  31|0x0000000081f00000, 0x0000000082000000, 0x0000000082000000|100%|HC|  |TAMS 0x0000000082000000, 0x0000000081f00000| Complete 
|  32|0x0000000082000000, 0x0000000082100000, 0x0000000082100000|100%|HS|  |TAMS 0x0000000082100000, 0x0000000082000000| Complete 
|  33|0x0000000082100000, 0x0000000082200000, 0x0000000082200000|100%| O|  |TAMS 0x0000000082200000, 0x0000000082100000| Untracked 
|  34|0x0000000082200000, 0x0000000082300000, 0x0000000082300000|100%| O|  |TAMS 0x0000000082300000, 0x0000000082200000| Untracked 
|  35|0x0000000082300000, 0x0000000082400000, 0x0000000082400000|100%| O|  |TAMS 0x0000000082400000, 0x0000000082300000| Untracked 
|  36|0x0000000082400000, 0x0000000082500000, 0x0000000082500000|100%| O|  |TAMS 0x0000000082500000, 0x0000000082400000| Untracked 
|  37|0x0000000082500000, 0x0000000082600000, 0x0000000082600000|100%|HS|  |TAMS 0x0000000082600000, 0x0000000082500000| Complete 
|  38|0x0000000082600000, 0x0000000082700000, 0x0000000082700000|100%|HC|  |TAMS 0x0000000082700000, 0x0000000082600000| Complete 
|  39|0x0000000082700000, 0x0000000082800000, 0x0000000082800000|100%|HC|  |TAMS 0x0000000082800000, 0x0000000082700000| Complete 
|  40|0x0000000082800000, 0x0000000082900000, 0x0000000082900000|100%|HC|  |TAMS 0x0000000082900000, 0x0000000082800000| Complete 
|  41|0x0000000082900000, 0x0000000082a00000, 0x0000000082a00000|100%|HS|  |TAMS 0x0000000082a00000, 0x0000000082900000| Complete 
|  42|0x0000000082a00000, 0x0000000082b00000, 0x0000000082b00000|100%|HC|  |TAMS 0x0000000082b00000, 0x0000000082a00000| Complete 
|  43|0x0000000082b00000, 0x0000000082c00000, 0x0000000082c00000|100%| O|  |TAMS 0x0000000082c00000, 0x0000000082b00000| Untracked 
|  44|0x0000000082c00000, 0x0000000082d00000, 0x0000000082d00000|100%| O|  |TAMS 0x0000000082d00000, 0x0000000082c00000| Untracked 
|  45|0x0000000082d00000, 0x0000000082e00000, 0x0000000082e00000|100%| O|  |TAMS 0x0000000082e00000, 0x0000000082d00000| Untracked 
|  46|0x0000000082e00000, 0x0000000082f00000, 0x0000000082f00000|100%| O|  |TAMS 0x0000000082f00000, 0x0000000082e00000| Untracked 
|  47|0x0000000082f00000, 0x0000000083000000, 0x0000000083000000|100%| O|  |TAMS 0x0000000083000000, 0x0000000082f00000| Untracked 
|  48|0x0000000083000000, 0x0000000083100000, 0x0000000083100000|100%| O|  |TAMS 0x0000000083100000, 0x0000000083000000| Untracked 
|  49|0x0000000083100000, 0x0000000083200000, 0x0000000083200000|100%| O|  |TAMS 0x0000000083200000, 0x0000000083100000| Untracked 
|  50|0x0000000083200000, 0x0000000083300000, 0x0000000083300000|100%| O|  |TAMS 0x0000000083300000, 0x0000000083200000| Untracked 
|  51|0x0000000083300000, 0x0000000083400000, 0x0000000083400000|100%| O|  |TAMS 0x0000000083400000, 0x0000000083300000| Untracked 
|  52|0x0000000083400000, 0x0000000083500000, 0x0000000083500000|100%| O|  |TAMS 0x0000000083500000, 0x0000000083400000| Untracked 
|  53|0x0000000083500000, 0x0000000083600000, 0x0000000083600000|100%| O|  |TAMS 0x0000000083600000, 0x0000000083500000| Untracked 
|  54|0x0000000083600000, 0x0000000083700000, 0x0000000083700000|100%| O|  |TAMS 0x0000000083700000, 0x0000000083600000| Untracked 
|  55|0x0000000083700000, 0x0000000083800000, 0x0000000083800000|100%| O|  |TAMS 0x0000000083800000, 0x0000000083700000| Untracked 
|  56|0x0000000083800000, 0x0000000083900000, 0x0000000083900000|100%| O|  |TAMS 0x0000000083900000, 0x0000000083800000| Untracked 
|  57|0x0000000083900000, 0x0000000083a00000, 0x0000000083a00000|100%| O|  |TAMS 0x0000000083a00000, 0x0000000083900000| Untracked 
|  58|0x0000000083a00000, 0x0000000083b00000, 0x0000000083b00000|100%| O|  |TAMS 0x0000000083b00000, 0x0000000083a00000| Untracked 
|  59|0x0000000083b00000, 0x0000000083c00000, 0x0000000083c00000|100%| O|  |TAMS 0x0000000083c00000, 0x0000000083b00000| Untracked 
|  60|0x0000000083c00000, 0x0000000083d00000, 0x0000000083d00000|100%| O|  |TAMS 0x0000000083d00000, 0x0000000083c00000| Untracked 
|  61|0x0000000083d00000, 0x0000000083e00000, 0x0000000083e00000|100%| O|  |TAMS 0x0000000083e00000, 0x0000000083d00000| Untracked 
|  62|0x0000000083e00000, 0x0000000083f00000, 0x0000000083f00000|100%| O|  |TAMS 0x0000000083f00000, 0x0000000083e00000| Untracked 
|  63|0x0000000083f00000, 0x0000000084000000, 0x0000000084000000|100%| O|  |TAMS 0x0000000084000000, 0x0000000083f00000| Untracked 
|  64|0x0000000084000000, 0x0000000084100000, 0x0000000084100000|100%| O|  |TAMS 0x0000000084100000, 0x0000000084000000| Untracked 
|  65|0x0000000084100000, 0x0000000084200000, 0x0000000084200000|100%| O|  |TAMS 0x0000000084200000, 0x0000000084100000| Untracked 
|  66|0x0000000084200000, 0x0000000084300000, 0x0000000084300000|100%| O|  |TAMS 0x0000000084300000, 0x0000000084200000| Untracked 
|  67|0x0000000084300000, 0x0000000084400000, 0x0000000084400000|100%| O|  |TAMS 0x0000000084400000, 0x0000000084300000| Untracked 
|  68|0x0000000084400000, 0x0000000084500000, 0x0000000084500000|100%| O|  |TAMS 0x0000000084500000, 0x0000000084400000| Untracked 
|  69|0x0000000084500000, 0x0000000084600000, 0x0000000084600000|100%| O|  |TAMS 0x0000000084600000, 0x0000000084500000| Untracked 
|  70|0x0000000084600000, 0x0000000084700000, 0x0000000084700000|100%| O|  |TAMS 0x0000000084700000, 0x0000000084600000| Untracked 
|  71|0x0000000084700000, 0x0000000084800000, 0x0000000084800000|100%| O|  |TAMS 0x0000000084800000, 0x0000000084700000| Untracked 
|  72|0x0000000084800000, 0x0000000084900000, 0x0000000084900000|100%| O|  |TAMS 0x0000000084900000, 0x0000000084800000| Untracked 
|  73|0x0000000084900000, 0x0000000084a00000, 0x0000000084a00000|100%| O|  |TAMS 0x0000000084a00000, 0x0000000084900000| Untracked 
|  74|0x0000000084a00000, 0x0000000084b00000, 0x0000000084b00000|100%| O|  |TAMS 0x0000000084b00000, 0x0000000084a00000| Untracked 
|  75|0x0000000084b00000, 0x0000000084c00000, 0x0000000084c00000|100%| O|  |TAMS 0x0000000084c00000, 0x0000000084b00000| Untracked 
|  76|0x0000000084c00000, 0x0000000084d00000, 0x0000000084d00000|100%| O|  |TAMS 0x0000000084d00000, 0x0000000084c00000| Untracked 
|  77|0x0000000084d00000, 0x0000000084e00000, 0x0000000084e00000|100%| O|  |TAMS 0x0000000084e00000, 0x0000000084d00000| Untracked 
|  78|0x0000000084e00000, 0x0000000084f00000, 0x0000000084f00000|100%| O|  |TAMS 0x0000000084f00000, 0x0000000084e00000| Untracked 
|  79|0x0000000084f00000, 0x0000000085000000, 0x0000000085000000|100%| O|  |TAMS 0x0000000085000000, 0x0000000084f00000| Untracked 
|  80|0x0000000085000000, 0x0000000085100000, 0x0000000085100000|100%| O|  |TAMS 0x0000000085100000, 0x0000000085000000| Untracked 
|  81|0x0000000085100000, 0x0000000085200000, 0x0000000085200000|100%| O|  |TAMS 0x0000000085200000, 0x0000000085100000| Untracked 
|  82|0x0000000085200000, 0x0000000085300000, 0x0000000085300000|100%| O|  |TAMS 0x0000000085300000, 0x0000000085200000| Untracked 
|  83|0x0000000085300000, 0x0000000085400000, 0x0000000085400000|100%| O|  |TAMS 0x0000000085400000, 0x0000000085300000| Untracked 
|  84|0x0000000085400000, 0x0000000085400000, 0x0000000085500000|  0%| F|  |TAMS 0x0000000085400000, 0x0000000085400000| Untracked 
|  85|0x0000000085500000, 0x0000000085600000, 0x0000000085600000|100%| O|  |TAMS 0x0000000085600000, 0x0000000085500000| Untracked 
|  86|0x0000000085600000, 0x0000000085700000, 0x0000000085700000|100%| O|  |TAMS 0x0000000085700000, 0x0000000085600000| Untracked 
|  87|0x0000000085700000, 0x0000000085800000, 0x0000000085800000|100%| O|  |TAMS 0x0000000085800000, 0x0000000085700000| Untracked 
|  88|0x0000000085800000, 0x0000000085900000, 0x0000000085900000|100%| O|  |TAMS 0x0000000085900000, 0x0000000085800000| Untracked 
|  89|0x0000000085900000, 0x0000000085a00000, 0x0000000085a00000|100%| O|  |TAMS 0x0000000085a00000, 0x0000000085900000| Untracked 
|  90|0x0000000085a00000, 0x0000000085b00000, 0x0000000085b00000|100%| O|  |TAMS 0x0000000085b00000, 0x0000000085a00000| Untracked 
|  91|0x0000000085b00000, 0x0000000085c00000, 0x0000000085c00000|100%| O|  |TAMS 0x0000000085c00000, 0x0000000085b00000| Untracked 
|  92|0x0000000085c00000, 0x0000000085d00000, 0x0000000085d00000|100%| O|  |TAMS 0x0000000085d00000, 0x0000000085c00000| Untracked 
|  93|0x0000000085d00000, 0x0000000085e00000, 0x0000000085e00000|100%| O|  |TAMS 0x0000000085e00000, 0x0000000085d00000| Untracked 
|  94|0x0000000085e00000, 0x0000000085f00000, 0x0000000085f00000|100%| O|  |TAMS 0x0000000085f00000, 0x0000000085e00000| Untracked 
|  95|0x0000000085f00000, 0x0000000086000000, 0x0000000086000000|100%| O|  |TAMS 0x0000000086000000, 0x0000000085f00000| Untracked 
|  96|0x0000000086000000, 0x0000000086100000, 0x0000000086100000|100%| O|  |TAMS 0x0000000086100000, 0x0000000086000000| Untracked 
|  97|0x0000000086100000, 0x0000000086200000, 0x0000000086200000|100%| O|  |TAMS 0x0000000086200000, 0x0000000086100000| Untracked 
|  98|0x0000000086200000, 0x0000000086300000, 0x0000000086300000|100%| O|  |TAMS 0x0000000086300000, 0x0000000086200000| Untracked 
|  99|0x0000000086300000, 0x0000000086400000, 0x0000000086400000|100%| O|  |TAMS 0x00000000863f9800, 0x0000000086300000| Untracked 
| 100|0x0000000086400000, 0x0000000086500000, 0x0000000086500000|100%| O|  |TAMS 0x0000000086400000, 0x0000000086400000| Untracked 
| 101|0x0000000086500000, 0x0000000086600000, 0x0000000086600000|100%| O|  |TAMS 0x0000000086500000, 0x0000000086500000| Untracked 
| 102|0x0000000086600000, 0x0000000086700000, 0x0000000086700000|100%| O|  |TAMS 0x0000000086600000, 0x0000000086600000| Untracked 
| 103|0x0000000086700000, 0x0000000086800000, 0x0000000086800000|100%| O|  |TAMS 0x0000000086700000, 0x0000000086700000| Untracked 
| 104|0x0000000086800000, 0x0000000086900000, 0x0000000086900000|100%| O|  |TAMS 0x0000000086800000, 0x0000000086800000| Untracked 
| 105|0x0000000086900000, 0x0000000086a00000, 0x0000000086a00000|100%| O|  |TAMS 0x0000000086900000, 0x0000000086900000| Untracked 
| 106|0x0000000086a00000, 0x0000000086b00000, 0x0000000086b00000|100%| O|  |TAMS 0x0000000086a00000, 0x0000000086a00000| Untracked 
| 107|0x0000000086b00000, 0x0000000086c00000, 0x0000000086c00000|100%| O|  |TAMS 0x0000000086b00000, 0x0000000086b00000| Untracked 
| 108|0x0000000086c00000, 0x0000000086d00000, 0x0000000086d00000|100%| O|  |TAMS 0x0000000086c00000, 0x0000000086c00000| Untracked 
| 109|0x0000000086d00000, 0x0000000086e00000, 0x0000000086e00000|100%| O|  |TAMS 0x0000000086d00000, 0x0000000086d00000| Untracked 
| 110|0x0000000086e00000, 0x0000000086f00000, 0x0000000086f00000|100%| O|  |TAMS 0x0000000086e00000, 0x0000000086e00000| Untracked 
| 111|0x0000000086f00000, 0x0000000087000000, 0x0000000087000000|100%| O|  |TAMS 0x0000000086f00000, 0x0000000086f00000| Untracked 
| 112|0x0000000087000000, 0x0000000087100000, 0x0000000087100000|100%| O|  |TAMS 0x0000000087000000, 0x0000000087000000| Untracked 
| 113|0x0000000087100000, 0x0000000087200000, 0x0000000087200000|100%| O|  |TAMS 0x0000000087100000, 0x0000000087100000| Untracked 
| 114|0x0000000087200000, 0x0000000087300000, 0x0000000087300000|100%| O|  |TAMS 0x0000000087200000, 0x0000000087200000| Untracked 
| 115|0x0000000087300000, 0x0000000087400000, 0x0000000087400000|100%| O|  |TAMS 0x0000000087300000, 0x0000000087300000| Untracked 
| 116|0x0000000087400000, 0x0000000087500000, 0x0000000087500000|100%| O|  |TAMS 0x0000000087400000, 0x0000000087400000| Untracked 
| 117|0x0000000087500000, 0x0000000087600000, 0x0000000087600000|100%| O|  |TAMS 0x0000000087500000, 0x0000000087500000| Untracked 
| 118|0x0000000087600000, 0x0000000087700000, 0x0000000087700000|100%| O|  |TAMS 0x0000000087600000, 0x0000000087600000| Untracked 
| 119|0x0000000087700000, 0x0000000087800000, 0x0000000087800000|100%| O|  |TAMS 0x0000000087700000, 0x0000000087700000| Untracked 
| 120|0x0000000087800000, 0x0000000087900000, 0x0000000087900000|100%| O|  |TAMS 0x0000000087800000, 0x0000000087800000| Untracked 
| 121|0x0000000087900000, 0x0000000087a00000, 0x0000000087a00000|100%| O|  |TAMS 0x0000000087900000, 0x0000000087900000| Untracked 
| 122|0x0000000087a00000, 0x0000000087b00000, 0x0000000087b00000|100%| O|  |TAMS 0x0000000087a00000, 0x0000000087a00000| Untracked 
| 123|0x0000000087b00000, 0x0000000087c00000, 0x0000000087c00000|100%| O|  |TAMS 0x0000000087b00000, 0x0000000087b00000| Untracked 
| 124|0x0000000087c00000, 0x0000000087d00000, 0x0000000087d00000|100%| O|  |TAMS 0x0000000087c00000, 0x0000000087c00000| Untracked 
| 125|0x0000000087d00000, 0x0000000087e00000, 0x0000000087e00000|100%| O|  |TAMS 0x0000000087d00000, 0x0000000087d00000| Untracked 
| 126|0x0000000087e00000, 0x0000000087f00000, 0x0000000087f00000|100%| O|  |TAMS 0x0000000087e00000, 0x0000000087e00000| Untracked 
| 127|0x0000000087f00000, 0x0000000088000000, 0x0000000088000000|100%| O|  |TAMS 0x0000000087f00000, 0x0000000087f00000| Untracked 
| 128|0x0000000088000000, 0x0000000088100000, 0x0000000088100000|100%| O|  |TAMS 0x0000000088000000, 0x0000000088000000| Untracked 
| 129|0x0000000088100000, 0x0000000088200000, 0x0000000088200000|100%| O|  |TAMS 0x0000000088100000, 0x0000000088100000| Untracked 
| 130|0x0000000088200000, 0x0000000088300000, 0x0000000088300000|100%| O|  |TAMS 0x0000000088200000, 0x0000000088200000| Untracked 
| 131|0x0000000088300000, 0x0000000088400000, 0x0000000088400000|100%| O|  |TAMS 0x0000000088300000, 0x0000000088300000| Untracked 
| 132|0x0000000088400000, 0x0000000088500000, 0x0000000088500000|100%| O|  |TAMS 0x0000000088400000, 0x0000000088400000| Untracked 
| 133|0x0000000088500000, 0x0000000088600000, 0x0000000088600000|100%| O|  |TAMS 0x0000000088500000, 0x0000000088500000| Untracked 
| 134|0x0000000088600000, 0x0000000088700000, 0x0000000088700000|100%| O|  |TAMS 0x0000000088600000, 0x0000000088600000| Untracked 
| 135|0x0000000088700000, 0x00000000887f7c00, 0x0000000088800000| 96%| O|  |TAMS 0x0000000088700000, 0x0000000088700000| Untracked 
| 136|0x0000000088800000, 0x0000000088800000, 0x0000000088900000|  0%| F|  |TAMS 0x0000000088800000, 0x0000000088800000| Untracked 
| 137|0x0000000088900000, 0x0000000088900000, 0x0000000088a00000|  0%| F|  |TAMS 0x0000000088900000, 0x0000000088900000| Untracked 
| 138|0x0000000088a00000, 0x0000000088a00000, 0x0000000088b00000|  0%| F|  |TAMS 0x0000000088a00000, 0x0000000088a00000| Untracked 
| 139|0x0000000088b00000, 0x0000000088b00000, 0x0000000088c00000|  0%| F|  |TAMS 0x0000000088b00000, 0x0000000088b00000| Untracked 
| 140|0x0000000088c00000, 0x0000000088c00000, 0x0000000088d00000|  0%| F|  |TAMS 0x0000000088c00000, 0x0000000088c00000| Untracked 
| 141|0x0000000088d00000, 0x0000000088d00000, 0x0000000088e00000|  0%| F|  |TAMS 0x0000000088d00000, 0x0000000088d00000| Untracked 
| 142|0x0000000088e00000, 0x0000000088e00000, 0x0000000088f00000|  0%| F|  |TAMS 0x0000000088e00000, 0x0000000088e00000| Untracked 
| 143|0x0000000088f00000, 0x0000000088f00000, 0x0000000089000000|  0%| F|  |TAMS 0x0000000088f00000, 0x0000000088f00000| Untracked 
| 144|0x0000000089000000, 0x0000000089000000, 0x0000000089100000|  0%| F|  |TAMS 0x0000000089000000, 0x0000000089000000| Untracked 
| 145|0x0000000089100000, 0x0000000089100000, 0x0000000089200000|  0%| F|  |TAMS 0x0000000089100000, 0x0000000089100000| Untracked 
| 146|0x0000000089200000, 0x0000000089200000, 0x0000000089300000|  0%| F|  |TAMS 0x0000000089200000, 0x0000000089200000| Untracked 
| 147|0x0000000089300000, 0x0000000089300000, 0x0000000089400000|  0%| F|  |TAMS 0x0000000089300000, 0x0000000089300000| Untracked 
| 148|0x0000000089400000, 0x0000000089400000, 0x0000000089500000|  0%| F|  |TAMS 0x0000000089400000, 0x0000000089400000| Untracked 
| 149|0x0000000089500000, 0x0000000089500000, 0x0000000089600000|  0%| F|  |TAMS 0x0000000089500000, 0x0000000089500000| Untracked 
| 150|0x0000000089600000, 0x0000000089600000, 0x0000000089700000|  0%| F|  |TAMS 0x0000000089600000, 0x0000000089600000| Untracked 
| 151|0x0000000089700000, 0x0000000089700000, 0x0000000089800000|  0%| F|  |TAMS 0x0000000089700000, 0x0000000089700000| Untracked 
| 152|0x0000000089800000, 0x0000000089800000, 0x0000000089900000|  0%| F|  |TAMS 0x0000000089800000, 0x0000000089800000| Untracked 
| 153|0x0000000089900000, 0x0000000089900000, 0x0000000089a00000|  0%| F|  |TAMS 0x0000000089900000, 0x0000000089900000| Untracked 
| 154|0x0000000089a00000, 0x0000000089a00000, 0x0000000089b00000|  0%| F|  |TAMS 0x0000000089a00000, 0x0000000089a00000| Untracked 
| 155|0x0000000089b00000, 0x0000000089b00000, 0x0000000089c00000|  0%| F|  |TAMS 0x0000000089b00000, 0x0000000089b00000| Untracked 
| 156|0x0000000089c00000, 0x0000000089c00000, 0x0000000089d00000|  0%| F|  |TAMS 0x0000000089c00000, 0x0000000089c00000| Untracked 
| 157|0x0000000089d00000, 0x0000000089d00000, 0x0000000089e00000|  0%| F|  |TAMS 0x0000000089d00000, 0x0000000089d00000| Untracked 
| 158|0x0000000089e00000, 0x0000000089e00000, 0x0000000089f00000|  0%| F|  |TAMS 0x0000000089e00000, 0x0000000089e00000| Untracked 
| 159|0x0000000089f00000, 0x0000000089f00000, 0x000000008a000000|  0%| F|  |TAMS 0x0000000089f00000, 0x0000000089f00000| Untracked 
| 160|0x000000008a000000, 0x000000008a000000, 0x000000008a100000|  0%| F|  |TAMS 0x000000008a000000, 0x000000008a000000| Untracked 
| 161|0x000000008a100000, 0x000000008a100000, 0x000000008a200000|  0%| F|  |TAMS 0x000000008a100000, 0x000000008a100000| Untracked 
| 162|0x000000008a200000, 0x000000008a200000, 0x000000008a300000|  0%| F|  |TAMS 0x000000008a200000, 0x000000008a200000| Untracked 
| 163|0x000000008a300000, 0x000000008a300000, 0x000000008a400000|  0%| F|  |TAMS 0x000000008a300000, 0x000000008a300000| Untracked 
| 164|0x000000008a400000, 0x000000008a400000, 0x000000008a500000|  0%| F|  |TAMS 0x000000008a400000, 0x000000008a400000| Untracked 
| 165|0x000000008a500000, 0x000000008a500000, 0x000000008a600000|  0%| F|  |TAMS 0x000000008a500000, 0x000000008a500000| Untracked 
| 166|0x000000008a600000, 0x000000008a600000, 0x000000008a700000|  0%| F|  |TAMS 0x000000008a600000, 0x000000008a600000| Untracked 
| 167|0x000000008a700000, 0x000000008a700000, 0x000000008a800000|  0%| F|  |TAMS 0x000000008a700000, 0x000000008a700000| Untracked 
| 168|0x000000008a800000, 0x000000008a800000, 0x000000008a900000|  0%| F|  |TAMS 0x000000008a800000, 0x000000008a800000| Untracked 
| 169|0x000000008a900000, 0x000000008a900000, 0x000000008aa00000|  0%| F|  |TAMS 0x000000008a900000, 0x000000008a900000| Untracked 
| 170|0x000000008aa00000, 0x000000008aa00000, 0x000000008ab00000|  0%| F|  |TAMS 0x000000008aa00000, 0x000000008aa00000| Untracked 
| 171|0x000000008ab00000, 0x000000008ab00000, 0x000000008ac00000|  0%| F|  |TAMS 0x000000008ab00000, 0x000000008ab00000| Untracked 
| 172|0x000000008ac00000, 0x000000008ac00000, 0x000000008ad00000|  0%| F|  |TAMS 0x000000008ac00000, 0x000000008ac00000| Untracked 
| 173|0x000000008ad00000, 0x000000008ad00000, 0x000000008ae00000|  0%| F|  |TAMS 0x000000008ad00000, 0x000000008ad00000| Untracked 
| 174|0x000000008ae00000, 0x000000008ae00000, 0x000000008af00000|  0%| F|  |TAMS 0x000000008ae00000, 0x000000008ae00000| Untracked 
| 175|0x000000008af00000, 0x000000008af00000, 0x000000008b000000|  0%| F|  |TAMS 0x000000008af00000, 0x000000008af00000| Untracked 
| 176|0x000000008b000000, 0x000000008b000000, 0x000000008b100000|  0%| F|  |TAMS 0x000000008b000000, 0x000000008b000000| Untracked 
| 177|0x000000008b100000, 0x000000008b100000, 0x000000008b200000|  0%| F|  |TAMS 0x000000008b100000, 0x000000008b100000| Untracked 
| 178|0x000000008b200000, 0x000000008b200000, 0x000000008b300000|  0%| F|  |TAMS 0x000000008b200000, 0x000000008b200000| Untracked 
| 179|0x000000008b300000, 0x000000008b300000, 0x000000008b400000|  0%| F|  |TAMS 0x000000008b300000, 0x000000008b300000| Untracked 
| 180|0x000000008b400000, 0x000000008b400000, 0x000000008b500000|  0%| F|  |TAMS 0x000000008b400000, 0x000000008b400000| Untracked 
| 181|0x000000008b500000, 0x000000008b500000, 0x000000008b600000|  0%| F|  |TAMS 0x000000008b500000, 0x000000008b500000| Untracked 
| 182|0x000000008b600000, 0x000000008b600000, 0x000000008b700000|  0%| F|  |TAMS 0x000000008b600000, 0x000000008b600000| Untracked 
| 183|0x000000008b700000, 0x000000008b700000, 0x000000008b800000|  0%| F|  |TAMS 0x000000008b700000, 0x000000008b700000| Untracked 
| 184|0x000000008b800000, 0x000000008b800000, 0x000000008b900000|  0%| F|  |TAMS 0x000000008b800000, 0x000000008b800000| Untracked 
| 185|0x000000008b900000, 0x000000008b900000, 0x000000008ba00000|  0%| F|  |TAMS 0x000000008b900000, 0x000000008b900000| Untracked 
| 186|0x000000008ba00000, 0x000000008ba00000, 0x000000008bb00000|  0%| F|  |TAMS 0x000000008ba00000, 0x000000008ba00000| Untracked 
| 187|0x000000008bb00000, 0x000000008bb00000, 0x000000008bc00000|  0%| F|  |TAMS 0x000000008bb00000, 0x000000008bb00000| Untracked 
| 188|0x000000008bc00000, 0x000000008bc00000, 0x000000008bd00000|  0%| F|  |TAMS 0x000000008bc00000, 0x000000008bc00000| Untracked 
| 189|0x000000008bd00000, 0x000000008bd00000, 0x000000008be00000|  0%| F|  |TAMS 0x000000008bd00000, 0x000000008bd00000| Untracked 
| 190|0x000000008be00000, 0x000000008be00000, 0x000000008bf00000|  0%| F|  |TAMS 0x000000008be00000, 0x000000008be00000| Untracked 
| 191|0x000000008bf00000, 0x000000008bf00000, 0x000000008c000000|  0%| F|  |TAMS 0x000000008bf00000, 0x000000008bf00000| Untracked 
| 192|0x000000008c000000, 0x000000008c000000, 0x000000008c100000|  0%| F|  |TAMS 0x000000008c000000, 0x000000008c000000| Untracked 
| 193|0x000000008c100000, 0x000000008c100000, 0x000000008c200000|  0%| F|  |TAMS 0x000000008c100000, 0x000000008c100000| Untracked 
| 194|0x000000008c200000, 0x000000008c200000, 0x000000008c300000|  0%| F|  |TAMS 0x000000008c200000, 0x000000008c200000| Untracked 
| 195|0x000000008c300000, 0x000000008c300000, 0x000000008c400000|  0%| F|  |TAMS 0x000000008c300000, 0x000000008c300000| Untracked 
| 196|0x000000008c400000, 0x000000008c400000, 0x000000008c500000|  0%| F|  |TAMS 0x000000008c400000, 0x000000008c400000| Untracked 
| 197|0x000000008c500000, 0x000000008c500000, 0x000000008c600000|  0%| F|  |TAMS 0x000000008c500000, 0x000000008c500000| Untracked 
| 198|0x000000008c600000, 0x000000008c600000, 0x000000008c700000|  0%| F|  |TAMS 0x000000008c600000, 0x000000008c600000| Untracked 
| 199|0x000000008c700000, 0x000000008c700000, 0x000000008c800000|  0%| F|  |TAMS 0x000000008c700000, 0x000000008c700000| Untracked 
| 200|0x000000008c800000, 0x000000008c800000, 0x000000008c900000|  0%| F|  |TAMS 0x000000008c800000, 0x000000008c800000| Untracked 
| 201|0x000000008c900000, 0x000000008c900000, 0x000000008ca00000|  0%| F|  |TAMS 0x000000008c900000, 0x000000008c900000| Untracked 
| 202|0x000000008ca00000, 0x000000008ca00000, 0x000000008cb00000|  0%| F|  |TAMS 0x000000008ca00000, 0x000000008ca00000| Untracked 
| 203|0x000000008cb00000, 0x000000008cb00000, 0x000000008cc00000|  0%| F|  |TAMS 0x000000008cb00000, 0x000000008cb00000| Untracked 
| 204|0x000000008cc00000, 0x000000008cc00000, 0x000000008cd00000|  0%| F|  |TAMS 0x000000008cc00000, 0x000000008cc00000| Untracked 
| 205|0x000000008cd00000, 0x000000008cd00000, 0x000000008ce00000|  0%| F|  |TAMS 0x000000008cd00000, 0x000000008cd00000| Untracked 
| 206|0x000000008ce00000, 0x000000008ce00000, 0x000000008cf00000|  0%| F|  |TAMS 0x000000008ce00000, 0x000000008ce00000| Untracked 
| 207|0x000000008cf00000, 0x000000008cf00000, 0x000000008d000000|  0%| F|  |TAMS 0x000000008cf00000, 0x000000008cf00000| Untracked 
| 208|0x000000008d000000, 0x000000008d000000, 0x000000008d100000|  0%| F|  |TAMS 0x000000008d000000, 0x000000008d000000| Untracked 
| 209|0x000000008d100000, 0x000000008d100000, 0x000000008d200000|  0%| F|  |TAMS 0x000000008d100000, 0x000000008d100000| Untracked 
| 210|0x000000008d200000, 0x000000008d200000, 0x000000008d300000|  0%| F|  |TAMS 0x000000008d200000, 0x000000008d200000| Untracked 
| 211|0x000000008d300000, 0x000000008d300000, 0x000000008d400000|  0%| F|  |TAMS 0x000000008d300000, 0x000000008d300000| Untracked 
| 212|0x000000008d400000, 0x000000008d400000, 0x000000008d500000|  0%| F|  |TAMS 0x000000008d400000, 0x000000008d400000| Untracked 
| 213|0x000000008d500000, 0x000000008d500000, 0x000000008d600000|  0%| F|  |TAMS 0x000000008d500000, 0x000000008d500000| Untracked 
| 214|0x000000008d600000, 0x000000008d600000, 0x000000008d700000|  0%| F|  |TAMS 0x000000008d600000, 0x000000008d600000| Untracked 
| 215|0x000000008d700000, 0x000000008d700000, 0x000000008d800000|  0%| F|  |TAMS 0x000000008d700000, 0x000000008d700000| Untracked 
| 216|0x000000008d800000, 0x000000008d800000, 0x000000008d900000|  0%| F|  |TAMS 0x000000008d800000, 0x000000008d800000| Untracked 
| 217|0x000000008d900000, 0x000000008d900000, 0x000000008da00000|  0%| F|  |TAMS 0x000000008d900000, 0x000000008d900000| Untracked 
| 218|0x000000008da00000, 0x000000008da00000, 0x000000008db00000|  0%| F|  |TAMS 0x000000008da00000, 0x000000008da00000| Untracked 
| 219|0x000000008db00000, 0x000000008db00000, 0x000000008dc00000|  0%| F|  |TAMS 0x000000008db00000, 0x000000008db00000| Untracked 
| 220|0x000000008dc00000, 0x000000008dc00000, 0x000000008dd00000|  0%| F|  |TAMS 0x000000008dc00000, 0x000000008dc00000| Untracked 
| 221|0x000000008dd00000, 0x000000008dd00000, 0x000000008de00000|  0%| F|  |TAMS 0x000000008dd00000, 0x000000008dd00000| Untracked 
| 222|0x000000008de00000, 0x000000008de00000, 0x000000008df00000|  0%| F|  |TAMS 0x000000008de00000, 0x000000008de00000| Untracked 
| 223|0x000000008df00000, 0x000000008df00000, 0x000000008e000000|  0%| F|  |TAMS 0x000000008df00000, 0x000000008df00000| Untracked 
| 224|0x000000008e000000, 0x000000008e09f970, 0x000000008e100000| 62%| S|CS|TAMS 0x000000008e000000, 0x000000008e000000| Complete 
| 225|0x000000008e100000, 0x000000008e200000, 0x000000008e200000|100%| S|CS|TAMS 0x000000008e100000, 0x000000008e100000| Complete 
| 226|0x000000008e200000, 0x000000008e200000, 0x000000008e300000|  0%| F|  |TAMS 0x000000008e200000, 0x000000008e200000| Untracked 
| 227|0x000000008e300000, 0x000000008e300000, 0x000000008e400000|  0%| F|  |TAMS 0x000000008e300000, 0x000000008e300000| Untracked 
| 228|0x000000008e400000, 0x000000008e400000, 0x000000008e500000|  0%| F|  |TAMS 0x000000008e400000, 0x000000008e400000| Untracked 
| 229|0x000000008e500000, 0x000000008e500000, 0x000000008e600000|  0%| F|  |TAMS 0x000000008e500000, 0x000000008e500000| Untracked 
| 230|0x000000008e600000, 0x000000008e600000, 0x000000008e700000|  0%| F|  |TAMS 0x000000008e600000, 0x000000008e600000| Untracked 
| 231|0x000000008e700000, 0x000000008e700000, 0x000000008e800000|  0%| F|  |TAMS 0x000000008e700000, 0x000000008e700000| Untracked 
| 232|0x000000008e800000, 0x000000008e800000, 0x000000008e900000|  0%| F|  |TAMS 0x000000008e800000, 0x000000008e800000| Untracked 
| 233|0x000000008e900000, 0x000000008e900000, 0x000000008ea00000|  0%| F|  |TAMS 0x000000008e900000, 0x000000008e900000| Untracked 
| 234|0x000000008ea00000, 0x000000008ea00000, 0x000000008eb00000|  0%| F|  |TAMS 0x000000008ea00000, 0x000000008ea00000| Untracked 
| 235|0x000000008eb00000, 0x000000008eb00000, 0x000000008ec00000|  0%| F|  |TAMS 0x000000008eb00000, 0x000000008eb00000| Untracked 
| 236|0x000000008ec00000, 0x000000008ec00000, 0x000000008ed00000|  0%| F|  |TAMS 0x000000008ec00000, 0x000000008ec00000| Untracked 
| 237|0x000000008ed00000, 0x000000008ed00000, 0x000000008ee00000|  0%| F|  |TAMS 0x000000008ed00000, 0x000000008ed00000| Untracked 
| 238|0x000000008ee00000, 0x000000008ee00000, 0x000000008ef00000|  0%| F|  |TAMS 0x000000008ee00000, 0x000000008ee00000| Untracked 
| 239|0x000000008ef00000, 0x000000008ef00000, 0x000000008f000000|  0%| F|  |TAMS 0x000000008ef00000, 0x000000008ef00000| Untracked 
| 240|0x000000008f000000, 0x000000008f000000, 0x000000008f100000|  0%| F|  |TAMS 0x000000008f000000, 0x000000008f000000| Untracked 
| 241|0x000000008f100000, 0x000000008f100000, 0x000000008f200000|  0%| F|  |TAMS 0x000000008f100000, 0x000000008f100000| Untracked 
| 242|0x000000008f200000, 0x000000008f200000, 0x000000008f300000|  0%| F|  |TAMS 0x000000008f200000, 0x000000008f200000| Untracked 
| 243|0x000000008f300000, 0x000000008f300000, 0x000000008f400000|  0%| F|  |TAMS 0x000000008f300000, 0x000000008f300000| Untracked 
| 244|0x000000008f400000, 0x000000008f400000, 0x000000008f500000|  0%| F|  |TAMS 0x000000008f400000, 0x000000008f400000| Untracked 
| 245|0x000000008f500000, 0x000000008f500000, 0x000000008f600000|  0%| F|  |TAMS 0x000000008f500000, 0x000000008f500000| Untracked 
| 246|0x000000008f600000, 0x000000008f600000, 0x000000008f700000|  0%| F|  |TAMS 0x000000008f600000, 0x000000008f600000| Untracked 
| 247|0x000000008f700000, 0x000000008f700000, 0x000000008f800000|  0%| F|  |TAMS 0x000000008f700000, 0x000000008f700000| Untracked 
| 248|0x000000008f800000, 0x000000008f800000, 0x000000008f900000|  0%| F|  |TAMS 0x000000008f800000, 0x000000008f800000| Untracked 
| 249|0x000000008f900000, 0x000000008f900000, 0x000000008fa00000|  0%| F|  |TAMS 0x000000008f900000, 0x000000008f900000| Untracked 
| 250|0x000000008fa00000, 0x000000008fa00000, 0x000000008fb00000|  0%| F|  |TAMS 0x000000008fa00000, 0x000000008fa00000| Untracked 
| 251|0x000000008fb00000, 0x000000008fb00000, 0x000000008fc00000|  0%| F|  |TAMS 0x000000008fb00000, 0x000000008fb00000| Untracked 
| 252|0x000000008fc00000, 0x000000008fc00000, 0x000000008fd00000|  0%| F|  |TAMS 0x000000008fc00000, 0x000000008fc00000| Untracked 
| 253|0x000000008fd00000, 0x000000008fd00000, 0x000000008fe00000|  0%| F|  |TAMS 0x000000008fd00000, 0x000000008fd00000| Untracked 

Card table byte_map: [0x000001f0ffb90000,0x000001f0fff90000] _byte_map_base: 0x000001f0ff790000

Marking Bits (Prev, Next): (CMBitMap*) 0x000001f0ecffa6b0, (CMBitMap*) 0x000001f0ecffa670
 Prev Bits: [0x000001f082400000, 0x000001f084400000)
 Next Bits: [0x000001f080400000, 0x000001f082400000)

Polling page: 0x000001f0ec760000

Metaspace:

Usage:
  Non-class:     81.98 MB used.
      Class:     12.83 MB used.
       Both:     94.80 MB used.

Virtual space:
  Non-class space:       88.00 MB reserved,      82.31 MB ( 94%) committed,  11 nodes.
      Class space:        1.00 GB reserved,      13.06 MB (  1%) committed,  1 nodes.
             Both:        1.09 GB reserved,      95.38 MB (  9%) committed. 

Chunk freelists:
   Non-Class:  1.41 MB
       Class:  2.94 MB
        Both:  4.34 MB

MaxMetaspaceSize: unlimited
CompressedClassSpaceSize: 1.00 GB
Initial GC threshold: 21.00 MB
Current GC threshold: 158.38 MB
CDS: off
MetaspaceReclaimPolicy: balanced
 - commit_granule_bytes: 65536.
 - commit_granule_words: 8192.
 - virtual_space_node_default_size: 1048576.
 - enlarge_chunks_in_place: 1.
 - new_chunks_are_fully_committed: 0.
 - uncommit_free_chunks: 1.
 - use_allocation_guard: 0.
 - handle_deallocations: 1.


Internal statistics:

num_allocs_failed_limit: 9.
num_arena_births: 778.
num_arena_deaths: 0.
num_vsnodes_births: 12.
num_vsnodes_deaths: 0.
num_space_committed: 1526.
num_space_uncommitted: 0.
num_chunks_returned_to_freelist: 9.
num_chunks_taken_from_freelist: 4325.
num_chunk_merges: 3.
num_chunk_splits: 2877.
num_chunks_enlarged: 1947.
num_purges: 0.
num_inconsistent_stats: 0.

CodeHeap 'non-profiled nmethods': size=120000Kb used=6484Kb max_used=6484Kb free=113515Kb
 bounds [0x000001f0f7f30000, 0x000001f0f8590000, 0x000001f0ff460000]
CodeHeap 'profiled nmethods': size=120000Kb used=19967Kb max_used=19967Kb free=100032Kb
 bounds [0x000001f0f0460000, 0x000001f0f17e0000, 0x000001f0f7990000]
CodeHeap 'non-nmethods': size=5760Kb used=2390Kb max_used=2475Kb free=3369Kb
 bounds [0x000001f0f7990000, 0x000001f0f7c00000, 0x000001f0f7f30000]
 total_blobs=11160 nmethods=10235 adapters=837
 compilation: enabled
              stopped_count=0, restarted_count=0
 full_count=0

Compilation events (20 events):
Event: 20.264 Thread 0x000001f0878b1a10 nmethod 11774 0x000001f0f17d8090 code [0x000001f0f17d8220, 0x000001f0f17d8318]
Event: 20.264 Thread 0x000001f0878b1a10 11740       2       com.android.tools.r8.graph.q0::a (7 bytes)
Event: 20.264 Thread 0x000001f0878b1a10 nmethod 11740 0x000001f0f17d8390 code [0x000001f0f17d8520, 0x000001f0f17d8618]
Event: 20.264 Thread 0x000001f0878b1a10 11585       1       com.android.tools.r8.graph.o2::d (5 bytes)
Event: 20.264 Thread 0x000001f0878b1a10 nmethod 11585 0x000001f0f857eb90 code [0x000001f0f857ed20, 0x000001f0f857edd8]
Event: 20.264 Thread 0x000001f0878b1a10 11786       2       com.android.tools.r8.internal.xa::<init> (445 bytes)
Event: 20.264 Thread 0x000001f090a4d120 nmethod 11663 0x000001f0f857ee90 code [0x000001f0f857f000, 0x000001f0f857f0f8]
Event: 20.264 Thread 0x000001f090a4d120 11785   !   4       com.android.tools.r8.graph.d1::j0 (91 bytes)
Event: 20.266 Thread 0x000001f0878b1a10 nmethod 11786 0x000001f0f17d8710 code [0x000001f0f17d8960, 0x000001f0f17d9478]
Event: 20.266 Thread 0x000001f0878b1a10 11787   !   2       com.android.tools.r8.graph.d1::h0 (125 bytes)
Event: 20.267 Thread 0x000001f0878b1a10 nmethod 11787 0x000001f0f17d9a10 code [0x000001f0f17d9c80, 0x000001f0f17da598]
Event: 20.267 Thread 0x000001f0878b1a10 11793 %     3       com.android.tools.r8.internal.xa::<init> @ 91 (445 bytes)
Event: 20.269 Thread 0x000001f087890b60 nmethod 11512 0x000001f0f857f210 code [0x000001f0f857f560, 0x000001f0f8583400]
Event: 20.269 Thread 0x000001f0878b1a10 nmethod 11793% 0x000001f0f17dad90 code [0x000001f0f17db080, 0x000001f0f17dc5b8]
Event: 20.269 Thread 0x000001f0878b1a10 11798 % !   3       com.android.tools.r8.graph.d1::h0 @ 71 (125 bytes)
Event: 20.269 Thread 0x000001f087890b60 11686       4       com.android.tools.r8.internal.Ct::e (29 bytes)
Event: 20.271 Thread 0x000001f0878b1a10 nmethod 11798% 0x000001f0f17dcd10 code [0x000001f0f17dd120, 0x000001f0f17deef8]
Event: 20.271 Thread 0x000001f0878b1a10 11788       2       com.android.tools.r8.internal.xa::a (4216 bytes)
Event: 20.271 Thread 0x000001f087890b60 nmethod 11686 0x000001f0f8584c10 code [0x000001f0f8584da0, 0x000001f0f8584f28]
Event: 20.271 Thread 0x000001f087890b60 11670       4       com.android.tools.r8.internal.xa::c (26 bytes)

GC Heap History (20 events):
Event: 13.844 GC heap after
{Heap after GC invocations=38 (full 0):
 garbage-first heap   total 135168K, used 84452K [0x0000000080000000, 0x0000000100000000)
  region size 1024K, 5 young (5120K), 5 survivors (5120K)
 Metaspace       used 86137K, committed 86592K, reserved 1130496K
  class space    used 11704K, committed 11904K, reserved 1048576K
}
Event: 14.593 GC heap before
{Heap before GC invocations=39 (full 0):
 garbage-first heap   total 148480K, used 108004K [0x0000000080000000, 0x0000000100000000)
  region size 1024K, 29 young (29696K), 5 survivors (5120K)
 Metaspace       used 86832K, committed 87424K, reserved 1130496K
  class space    used 11779K, committed 12032K, reserved 1048576K
}
Event: 14.603 GC heap after
{Heap after GC invocations=40 (full 0):
 garbage-first heap   total 148480K, used 88045K [0x0000000080000000, 0x0000000100000000)
  region size 1024K, 4 young (4096K), 4 survivors (4096K)
 Metaspace       used 86832K, committed 87424K, reserved 1130496K
  class space    used 11779K, committed 12032K, reserved 1048576K
}
Event: 15.581 GC heap before
{Heap before GC invocations=40 (full 0):
 garbage-first heap   total 148480K, used 117741K [0x0000000080000000, 0x0000000100000000)
  region size 1024K, 34 young (34816K), 4 survivors (4096K)
 Metaspace       used 87006K, committed 87616K, reserved 1130496K
  class space    used 11781K, committed 12032K, reserved 1048576K
}
Event: 15.590 GC heap after
{Heap after GC invocations=41 (full 0):
 garbage-first heap   total 148480K, used 89524K [0x0000000080000000, 0x0000000100000000)
  region size 1024K, 2 young (2048K), 2 survivors (2048K)
 Metaspace       used 87006K, committed 87616K, reserved 1130496K
  class space    used 11781K, committed 12032K, reserved 1048576K
}
Event: 16.338 GC heap before
{Heap before GC invocations=42 (full 0):
 garbage-first heap   total 171008K, used 120244K [0x0000000080000000, 0x0000000100000000)
  region size 1024K, 33 young (33792K), 2 survivors (2048K)
 Metaspace       used 88193K, committed 88768K, reserved 1130496K
  class space    used 11886K, committed 12160K, reserved 1048576K
}
Event: 16.347 GC heap after
{Heap after GC invocations=43 (full 0):
 garbage-first heap   total 171008K, used 91496K [0x0000000080000000, 0x0000000100000000)
  region size 1024K, 4 young (4096K), 4 survivors (4096K)
 Metaspace       used 88193K, committed 88768K, reserved 1130496K
  class space    used 11886K, committed 12160K, reserved 1048576K
}
Event: 18.295 GC heap before
{Heap before GC invocations=43 (full 0):
 garbage-first heap   total 171008K, used 136552K [0x0000000080000000, 0x0000000100000000)
  region size 1024K, 49 young (50176K), 4 survivors (4096K)
 Metaspace       used 91860K, committed 92416K, reserved 1130496K
  class space    used 12397K, committed 12608K, reserved 1048576K
}
Event: 18.305 GC heap after
{Heap after GC invocations=44 (full 0):
 garbage-first heap   total 205824K, used 93815K [0x0000000080000000, 0x0000000100000000)
  region size 1024K, 5 young (5120K), 5 survivors (5120K)
 Metaspace       used 91860K, committed 92416K, reserved 1130496K
  class space    used 12397K, committed 12608K, reserved 1048576K
}
Event: 19.665 GC heap before
{Heap before GC invocations=45 (full 0):
 garbage-first heap   total 205824K, used 164471K [0x0000000080000000, 0x0000000100000000)
  region size 1024K, 75 young (76800K), 5 survivors (5120K)
 Metaspace       used 93827K, committed 94336K, reserved 1130496K
  class space    used 12680K, committed 12928K, reserved 1048576K
}
Event: 19.681 GC heap after
{Heap after GC invocations=46 (full 0):
 garbage-first heap   total 205824K, used 102831K [0x0000000080000000, 0x0000000100000000)
  region size 1024K, 10 young (10240K), 10 survivors (10240K)
 Metaspace       used 93827K, committed 94336K, reserved 1130496K
  class space    used 12680K, committed 12928K, reserved 1048576K
}
Event: 19.687 GC heap before
{Heap before GC invocations=46 (full 0):
 garbage-first heap   total 205824K, used 103855K [0x0000000080000000, 0x0000000100000000)
  region size 1024K, 11 young (11264K), 10 survivors (10240K)
 Metaspace       used 93845K, committed 94400K, reserved 1130496K
  class space    used 12684K, committed 12928K, reserved 1048576K
}
Event: 19.698 GC heap after
{Heap after GC invocations=47 (full 0):
 garbage-first heap   total 205824K, used 102790K [0x0000000080000000, 0x0000000100000000)
  region size 1024K, 2 young (2048K), 2 survivors (2048K)
 Metaspace       used 93845K, committed 94400K, reserved 1130496K
  class space    used 12684K, committed 12928K, reserved 1048576K
}
Event: 19.899 GC heap before
{Heap before GC invocations=47 (full 0):
 garbage-first heap   total 205824K, used 163206K [0x0000000080000000, 0x0000000100000000)
  region size 1024K, 62 young (63488K), 2 survivors (2048K)
 Metaspace       used 95182K, committed 95744K, reserved 1138688K
  class space    used 12856K, committed 13120K, reserved 1048576K
}
Event: 19.905 GC heap after
{Heap after GC invocations=48 (full 0):
 garbage-first heap   total 205824K, used 121856K [0x0000000080000000, 0x0000000100000000)
  region size 1024K, 8 young (8192K), 8 survivors (8192K)
 Metaspace       used 95182K, committed 95744K, reserved 1138688K
  class space    used 12856K, committed 13120K, reserved 1048576K
}
Event: 20.054 GC heap before
{Heap before GC invocations=48 (full 0):
 garbage-first heap   total 205824K, used 161792K [0x0000000080000000, 0x0000000100000000)
  region size 1024K, 48 young (49152K), 8 survivors (8192K)
 Metaspace       used 95895K, committed 96512K, reserved 1138688K
  class space    used 12982K, committed 13248K, reserved 1048576K
}
Event: 20.061 GC heap after
{Heap after GC invocations=49 (full 0):
 garbage-first heap   total 205824K, used 135157K [0x0000000080000000, 0x0000000100000000)
  region size 1024K, 6 young (6144K), 6 survivors (6144K)
 Metaspace       used 95895K, committed 96512K, reserved 1138688K
  class space    used 12982K, committed 13248K, reserved 1048576K
}
Event: 20.257 GC heap before
{Heap before GC invocations=50 (full 0):
 garbage-first heap   total 237568K, used 163829K [0x0000000080000000, 0x0000000100000000)
  region size 1024K, 35 young (35840K), 6 survivors (6144K)
 Metaspace       used 97041K, committed 97600K, reserved 1138688K
  class space    used 13134K, committed 13376K, reserved 1048576K
}
Event: 20.262 GC heap after
{Heap after GC invocations=51 (full 0):
 garbage-first heap   total 237568K, used 138862K [0x0000000080000000, 0x0000000100000000)
  region size 1024K, 5 young (5120K), 5 survivors (5120K)
 Metaspace       used 97041K, committed 97600K, reserved 1138688K
  class space    used 13134K, committed 13376K, reserved 1048576K
}
Event: 20.274 GC heap before
{Heap before GC invocations=51 (full 0):
 garbage-first heap   total 237568K, used 145006K [0x0000000080000000, 0x0000000100000000)
  region size 1024K, 11 young (11264K), 5 survivors (5120K)
 Metaspace       used 97080K, committed 97664K, reserved 1138688K
  class space    used 13137K, committed 13376K, reserved 1048576K
}

Dll operation events (2 events):
Event: 0.005 Loaded shared library D:\android studio\jbr\bin\java.dll
Event: 0.321 Loaded shared library D:\android studio\jbr\bin\verify.dll

Deoptimization events (20 events):
Event: 20.090 Thread 0x000001f08fbd8d50 DEOPT PACKING pc=0x000001f0f16c6f71 sp=0x000000e3ca7f9ff0
Event: 20.090 Thread 0x000001f08fbd8d50 DEOPT UNPACKING pc=0x000001f0f79e7143 sp=0x000000e3ca7f9500 mode 0
Event: 20.091 Thread 0x000001f08d11e590 Uncommon trap: trap_request=0xffffff45 fr.pc=0x000001f0f8554f60 relative=0x00000000000008c0
Event: 20.091 Thread 0x000001f08da40ae0 Uncommon trap: trap_request=0xffffff45 fr.pc=0x000001f0f8554f60 relative=0x00000000000008c0
Event: 20.091 Thread 0x000001f08d11e590 Uncommon trap: reason=unstable_if action=reinterpret pc=0x000001f0f8554f60 method=com.android.tools.r8.graph.d1.a(C)I @ 1 c2
Event: 20.091 Thread 0x000001f08da40ae0 Uncommon trap: reason=unstable_if action=reinterpret pc=0x000001f0f8554f60 method=com.android.tools.r8.graph.d1.a(C)I @ 1 c2
Event: 20.091 Thread 0x000001f08d11e590 DEOPT PACKING pc=0x000001f0f8554f60 sp=0x000000e3cc8f9d20
Event: 20.091 Thread 0x000001f08da40ae0 DEOPT PACKING pc=0x000001f0f8554f60 sp=0x000000e3c83f9c00
Event: 20.091 Thread 0x000001f08d11e590 DEOPT UNPACKING pc=0x000001f0f79e69a3 sp=0x000000e3cc8f9c70 mode 2
Event: 20.091 Thread 0x000001f08da40ae0 DEOPT UNPACKING pc=0x000001f0f79e69a3 sp=0x000000e3c83f9b50 mode 2
Event: 20.091 Thread 0x000001f08d11e590 Uncommon trap: trap_request=0xffffff45 fr.pc=0x000001f0f85501f8 relative=0x0000000000000078
Event: 20.091 Thread 0x000001f08da40ae0 Uncommon trap: trap_request=0xffffff45 fr.pc=0x000001f0f85501f8 relative=0x0000000000000078
Event: 20.091 Thread 0x000001f08d11e590 Uncommon trap: reason=unstable_if action=reinterpret pc=0x000001f0f85501f8 method=com.android.tools.r8.graph.d1.a(C[BI)I @ 1 c2
Event: 20.091 Thread 0x000001f08da40ae0 Uncommon trap: reason=unstable_if action=reinterpret pc=0x000001f0f85501f8 method=com.android.tools.r8.graph.d1.a(C[BI)I @ 1 c2
Event: 20.091 Thread 0x000001f08d11e590 DEOPT PACKING pc=0x000001f0f85501f8 sp=0x000000e3cc8f9cb0
Event: 20.091 Thread 0x000001f08d11e590 DEOPT UNPACKING pc=0x000001f0f79e69a3 sp=0x000000e3cc8f9c50 mode 2
Event: 20.091 Thread 0x000001f08da40ae0 DEOPT PACKING pc=0x000001f0f85501f8 sp=0x000000e3c83f9b90
Event: 20.091 Thread 0x000001f08da40ae0 DEOPT UNPACKING pc=0x000001f0f79e69a3 sp=0x000000e3c83f9b30 mode 2
Event: 20.272 Thread 0x000001f08da422f0 DEOPT PACKING pc=0x000001f0f17d9297 sp=0x000000e3c85fa820
Event: 20.272 Thread 0x000001f08da422f0 DEOPT UNPACKING pc=0x000001f0f79e7143 sp=0x000000e3c85f9d08 mode 0

Classes unloaded (0 events):
No events

Classes redefined (0 events):
No events

Internal exceptions (20 events):
Event: 14.676 Thread 0x000001f08fbe3ba0 Implicit null exception at 0x000001f0f801ebb2 to 0x000001f0f801f464
Event: 14.676 Thread 0x000001f08da3f2d0 Implicit null exception at 0x000001f0f801ebb2 to 0x000001f0f801f464
Event: 15.871 Thread 0x000001f08a262d80 Exception <a 'java/lang/NoSuchMethodError'{0x0000000089b34980}: 'void java.lang.invoke.DirectMethodHandle$Holder.invokeVirtual(java.lang.Object, java.lang.Object)'> (0x0000000089b34980) 
thrown [s\src\hotspot\share\interpreter\linkResolver.cpp, line 771]
Event: 15.984 Thread 0x000001f08a262d80 Exception <a 'java/lang/NoSuchMethodError'{0x0000000089867000}: static Lcom/android/build/gradle/internal/tasks/AarMetadataArtifact;.<clinit>()V> (0x0000000089867000) 
thrown [s\src\hotspot\share\prims\jni.cpp, line 1108]
Event: 16.216 Thread 0x000001f087be8a80 Exception <a 'java/lang/NoSuchMethodError'{0x0000000088f29ae0}: static Lorg/gradle/internal/build/event/types/DefaultTaskFailureResult;.<clinit>()V> (0x0000000088f29ae0) 
thrown [s\src\hotspot\share\prims\jni.cpp, line 1108]
Event: 16.222 Thread 0x000001f087be8a80 Exception <a 'java/lang/NoSuchMethodError'{0x0000000088f63a28}: static [Ljava/lang/Object;.<clinit>()V> (0x0000000088f63a28) 
thrown [s\src\hotspot\share\prims\jni.cpp, line 1108]
Event: 16.225 Thread 0x000001f087be8a80 Exception <a 'java/lang/NoSuchMethodError'{0x0000000088f85720}: static Lorg/gradle/internal/build/event/types/DefaultFailure;.<clinit>()V> (0x0000000088f85720) 
thrown [s\src\hotspot\share\prims\jni.cpp, line 1108]
Event: 19.701 Thread 0x000001f08d11e590 Exception <a 'sun/nio/fs/WindowsException'{0x000000008fd536e8}> (0x000000008fd536e8) 
thrown [s\src\hotspot\share\prims\jni.cpp, line 517]
Event: 19.701 Thread 0x000001f08fbe4ee0 Exception <a 'sun/nio/fs/WindowsException'{0x000000008fd02638}> (0x000000008fd02638) 
thrown [s\src\hotspot\share\prims\jni.cpp, line 517]
Event: 19.784 Thread 0x000001f08fbd4520 Exception <a 'sun/nio/fs/WindowsException'{0x000000008afb29e0}> (0x000000008afb29e0) 
thrown [s\src\hotspot\share\prims\jni.cpp, line 517]
Event: 19.834 Thread 0x000001f08da40ae0 Exception <a 'sun/nio/fs/WindowsException'{0x000000008a1ff600}> (0x000000008a1ff600) 
thrown [s\src\hotspot\share\prims\jni.cpp, line 517]
Event: 19.893 Thread 0x000001f08fbd8d50 Exception <a 'sun/nio/fs/WindowsException'{0x0000000088d9e510}> (0x0000000088d9e510) 
thrown [s\src\hotspot\share\prims\jni.cpp, line 517]
Event: 19.984 Thread 0x000001f08da40ae0 Exception <a 'java/lang/NoSuchMethodError'{0x000000008b5431e0}: 'java.lang.Object java.lang.invoke.DirectMethodHandle$Holder.invokeStaticInit(java.lang.Object, java.lang.Object, java.lang.Object, java.lang.Object, java.lang.Object, java.lang.Object, java.lang.Object, java.lang.Object, java.lang.Object, java.lang.Object, java.lang.Object, java.lang.Object, java.lang.Object, java.lang.Object, java.lang.Object, java.lang.Object, java.lang.Object, java.lang.Object, int, java.lang.Object, java.lang.Object)'> (0
Event: 20.039 Thread 0x000001f08da40ae0 Exception <a 'java/lang/IncompatibleClassChangeError'{0x000000008af5efc0}: Found class java.lang.Object, but interface was expected> (0x000000008af5efc0) 
thrown [s\src\hotspot\share\interpreter\linkResolver.cpp, line 838]
Event: 20.070 Thread 0x000001f08fbe3ba0 Exception <a 'sun/nio/fs/WindowsException'{0x000000008cf83360}> (0x000000008cf83360) 
thrown [s\src\hotspot\share\prims\jni.cpp, line 517]
Event: 20.075 Thread 0x000001f08fbd8d50 Exception <a 'java/lang/NoSuchMethodError'{0x000000008fd3db60}: 'void java.lang.invoke.DirectMethodHandle$Holder.invokeStatic(java.lang.Object, java.lang.Object, int, java.lang.Object, java.lang.Object, java.lang.Object, java.lang.Object)'> (0x000000008fd3db60) 
thrown [s\src\hotspot\share\interpreter\linkResolver.cpp, line 771]
Event: 20.076 Thread 0x000001f08d11e590 Exception <a 'java/lang/NoSuchMethodError'{0x000000008cef7690}: 'java.lang.Object java.lang.invoke.DirectMethodHandle$Holder.invokeSpecial(java.lang.Object, java.lang.Object, java.lang.Object, int, java.lang.Object, java.lang.Object)'> (0x000000008cef7690) 
thrown [s\src\hotspot\share\interpreter\linkResolver.cpp, line 771]
Event: 20.077 Thread 0x000001f08da422f0 Exception <a 'sun/nio/fs/WindowsException'{0x000000008cd226a8}> (0x000000008cd226a8) 
thrown [s\src\hotspot\share\prims\jni.cpp, line 517]
Event: 20.122 Thread 0x000001f08fbd8d50 Exception <a 'java/lang/NoSuchMethodError'{0x000000008cacfa48}: 'java.lang.Object java.lang.invoke.DirectMethodHandle$Holder.newInvokeSpecial(java.lang.Object, long)'> (0x000000008cacfa48) 
thrown [s\src\hotspot\share\interpreter\linkResolver.cpp, line 771]
Event: 20.159 Thread 0x000001f08d125440 Exception <a 'sun/nio/fs/WindowsException'{0x000000008e3b4730}> (0x000000008e3b4730) 
thrown [s\src\hotspot\share\prims\jni.cpp, line 517]

VM Operations (20 events):
Event: 19.703 Executing VM operation: G1CollectForAllocation done
Event: 19.708 Executing VM operation: HandshakeAllThreads
Event: 19.709 Executing VM operation: HandshakeAllThreads done
Event: 19.777 Executing VM operation: HandshakeAllThreads
Event: 19.778 Executing VM operation: HandshakeAllThreads done
Event: 19.788 Executing VM operation: HandshakeAllThreads
Event: 19.789 Executing VM operation: HandshakeAllThreads done
Event: 19.899 Executing VM operation: G1CollectForAllocation
Event: 19.906 Executing VM operation: G1CollectForAllocation done
Event: 19.999 Executing VM operation: HandshakeAllThreads
Event: 19.999 Executing VM operation: HandshakeAllThreads done
Event: 20.054 Executing VM operation: G1CollectForAllocation
Event: 20.061 Executing VM operation: G1CollectForAllocation done
Event: 20.124 Executing VM operation: G1Concurrent
Event: 20.133 Executing VM operation: G1Concurrent done
Event: 20.211 Executing VM operation: G1Concurrent
Event: 20.213 Executing VM operation: G1Concurrent done
Event: 20.257 Executing VM operation: G1CollectForAllocation
Event: 20.262 Executing VM operation: G1CollectForAllocation done
Event: 20.274 Executing VM operation: G1CollectForAllocation

Events (20 events):
Event: 19.796 Thread 0x000001f0878b2ba0 flushing nmethod 0x000001f0f05cf890
Event: 19.802 Thread 0x000001f0878b2ba0 flushing nmethod 0x000001f0f0a5cc10
Event: 19.804 Thread 0x000001f0878b2ba0 flushing nmethod 0x000001f0f0c05a10
Event: 19.806 Thread 0x000001f0878b2ba0 flushing nmethod 0x000001f0f0d79d10
Event: 19.807 Thread 0x000001f0878b2ba0 flushing nmethod 0x000001f0f0e16590
Event: 19.807 Thread 0x000001f0878b2ba0 flushing nmethod 0x000001f0f0e19410
Event: 19.807 Thread 0x000001f0878b2ba0 flushing nmethod 0x000001f0f0e24a10
Event: 19.807 Thread 0x000001f0878b2ba0 flushing nmethod 0x000001f0f0e5a690
Event: 19.807 Thread 0x000001f0878b2ba0 flushing nmethod 0x000001f0f0e5ad90
Event: 19.808 Thread 0x000001f0878b2ba0 flushing nmethod 0x000001f0f0e8f310
Event: 19.809 Thread 0x000001f0878b2ba0 flushing nmethod 0x000001f0f0f78f10
Event: 19.814 Thread 0x000001f0878b2ba0 flushing nmethod 0x000001f0f139e490
Event: 19.814 Thread 0x000001f0878b2ba0 flushing nmethod 0x000001f0f139ee90
Event: 19.815 Thread 0x000001f0878b2ba0 flushing nmethod 0x000001f0f140b790
Event: 19.879 loading class java/util/concurrent/RejectedExecutionException
Event: 19.879 loading class java/util/concurrent/RejectedExecutionException done
Event: 20.031 loading class java/lang/reflect/GenericSignatureFormatError
Event: 20.031 loading class java/lang/reflect/GenericSignatureFormatError done
Event: 20.228 loading class java/util/concurrent/ConcurrentLinkedQueue$Itr
Event: 20.228 loading class java/util/concurrent/ConcurrentLinkedQueue$Itr done


Dynamic libraries:
0x00007ff6aa360000 - 0x00007ff6aa36a000 	D:\android studio\jbr\bin\java.exe
0x00007ffa210b0000 - 0x00007ffa212c7000 	C:\WINDOWS\SYSTEM32\ntdll.dll
0x00007ffa20580000 - 0x00007ffa20644000 	C:\WINDOWS\System32\KERNEL32.DLL
0x00007ffa1e4a0000 - 0x00007ffa1e846000 	C:\WINDOWS\System32\KERNELBASE.dll
0x00007ffa1eb90000 - 0x00007ffa1eca1000 	C:\WINDOWS\System32\ucrtbase.dll
0x00007ffa014f0000 - 0x00007ffa01507000 	D:\android studio\jbr\bin\jli.dll
0x00007ffa04730000 - 0x00007ffa0474b000 	D:\android studio\jbr\bin\VCRUNTIME140.dll
0x00007ffa1f280000 - 0x00007ffa1f42d000 	C:\WINDOWS\System32\USER32.dll
0x00007ffa1e9f0000 - 0x00007ffa1ea16000 	C:\WINDOWS\System32\win32u.dll
0x00007ffa02e80000 - 0x00007ffa03113000 	C:\WINDOWS\WinSxS\amd64_microsoft.windows.common-controls_6595b64144ccf1df_6.0.22621.2361_none_2712ced57382f843\COMCTL32.dll
0x00007ffa20d80000 - 0x00007ffa20da9000 	C:\WINDOWS\System32\GDI32.dll
0x00007ffa20cd0000 - 0x00007ffa20d77000 	C:\WINDOWS\System32\msvcrt.dll
0x00007ffa1e8d0000 - 0x00007ffa1e9e8000 	C:\WINDOWS\System32\gdi32full.dll
0x00007ffa1ecb0000 - 0x00007ffa1ed4a000 	C:\WINDOWS\System32\msvcp_win.dll
0x00007ffa20490000 - 0x00007ffa204c1000 	C:\WINDOWS\System32\IMM32.DLL
0x00007ffa04db0000 - 0x00007ffa04dbc000 	D:\android studio\jbr\bin\vcruntime140_1.dll
0x00007ff9e1db0000 - 0x00007ff9e1e3d000 	D:\android studio\jbr\bin\msvcp140.dll
0x00007ff9842d0000 - 0x00007ff984f3e000 	D:\android studio\jbr\bin\server\jvm.dll
0x00007ffa204d0000 - 0x00007ffa20580000 	C:\WINDOWS\System32\ADVAPI32.dll
0x00007ffa209e0000 - 0x00007ffa20a86000 	C:\WINDOWS\System32\sechost.dll
0x00007ffa201b0000 - 0x00007ffa202c7000 	C:\WINDOWS\System32\RPCRT4.dll
0x00007ffa033d0000 - 0x00007ffa033d9000 	C:\WINDOWS\SYSTEM32\WSOCK32.dll
0x00007ffa17680000 - 0x00007ffa176b4000 	C:\WINDOWS\SYSTEM32\WINMM.dll
0x00007ffa18370000 - 0x00007ffa1837a000 	C:\WINDOWS\SYSTEM32\VERSION.dll
0x00007ffa20db0000 - 0x00007ffa20e21000 	C:\WINDOWS\System32\WS2_32.dll
0x00007ffa1d470000 - 0x00007ffa1d488000 	C:\WINDOWS\SYSTEM32\kernel.appcore.dll
0x00007ffa18ec0000 - 0x00007ffa18eca000 	D:\android studio\jbr\bin\jimage.dll
0x00007ffa1bd80000 - 0x00007ffa1bfae000 	C:\WINDOWS\SYSTEM32\DBGHELP.DLL
0x00007ffa20650000 - 0x00007ffa209da000 	C:\WINDOWS\System32\combase.dll
0x00007ffa20e30000 - 0x00007ffa20f07000 	C:\WINDOWS\System32\OLEAUT32.dll
0x00007ffa02780000 - 0x00007ffa027b2000 	C:\WINDOWS\SYSTEM32\dbgcore.DLL
0x00007ffa1e850000 - 0x00007ffa1e8ca000 	C:\WINDOWS\System32\bcryptPrimitives.dll
0x00007ffa17b70000 - 0x00007ffa17b95000 	D:\android studio\jbr\bin\java.dll
0x00007ffa06af0000 - 0x00007ffa06b08000 	D:\android studio\jbr\bin\zip.dll
0x00007ffa1f4b0000 - 0x00007ffa1fd08000 	C:\WINDOWS\System32\SHELL32.dll
0x00007ffa1c390000 - 0x00007ffa1cc82000 	C:\WINDOWS\SYSTEM32\windows.storage.dll
0x00007ffa1c250000 - 0x00007ffa1c38e000 	C:\WINDOWS\SYSTEM32\wintypes.dll
0x00007ffa20f70000 - 0x00007ffa21063000 	C:\WINDOWS\System32\SHCORE.dll
0x00007ffa20f10000 - 0x00007ffa20f6e000 	C:\WINDOWS\System32\shlwapi.dll
0x00007ffa1e360000 - 0x00007ffa1e386000 	C:\WINDOWS\SYSTEM32\profapi.dll
0x00007ffa05e30000 - 0x00007ffa05e49000 	D:\android studio\jbr\bin\net.dll
0x00007ffa17950000 - 0x00007ffa17a87000 	C:\WINDOWS\SYSTEM32\WINHTTP.dll
0x00007ffa1d8f0000 - 0x00007ffa1d959000 	C:\WINDOWS\system32\mswsock.dll
0x00007ffa05e10000 - 0x00007ffa05e26000 	D:\android studio\jbr\bin\nio.dll
0x00007ffa18eb0000 - 0x00007ffa18ec0000 	D:\android studio\jbr\bin\verify.dll
0x00007ff9e8ae0000 - 0x00007ff9e8b07000 	C:\Users\hachem safae\.gradle\native\e1d6ef7f7dcc3fd88c89a11ec53ec762bb8ba0a96d01ffa2cd45eb1d1d8dd5c5\windows-amd64\native-platform.dll
0x00007ff9760d0000 - 0x00007ff976214000 	C:\Users\hachem safae\.gradle\native\5664cfc778a61ccfe75a443a1ab52a65af34e5dc3c78e0209fed803814484fcb\windows-amd64\native-platform-file-events.dll
0x00007ffa06ae0000 - 0x00007ffa06ae9000 	D:\android studio\jbr\bin\management.dll
0x00007ffa068d0000 - 0x00007ffa068db000 	D:\android studio\jbr\bin\management_ext.dll
0x00007ffa20bf0000 - 0x00007ffa20bf8000 	C:\WINDOWS\System32\PSAPI.DLL
0x00007ffa1db40000 - 0x00007ffa1db5b000 	C:\WINDOWS\SYSTEM32\CRYPTSP.dll
0x00007ffa1d3d0000 - 0x00007ffa1d405000 	C:\WINDOWS\system32\rsaenh.dll
0x00007ffa1d9e0000 - 0x00007ffa1da0c000 	C:\WINDOWS\SYSTEM32\USERENV.dll
0x00007ffa1dd00000 - 0x00007ffa1dd28000 	C:\WINDOWS\SYSTEM32\bcrypt.dll
0x00007ffa1db60000 - 0x00007ffa1db6c000 	C:\WINDOWS\SYSTEM32\CRYPTBASE.dll
0x00007ffa1cef0000 - 0x00007ffa1cf1d000 	C:\WINDOWS\SYSTEM32\IPHLPAPI.DLL
0x00007ffa201a0000 - 0x00007ffa201a9000 	C:\WINDOWS\System32\NSI.dll
0x00007ffa17660000 - 0x00007ffa17679000 	C:\WINDOWS\SYSTEM32\dhcpcsvc6.DLL
0x00007ffa17640000 - 0x00007ffa1765f000 	C:\WINDOWS\SYSTEM32\dhcpcsvc.DLL
0x00007ffa1cf60000 - 0x00007ffa1d059000 	C:\WINDOWS\SYSTEM32\DNSAPI.dll
0x00007ffa05e00000 - 0x00007ffa05e08000 	C:\WINDOWS\system32\wshunix.dll
0x00007ff9fd170000 - 0x00007ff9fd187000 	C:\WINDOWS\system32\napinsp.dll
0x00007ff9fd0f0000 - 0x00007ff9fd10b000 	C:\WINDOWS\system32\pnrpnsp.dll
0x00007ffa04830000 - 0x00007ffa04841000 	C:\WINDOWS\System32\winrnr.dll
0x00007ffa04810000 - 0x00007ffa04825000 	C:\WINDOWS\system32\wshbth.dll
0x00007ffa047e0000 - 0x00007ffa04801000 	C:\WINDOWS\system32\nlansp_c.dll
0x00007ffa14060000 - 0x00007ffa1406a000 	C:\Windows\System32\rasadhlp.dll
0x00007ffa16c20000 - 0x00007ffa16ca4000 	C:\WINDOWS\System32\fwpuclnt.dll

dbghelp: loaded successfully - version: 4.0.5 - missing functions: none
symbol engine: initialized successfully - sym options: 0x614 - pdb path: .;D:\android studio\jbr\bin;C:\WINDOWS\SYSTEM32;C:\WINDOWS\WinSxS\amd64_microsoft.windows.common-controls_6595b64144ccf1df_6.0.22621.2361_none_2712ced57382f843;D:\android studio\jbr\bin\server;C:\Users\hachem safae\.gradle\native\e1d6ef7f7dcc3fd88c89a11ec53ec762bb8ba0a96d01ffa2cd45eb1d1d8dd5c5\windows-amd64;C:\Users\hachem safae\.gradle\native\5664cfc778a61ccfe75a443a1ab52a65af34e5dc3c78e0209fed803814484fcb\windows-amd64

VM Arguments:
jvm_args: --add-opens=java.base/java.util=ALL-UNNAMED --add-opens=java.base/java.lang=ALL-UNNAMED --add-opens=java.base/java.lang.invoke=ALL-UNNAMED --add-opens=java.base/java.util=ALL-UNNAMED --add-opens=java.prefs/java.util.prefs=ALL-UNNAMED --add-opens=java.prefs/java.util.prefs=ALL-UNNAMED --add-opens=java.base/java.nio.charset=ALL-UNNAMED --add-opens=java.base/java.net=ALL-UNNAMED --add-opens=java.base/java.util.concurrent.atomic=ALL-UNNAMED -Xmx2048m -Dfile.encoding=UTF-8 -Duser.country=FR -Duser.language=fr -Duser.variant 
java_command: org.gradle.launcher.daemon.bootstrap.GradleDaemon 7.3.3
java_class_path (initial): C:\Users\hachem safae\.gradle\wrapper\dists\gradle-7.3.3-bin\6a41zxkdtcxs8rphpq6y0069z\gradle-7.3.3\lib\gradle-launcher-7.3.3.jar
Launcher Type: SUN_STANDARD

[Global flags]
     intx CICompilerCount                          = 4                                         {product} {ergonomic}
     uint ConcGCThreads                            = 2                                         {product} {ergonomic}
     uint G1ConcRefinementThreads                  = 8                                         {product} {ergonomic}
   size_t G1HeapRegionSize                         = 1048576                                   {product} {ergonomic}
    uintx GCDrainStackTargetSize                   = 64                                        {product} {ergonomic}
   size_t InitialHeapSize                          = 266338304                                 {product} {ergonomic}
   size_t MarkStackSize                            = 4194304                                   {product} {ergonomic}
   size_t MaxHeapSize                              = 2147483648                                {product} {command line}
   size_t MaxNewSize                               = 1287651328                                {product} {ergonomic}
   size_t MinHeapDeltaBytes                        = 1048576                                   {product} {ergonomic}
   size_t MinHeapSize                              = 8388608                                   {product} {ergonomic}
    uintx NonNMethodCodeHeapSize                   = 5839372                                {pd product} {ergonomic}
    uintx NonProfiledCodeHeapSize                  = 122909434                              {pd product} {ergonomic}
    uintx ProfiledCodeHeapSize                     = 122909434                              {pd product} {ergonomic}
    uintx ReservedCodeCacheSize                    = 251658240                              {pd product} {ergonomic}
     bool SegmentedCodeCache                       = true                                      {product} {ergonomic}
   size_t SoftMaxHeapSize                          = 2147483648                             {manageable} {ergonomic}
     bool UseCompressedClassPointers               = true                           {product lp64_product} {ergonomic}
     bool UseCompressedOops                        = true                           {product lp64_product} {ergonomic}
     bool UseG1GC                                  = true                                      {product} {ergonomic}
     bool UseLargePagesIndividualAllocation        = false                                  {pd product} {ergonomic}

Logging:
Log output configuration:
 #0: stdout all=warning uptime,level,tags
 #1: stderr all=off uptime,level,tags

Environment Variables:
JAVA_HOME=C:\Program Files\Java\jdk-11
PATH=C:\Program Files (x86)\Common Files\Oracle\Java\javapath;C:\Program Files (x86)\VMware\VMware Workstation\bin\;D:\oraclexe\app\oracle\product\11.2.0\server\bin;C:\Program Files\Common Files\Oracle\Java\javapath;C:\WINDOWS\system32;C:\WINDOWS;C:\WINDOWS\System32\Wbem;C:\WINDOWS\System32\WindowsPowerShell\v1.0\;C:\WINDOWS\System32\OpenSSH\;c:\Program Files (x86)\Microsoft SQL Server\100\Tools\Binn\;c:\Program Files\Microsoft SQL Server\100\Tools\Binn\;c:\Program Files\Microsoft SQL Server\100\DTS\Binn\;C:\Program Files\Java\jdk-11\bin;C:\Program Files\Java\jdk-19\bin;C:\Program Files\Common Files\Oracle\Java\javapath;C:\ProgramData\ComposerSetup\bin;D:\XAAMP\php\php.exe;D:\xamp\php;C:\Program Files\wkhtmltopdf\bin;D:\node;C:\Program Files\Git\cmd;C:\Program Files\nodejs\;C:\Program Files\MongoDB\Server\6.0\bin;D:\XAAMP\php;C:\Users\hachem safae\AppData\Local\Programs\Python\Python310\Scripts\;C:\Users\hachem safae\AppData\Local\Programs\Python\Python310\;C:\Program Files\MySQL\MySQL Shell 8.0\bin\;C:\Users\hachem safae\AppData\Local\Microsoft\WindowsApps;C:\Users\hachem safae\AppData\Roaming\Dashlane\6.2007.0.32704\bin\Firefox_Extension\{442718d9-475e-452a-b3e1-fb1ee16b8e9f}\components;C:\Users\hachem safae\AppData\Roaming\Dashlane\6.2007.0.32704\ucrt;C:\Users\hachem safae\AppData\Roaming\Dashlane\6.2007.0.32704\bin\Qt;C:\Users\hachem safae\AppData\Roaming\Dashlane\6.2007.0.32704\bin\Ssl;C:\Program Files\JetBrains\IntelliJ IDEA Community Edition 2020.2.2\bin;C:\Users\hachem safae\AppData\Local\Microsoft\WindowsApps;C:\Users\hachem safae\AppData\Local\Programs\Microsoft VS Code\bin;C:\Program Files\IntelliJ IDEA Community Edition 2022.3.2\bin;;C:\Users\hachem safae\AppData\Local\ComposerSetup\bin;C:\Users\hachem safae\AppData\Roaming\Composer\vendor\bin;C:\Users\hachem safae\AppData\Roaming\npm;D:\android2\platform-tools;D:\XAAMP\php;C:\wamp64\bin\php\php5.6.40;
USERNAME=hachem safae
OS=Windows_NT
PROCESSOR_IDENTIFIER=Intel64 Family 6 Model 142 Stepping 12, GenuineIntel
TMP=C:\Users\HACHEM~1\AppData\Local\Temp
TEMP=C:\Users\HACHEM~1\AppData\Local\Temp


JNI global refs:
JNI global refs: 30, weak refs: 49

JNI global refs memory usage: 843, weak refs: 841


---------------  S Y S T E M  ---------------

OS:
 Windows 11 , 64 bit Build 22621 (10.0.22621.2428)
OS uptime: 0 days 2:40 hours

CPU: total 8 (initial active 8) (4 cores per cpu, 2 threads per core) family 6 model 142 stepping 12 microcode 0xf6, cx8, cmov, fxsr, ht, mmx, 3dnowpref, sse, sse2, sse3, ssse3, sse4.1, sse4.2, popcnt, lzcnt, tsc, tscinvbit, avx, avx2, aes, erms, clmul, bmi1, bmi2, adx, fma, vzeroupper, clflush, clflushopt

Memory: 4k page, system-wide physical 16194M (2074M free)
TotalPageFile size 18242M (AvailPageFile size 53M)
current process WorkingSet (physical memory assigned to process): 569M, peak: 569M
current process commit charge ("private bytes"): 670M, peak: 984M

vm_info: OpenJDK 64-Bit Server VM (17.0.6+0-b2043.56-10027231) for windows-amd64 JRE (17.0.6+0-b2043.56-10027231), built on Apr 28 2023 00:43:19 by "androidbuild" with MS VC++ 16.10 / 16.11 (VS2019)

END.
