#
# There is insufficient memory for the Java Runtime Environment to continue.
# Native memory allocation (malloc) failed to allocate 699440 bytes for Chunk::new
# Possible reasons:
#   The system is out of physical RAM or swap space
#   The process is running with CompressedOops enabled, and the Java Heap may be blocking the growth of the native heap
# Possible solutions:
#   Reduce memory load on the system
#   Increase physical memory or swap space
#   Check if swap backing store is full
#   Decrease Java heap size (-Xmx/-Xms)
#   Decrease number of Java threads
#   Decrease Java thread stack sizes (-Xss)
#   Set larger code cache with -XX:ReservedCodeCacheSize=
#   JVM is running with Unscaled Compressed Oops mode in which the Java heap is
#     placed in the first 4GB address space. The Java Heap base address is the
#     maximum limit for the native heap growth. Please use -XX:HeapBaseMinAddress
#     to set the Java Heap base and to place the Java Heap above 4GB virtual address.
# This output file may be truncated or incomplete.
#
#  Out of Memory Error (arena.cpp:189), pid=14768, tid=2584
#
# JRE version: OpenJDK Runtime Environment (17.0.6) (build 17.0.6+0-b2043.56-10027231)
# Java VM: OpenJDK 64-Bit Server VM (17.0.6+0-b2043.56-10027231, mixed mode, tiered, compressed oops, compressed class ptrs, g1 gc, windows-amd64)
# No core dump will be written. Minidumps are not enabled by default on client versions of Windows
#

---------------  S U M M A R Y ------------

Command Line: --add-opens=java.base/java.util=ALL-UNNAMED --add-opens=java.base/java.lang=ALL-UNNAMED --add-opens=java.base/java.lang.invoke=ALL-UNNAMED --add-opens=java.base/java.util=ALL-UNNAMED --add-opens=java.prefs/java.util.prefs=ALL-UNNAMED --add-opens=java.prefs/java.util.prefs=ALL-UNNAMED --add-opens=java.base/java.nio.charset=ALL-UNNAMED --add-opens=java.base/java.net=ALL-UNNAMED --add-opens=java.base/java.util.concurrent.atomic=ALL-UNNAMED -Xmx2048m -Dfile.encoding=UTF-8 -Duser.country=FR -Duser.language=fr -Duser.variant org.gradle.launcher.daemon.bootstrap.GradleDaemon 7.3.3

Host: Intel(R) Core(TM) i7-8565U CPU @ 1.80GHz, 8 cores, 15G,  Windows 11 , 64 bit Build 22621 (10.0.22621.2428)
Time: Mon Oct 16 20:46:46 2023 Maroc (heure d64 bit Build 22621 (10.0.22621.2428) elapsed time: 14.535750 seconds (0d 0h 0m 14s)

---------------  T H R E A D  ---------------

Current thread (0x00000175b90b2360):  JavaThread "C2 CompilerThread0" daemon [_thread_in_native, id=2584, stack(0x0000000c73200000,0x0000000c73300000)]


Current CompileTask:
C2:  14535 10974   !   4       org.gradle.internal.instantiation.generator.DependencyInjectingInstantiator::doCreate (64 bytes)

Stack: [0x0000000c73200000,0x0000000c73300000]
Native frames: (J=compiled Java code, j=interpreted, Vv=VM code, C=native code)
V  [jvm.dll+0x683c9a]
V  [jvm.dll+0x8427a4]
V  [jvm.dll+0x843f9e]
V  [jvm.dll+0x844603]
V  [jvm.dll+0x249b75]
V  [jvm.dll+0xabcac]
V  [jvm.dll+0xac27c]
V  [jvm.dll+0x368857]
V  [jvm.dll+0x1bd0b8]
V  [jvm.dll+0x21c359]
V  [jvm.dll+0x21b621]
V  [jvm.dll+0x1a4fdd]
V  [jvm.dll+0x22b098]
V  [jvm.dll+0x229159]
V  [jvm.dll+0x7f81ec]
V  [jvm.dll+0x7f274a]
V  [jvm.dll+0x682ad5]
C  [ucrtbase.dll+0x29363]
C  [KERNEL32.DLL+0x1257d]
C  [ntdll.dll+0x5aa78]


---------------  P R O C E S S  ---------------

Threads class SMR info:
_java_thread_list=0x00000175c0102010, length=137, elements={
0x000001759c76ebe0, 0x00000175b9060030, 0x00000175b9061dc0, 0x00000175b90ad6a0,
0x00000175b90ae160, 0x00000175b90b0c20, 0x00000175b90b15d0, 0x00000175b90b2360,
0x00000175b90b2e00, 0x00000175b90b5800, 0x00000175b9265170, 0x00000175b922f4e0,
0x00000175b92faba0, 0x00000175bbd6ada0, 0x00000175b9ed7430, 0x00000175ba4c9860,
0x00000175bbc41880, 0x00000175bc5bb010, 0x00000175ba16cd10, 0x00000175bb5f3ae0,
0x00000175b94130d0, 0x00000175b9412c00, 0x00000175b9410a50, 0x00000175b94135a0,
0x00000175b94100b0, 0x00000175b9412730, 0x00000175b9413a70, 0x00000175b9412260,
0x00000175b9410580, 0x00000175b94118c0, 0x00000175b9411d90, 0x00000175bc647b70,
0x00000175bc6454f0, 0x00000175bc6476a0, 0x00000175bc646830, 0x00000175bc64ab90,
0x00000175bc64ba00, 0x00000175bc6489e0, 0x00000175bc6459c0, 0x00000175bc648510,
0x00000175bc6471d0, 0x00000175bc648eb0, 0x00000175bc64bed0, 0x00000175bc64cd40,
0x00000175bc649380, 0x00000175bc649850, 0x00000175bc649d20, 0x00000175bc64a1f0,
0x00000175bc645e90, 0x00000175bc646360, 0x00000175bf393890, 0x00000175bf393d60,
0x00000175bf392080, 0x00000175bf392ef0, 0x00000175bf3933c0, 0x00000175bf38fa00,
0x00000175bf3968b0, 0x00000175bf394230, 0x00000175bf394bd0, 0x00000175bf394700,
0x00000175bf38f060, 0x00000175bf3950a0, 0x00000175bf391bb0, 0x00000175bf395570,
0x00000175bf38fed0, 0x00000175bf395f10, 0x00000175bf3963e0, 0x00000175bf38f530,
0x00000175bf395a40, 0x00000175bf3903a0, 0x00000175bf390870, 0x00000175bf390d40,
0x00000175bf391210, 0x00000175bf3916e0, 0x00000175bf392550, 0x00000175bf392a20,
0x00000175bee3e5d0, 0x00000175bee37720, 0x00000175bee3d290, 0x00000175bee3b5b0,
0x00000175bee36d80, 0x00000175bee37bf0, 0x00000175bee3a270, 0x00000175bee39400,
0x00000175bee38590, 0x00000175bee3cdc0, 0x00000175bee3e100, 0x00000175bee3a740,
0x00000175bee37250, 0x00000175bee380c0, 0x00000175bee398d0, 0x00000175bee38a60,
0x00000175bee3ac10, 0x00000175bee38f30, 0x00000175bee3ba80, 0x00000175bee39da0,
0x00000175bee3b0e0, 0x00000175bee3d760, 0x00000175bee3bf50, 0x00000175bee3c420,
0x00000175bee3c8f0, 0x00000175bee3dc30, 0x00000175bd0ada90, 0x00000175bd0b1450,
0x00000175bd0b2790, 0x00000175bd0b1920, 0x00000175bd0ad0f0, 0x00000175bd0b1df0,
0x00000175bd0b2c60, 0x00000175bd0ad5c0, 0x00000175bd0af770, 0x00000175bd0b22c0,
0x00000175bd0b3130, 0x00000175bd0ab8e0, 0x00000175bd0adf60, 0x00000175bd0ae900,
0x00000175bd0ae430, 0x00000175bd0aedd0, 0x00000175bd0af2a0, 0x00000175bd0afc40,
0x00000175bd0abdb0, 0x00000175bd0b0ab0, 0x00000175bd0ac280, 0x00000175bd0ac750,
0x00000175bd0acc20, 0x00000175bf2dfaa0, 0x00000175bf2e0440, 0x00000175bf2dca80,
0x00000175bf2dcf50, 0x00000175bf2db740, 0x00000175bf2e0910, 0x00000175bf2dd420,
0x00000175bf2dbc10, 0x00000175bf2df100, 0x00000175bf2e1780, 0x00000175bb802dd0,
0x00000175bf2e1c50
}

Java Threads: ( => current thread )
  0x000001759c76ebe0 JavaThread "main" [_thread_blocked, id=19720, stack(0x0000000c72500000,0x0000000c72600000)]
  0x00000175b9060030 JavaThread "Reference Handler" daemon [_thread_blocked, id=1168, stack(0x0000000c72c00000,0x0000000c72d00000)]
  0x00000175b9061dc0 JavaThread "Finalizer" daemon [_thread_blocked, id=5388, stack(0x0000000c72d00000,0x0000000c72e00000)]
  0x00000175b90ad6a0 JavaThread "Signal Dispatcher" daemon [_thread_blocked, id=12468, stack(0x0000000c72e00000,0x0000000c72f00000)]
  0x00000175b90ae160 JavaThread "Attach Listener" daemon [_thread_blocked, id=9760, stack(0x0000000c72f00000,0x0000000c73000000)]
  0x00000175b90b0c20 JavaThread "Service Thread" daemon [_thread_blocked, id=21216, stack(0x0000000c73000000,0x0000000c73100000)]
  0x00000175b90b15d0 JavaThread "Monitor Deflation Thread" daemon [_thread_blocked, id=17636, stack(0x0000000c73100000,0x0000000c73200000)]
=>0x00000175b90b2360 JavaThread "C2 CompilerThread0" daemon [_thread_in_native, id=2584, stack(0x0000000c73200000,0x0000000c73300000)]
  0x00000175b90b2e00 JavaThread "C1 CompilerThread0" daemon [_thread_in_native, id=21240, stack(0x0000000c73300000,0x0000000c73400000)]
  0x00000175b90b5800 JavaThread "Sweeper thread" daemon [_thread_blocked, id=7676, stack(0x0000000c73400000,0x0000000c73500000)]
  0x00000175b9265170 JavaThread "Common-Cleaner" daemon [_thread_blocked, id=12660, stack(0x0000000c73500000,0x0000000c73600000)]
  0x00000175b922f4e0 JavaThread "Notification Thread" daemon [_thread_blocked, id=19388, stack(0x0000000c73600000,0x0000000c73700000)]
  0x00000175b92faba0 JavaThread "C2 CompilerThread1" daemon [_thread_in_native, id=17036, stack(0x0000000c73800000,0x0000000c73900000)]
  0x00000175bbd6ada0 JavaThread "Daemon health stats" [_thread_blocked, id=11608, stack(0x0000000c73f00000,0x0000000c74000000)]
  0x00000175b9ed7430 JavaThread "Incoming local TCP Connector on port 53598" [_thread_in_native, id=876, stack(0x0000000c73900000,0x0000000c73a00000)]
  0x00000175ba4c9860 JavaThread "Daemon periodic checks" [_thread_blocked, id=18200, stack(0x0000000c74000000,0x0000000c74100000)]
  0x00000175bbc41880 JavaThread "Daemon" [_thread_blocked, id=15592, stack(0x0000000c74100000,0x0000000c74200000)]
  0x00000175bc5bb010 JavaThread "Handler for socket connection from /127.0.0.1:53598 to /127.0.0.1:53599" [_thread_in_native, id=12928, stack(0x0000000c74200000,0x0000000c74300000)]
  0x00000175ba16cd10 JavaThread "Cancel handler" [_thread_blocked, id=20012, stack(0x0000000c74300000,0x0000000c74400000)]
  0x00000175bb5f3ae0 JavaThread "Daemon worker" [_thread_blocked, id=11752, stack(0x0000000c74400000,0x0000000c74500000)]
  0x00000175b94130d0 JavaThread "Asynchronous log dispatcher for DefaultDaemonConnection: socket connection from /127.0.0.1:53598 to /127.0.0.1:53599" [_thread_blocked, id=2016, stack(0x0000000c74500000,0x0000000c74600000)]
  0x00000175b9412c00 JavaThread "Stdin handler" [_thread_blocked, id=8204, stack(0x0000000c74600000,0x0000000c74700000)]
  0x00000175b9410a50 JavaThread "Daemon client event forwarder" [_thread_blocked, id=19140, stack(0x0000000c74700000,0x0000000c74800000)]
  0x00000175b94135a0 JavaThread "Cache worker for journal cache (C:\Users\hachem safae\.gradle\caches\journal-1)" [_thread_in_native, id=19564, stack(0x0000000c74800000,0x0000000c74900000)]
  0x00000175b94100b0 JavaThread "File lock request listener" [_thread_in_native, id=20768, stack(0x0000000c74900000,0x0000000c74a00000)]
  0x00000175b9412730 JavaThread "Cache worker for file hash cache (C:\Users\hachem safae\.gradle\caches\7.3.3\fileHashes)" [_thread_blocked, id=8936, stack(0x0000000c74d00000,0x0000000c74e00000)]
  0x00000175b9413a70 JavaThread "Cache worker for file hash cache (C:\Users\hachem safae\Downloads\List3\.gradle\7.3.3\fileHashes)" [_thread_blocked, id=11896, stack(0x0000000c74e00000,0x0000000c74f00000)]
  0x00000175b9412260 JavaThread "File watcher server" daemon [_thread_in_native, id=13836, stack(0x0000000c75000000,0x0000000c75100000)]
  0x00000175b9410580 JavaThread "File watcher consumer" daemon [_thread_blocked, id=10308, stack(0x0000000c75100000,0x0000000c75200000)]
  0x00000175b94118c0 JavaThread "Cache worker for checksums cache (C:\Users\hachem safae\Downloads\List3\.gradle\7.3.3\checksums)" [_thread_blocked, id=16520, stack(0x0000000c75200000,0x0000000c75300000)]
  0x00000175b9411d90 JavaThread "Cache worker for cache directory md-supplier (C:\Users\hachem safae\.gradle\caches\7.3.3\md-supplier)" [_thread_blocked, id=12792, stack(0x0000000c75300000,0x0000000c75400000)]
  0x00000175bc647b70 JavaThread "Cache worker for cache directory md-rule (C:\Users\hachem safae\.gradle\caches\7.3.3\md-rule)" [_thread_blocked, id=21324, stack(0x0000000c75400000,0x0000000c75500000)]
  0x00000175bc6454f0 JavaThread "Cache worker for execution history cache (C:\Users\hachem safae\.gradle\caches\7.3.3\executionHistory)" [_thread_in_Java, id=11316, stack(0x0000000c75500000,0x0000000c75600000)]
  0x00000175bc6476a0 JavaThread "jar transforms" [_thread_blocked, id=20216, stack(0x0000000c75600000,0x0000000c75700000)]
  0x00000175bc646830 JavaThread "jar transforms Thread 2" [_thread_blocked, id=17144, stack(0x0000000c75700000,0x0000000c75800000)]
  0x00000175bc64ab90 JavaThread "Cache worker for file content cache (C:\Users\hachem safae\.gradle\caches\7.3.3\fileContent)" [_thread_blocked, id=4036, stack(0x0000000c75800000,0x0000000c75900000)]
  0x00000175bc64ba00 JavaThread "jar transforms Thread 3" [_thread_blocked, id=6076, stack(0x0000000c75900000,0x0000000c75a00000)]
  0x00000175bc6489e0 JavaThread "jar transforms Thread 4" [_thread_blocked, id=20864, stack(0x0000000c75a00000,0x0000000c75b00000)]
  0x00000175bc6459c0 JavaThread "Cache worker for dependencies-accessors (C:\Users\hachem safae\Downloads\List3\.gradle\7.3.3\dependencies-accessors)" [_thread_blocked, id=15604, stack(0x0000000c75b00000,0x0000000c75c00000)]
  0x00000175bc648510 JavaThread "jar transforms Thread 5" [_thread_blocked, id=20532, stack(0x0000000c75c00000,0x0000000c75d00000)]
  0x00000175bc6471d0 JavaThread "Cache worker for Build Output Cleanup Cache (C:\Users\hachem safae\Downloads\List3\.gradle\buildOutputCleanup)" [_thread_in_Java, id=19792, stack(0x0000000c75d00000,0x0000000c75e00000)]
  0x00000175bc648eb0 JavaThread "Unconstrained build operations" [_thread_blocked, id=20564, stack(0x0000000c75e00000,0x0000000c75f00000)]
  0x00000175bc64bed0 JavaThread "Unconstrained build operations Thread 2" [_thread_blocked, id=3904, stack(0x0000000c75f00000,0x0000000c76000000)]
  0x00000175bc64cd40 JavaThread "Unconstrained build operations Thread 3" [_thread_blocked, id=8432, stack(0x0000000c76000000,0x0000000c76100000)]
  0x00000175bc649380 JavaThread "Unconstrained build operations Thread 4" [_thread_blocked, id=19352, stack(0x0000000c76100000,0x0000000c76200000)]
  0x00000175bc649850 JavaThread "Unconstrained build operations Thread 5" [_thread_blocked, id=17100, stack(0x0000000c76200000,0x0000000c76300000)]
  0x00000175bc649d20 JavaThread "Unconstrained build operations Thread 6" [_thread_blocked, id=10736, stack(0x0000000c76300000,0x0000000c76400000)]
  0x00000175bc64a1f0 JavaThread "Unconstrained build operations Thread 7" [_thread_blocked, id=20156, stack(0x0000000c76400000,0x0000000c76500000)]
  0x00000175bc645e90 JavaThread "Unconstrained build operations Thread 8" [_thread_in_Java, id=2288, stack(0x0000000c76500000,0x0000000c76600000)]
  0x00000175bc646360 JavaThread "Unconstrained build operations Thread 9" [_thread_blocked, id=4620, stack(0x0000000c76600000,0x0000000c76700000)]
  0x00000175bf393890 JavaThread "Unconstrained build operations Thread 10" [_thread_blocked, id=1680, stack(0x0000000c76700000,0x0000000c76800000)]
  0x00000175bf393d60 JavaThread "Unconstrained build operations Thread 11" [_thread_in_native, id=21152, stack(0x0000000c76800000,0x0000000c76900000)]
  0x00000175bf392080 JavaThread "Unconstrained build operations Thread 12" [_thread_blocked, id=18816, stack(0x0000000c76900000,0x0000000c76a00000)]
  0x00000175bf392ef0 JavaThread "Unconstrained build operations Thread 13" [_thread_blocked, id=16904, stack(0x0000000c76a00000,0x0000000c76b00000)]
  0x00000175bf3933c0 JavaThread "Unconstrained build operations Thread 14" [_thread_blocked, id=15212, stack(0x0000000c76b00000,0x0000000c76c00000)]
  0x00000175bf38fa00 JavaThread "Unconstrained build operations Thread 15" [_thread_blocked, id=20708, stack(0x0000000c76c00000,0x0000000c76d00000)]
  0x00000175bf3968b0 JavaThread "Unconstrained build operations Thread 16" [_thread_blocked, id=20576, stack(0x0000000c76d00000,0x0000000c76e00000)]
  0x00000175bf394230 JavaThread "Unconstrained build operations Thread 17" [_thread_blocked, id=18544, stack(0x0000000c76e00000,0x0000000c76f00000)]
  0x00000175bf394bd0 JavaThread "Unconstrained build operations Thread 18" [_thread_blocked, id=1640, stack(0x0000000c76f00000,0x0000000c77000000)]
  0x00000175bf394700 JavaThread "Unconstrained build operations Thread 19" [_thread_blocked, id=14892, stack(0x0000000c77000000,0x0000000c77100000)]
  0x00000175bf38f060 JavaThread "Unconstrained build operations Thread 20" [_thread_blocked, id=18580, stack(0x0000000c77100000,0x0000000c77200000)]
  0x00000175bf3950a0 JavaThread "Unconstrained build operations Thread 21" [_thread_blocked, id=19840, stack(0x0000000c77200000,0x0000000c77300000)]
  0x00000175bf391bb0 JavaThread "Unconstrained build operations Thread 22" [_thread_blocked, id=10476, stack(0x0000000c77300000,0x0000000c77400000)]
  0x00000175bf395570 JavaThread "Unconstrained build operations Thread 23" [_thread_in_native, id=18228, stack(0x0000000c77400000,0x0000000c77500000)]
  0x00000175bf38fed0 JavaThread "Unconstrained build operations Thread 24" [_thread_blocked, id=21292, stack(0x0000000c77500000,0x0000000c77600000)]
  0x00000175bf395f10 JavaThread "Unconstrained build operations Thread 25" [_thread_blocked, id=16344, stack(0x0000000c77600000,0x0000000c77700000)]
  0x00000175bf3963e0 JavaThread "Unconstrained build operations Thread 26" [_thread_blocked, id=14620, stack(0x0000000c77700000,0x0000000c77800000)]
  0x00000175bf38f530 JavaThread "Unconstrained build operations Thread 27" [_thread_blocked, id=9868, stack(0x0000000c77800000,0x0000000c77900000)]
  0x00000175bf395a40 JavaThread "Unconstrained build operations Thread 28" [_thread_blocked, id=20616, stack(0x0000000c77900000,0x0000000c77a00000)]
  0x00000175bf3903a0 JavaThread "Unconstrained build operations Thread 29" [_thread_blocked, id=21464, stack(0x0000000c77a00000,0x0000000c77b00000)]
  0x00000175bf390870 JavaThread "Unconstrained build operations Thread 30" [_thread_blocked, id=18212, stack(0x0000000c77b00000,0x0000000c77c00000)]
  0x00000175bf390d40 JavaThread "Unconstrained build operations Thread 31" [_thread_blocked, id=17496, stack(0x0000000c77c00000,0x0000000c77d00000)]
  0x00000175bf391210 JavaThread "Unconstrained build operations Thread 32" [_thread_blocked, id=12100, stack(0x0000000c77d00000,0x0000000c77e00000)]
  0x00000175bf3916e0 JavaThread "Unconstrained build operations Thread 33" [_thread_blocked, id=16752, stack(0x0000000c77e00000,0x0000000c77f00000)]
  0x00000175bf392550 JavaThread "Unconstrained build operations Thread 34" [_thread_blocked, id=17564, stack(0x0000000c77f00000,0x0000000c78000000)]
  0x00000175bf392a20 JavaThread "Unconstrained build operations Thread 35" [_thread_blocked, id=18852, stack(0x0000000c78000000,0x0000000c78100000)]
  0x00000175bee3e5d0 JavaThread "Unconstrained build operations Thread 36" [_thread_blocked, id=9496, stack(0x0000000c78100000,0x0000000c78200000)]
  0x00000175bee37720 JavaThread "Unconstrained build operations Thread 37" [_thread_blocked, id=12776, stack(0x0000000c78200000,0x0000000c78300000)]
  0x00000175bee3d290 JavaThread "Unconstrained build operations Thread 38" [_thread_blocked, id=6412, stack(0x0000000c78300000,0x0000000c78400000)]
  0x00000175bee3b5b0 JavaThread "Unconstrained build operations Thread 39" [_thread_in_native, id=20120, stack(0x0000000c78400000,0x0000000c78500000)]
  0x00000175bee36d80 JavaThread "Unconstrained build operations Thread 40" [_thread_blocked, id=19264, stack(0x0000000c78500000,0x0000000c78600000)]
  0x00000175bee37bf0 JavaThread "Unconstrained build operations Thread 41" [_thread_blocked, id=15576, stack(0x0000000c78600000,0x0000000c78700000)]
  0x00000175bee3a270 JavaThread "Unconstrained build operations Thread 42" [_thread_blocked, id=9484, stack(0x0000000c78700000,0x0000000c78800000)]
  0x00000175bee39400 JavaThread "Unconstrained build operations Thread 43" [_thread_blocked, id=17832, stack(0x0000000c78800000,0x0000000c78900000)]
  0x00000175bee38590 JavaThread "Unconstrained build operations Thread 44" [_thread_blocked, id=20560, stack(0x0000000c78900000,0x0000000c78a00000)]
  0x00000175bee3cdc0 JavaThread "Unconstrained build operations Thread 45" [_thread_blocked, id=10316, stack(0x0000000c78a00000,0x0000000c78b00000)]
  0x00000175bee3e100 JavaThread "Unconstrained build operations Thread 46" [_thread_blocked, id=18812, stack(0x0000000c78b00000,0x0000000c78c00000)]
  0x00000175bee3a740 JavaThread "Unconstrained build operations Thread 47" [_thread_blocked, id=8024, stack(0x0000000c78c00000,0x0000000c78d00000)]
  0x00000175bee37250 JavaThread "Unconstrained build operations Thread 48" [_thread_blocked, id=16992, stack(0x0000000c78d00000,0x0000000c78e00000)]
  0x00000175bee380c0 JavaThread "Unconstrained build operations Thread 49" [_thread_blocked, id=3908, stack(0x0000000c78e00000,0x0000000c78f00000)]
  0x00000175bee398d0 JavaThread "Unconstrained build operations Thread 50" [_thread_blocked, id=20612, stack(0x0000000c78f00000,0x0000000c79000000)]
  0x00000175bee38a60 JavaThread "Unconstrained build operations Thread 51" [_thread_blocked, id=1292, stack(0x0000000c79000000,0x0000000c79100000)]
  0x00000175bee3ac10 JavaThread "Unconstrained build operations Thread 52" [_thread_blocked, id=17196, stack(0x0000000c79100000,0x0000000c79200000)]
  0x00000175bee38f30 JavaThread "Unconstrained build operations Thread 53" [_thread_in_native, id=17332, stack(0x0000000c79200000,0x0000000c79300000)]
  0x00000175bee3ba80 JavaThread "Unconstrained build operations Thread 54" [_thread_blocked, id=16136, stack(0x0000000c79300000,0x0000000c79400000)]
  0x00000175bee39da0 JavaThread "Unconstrained build operations Thread 55" [_thread_blocked, id=19112, stack(0x0000000c79400000,0x0000000c79500000)]
  0x00000175bee3b0e0 JavaThread "Unconstrained build operations Thread 56" [_thread_in_vm, id=18828, stack(0x0000000c79500000,0x0000000c79600000)]
  0x00000175bee3d760 JavaThread "Unconstrained build operations Thread 57" [_thread_blocked, id=6696, stack(0x0000000c79600000,0x0000000c79700000)]
  0x00000175bee3bf50 JavaThread "Unconstrained build operations Thread 58" [_thread_blocked, id=18696, stack(0x0000000c79700000,0x0000000c79800000)]
  0x00000175bee3c420 JavaThread "Unconstrained build operations Thread 59" [_thread_blocked, id=19240, stack(0x0000000c79800000,0x0000000c79900000)]
  0x00000175bee3c8f0 JavaThread "Unconstrained build operations Thread 60" [_thread_blocked, id=18940, stack(0x0000000c79900000,0x0000000c79a00000)]
  0x00000175bee3dc30 JavaThread "Unconstrained build operations Thread 61" [_thread_blocked, id=10532, stack(0x0000000c79a00000,0x0000000c79b00000)]
  0x00000175bd0ada90 JavaThread "Unconstrained build operations Thread 62" [_thread_blocked, id=18756, stack(0x0000000c79b00000,0x0000000c79c00000)]
  0x00000175bd0b1450 JavaThread "Unconstrained build operations Thread 63" [_thread_blocked, id=5488, stack(0x0000000c79c00000,0x0000000c79d00000)]
  0x00000175bd0b2790 JavaThread "Unconstrained build operations Thread 64" [_thread_blocked, id=21040, stack(0x0000000c79d00000,0x0000000c79e00000)]
  0x00000175bd0b1920 JavaThread "Unconstrained build operations Thread 65" [_thread_blocked, id=7956, stack(0x0000000c79e00000,0x0000000c79f00000)]
  0x00000175bd0ad0f0 JavaThread "Unconstrained build operations Thread 66" [_thread_blocked, id=4572, stack(0x0000000c79f00000,0x0000000c7a000000)]
  0x00000175bd0b1df0 JavaThread "Unconstrained build operations Thread 67" [_thread_blocked, id=21492, stack(0x0000000c7a000000,0x0000000c7a100000)]
  0x00000175bd0b2c60 JavaThread "Unconstrained build operations Thread 68" [_thread_blocked, id=20796, stack(0x0000000c7a100000,0x0000000c7a200000)]
  0x00000175bd0ad5c0 JavaThread "Unconstrained build operations Thread 69" [_thread_blocked, id=15288, stack(0x0000000c7a200000,0x0000000c7a300000)]
  0x00000175bd0af770 JavaThread "Unconstrained build operations Thread 70" [_thread_blocked, id=19876, stack(0x0000000c7a300000,0x0000000c7a400000)]
  0x00000175bd0b22c0 JavaThread "Unconstrained build operations Thread 71" [_thread_blocked, id=18848, stack(0x0000000c7a400000,0x0000000c7a500000)]
  0x00000175bd0b3130 JavaThread "Unconstrained build operations Thread 72" [_thread_blocked, id=4672, stack(0x0000000c7a500000,0x0000000c7a600000)]
  0x00000175bd0ab8e0 JavaThread "Unconstrained build operations Thread 73" [_thread_blocked, id=19576, stack(0x0000000c7a600000,0x0000000c7a700000)]
  0x00000175bd0adf60 JavaThread "Unconstrained build operations Thread 74" [_thread_blocked, id=3240, stack(0x0000000c7a700000,0x0000000c7a800000)]
  0x00000175bd0ae900 JavaThread "Unconstrained build operations Thread 75" [_thread_blocked, id=15008, stack(0x0000000c7a800000,0x0000000c7a900000)]
  0x00000175bd0ae430 JavaThread "Unconstrained build operations Thread 76" [_thread_blocked, id=8216, stack(0x0000000c7a900000,0x0000000c7aa00000)]
  0x00000175bd0aedd0 JavaThread "Unconstrained build operations Thread 77" [_thread_blocked, id=12036, stack(0x0000000c7aa00000,0x0000000c7ab00000)]
  0x00000175bd0af2a0 JavaThread "Unconstrained build operations Thread 78" [_thread_blocked, id=9408, stack(0x0000000c7ab00000,0x0000000c7ac00000)]
  0x00000175bd0afc40 JavaThread "Unconstrained build operations Thread 79" [_thread_blocked, id=17508, stack(0x0000000c7ac00000,0x0000000c7ad00000)]
  0x00000175bd0abdb0 JavaThread "Unconstrained build operations Thread 80" [_thread_blocked, id=20236, stack(0x0000000c7ad00000,0x0000000c7ae00000)]
  0x00000175bd0b0ab0 JavaThread "jar transforms Thread 6" [_thread_blocked, id=18840, stack(0x0000000c7ae00000,0x0000000c7af00000)]
  0x00000175bd0ac280 JavaThread "jar transforms Thread 7" [_thread_blocked, id=1524, stack(0x0000000c7af00000,0x0000000c7b000000)]
  0x00000175bd0ac750 JavaThread "jar transforms Thread 8" [_thread_blocked, id=2292, stack(0x0000000c7b000000,0x0000000c7b100000)]
  0x00000175bd0acc20 JavaThread "Memory manager" [_thread_blocked, id=12344, stack(0x0000000c7b100000,0x0000000c7b200000)]
  0x00000175bf2dfaa0 JavaThread "build event listener" [_thread_blocked, id=18084, stack(0x0000000c7b200000,0x0000000c7b300000)]
  0x00000175bf2e0440 JavaThread "Execution worker for ':'" [_thread_blocked, id=2960, stack(0x0000000c7b300000,0x0000000c7b400000)]
  0x00000175bf2dca80 JavaThread "Execution worker for ':' Thread 2" [_thread_blocked, id=3408, stack(0x0000000c7b400000,0x0000000c7b500000)]
  0x00000175bf2dcf50 JavaThread "Execution worker for ':' Thread 3" [_thread_blocked, id=20524, stack(0x0000000c7b500000,0x0000000c7b600000)]
  0x00000175bf2db740 JavaThread "Execution worker for ':' Thread 4" [_thread_blocked, id=19772, stack(0x0000000c7b600000,0x0000000c7b700000)]
  0x00000175bf2e0910 JavaThread "Execution worker for ':' Thread 5" [_thread_blocked, id=8248, stack(0x0000000c7b700000,0x0000000c7b800000)]
  0x00000175bf2dd420 JavaThread "Execution worker for ':' Thread 6" [_thread_blocked, id=21080, stack(0x0000000c7b800000,0x0000000c7b900000)]
  0x00000175bf2dbc10 JavaThread "Execution worker for ':' Thread 7" [_thread_blocked, id=9732, stack(0x0000000c7b900000,0x0000000c7ba00000)]
  0x00000175bf2df100 JavaThread "Cache worker for execution history cache (C:\Users\hachem safae\Downloads\List3\.gradle\7.3.3\executionHistory)" [_thread_blocked, id=14440, stack(0x0000000c7ba00000,0x0000000c7bb00000)]
  0x00000175bf2e1780 JavaThread "WorkerExecutor Queue" [_thread_blocked, id=16908, stack(0x0000000c7bd00000,0x0000000c7be00000)]
  0x00000175bb802dd0 JavaThread "C2 CompilerThread2" daemon [_thread_in_native, id=16892, stack(0x0000000c74f00000,0x0000000c75000000)]
  0x00000175bf2e1c50 JavaThread "WorkerExecutor Queue Thread 2" [_thread_blocked, id=18824, stack(0x0000000c7be00000,0x0000000c7bf00000)]

Other Threads:
  0x00000175b859e820 VMThread "VM Thread" [stack: 0x0000000c72b00000,0x0000000c72c00000] [id=19444]
  0x00000175b907f060 WatcherThread [stack: 0x0000000c73700000,0x0000000c73800000] [id=20296]
  0x000001759c7ca3d0 GCTaskThread "GC Thread#0" [stack: 0x0000000c72600000,0x0000000c72700000] [id=20244]
  0x00000175ba80f0d0 GCTaskThread "GC Thread#1" [stack: 0x0000000c73a00000,0x0000000c73b00000] [id=14868]
  0x00000175b9eaebd0 GCTaskThread "GC Thread#2" [stack: 0x0000000c73b00000,0x0000000c73c00000] [id=20332]
  0x00000175ba7b9d20 GCTaskThread "GC Thread#3" [stack: 0x0000000c73c00000,0x0000000c73d00000] [id=5040]
  0x00000175b9e957c0 GCTaskThread "GC Thread#4" [stack: 0x0000000c73d00000,0x0000000c73e00000] [id=2908]
  0x00000175b9e95a70 GCTaskThread "GC Thread#5" [stack: 0x0000000c73e00000,0x0000000c73f00000] [id=9956]
  0x00000175bbfe97b0 GCTaskThread "GC Thread#6" [stack: 0x0000000c74a00000,0x0000000c74b00000] [id=17216]
  0x00000175bbfea7d0 GCTaskThread "GC Thread#7" [stack: 0x0000000c74b00000,0x0000000c74c00000] [id=14608]
  0x000001759c7db310 ConcurrentGCThread "G1 Main Marker" [stack: 0x0000000c72700000,0x0000000c72800000] [id=11856]
  0x000001759c7dbd20 ConcurrentGCThread "G1 Conc#0" [stack: 0x0000000c72800000,0x0000000c72900000] [id=19212]
  0x00000175bbfe8fa0 ConcurrentGCThread "G1 Conc#1" [stack: 0x0000000c74c00000,0x0000000c74d00000] [id=8156]
  0x000001759c82ec30 ConcurrentGCThread "G1 Refine#0" [stack: 0x0000000c72900000,0x0000000c72a00000] [id=19612]
  0x00000175c0a08150 ConcurrentGCThread "G1 Refine#1" [stack: 0x0000000c7bb00000,0x0000000c7bc00000] [id=11676]
  0x00000175c0a06490 ConcurrentGCThread "G1 Refine#2" [stack: 0x0000000c7bc00000,0x0000000c7bd00000] [id=18872]
  0x00000175b8456240 ConcurrentGCThread "G1 Service" [stack: 0x0000000c72a00000,0x0000000c72b00000] [id=1432]

Threads with active compile tasks:
C2 CompilerThread0    14578 10974   !   4       org.gradle.internal.instantiation.generator.DependencyInjectingInstantiator::doCreate (64 bytes)
C1 CompilerThread0    14578 11128       3       org.gradle.api.internal.file.collections.DefaultConfigurableFileCollection$UnresolvedItemsCollector::visitContents (54 bytes)
C2 CompilerThread1    14578 10981       4       org.gradle.api.internal.artifacts.transform.ConsumerProvidedVariantFinder::matchAttributes (68 bytes)
C2 CompilerThread2    14578 11048       4       sun.nio.fs.NativeBuffers::releaseNativeBuffer (97 bytes)

VM state: not at safepoint (normal execution)

VM Mutex/Monitor currently owned by a thread: None

OutOfMemory and StackOverflow Exception counts:
OutOfMemoryError java_heap_errors=5
LinkageErrors=138

Heap address: 0x0000000080000000, size: 2048 MB, Compressed Oops mode: 32-bit

CDS archive(s) not mapped
Compressed class space mapped at: 0x0000000100000000-0x0000000140000000, reserved size: 1073741824
Narrow klass base: 0x0000000000000000, Narrow klass shift: 3, Narrow klass range: 0x140000000

GC Precious Log:
 CPUs: 8 total, 8 available
 Memory: 16194M
 Large Page Support: Disabled
 NUMA Support: Disabled
 Compressed Oops: Enabled (32-bit)
 Heap Region Size: 1M
 Heap Min Capacity: 8M
 Heap Initial Capacity: 254M
 Heap Max Capacity: 2G
 Pre-touch: Disabled
 Parallel Workers: 8
 Concurrent Workers: 2
 Concurrent Refinement Workers: 8
 Periodic GC: Disabled

Heap:
 garbage-first heap   total 232448K, used 147838K [0x0000000080000000, 0x0000000100000000)
  region size 1024K, 63 young (64512K), 11 survivors (11264K)
 Metaspace       used 94543K, committed 95104K, reserved 1138688K
  class space    used 12831K, committed 13056K, reserved 1048576K

Heap Regions: E=young(eden), S=young(survivor), O=old, HS=humongous(starts), HC=humongous(continues), CS=collection set, F=free, OA=open archive, CA=closed archive, TAMS=top-at-mark-start (previous, next)
|   0|0x0000000080000000, 0x0000000080100000, 0x0000000080100000|100%| O|  |TAMS 0x0000000080100000, 0x0000000080000000| Untracked 
|   1|0x0000000080100000, 0x0000000080200000, 0x0000000080200000|100%| O|  |TAMS 0x0000000080200000, 0x0000000080100000| Untracked 
|   2|0x0000000080200000, 0x0000000080300000, 0x0000000080300000|100%| O|  |TAMS 0x0000000080300000, 0x0000000080200000| Untracked 
|   3|0x0000000080300000, 0x0000000080400000, 0x0000000080400000|100%|HS|  |TAMS 0x0000000080400000, 0x0000000080300000| Complete 
|   4|0x0000000080400000, 0x0000000080500000, 0x0000000080500000|100%|HC|  |TAMS 0x0000000080500000, 0x0000000080400000| Complete 
|   5|0x0000000080500000, 0x0000000080600000, 0x0000000080600000|100%|HC|  |TAMS 0x0000000080600000, 0x0000000080500000| Complete 
|   6|0x0000000080600000, 0x0000000080700000, 0x0000000080700000|100%| O|  |TAMS 0x0000000080700000, 0x0000000080600000| Untracked 
|   7|0x0000000080700000, 0x0000000080800000, 0x0000000080800000|100%| O|  |TAMS 0x0000000080800000, 0x0000000080700000| Untracked 
|   8|0x0000000080800000, 0x0000000080900000, 0x0000000080900000|100%| O|  |TAMS 0x0000000080900000, 0x0000000080800000| Untracked 
|   9|0x0000000080900000, 0x0000000080a00000, 0x0000000080a00000|100%| O|  |TAMS 0x0000000080a00000, 0x0000000080900000| Untracked 
|  10|0x0000000080a00000, 0x0000000080b00000, 0x0000000080b00000|100%| O|  |TAMS 0x0000000080a00000, 0x0000000080a00000| Untracked 
|  11|0x0000000080b00000, 0x0000000080c00000, 0x0000000080c00000|100%| O|  |TAMS 0x0000000080c00000, 0x0000000080b00000| Untracked 
|  12|0x0000000080c00000, 0x0000000080d00000, 0x0000000080d00000|100%| O|  |TAMS 0x0000000080d00000, 0x0000000080c00000| Untracked 
|  13|0x0000000080d00000, 0x0000000080e00000, 0x0000000080e00000|100%| O|  |TAMS 0x0000000080e00000, 0x0000000080d00000| Untracked 
|  14|0x0000000080e00000, 0x0000000080f00000, 0x0000000080f00000|100%| O|  |TAMS 0x0000000080f00000, 0x0000000080e00000| Untracked 
|  15|0x0000000080f00000, 0x0000000081000000, 0x0000000081000000|100%| O|  |TAMS 0x0000000081000000, 0x0000000080f00000| Untracked 
|  16|0x0000000081000000, 0x0000000081100000, 0x0000000081100000|100%| O|  |TAMS 0x0000000081100000, 0x0000000081000000| Untracked 
|  17|0x0000000081100000, 0x0000000081200000, 0x0000000081200000|100%| O|  |TAMS 0x0000000081200000, 0x0000000081100000| Untracked 
|  18|0x0000000081200000, 0x0000000081300000, 0x0000000081300000|100%| O|  |TAMS 0x0000000081300000, 0x0000000081200000| Untracked 
|  19|0x0000000081300000, 0x0000000081400000, 0x0000000081400000|100%| O|  |TAMS 0x0000000081400000, 0x0000000081300000| Untracked 
|  20|0x0000000081400000, 0x0000000081500000, 0x0000000081500000|100%| O|  |TAMS 0x0000000081500000, 0x0000000081400000| Untracked 
|  21|0x0000000081500000, 0x0000000081600000, 0x0000000081600000|100%| O|  |TAMS 0x0000000081600000, 0x0000000081500000| Untracked 
|  22|0x0000000081600000, 0x0000000081700000, 0x0000000081700000|100%| O|  |TAMS 0x0000000081700000, 0x0000000081600000| Untracked 
|  23|0x0000000081700000, 0x0000000081800000, 0x0000000081800000|100%| O|  |TAMS 0x0000000081800000, 0x0000000081700000| Untracked 
|  24|0x0000000081800000, 0x0000000081900000, 0x0000000081900000|100%| O|  |TAMS 0x0000000081900000, 0x0000000081800000| Untracked 
|  25|0x0000000081900000, 0x0000000081a00000, 0x0000000081a00000|100%| O|  |TAMS 0x0000000081a00000, 0x0000000081900000| Untracked 
|  26|0x0000000081a00000, 0x0000000081b00000, 0x0000000081b00000|100%| O|  |TAMS 0x0000000081b00000, 0x0000000081a00000| Untracked 
|  27|0x0000000081b00000, 0x0000000081c00000, 0x0000000081c00000|100%| O|  |TAMS 0x0000000081c00000, 0x0000000081b00000| Untracked 
|  28|0x0000000081c00000, 0x0000000081d00000, 0x0000000081d00000|100%| O|  |TAMS 0x0000000081d00000, 0x0000000081c00000| Untracked 
|  29|0x0000000081d00000, 0x0000000081e00000, 0x0000000081e00000|100%| O|  |TAMS 0x0000000081e00000, 0x0000000081d00000| Untracked 
|  30|0x0000000081e00000, 0x0000000081f00000, 0x0000000081f00000|100%| O|  |TAMS 0x0000000081f00000, 0x0000000081e00000| Untracked 
|  31|0x0000000081f00000, 0x0000000082000000, 0x0000000082000000|100%| O|  |TAMS 0x0000000082000000, 0x0000000081f00000| Untracked 
|  32|0x0000000082000000, 0x0000000082100000, 0x0000000082100000|100%| O|  |TAMS 0x0000000082100000, 0x0000000082000000| Untracked 
|  33|0x0000000082100000, 0x0000000082100000, 0x0000000082200000|  0%| F|  |TAMS 0x0000000082100000, 0x0000000082100000| Untracked 
|  34|0x0000000082200000, 0x0000000082300000, 0x0000000082300000|100%|HS|  |TAMS 0x0000000082300000, 0x0000000082200000| Complete 
|  35|0x0000000082300000, 0x0000000082400000, 0x0000000082400000|100%|HS|  |TAMS 0x0000000082400000, 0x0000000082300000| Complete 
|  36|0x0000000082400000, 0x0000000082500000, 0x0000000082500000|100%|HC|  |TAMS 0x0000000082500000, 0x0000000082400000| Complete 
|  37|0x0000000082500000, 0x0000000082600000, 0x0000000082600000|100%|HS|  |TAMS 0x0000000082600000, 0x0000000082500000| Complete 
|  38|0x0000000082600000, 0x0000000082700000, 0x0000000082700000|100%|HS|  |TAMS 0x0000000082700000, 0x0000000082600000| Complete 
|  39|0x0000000082700000, 0x0000000082800000, 0x0000000082800000|100%|HC|  |TAMS 0x0000000082800000, 0x0000000082700000| Complete 
|  40|0x0000000082800000, 0x0000000082900000, 0x0000000082900000|100%|HC|  |TAMS 0x0000000082900000, 0x0000000082800000| Complete 
|  41|0x0000000082900000, 0x0000000082a00000, 0x0000000082a00000|100%|HC|  |TAMS 0x0000000082a00000, 0x0000000082900000| Complete 
|  42|0x0000000082a00000, 0x0000000082b00000, 0x0000000082b00000|100%| O|  |TAMS 0x0000000082b00000, 0x0000000082a00000| Untracked 
|  43|0x0000000082b00000, 0x0000000082c00000, 0x0000000082c00000|100%| O|  |TAMS 0x0000000082c00000, 0x0000000082b00000| Untracked 
|  44|0x0000000082c00000, 0x0000000082d00000, 0x0000000082d00000|100%| O|  |TAMS 0x0000000082d00000, 0x0000000082c00000| Untracked 
|  45|0x0000000082d00000, 0x0000000082e00000, 0x0000000082e00000|100%| O|  |TAMS 0x0000000082e00000, 0x0000000082d00000| Untracked 
|  46|0x0000000082e00000, 0x0000000082f00000, 0x0000000082f00000|100%|HS|  |TAMS 0x0000000082f00000, 0x0000000082e00000| Complete 
|  47|0x0000000082f00000, 0x0000000083000000, 0x0000000083000000|100%|HC|  |TAMS 0x0000000083000000, 0x0000000082f00000| Complete 
|  48|0x0000000083000000, 0x0000000083100000, 0x0000000083100000|100%| O|  |TAMS 0x0000000083100000, 0x0000000083000000| Untracked 
|  49|0x0000000083100000, 0x0000000083200000, 0x0000000083200000|100%| O|  |TAMS 0x0000000083200000, 0x0000000083100000| Untracked 
|  50|0x0000000083200000, 0x0000000083300000, 0x0000000083300000|100%| O|  |TAMS 0x0000000083300000, 0x0000000083200000| Untracked 
|  51|0x0000000083300000, 0x0000000083400000, 0x0000000083400000|100%| O|  |TAMS 0x0000000083400000, 0x0000000083300000| Untracked 
|  52|0x0000000083400000, 0x0000000083500000, 0x0000000083500000|100%| O|  |TAMS 0x0000000083500000, 0x0000000083400000| Untracked 
|  53|0x0000000083500000, 0x0000000083600000, 0x0000000083600000|100%| O|  |TAMS 0x0000000083600000, 0x0000000083500000| Untracked 
|  54|0x0000000083600000, 0x0000000083700000, 0x0000000083700000|100%| O|  |TAMS 0x0000000083700000, 0x0000000083600000| Untracked 
|  55|0x0000000083700000, 0x0000000083800000, 0x0000000083800000|100%| O|  |TAMS 0x0000000083800000, 0x0000000083700000| Untracked 
|  56|0x0000000083800000, 0x0000000083900000, 0x0000000083900000|100%| O|  |TAMS 0x0000000083900000, 0x0000000083800000| Untracked 
|  57|0x0000000083900000, 0x0000000083a00000, 0x0000000083a00000|100%| O|  |TAMS 0x0000000083a00000, 0x0000000083900000| Untracked 
|  58|0x0000000083a00000, 0x0000000083b00000, 0x0000000083b00000|100%| O|  |TAMS 0x0000000083b00000, 0x0000000083a00000| Untracked 
|  59|0x0000000083b00000, 0x0000000083c00000, 0x0000000083c00000|100%| O|  |TAMS 0x0000000083c00000, 0x0000000083b00000| Untracked 
|  60|0x0000000083c00000, 0x0000000083d00000, 0x0000000083d00000|100%| O|  |TAMS 0x0000000083d00000, 0x0000000083c00000| Untracked 
|  61|0x0000000083d00000, 0x0000000083e00000, 0x0000000083e00000|100%| O|  |TAMS 0x0000000083e00000, 0x0000000083d00000| Untracked 
|  62|0x0000000083e00000, 0x0000000083f00000, 0x0000000083f00000|100%| O|  |TAMS 0x0000000083f00000, 0x0000000083e00000| Untracked 
|  63|0x0000000083f00000, 0x0000000084000000, 0x0000000084000000|100%| O|  |TAMS 0x0000000084000000, 0x0000000083f00000| Untracked 
|  64|0x0000000084000000, 0x0000000084100000, 0x0000000084100000|100%| O|  |TAMS 0x0000000084100000, 0x0000000084000000| Untracked 
|  65|0x0000000084100000, 0x0000000084200000, 0x0000000084200000|100%| O|  |TAMS 0x0000000084200000, 0x0000000084100000| Untracked 
|  66|0x0000000084200000, 0x0000000084300000, 0x0000000084300000|100%| O|  |TAMS 0x0000000084300000, 0x0000000084200000| Untracked 
|  67|0x0000000084300000, 0x0000000084400000, 0x0000000084400000|100%| O|  |TAMS 0x0000000084400000, 0x0000000084300000| Untracked 
|  68|0x0000000084400000, 0x0000000084500000, 0x0000000084500000|100%| O|  |TAMS 0x0000000084500000, 0x0000000084400000| Untracked 
|  69|0x0000000084500000, 0x0000000084600000, 0x0000000084600000|100%| O|  |TAMS 0x0000000084600000, 0x0000000084500000| Untracked 
|  70|0x0000000084600000, 0x0000000084700000, 0x0000000084700000|100%| O|  |TAMS 0x0000000084700000, 0x0000000084600000| Untracked 
|  71|0x0000000084700000, 0x0000000084800000, 0x0000000084800000|100%| O|  |TAMS 0x000000008470ac00, 0x0000000084700000| Untracked 
|  72|0x0000000084800000, 0x0000000084900000, 0x0000000084900000|100%| O|  |TAMS 0x0000000084800000, 0x0000000084800000| Untracked 
|  73|0x0000000084900000, 0x0000000084a00000, 0x0000000084a00000|100%| O|  |TAMS 0x0000000084900000, 0x0000000084900000| Untracked 
|  74|0x0000000084a00000, 0x0000000084b00000, 0x0000000084b00000|100%| O|  |TAMS 0x0000000084a00000, 0x0000000084a00000| Untracked 
|  75|0x0000000084b00000, 0x0000000084c00000, 0x0000000084c00000|100%| O|  |TAMS 0x0000000084b00000, 0x0000000084b00000| Untracked 
|  76|0x0000000084c00000, 0x0000000084d00000, 0x0000000084d00000|100%| O|  |TAMS 0x0000000084c00000, 0x0000000084c00000| Untracked 
|  77|0x0000000084d00000, 0x0000000084e00000, 0x0000000084e00000|100%| O|  |TAMS 0x0000000084d00000, 0x0000000084d00000| Untracked 
|  78|0x0000000084e00000, 0x0000000084f00000, 0x0000000084f00000|100%| O|  |TAMS 0x0000000084e00000, 0x0000000084e00000| Untracked 
|  79|0x0000000084f00000, 0x0000000085000000, 0x0000000085000000|100%| O|  |TAMS 0x0000000084f00000, 0x0000000084f00000| Untracked 
|  80|0x0000000085000000, 0x0000000085100000, 0x0000000085100000|100%| O|  |TAMS 0x0000000085000000, 0x0000000085000000| Untracked 
|  81|0x0000000085100000, 0x0000000085200000, 0x0000000085200000|100%| O|  |TAMS 0x0000000085100000, 0x0000000085100000| Untracked 
|  82|0x0000000085200000, 0x0000000085300000, 0x0000000085300000|100%| O|  |TAMS 0x0000000085200000, 0x0000000085200000| Untracked 
|  83|0x0000000085300000, 0x0000000085400000, 0x0000000085400000|100%| O|  |TAMS 0x0000000085300000, 0x0000000085300000| Untracked 
|  84|0x0000000085400000, 0x000000008547c200, 0x0000000085500000| 48%| O|  |TAMS 0x0000000085400000, 0x0000000085400000| Untracked 
|  85|0x0000000085500000, 0x0000000085500000, 0x0000000085600000|  0%| F|  |TAMS 0x0000000085500000, 0x0000000085500000| Untracked 
|  86|0x0000000085600000, 0x0000000085600000, 0x0000000085700000|  0%| F|  |TAMS 0x0000000085600000, 0x0000000085600000| Untracked 
|  87|0x0000000085700000, 0x0000000085700000, 0x0000000085800000|  0%| F|  |TAMS 0x0000000085700000, 0x0000000085700000| Untracked 
|  88|0x0000000085800000, 0x0000000085800000, 0x0000000085900000|  0%| F|  |TAMS 0x0000000085800000, 0x0000000085800000| Untracked 
|  89|0x0000000085900000, 0x0000000085900000, 0x0000000085a00000|  0%| F|  |TAMS 0x0000000085900000, 0x0000000085900000| Untracked 
|  90|0x0000000085a00000, 0x0000000085a00000, 0x0000000085b00000|  0%| F|  |TAMS 0x0000000085a00000, 0x0000000085a00000| Untracked 
|  91|0x0000000085b00000, 0x0000000085b00000, 0x0000000085c00000|  0%| F|  |TAMS 0x0000000085b00000, 0x0000000085b00000| Untracked 
|  92|0x0000000085c00000, 0x0000000085c00000, 0x0000000085d00000|  0%| F|  |TAMS 0x0000000085c00000, 0x0000000085c00000| Untracked 
|  93|0x0000000085d00000, 0x0000000085d00000, 0x0000000085e00000|  0%| F|  |TAMS 0x0000000085d00000, 0x0000000085d00000| Untracked 
|  94|0x0000000085e00000, 0x0000000085e00000, 0x0000000085f00000|  0%| F|  |TAMS 0x0000000085e00000, 0x0000000085e00000| Untracked 
|  95|0x0000000085f00000, 0x0000000085f00000, 0x0000000086000000|  0%| F|  |TAMS 0x0000000085f00000, 0x0000000085f00000| Untracked 
|  96|0x0000000086000000, 0x0000000086000000, 0x0000000086100000|  0%| F|  |TAMS 0x0000000086000000, 0x0000000086000000| Untracked 
|  97|0x0000000086100000, 0x0000000086100000, 0x0000000086200000|  0%| F|  |TAMS 0x0000000086100000, 0x0000000086100000| Untracked 
|  98|0x0000000086200000, 0x0000000086200000, 0x0000000086300000|  0%| F|  |TAMS 0x0000000086200000, 0x0000000086200000| Untracked 
|  99|0x0000000086300000, 0x0000000086300000, 0x0000000086400000|  0%| F|  |TAMS 0x0000000086300000, 0x0000000086300000| Untracked 
| 100|0x0000000086400000, 0x0000000086400000, 0x0000000086500000|  0%| F|  |TAMS 0x0000000086400000, 0x0000000086400000| Untracked 
| 101|0x0000000086500000, 0x0000000086500000, 0x0000000086600000|  0%| F|  |TAMS 0x0000000086500000, 0x0000000086500000| Untracked 
| 102|0x0000000086600000, 0x0000000086600000, 0x0000000086700000|  0%| F|  |TAMS 0x0000000086600000, 0x0000000086600000| Untracked 
| 103|0x0000000086700000, 0x0000000086700000, 0x0000000086800000|  0%| F|  |TAMS 0x0000000086700000, 0x0000000086700000| Untracked 
| 104|0x0000000086800000, 0x0000000086800000, 0x0000000086900000|  0%| F|  |TAMS 0x0000000086800000, 0x0000000086800000| Untracked 
| 105|0x0000000086900000, 0x0000000086900000, 0x0000000086a00000|  0%| F|  |TAMS 0x0000000086900000, 0x0000000086900000| Untracked 
| 106|0x0000000086a00000, 0x0000000086a00000, 0x0000000086b00000|  0%| F|  |TAMS 0x0000000086a00000, 0x0000000086a00000| Untracked 
| 107|0x0000000086b00000, 0x0000000086b00000, 0x0000000086c00000|  0%| F|  |TAMS 0x0000000086b00000, 0x0000000086b00000| Untracked 
| 108|0x0000000086c00000, 0x0000000086c00000, 0x0000000086d00000|  0%| F|  |TAMS 0x0000000086c00000, 0x0000000086c00000| Untracked 
| 109|0x0000000086d00000, 0x0000000086d00000, 0x0000000086e00000|  0%| F|  |TAMS 0x0000000086d00000, 0x0000000086d00000| Untracked 
| 110|0x0000000086e00000, 0x0000000086e00000, 0x0000000086f00000|  0%| F|  |TAMS 0x0000000086e00000, 0x0000000086e00000| Untracked 
| 111|0x0000000086f00000, 0x0000000086f00000, 0x0000000087000000|  0%| F|  |TAMS 0x0000000086f00000, 0x0000000086f00000| Untracked 
| 112|0x0000000087000000, 0x0000000087000000, 0x0000000087100000|  0%| F|  |TAMS 0x0000000087000000, 0x0000000087000000| Untracked 
| 113|0x0000000087100000, 0x0000000087100000, 0x0000000087200000|  0%| F|  |TAMS 0x0000000087100000, 0x0000000087100000| Untracked 
| 114|0x0000000087200000, 0x0000000087200000, 0x0000000087300000|  0%| F|  |TAMS 0x0000000087200000, 0x0000000087200000| Untracked 
| 115|0x0000000087300000, 0x0000000087300000, 0x0000000087400000|  0%| F|  |TAMS 0x0000000087300000, 0x0000000087300000| Untracked 
| 116|0x0000000087400000, 0x0000000087400000, 0x0000000087500000|  0%| F|  |TAMS 0x0000000087400000, 0x0000000087400000| Untracked 
| 117|0x0000000087500000, 0x0000000087500000, 0x0000000087600000|  0%| F|  |TAMS 0x0000000087500000, 0x0000000087500000| Untracked 
| 118|0x0000000087600000, 0x0000000087600000, 0x0000000087700000|  0%| F|  |TAMS 0x0000000087600000, 0x0000000087600000| Untracked 
| 119|0x0000000087700000, 0x0000000087700000, 0x0000000087800000|  0%| F|  |TAMS 0x0000000087700000, 0x0000000087700000| Untracked 
| 120|0x0000000087800000, 0x0000000087800000, 0x0000000087900000|  0%| F|  |TAMS 0x0000000087800000, 0x0000000087800000| Untracked 
| 121|0x0000000087900000, 0x0000000087900000, 0x0000000087a00000|  0%| F|  |TAMS 0x0000000087900000, 0x0000000087900000| Untracked 
| 122|0x0000000087a00000, 0x0000000087a00000, 0x0000000087b00000|  0%| F|  |TAMS 0x0000000087a00000, 0x0000000087a00000| Untracked 
| 123|0x0000000087b00000, 0x0000000087b00000, 0x0000000087c00000|  0%| F|  |TAMS 0x0000000087b00000, 0x0000000087b00000| Untracked 
| 124|0x0000000087c00000, 0x0000000087c00000, 0x0000000087d00000|  0%| F|  |TAMS 0x0000000087c00000, 0x0000000087c00000| Untracked 
| 125|0x0000000087d00000, 0x0000000087d00000, 0x0000000087e00000|  0%| F|  |TAMS 0x0000000087d00000, 0x0000000087d00000| Untracked 
| 126|0x0000000087e00000, 0x0000000087e00000, 0x0000000087f00000|  0%| F|  |TAMS 0x0000000087e00000, 0x0000000087e00000| Untracked 
| 127|0x0000000087f00000, 0x0000000087fe39c0, 0x0000000088000000| 88%| S|CS|TAMS 0x0000000087f00000, 0x0000000087f00000| Complete 
| 128|0x0000000088000000, 0x0000000088100000, 0x0000000088100000|100%| S|CS|TAMS 0x0000000088000000, 0x0000000088000000| Complete 
| 129|0x0000000088100000, 0x0000000088200000, 0x0000000088200000|100%| S|CS|TAMS 0x0000000088100000, 0x0000000088100000| Complete 
| 130|0x0000000088200000, 0x0000000088300000, 0x0000000088300000|100%| S|CS|TAMS 0x0000000088200000, 0x0000000088200000| Complete 
| 131|0x0000000088300000, 0x0000000088400000, 0x0000000088400000|100%| S|CS|TAMS 0x0000000088300000, 0x0000000088300000| Complete 
| 132|0x0000000088400000, 0x0000000088500000, 0x0000000088500000|100%| S|CS|TAMS 0x0000000088400000, 0x0000000088400000| Complete 
| 133|0x0000000088500000, 0x0000000088600000, 0x0000000088600000|100%| S|CS|TAMS 0x0000000088500000, 0x0000000088500000| Complete 
| 134|0x0000000088600000, 0x0000000088700000, 0x0000000088700000|100%| S|CS|TAMS 0x0000000088600000, 0x0000000088600000| Complete 
| 135|0x0000000088700000, 0x0000000088800000, 0x0000000088800000|100%| S|CS|TAMS 0x0000000088700000, 0x0000000088700000| Complete 
| 136|0x0000000088800000, 0x0000000088900000, 0x0000000088900000|100%| S|CS|TAMS 0x0000000088800000, 0x0000000088800000| Complete 
| 137|0x0000000088900000, 0x0000000088a00000, 0x0000000088a00000|100%| S|CS|TAMS 0x0000000088900000, 0x0000000088900000| Complete 
| 138|0x0000000088a00000, 0x0000000088a00000, 0x0000000088b00000|  0%| F|  |TAMS 0x0000000088a00000, 0x0000000088a00000| Untracked 
| 139|0x0000000088b00000, 0x0000000088b00000, 0x0000000088c00000|  0%| F|  |TAMS 0x0000000088b00000, 0x0000000088b00000| Untracked 
| 140|0x0000000088c00000, 0x0000000088c00000, 0x0000000088d00000|  0%| F|  |TAMS 0x0000000088c00000, 0x0000000088c00000| Untracked 
| 141|0x0000000088d00000, 0x0000000088d00000, 0x0000000088e00000|  0%| F|  |TAMS 0x0000000088d00000, 0x0000000088d00000| Untracked 
| 142|0x0000000088e00000, 0x0000000088e00000, 0x0000000088f00000|  0%| F|  |TAMS 0x0000000088e00000, 0x0000000088e00000| Untracked 
| 143|0x0000000088f00000, 0x0000000088f00000, 0x0000000089000000|  0%| F|  |TAMS 0x0000000088f00000, 0x0000000088f00000| Untracked 
| 144|0x0000000089000000, 0x0000000089000000, 0x0000000089100000|  0%| F|  |TAMS 0x0000000089000000, 0x0000000089000000| Untracked 
| 145|0x0000000089100000, 0x0000000089100000, 0x0000000089200000|  0%| F|  |TAMS 0x0000000089100000, 0x0000000089100000| Untracked 
| 146|0x0000000089200000, 0x0000000089200000, 0x0000000089300000|  0%| F|  |TAMS 0x0000000089200000, 0x0000000089200000| Untracked 
| 147|0x0000000089300000, 0x0000000089300000, 0x0000000089400000|  0%| F|  |TAMS 0x0000000089300000, 0x0000000089300000| Untracked 
| 148|0x0000000089400000, 0x0000000089400000, 0x0000000089500000|  0%| F|  |TAMS 0x0000000089400000, 0x0000000089400000| Untracked 
| 149|0x0000000089500000, 0x0000000089500000, 0x0000000089600000|  0%| F|  |TAMS 0x0000000089500000, 0x0000000089500000| Untracked 
| 150|0x0000000089600000, 0x0000000089600000, 0x0000000089700000|  0%| F|  |TAMS 0x0000000089600000, 0x0000000089600000| Untracked 
| 151|0x0000000089700000, 0x0000000089700000, 0x0000000089800000|  0%| F|  |TAMS 0x0000000089700000, 0x0000000089700000| Untracked 
| 152|0x0000000089800000, 0x0000000089800000, 0x0000000089900000|  0%| F|  |TAMS 0x0000000089800000, 0x0000000089800000| Untracked 
| 153|0x0000000089900000, 0x0000000089900000, 0x0000000089a00000|  0%| F|  |TAMS 0x0000000089900000, 0x0000000089900000| Untracked 
| 154|0x0000000089a00000, 0x0000000089a00000, 0x0000000089b00000|  0%| F|  |TAMS 0x0000000089a00000, 0x0000000089a00000| Untracked 
| 155|0x0000000089b00000, 0x0000000089b00000, 0x0000000089c00000|  0%| F|  |TAMS 0x0000000089b00000, 0x0000000089b00000| Untracked 
| 156|0x0000000089c00000, 0x0000000089c00000, 0x0000000089d00000|  0%| F|  |TAMS 0x0000000089c00000, 0x0000000089c00000| Untracked 
| 157|0x0000000089d00000, 0x0000000089d00000, 0x0000000089e00000|  0%| F|  |TAMS 0x0000000089d00000, 0x0000000089d00000| Untracked 
| 158|0x0000000089e00000, 0x0000000089e00000, 0x0000000089f00000|  0%| F|  |TAMS 0x0000000089e00000, 0x0000000089e00000| Untracked 
| 159|0x0000000089f00000, 0x0000000089f00000, 0x000000008a000000|  0%| F|  |TAMS 0x0000000089f00000, 0x0000000089f00000| Untracked 
| 160|0x000000008a000000, 0x000000008a000000, 0x000000008a100000|  0%| F|  |TAMS 0x000000008a000000, 0x000000008a000000| Untracked 
| 161|0x000000008a100000, 0x000000008a100000, 0x000000008a200000|  0%| F|  |TAMS 0x000000008a100000, 0x000000008a100000| Untracked 
| 162|0x000000008a200000, 0x000000008a200000, 0x000000008a300000|  0%| F|  |TAMS 0x000000008a200000, 0x000000008a200000| Untracked 
| 163|0x000000008a300000, 0x000000008a300000, 0x000000008a400000|  0%| F|  |TAMS 0x000000008a300000, 0x000000008a300000| Untracked 
| 164|0x000000008a400000, 0x000000008a400000, 0x000000008a500000|  0%| F|  |TAMS 0x000000008a400000, 0x000000008a400000| Untracked 
| 165|0x000000008a500000, 0x000000008a500000, 0x000000008a600000|  0%| F|  |TAMS 0x000000008a500000, 0x000000008a500000| Untracked 
| 166|0x000000008a600000, 0x000000008a600000, 0x000000008a700000|  0%| F|  |TAMS 0x000000008a600000, 0x000000008a600000| Untracked 
| 167|0x000000008a700000, 0x000000008a700000, 0x000000008a800000|  0%| F|  |TAMS 0x000000008a700000, 0x000000008a700000| Untracked 
| 168|0x000000008a800000, 0x000000008a800000, 0x000000008a900000|  0%| F|  |TAMS 0x000000008a800000, 0x000000008a800000| Untracked 
| 169|0x000000008a900000, 0x000000008a900000, 0x000000008aa00000|  0%| F|  |TAMS 0x000000008a900000, 0x000000008a900000| Untracked 
| 170|0x000000008aa00000, 0x000000008aa00000, 0x000000008ab00000|  0%| F|  |TAMS 0x000000008aa00000, 0x000000008aa00000| Untracked 
| 171|0x000000008ab00000, 0x000000008ab00000, 0x000000008ac00000|  0%| F|  |TAMS 0x000000008ab00000, 0x000000008ab00000| Untracked 
| 172|0x000000008ac00000, 0x000000008ac00000, 0x000000008ad00000|  0%| F|  |TAMS 0x000000008ac00000, 0x000000008ac00000| Untracked 
| 173|0x000000008ad00000, 0x000000008ad59e40, 0x000000008ae00000| 35%| E|  |TAMS 0x000000008ad00000, 0x000000008ad00000| Complete 
| 174|0x000000008ae00000, 0x000000008af00000, 0x000000008af00000|100%| E|CS|TAMS 0x000000008ae00000, 0x000000008ae00000| Complete 
| 175|0x000000008af00000, 0x000000008b000000, 0x000000008b000000|100%| E|  |TAMS 0x000000008af00000, 0x000000008af00000| Complete 
| 176|0x000000008b000000, 0x000000008b100000, 0x000000008b100000|100%| E|CS|TAMS 0x000000008b000000, 0x000000008b000000| Complete 
| 177|0x000000008b100000, 0x000000008b200000, 0x000000008b200000|100%| E|CS|TAMS 0x000000008b100000, 0x000000008b100000| Complete 
| 178|0x000000008b200000, 0x000000008b300000, 0x000000008b300000|100%| E|CS|TAMS 0x000000008b200000, 0x000000008b200000| Complete 
| 179|0x000000008b300000, 0x000000008b400000, 0x000000008b400000|100%| E|CS|TAMS 0x000000008b300000, 0x000000008b300000| Complete 
| 180|0x000000008b400000, 0x000000008b500000, 0x000000008b500000|100%| E|CS|TAMS 0x000000008b400000, 0x000000008b400000| Complete 
| 181|0x000000008b500000, 0x000000008b600000, 0x000000008b600000|100%| E|CS|TAMS 0x000000008b500000, 0x000000008b500000| Complete 
| 182|0x000000008b600000, 0x000000008b700000, 0x000000008b700000|100%| E|CS|TAMS 0x000000008b600000, 0x000000008b600000| Complete 
| 183|0x000000008b700000, 0x000000008b800000, 0x000000008b800000|100%| E|CS|TAMS 0x000000008b700000, 0x000000008b700000| Complete 
| 184|0x000000008b800000, 0x000000008b900000, 0x000000008b900000|100%| E|CS|TAMS 0x000000008b800000, 0x000000008b800000| Complete 
| 185|0x000000008b900000, 0x000000008ba00000, 0x000000008ba00000|100%| E|CS|TAMS 0x000000008b900000, 0x000000008b900000| Complete 
| 186|0x000000008ba00000, 0x000000008bb00000, 0x000000008bb00000|100%| E|CS|TAMS 0x000000008ba00000, 0x000000008ba00000| Complete 
| 187|0x000000008bb00000, 0x000000008bc00000, 0x000000008bc00000|100%| E|CS|TAMS 0x000000008bb00000, 0x000000008bb00000| Complete 
| 188|0x000000008bc00000, 0x000000008bd00000, 0x000000008bd00000|100%| E|CS|TAMS 0x000000008bc00000, 0x000000008bc00000| Complete 
| 189|0x000000008bd00000, 0x000000008be00000, 0x000000008be00000|100%| E|CS|TAMS 0x000000008bd00000, 0x000000008bd00000| Complete 
| 190|0x000000008be00000, 0x000000008bf00000, 0x000000008bf00000|100%| E|CS|TAMS 0x000000008be00000, 0x000000008be00000| Complete 
| 191|0x000000008bf00000, 0x000000008c000000, 0x000000008c000000|100%| E|CS|TAMS 0x000000008bf00000, 0x000000008bf00000| Complete 
| 192|0x000000008c000000, 0x000000008c100000, 0x000000008c100000|100%| E|CS|TAMS 0x000000008c000000, 0x000000008c000000| Complete 
| 193|0x000000008c100000, 0x000000008c200000, 0x000000008c200000|100%| E|CS|TAMS 0x000000008c100000, 0x000000008c100000| Complete 
| 194|0x000000008c200000, 0x000000008c300000, 0x000000008c300000|100%| E|CS|TAMS 0x000000008c200000, 0x000000008c200000| Complete 
| 195|0x000000008c300000, 0x000000008c400000, 0x000000008c400000|100%| E|CS|TAMS 0x000000008c300000, 0x000000008c300000| Complete 
| 196|0x000000008c400000, 0x000000008c500000, 0x000000008c500000|100%| E|CS|TAMS 0x000000008c400000, 0x000000008c400000| Complete 
| 197|0x000000008c500000, 0x000000008c600000, 0x000000008c600000|100%| E|CS|TAMS 0x000000008c500000, 0x000000008c500000| Complete 
| 198|0x000000008c600000, 0x000000008c700000, 0x000000008c700000|100%| E|CS|TAMS 0x000000008c600000, 0x000000008c600000| Complete 
| 199|0x000000008c700000, 0x000000008c800000, 0x000000008c800000|100%| E|CS|TAMS 0x000000008c700000, 0x000000008c700000| Complete 
| 200|0x000000008c800000, 0x000000008c900000, 0x000000008c900000|100%| E|CS|TAMS 0x000000008c800000, 0x000000008c800000| Complete 
| 201|0x000000008c900000, 0x000000008ca00000, 0x000000008ca00000|100%| E|CS|TAMS 0x000000008c900000, 0x000000008c900000| Complete 
| 202|0x000000008ca00000, 0x000000008cb00000, 0x000000008cb00000|100%| E|CS|TAMS 0x000000008ca00000, 0x000000008ca00000| Complete 
| 203|0x000000008cb00000, 0x000000008cc00000, 0x000000008cc00000|100%| E|CS|TAMS 0x000000008cb00000, 0x000000008cb00000| Complete 
| 204|0x000000008cc00000, 0x000000008cd00000, 0x000000008cd00000|100%| E|CS|TAMS 0x000000008cc00000, 0x000000008cc00000| Complete 
| 205|0x000000008cd00000, 0x000000008ce00000, 0x000000008ce00000|100%| E|CS|TAMS 0x000000008cd00000, 0x000000008cd00000| Complete 
| 206|0x000000008ce00000, 0x000000008cf00000, 0x000000008cf00000|100%| E|CS|TAMS 0x000000008ce00000, 0x000000008ce00000| Complete 
| 207|0x000000008cf00000, 0x000000008d000000, 0x000000008d000000|100%| E|CS|TAMS 0x000000008cf00000, 0x000000008cf00000| Complete 
| 208|0x000000008d000000, 0x000000008d100000, 0x000000008d100000|100%| E|CS|TAMS 0x000000008d000000, 0x000000008d000000| Complete 
| 209|0x000000008d100000, 0x000000008d200000, 0x000000008d200000|100%| E|CS|TAMS 0x000000008d100000, 0x000000008d100000| Complete 
| 210|0x000000008d200000, 0x000000008d300000, 0x000000008d300000|100%| E|CS|TAMS 0x000000008d200000, 0x000000008d200000| Complete 
| 211|0x000000008d300000, 0x000000008d400000, 0x000000008d400000|100%| E|CS|TAMS 0x000000008d300000, 0x000000008d300000| Complete 
| 212|0x000000008d400000, 0x000000008d500000, 0x000000008d500000|100%| E|CS|TAMS 0x000000008d400000, 0x000000008d400000| Complete 
| 213|0x000000008d500000, 0x000000008d600000, 0x000000008d600000|100%| E|CS|TAMS 0x000000008d500000, 0x000000008d500000| Complete 
| 214|0x000000008d600000, 0x000000008d700000, 0x000000008d700000|100%| E|CS|TAMS 0x000000008d600000, 0x000000008d600000| Complete 
| 215|0x000000008d700000, 0x000000008d800000, 0x000000008d800000|100%| E|CS|TAMS 0x000000008d700000, 0x000000008d700000| Complete 
| 216|0x000000008d800000, 0x000000008d900000, 0x000000008d900000|100%| E|CS|TAMS 0x000000008d800000, 0x000000008d800000| Complete 
| 217|0x000000008d900000, 0x000000008da00000, 0x000000008da00000|100%| E|CS|TAMS 0x000000008d900000, 0x000000008d900000| Complete 
| 218|0x000000008da00000, 0x000000008db00000, 0x000000008db00000|100%| E|CS|TAMS 0x000000008da00000, 0x000000008da00000| Complete 
| 219|0x000000008db00000, 0x000000008dc00000, 0x000000008dc00000|100%| E|CS|TAMS 0x000000008db00000, 0x000000008db00000| Complete 
| 220|0x000000008dc00000, 0x000000008dd00000, 0x000000008dd00000|100%| E|CS|TAMS 0x000000008dc00000, 0x000000008dc00000| Complete 
| 221|0x000000008dd00000, 0x000000008de00000, 0x000000008de00000|100%| E|CS|TAMS 0x000000008dd00000, 0x000000008dd00000| Complete 
| 222|0x000000008de00000, 0x000000008df00000, 0x000000008df00000|100%| E|CS|TAMS 0x000000008de00000, 0x000000008de00000| Complete 
| 223|0x000000008df00000, 0x000000008e000000, 0x000000008e000000|100%| E|CS|TAMS 0x000000008df00000, 0x000000008df00000| Complete 
| 224|0x000000008e000000, 0x000000008e100000, 0x000000008e100000|100%| E|CS|TAMS 0x000000008e000000, 0x000000008e000000| Complete 
| 225|0x000000008e100000, 0x000000008e200000, 0x000000008e200000|100%| E|CS|TAMS 0x000000008e100000, 0x000000008e100000| Complete 
| 253|0x000000008fd00000, 0x000000008fe00000, 0x000000008fe00000|100%| E|CS|TAMS 0x000000008fd00000, 0x000000008fd00000| Complete 

Card table byte_map: [0x00000175b1290000,0x00000175b1690000] _byte_map_base: 0x00000175b0e90000

Marking Bits (Prev, Next): (CMBitMap*) 0x000001759c7caa20, (CMBitMap*) 0x000001759c7ca9e0
 Prev Bits: [0x00000175b3a90000, 0x00000175b5a90000)
 Next Bits: [0x00000175b1a90000, 0x00000175b3a90000)

Polling page: 0x000001759c5f0000

Metaspace:

Usage:
  Non-class:     79.83 MB used.
      Class:     12.54 MB used.
       Both:     92.37 MB used.

Virtual space:
  Non-class space:       88.00 MB reserved,      80.19 MB ( 91%) committed,  11 nodes.
      Class space:        1.00 GB reserved,      12.75 MB (  1%) committed,  1 nodes.
             Both:        1.09 GB reserved,      92.94 MB (  8%) committed. 

Chunk freelists:
   Non-Class:  3.55 MB
       Class:  3.25 MB
        Both:  6.80 MB

MaxMetaspaceSize: unlimited
CompressedClassSpaceSize: 1.00 GB
Initial GC threshold: 21.00 MB
Current GC threshold: 134.31 MB
CDS: off
MetaspaceReclaimPolicy: balanced
 - commit_granule_bytes: 65536.
 - commit_granule_words: 8192.
 - virtual_space_node_default_size: 1048576.
 - enlarge_chunks_in_place: 1.
 - new_chunks_are_fully_committed: 0.
 - uncommit_free_chunks: 1.
 - use_allocation_guard: 0.
 - handle_deallocations: 1.


Internal statistics:

num_allocs_failed_limit: 9.
num_arena_births: 774.
num_arena_deaths: 0.
num_vsnodes_births: 12.
num_vsnodes_deaths: 0.
num_space_committed: 1487.
num_space_uncommitted: 0.
num_chunks_returned_to_freelist: 9.
num_chunks_taken_from_freelist: 4184.
num_chunk_merges: 3.
num_chunk_splits: 2813.
num_chunks_enlarged: 1906.
num_purges: 0.
num_inconsistent_stats: 0.

CodeHeap 'non-profiled nmethods': size=120000Kb used=5637Kb max_used=5971Kb free=114362Kb
 bounds [0x00000175a8ef0000, 0x00000175a94d0000, 0x00000175b0420000]
CodeHeap 'profiled nmethods': size=120000Kb used=18534Kb max_used=19079Kb free=101465Kb
 bounds [0x00000175a1420000, 0x00000175a26e0000, 0x00000175a8950000]
CodeHeap 'non-nmethods': size=5760Kb used=2380Kb max_used=2483Kb free=3379Kb
 bounds [0x00000175a8950000, 0x00000175a8bd0000, 0x00000175a8ef0000]
 total_blobs=10457 nmethods=9543 adapters=825
 compilation: enabled
              stopped_count=0, restarted_count=0
 full_count=0

Compilation events (20 events):
Event: 14.526 Thread 0x00000175b90b2e00 11071       3       com.android.builder.dexing.D8DexArchiveBuilder$$Lambda$1273/0x0000000100ca14c0::accept (16 bytes)
Event: 14.527 Thread 0x00000175b90b2e00 nmethod 11071 0x00000175a1942010 code [0x00000175a1942280, 0x00000175a1942bb8]
Event: 14.527 Thread 0x00000175b90b2e00 11072       3       com.android.builder.dexing.NoCacheJarClassFileEntry::getRelativePath (8 bytes)
Event: 14.527 Thread 0x00000175b90b2e00 nmethod 11072 0x00000175a1941b90 code [0x00000175a1941d40, 0x00000175a1941f08]
Event: 14.527 Thread 0x00000175b90b2e00 11073       3       com.android.tools.r8.origin.ArchiveEntryOrigin::<init> (11 bytes)
Event: 14.527 Thread 0x00000175b90b2e00 nmethod 11073 0x00000175a1941610 code [0x00000175a19417c0, 0x00000175a1941a58]
Event: 14.527 Thread 0x00000175b90b2e00 11074       3       com.android.tools.r8.BaseCommand$Builder$$Lambda$1281/0x0000000100ca3d08::<init> (20 bytes)
Event: 14.528 Thread 0x00000175b90b2e00 nmethod 11074 0x00000175a16f7010 code [0x00000175a16f71c0, 0x00000175a16f7438]
Event: 14.528 Thread 0x00000175b90b2e00 11075       3       com.android.tools.r8.BaseCommand$Builder$$Lambda$1281/0x0000000100ca3d08::run (16 bytes)
Event: 14.528 Thread 0x00000175b90b2e00 nmethod 11075 0x00000175a16f6a90 code [0x00000175a16f6c40, 0x00000175a16f6e88]
Event: 14.528 Thread 0x00000175b90b2e00 11076       3       com.android.tools.r8.BaseCommand$Builder::a (11 bytes)
Event: 14.528 Thread 0x00000175b90b2e00 nmethod 11076 0x00000175a16f6610 code [0x00000175a16f67c0, 0x00000175a16f6968]
Event: 14.528 Thread 0x00000175b90b2e00 11077       3       com.android.tools.r8.utils.j$a::a (8 bytes)
Event: 14.528 Thread 0x00000175b90b2e00 nmethod 11077 0x00000175a19a9a90 code [0x00000175a19a9c40, 0x00000175a19a9d88]
Event: 14.529 Thread 0x00000175b90b2e00 11078       3       com.android.tools.r8.BaseCommand$Builder::addClassProgramData (17 bytes)
Event: 14.530 Thread 0x00000175b90b2e00 nmethod 11078 0x00000175a19c4b90 code [0x00000175a19c4de0, 0x00000175a19c5948]
Event: 14.530 Thread 0x00000175b90b2e00 11079       3       com.android.builder.dexing.D8DiagnosticsHandler::getOrigin (65 bytes)
Event: 14.531 Thread 0x00000175b90b2e00 nmethod 11079 0x00000175a1d54610 code [0x00000175a1d548a0, 0x00000175a1d556f8]
Event: 14.532 Thread 0x00000175b90b2e00 11080       3       java.io.BufferedInputStream::read1 (108 bytes)
Event: 14.533 Thread 0x00000175b90b2e00 nmethod 11080 0x00000175a1fb7290 code [0x00000175a1fb74e0, 0x00000175a1fb7dd8]

GC Heap History (20 events):
Event: 9.279 GC heap before
{Heap before GC invocations=33 (full 0):
 garbage-first heap   total 119808K, used 92915K [0x0000000080000000, 0x0000000100000000)
  region size 1024K, 34 young (34816K), 4 survivors (4096K)
 Metaspace       used 69221K, committed 69696K, reserved 1114112K
  class space    used 9021K, committed 9216K, reserved 1048576K
}
Event: 9.286 GC heap after
{Heap after GC invocations=34 (full 0):
 garbage-first heap   total 119808K, used 65652K [0x0000000080000000, 0x0000000100000000)
  region size 1024K, 5 young (5120K), 5 survivors (5120K)
 Metaspace       used 69221K, committed 69696K, reserved 1114112K
  class space    used 9021K, committed 9216K, reserved 1048576K
}
Event: 9.843 GC heap before
{Heap before GC invocations=35 (full 0):
 garbage-first heap   total 119808K, used 95348K [0x0000000080000000, 0x0000000100000000)
  region size 1024K, 34 young (34816K), 5 survivors (5120K)
 Metaspace       used 72643K, committed 73088K, reserved 1114112K
  class space    used 9636K, committed 9856K, reserved 1048576K
}
Event: 9.851 GC heap after
{Heap after GC invocations=36 (full 0):
 garbage-first heap   total 119808K, used 67813K [0x0000000080000000, 0x0000000100000000)
  region size 1024K, 3 young (3072K), 3 survivors (3072K)
 Metaspace       used 72643K, committed 73088K, reserved 1114112K
  class space    used 9636K, committed 9856K, reserved 1048576K
}
Event: 10.480 GC heap before
{Heap before GC invocations=36 (full 0):
 garbage-first heap   total 119808K, used 95461K [0x0000000080000000, 0x0000000100000000)
  region size 1024K, 30 young (30720K), 3 survivors (3072K)
 Metaspace       used 75604K, committed 76096K, reserved 1122304K
  class space    used 10091K, committed 10304K, reserved 1048576K
}
Event: 10.486 GC heap after
{Heap after GC invocations=37 (full 0):
 garbage-first heap   total 119808K, used 69640K [0x0000000080000000, 0x0000000100000000)
  region size 1024K, 4 young (4096K), 4 survivors (4096K)
 Metaspace       used 75604K, committed 76096K, reserved 1122304K
  class space    used 10091K, committed 10304K, reserved 1048576K
}
Event: 11.142 GC heap before
{Heap before GC invocations=38 (full 0):
 garbage-first heap   total 121856K, used 97288K [0x0000000080000000, 0x0000000100000000)
  region size 1024K, 31 young (31744K), 4 survivors (4096K)
 Metaspace       used 77894K, committed 78336K, reserved 1122304K
  class space    used 10448K, committed 10624K, reserved 1048576K
}
Event: 11.150 GC heap after
{Heap after GC invocations=39 (full 0):
 garbage-first heap   total 121856K, used 71745K [0x0000000080000000, 0x0000000100000000)
  region size 1024K, 4 young (4096K), 4 survivors (4096K)
 Metaspace       used 77894K, committed 78336K, reserved 1122304K
  class space    used 10448K, committed 10624K, reserved 1048576K
}
Event: 11.164 GC heap before
{Heap before GC invocations=39 (full 0):
 garbage-first heap   total 121856K, used 72769K [0x0000000080000000, 0x0000000100000000)
  region size 1024K, 5 young (5120K), 4 survivors (4096K)
 Metaspace       used 77974K, committed 78528K, reserved 1122304K
  class space    used 10454K, committed 10688K, reserved 1048576K
}
Event: 11.169 GC heap after
{Heap after GC invocations=40 (full 0):
 garbage-first heap   total 121856K, used 72398K [0x0000000080000000, 0x0000000100000000)
  region size 1024K, 1 young (1024K), 1 survivors (1024K)
 Metaspace       used 77974K, committed 78528K, reserved 1122304K
  class space    used 10454K, committed 10688K, reserved 1048576K
}
Event: 11.717 GC heap before
{Heap before GC invocations=40 (full 0):
 garbage-first heap   total 121856K, used 100046K [0x0000000080000000, 0x0000000100000000)
  region size 1024K, 28 young (28672K), 1 survivors (1024K)
 Metaspace       used 81155K, committed 81664K, reserved 1122304K
  class space    used 10956K, committed 11200K, reserved 1048576K
}
Event: 11.722 GC heap after
{Heap after GC invocations=41 (full 0):
 garbage-first heap   total 232448K, used 73935K [0x0000000080000000, 0x0000000100000000)
  region size 1024K, 3 young (3072K), 3 survivors (3072K)
 Metaspace       used 81155K, committed 81664K, reserved 1122304K
  class space    used 10956K, committed 11200K, reserved 1048576K
}
Event: 12.880 GC heap before
{Heap before GC invocations=42 (full 0):
 garbage-first heap   total 232448K, used 177359K [0x0000000080000000, 0x0000000100000000)
  region size 1024K, 104 young (106496K), 3 survivors (3072K)
 Metaspace       used 86441K, committed 86976K, reserved 1130496K
  class space    used 11728K, committed 11968K, reserved 1048576K
}
Event: 12.899 GC heap after
{Heap after GC invocations=43 (full 0):
 garbage-first heap   total 232448K, used 85974K [0x0000000080000000, 0x0000000100000000)
  region size 1024K, 13 young (13312K), 13 survivors (13312K)
 Metaspace       used 86441K, committed 86976K, reserved 1130496K
  class space    used 11728K, committed 11968K, reserved 1048576K
}
Event: 12.910 GC heap before
{Heap before GC invocations=43 (full 0):
 garbage-first heap   total 232448K, used 86998K [0x0000000080000000, 0x0000000100000000)
  region size 1024K, 14 young (14336K), 13 survivors (13312K)
 Metaspace       used 86523K, committed 87040K, reserved 1130496K
  class space    used 11753K, committed 11968K, reserved 1048576K
}
Event: 12.921 GC heap after
{Heap after GC invocations=44 (full 0):
 garbage-first heap   total 232448K, used 87277K [0x0000000080000000, 0x0000000100000000)
  region size 1024K, 2 young (2048K), 2 survivors (2048K)
 Metaspace       used 86523K, committed 87040K, reserved 1130496K
  class space    used 11753K, committed 11968K, reserved 1048576K
}
Event: 13.481 GC heap before
{Heap before GC invocations=44 (full 0):
 garbage-first heap   total 232448K, used 167149K [0x0000000080000000, 0x0000000100000000)
  region size 1024K, 81 young (82944K), 2 survivors (2048K)
 Metaspace       used 88207K, committed 88832K, reserved 1130496K
  class space    used 11955K, committed 12224K, reserved 1048576K
}
Event: 13.487 GC heap after
{Heap after GC invocations=45 (full 0):
 garbage-first heap   total 232448K, used 90933K [0x0000000080000000, 0x0000000100000000)
  region size 1024K, 6 young (6144K), 6 survivors (6144K)
 Metaspace       used 88207K, committed 88832K, reserved 1130496K
  class space    used 11955K, committed 12224K, reserved 1048576K
}
Event: 14.315 GC heap before
{Heap before GC invocations=45 (full 0):
 garbage-first heap   total 232448K, used 174901K [0x0000000080000000, 0x0000000100000000)
  region size 1024K, 89 young (91136K), 6 survivors (6144K)
 Metaspace       used 92890K, committed 93504K, reserved 1130496K
  class space    used 12575K, committed 12864K, reserved 1048576K
}
Event: 14.325 GC heap after
{Heap after GC invocations=46 (full 0):
 garbage-first heap   total 232448K, used 96638K [0x0000000080000000, 0x0000000100000000)
  region size 1024K, 11 young (11264K), 11 survivors (11264K)
 Metaspace       used 92890K, committed 93504K, reserved 1130496K
  class space    used 12575K, committed 12864K, reserved 1048576K
}

Dll operation events (2 events):
Event: 0.008 Loaded shared library D:\android studio\jbr\bin\java.dll
Event: 0.332 Loaded shared library D:\android studio\jbr\bin\verify.dll

Deoptimization events (20 events):
Event: 14.437 Thread 0x00000175bee3b5b0 Uncommon trap: trap_request=0xffffff45 fr.pc=0x00000175a926c3e4 relative=0x0000000000000a84
Event: 14.437 Thread 0x00000175bee3b5b0 Uncommon trap: reason=unstable_if action=reinterpret pc=0x00000175a926c3e4 method=java.util.zip.ZipFile.getZipEntry(Ljava/lang/String;I)Ljava/util/zip/ZipEntry; @ 127 c2
Event: 14.437 Thread 0x00000175bee3b5b0 DEOPT PACKING pc=0x00000175a926c3e4 sp=0x0000000c784fb020
Event: 14.437 Thread 0x00000175bee3b5b0 DEOPT UNPACKING pc=0x00000175a89a69a3 sp=0x0000000c784fafe0 mode 2
Event: 14.439 Thread 0x00000175bee3b5b0 Uncommon trap: trap_request=0xffffff45 fr.pc=0x00000175a926b664 relative=0x0000000000000064
Event: 14.439 Thread 0x00000175bee3b5b0 Uncommon trap: reason=unstable_if action=reinterpret pc=0x00000175a926b664 method=java.util.zip.ZipFile$ZipEntryIterator.hasNext()Z @ 8 c2
Event: 14.439 Thread 0x00000175bee3b5b0 DEOPT PACKING pc=0x00000175a926b664 sp=0x0000000c784fb100
Event: 14.439 Thread 0x00000175bee3b5b0 DEOPT UNPACKING pc=0x00000175a89a69a3 sp=0x0000000c784fb038 mode 2
Event: 14.449 Thread 0x00000175bee3b5b0 Uncommon trap: trap_request=0xffffff45 fr.pc=0x00000175a8f33880 relative=0x0000000000000820
Event: 14.449 Thread 0x00000175bee3b5b0 Uncommon trap: reason=unstable_if action=reinterpret pc=0x00000175a8f33880 method=java.util.zip.ZipFile$Source.getEntryPos(Ljava/lang/String;Z)I @ 113 c2
Event: 14.449 Thread 0x00000175bee3b5b0 DEOPT PACKING pc=0x00000175a8f33880 sp=0x0000000c784f8a10
Event: 14.449 Thread 0x00000175bee3b5b0 DEOPT UNPACKING pc=0x00000175a89a69a3 sp=0x0000000c784f89a0 mode 2
Event: 14.478 Thread 0x00000175bee3b0e0 Uncommon trap: trap_request=0xffffff45 fr.pc=0x00000175a9474d10 relative=0x00000000000013f0
Event: 14.478 Thread 0x00000175bee3b0e0 Uncommon trap: reason=unstable_if action=reinterpret pc=0x00000175a9474d10 method=java.util.concurrent.ConcurrentHashMap.putVal(Ljava/lang/Object;Ljava/lang/Object;Z)Ljava/lang/Object; @ 162 c2
Event: 14.478 Thread 0x00000175bee3b0e0 DEOPT PACKING pc=0x00000175a9474d10 sp=0x0000000c795f6cc0
Event: 14.478 Thread 0x00000175bee3b0e0 DEOPT UNPACKING pc=0x00000175a89a69a3 sp=0x0000000c795f6c58 mode 2
Event: 14.478 Thread 0x00000175bee3b0e0 Uncommon trap: trap_request=0xffffff45 fr.pc=0x00000175a94a9e84 relative=0x0000000000000464
Event: 14.478 Thread 0x00000175bee3b0e0 Uncommon trap: reason=unstable_if action=reinterpret pc=0x00000175a94a9e84 method=com.google.common.collect.MapMakerInternalMap$Segment.getEntry(Ljava/lang/Object;I)Lcom/google/common/collect/MapMakerInternalMap$InternalEntry; @ 63 c2
Event: 14.478 Thread 0x00000175bee3b0e0 DEOPT PACKING pc=0x00000175a94a9e84 sp=0x0000000c795f6ce0
Event: 14.478 Thread 0x00000175bee3b0e0 DEOPT UNPACKING pc=0x00000175a89a69a3 sp=0x0000000c795f6b00 mode 2

Classes unloaded (0 events):
No events

Classes redefined (0 events):
No events

Internal exceptions (20 events):
Event: 12.870 Thread 0x00000175bd0abdb0 Implicit null exception at 0x00000175a94108c8 to 0x00000175a9411254
Event: 12.870 Thread 0x00000175bf390870 Implicit null exception at 0x00000175a94108c8 to 0x00000175a9411254
Event: 12.870 Thread 0x00000175bf390870 Implicit null exception at 0x00000175a94108c8 to 0x00000175a9411254
Event: 12.870 Thread 0x00000175bf3963e0 Implicit null exception at 0x00000175a94108c8 to 0x00000175a9411254
Event: 12.926 Thread 0x00000175bf3963e0 Exception <a 'java/lang/NoSuchMethodError'{0x000000008fd6f8f8}: 'java.lang.Object java.lang.invoke.DirectMethodHandle$Holder.invokeSpecialIFC(java.lang.Object, java.lang.Object, java.lang.Object)'> (0x000000008fd6f8f8) 
thrown [s\src\hotspot\share\interpreter\linkResolver.cpp, line 771]
Event: 12.926 Thread 0x00000175bf393d60 Exception <a 'java/lang/NoSuchMethodError'{0x000000008fda7a08}: 'java.lang.Object java.lang.invoke.DirectMethodHandle$Holder.invokeSpecialIFC(java.lang.Object, java.lang.Object, java.lang.Object)'> (0x000000008fda7a08) 
thrown [s\src\hotspot\share\interpreter\linkResolver.cpp, line 771]
Event: 12.926 Thread 0x00000175bee3d290 Exception <a 'java/lang/NoSuchMethodError'{0x000000008df13e38}: 'java.lang.Object java.lang.invoke.DirectMethodHandle$Holder.invokeSpecialIFC(java.lang.Object, java.lang.Object, java.lang.Object)'> (0x000000008df13e38) 
thrown [s\src\hotspot\share\interpreter\linkResolver.cpp, line 771]
Event: 12.926 Thread 0x00000175bee3c420 Exception <a 'java/lang/NoSuchMethodError'{0x000000008fd164e0}: 'java.lang.Object java.lang.invoke.DirectMethodHandle$Holder.invokeSpecialIFC(java.lang.Object, java.lang.Object, java.lang.Object)'> (0x000000008fd164e0) 
thrown [s\src\hotspot\share\interpreter\linkResolver.cpp, line 771]
Event: 12.926 Thread 0x00000175bc64a1f0 Exception <a 'java/lang/NoSuchMethodError'{0x000000008fdc2f28}: 'java.lang.Object java.lang.invoke.DirectMethodHandle$Holder.invokeSpecialIFC(java.lang.Object, java.lang.Object, java.lang.Object)'> (0x000000008fdc2f28) 
thrown [s\src\hotspot\share\interpreter\linkResolver.cpp, line 771]
Event: 12.926 Thread 0x00000175bf390870 Exception <a 'java/lang/NoSuchMethodError'{0x000000008fd37ee0}: 'java.lang.Object java.lang.invoke.DirectMethodHandle$Holder.invokeSpecialIFC(java.lang.Object, java.lang.Object, java.lang.Object)'> (0x000000008fd37ee0) 
thrown [s\src\hotspot\share\interpreter\linkResolver.cpp, line 771]
Event: 12.926 Thread 0x00000175bd0abdb0 Exception <a 'java/lang/NoSuchMethodError'{0x000000008fd4e448}: 'java.lang.Object java.lang.invoke.DirectMethodHandle$Holder.invokeSpecialIFC(java.lang.Object, java.lang.Object, java.lang.Object)'> (0x000000008fd4e448) 
thrown [s\src\hotspot\share\interpreter\linkResolver.cpp, line 771]
Event: 12.926 Thread 0x00000175bf2dca80 Exception <a 'java/lang/NoSuchMethodError'{0x000000008fddf070}: 'java.lang.Object java.lang.invoke.DirectMethodHandle$Holder.invokeSpecialIFC(java.lang.Object, java.lang.Object, java.lang.Object)'> (0x000000008fddf070) 
thrown [s\src\hotspot\share\interpreter\linkResolver.cpp, line 771]
Event: 13.071 Thread 0x00000175bf391bb0 Implicit null exception at 0x00000175a9456ab2 to 0x00000175a9457364
Event: 13.180 Thread 0x00000175bee3ac10 Exception <a 'java/lang/NoSuchMethodError'{0x000000008b8eb7e0}: 'void java.lang.invoke.DirectMethodHandle$Holder.invokeVirtual(java.lang.Object, java.lang.Object)'> (0x000000008b8eb7e0) 
thrown [s\src\hotspot\share\interpreter\linkResolver.cpp, line 771]
Event: 13.352 Thread 0x00000175bf2dca80 Exception <a 'java/lang/NoSuchMethodError'{0x000000008a346fc8}: static Lcom/android/build/gradle/internal/tasks/AarMetadataArtifact;.<clinit>()V> (0x000000008a346fc8) 
thrown [s\src\hotspot\share\prims\jni.cpp, line 1108]
Event: 13.434 Thread 0x00000175b9410a50 Exception <a 'java/lang/NoSuchMethodError'{0x0000000089a6d0a8}: static Lorg/gradle/internal/build/event/types/DefaultTaskFailureResult;.<clinit>()V> (0x0000000089a6d0a8) 
thrown [s\src\hotspot\share\prims\jni.cpp, line 1108]
Event: 13.437 Thread 0x00000175b9410a50 Exception <a 'java/lang/NoSuchMethodError'{0x000000008990ed60}: static [Ljava/lang/Object;.<clinit>()V> (0x000000008990ed60) 
thrown [s\src\hotspot\share\prims\jni.cpp, line 1108]
Event: 13.439 Thread 0x00000175b9410a50 Exception <a 'java/lang/NoSuchMethodError'{0x0000000089824340}: static Lorg/gradle/internal/build/event/types/DefaultFailure;.<clinit>()V> (0x0000000089824340) 
thrown [s\src\hotspot\share\prims\jni.cpp, line 1108]
Event: 14.519 Thread 0x00000175bf394230 Exception <a 'sun/nio/fs/WindowsException'{0x000000008c03ee08}> (0x000000008c03ee08) 
thrown [s\src\hotspot\share\prims\jni.cpp, line 517]
Event: 14.519 Thread 0x00000175bee38a60 Exception <a 'sun/nio/fs/WindowsException'{0x000000008c1757f0}> (0x000000008c1757f0) 
thrown [s\src\hotspot\share\prims\jni.cpp, line 517]

VM Operations (20 events):
Event: 13.674 Executing VM operation: ICBufferFull
Event: 13.674 Executing VM operation: ICBufferFull done
Event: 13.686 Executing VM operation: HandshakeAllThreads
Event: 13.687 Executing VM operation: HandshakeAllThreads done
Event: 13.688 Executing VM operation: HandshakeAllThreads
Event: 13.688 Executing VM operation: HandshakeAllThreads done
Event: 13.718 Executing VM operation: HandshakeAllThreads
Event: 13.718 Executing VM operation: HandshakeAllThreads done
Event: 13.762 Executing VM operation: HandshakeAllThreads
Event: 13.762 Executing VM operation: HandshakeAllThreads done
Event: 14.151 Executing VM operation: HandshakeAllThreads
Event: 14.151 Executing VM operation: HandshakeAllThreads done
Event: 14.153 Executing VM operation: HandshakeAllThreads
Event: 14.153 Executing VM operation: HandshakeAllThreads done
Event: 14.177 Executing VM operation: ICBufferFull
Event: 14.180 Executing VM operation: ICBufferFull done
Event: 14.315 Executing VM operation: G1CollectForAllocation
Event: 14.326 Executing VM operation: G1CollectForAllocation done
Event: 14.524 Executing VM operation: HandshakeAllThreads
Event: 14.524 Executing VM operation: HandshakeAllThreads done

Events (20 events):
Event: 14.146 loading class org/xml/sax/ext/LexicalHandler done
Event: 14.146 loading class org/xml/sax/ext/DeclHandler
Event: 14.146 loading class org/xml/sax/ext/DeclHandler done
Event: 14.147 loading class org/xml/sax/ext/DefaultHandler2 done
Event: 14.150 loading class org/xml/sax/DocumentHandler
Event: 14.150 loading class org/xml/sax/DocumentHandler done
Event: 14.159 loading class java/nio/file/FileTreeWalker$1
Event: 14.159 loading class java/nio/file/FileTreeWalker$1 done
Event: 14.417 loading class java/nio/file/Files$2
Event: 14.417 loading class java/nio/file/Files$2 done
Event: 14.433 loading class sun/nio/fs/Globs
Event: 14.433 loading class sun/nio/fs/Globs done
Event: 14.433 loading class java/util/regex/Pattern$SliceU
Event: 14.433 loading class java/util/regex/Pattern$SliceU done
Event: 14.433 loading class sun/nio/fs/WindowsFileSystem$2
Event: 14.433 loading class java/nio/file/PathMatcher
Event: 14.433 loading class java/nio/file/PathMatcher done
Event: 14.434 loading class sun/nio/fs/WindowsFileSystem$2 done
Event: 14.483 loading class java/util/zip/ZipInputStream
Event: 14.483 loading class java/util/zip/ZipInputStream done


Dynamic libraries:
0x00007ff6aa360000 - 0x00007ff6aa36a000 	D:\android studio\jbr\bin\java.exe
0x00007ffa210b0000 - 0x00007ffa212c7000 	C:\WINDOWS\SYSTEM32\ntdll.dll
0x00007ffa20580000 - 0x00007ffa20644000 	C:\WINDOWS\System32\KERNEL32.DLL
0x00007ffa1e4a0000 - 0x00007ffa1e846000 	C:\WINDOWS\System32\KERNELBASE.dll
0x00007ffa1eb90000 - 0x00007ffa1eca1000 	C:\WINDOWS\System32\ucrtbase.dll
0x00007ffa014f0000 - 0x00007ffa01507000 	D:\android studio\jbr\bin\jli.dll
0x00007ffa04730000 - 0x00007ffa0474b000 	D:\android studio\jbr\bin\VCRUNTIME140.dll
0x00007ffa1f280000 - 0x00007ffa1f42d000 	C:\WINDOWS\System32\USER32.dll
0x00007ffa1e9f0000 - 0x00007ffa1ea16000 	C:\WINDOWS\System32\win32u.dll
0x00007ffa02e80000 - 0x00007ffa03113000 	C:\WINDOWS\WinSxS\amd64_microsoft.windows.common-controls_6595b64144ccf1df_6.0.22621.2361_none_2712ced57382f843\COMCTL32.dll
0x00007ffa20d80000 - 0x00007ffa20da9000 	C:\WINDOWS\System32\GDI32.dll
0x00007ffa20cd0000 - 0x00007ffa20d77000 	C:\WINDOWS\System32\msvcrt.dll
0x00007ffa1e8d0000 - 0x00007ffa1e9e8000 	C:\WINDOWS\System32\gdi32full.dll
0x00007ffa1ecb0000 - 0x00007ffa1ed4a000 	C:\WINDOWS\System32\msvcp_win.dll
0x00007ffa20490000 - 0x00007ffa204c1000 	C:\WINDOWS\System32\IMM32.DLL
0x00007ffa04db0000 - 0x00007ffa04dbc000 	D:\android studio\jbr\bin\vcruntime140_1.dll
0x00007ff9f2f50000 - 0x00007ff9f2fdd000 	D:\android studio\jbr\bin\msvcp140.dll
0x00007ff9842d0000 - 0x00007ff984f3e000 	D:\android studio\jbr\bin\server\jvm.dll
0x00007ffa204d0000 - 0x00007ffa20580000 	C:\WINDOWS\System32\ADVAPI32.dll
0x00007ffa209e0000 - 0x00007ffa20a86000 	C:\WINDOWS\System32\sechost.dll
0x00007ffa201b0000 - 0x00007ffa202c7000 	C:\WINDOWS\System32\RPCRT4.dll
0x00007ffa17680000 - 0x00007ffa176b4000 	C:\WINDOWS\SYSTEM32\WINMM.dll
0x00007ffa18370000 - 0x00007ffa1837a000 	C:\WINDOWS\SYSTEM32\VERSION.dll
0x00007ffa033d0000 - 0x00007ffa033d9000 	C:\WINDOWS\SYSTEM32\WSOCK32.dll
0x00007ffa20db0000 - 0x00007ffa20e21000 	C:\WINDOWS\System32\WS2_32.dll
0x00007ffa1d470000 - 0x00007ffa1d488000 	C:\WINDOWS\SYSTEM32\kernel.appcore.dll
0x00007ffa18ec0000 - 0x00007ffa18eca000 	D:\android studio\jbr\bin\jimage.dll
0x00007ffa1bd80000 - 0x00007ffa1bfae000 	C:\WINDOWS\SYSTEM32\DBGHELP.DLL
0x00007ffa20650000 - 0x00007ffa209da000 	C:\WINDOWS\System32\combase.dll
0x00007ffa20e30000 - 0x00007ffa20f07000 	C:\WINDOWS\System32\OLEAUT32.dll
0x00007ffa02780000 - 0x00007ffa027b2000 	C:\WINDOWS\SYSTEM32\dbgcore.DLL
0x00007ffa1e850000 - 0x00007ffa1e8ca000 	C:\WINDOWS\System32\bcryptPrimitives.dll
0x00007ffa17b70000 - 0x00007ffa17b95000 	D:\android studio\jbr\bin\java.dll
0x00007ffa06af0000 - 0x00007ffa06b08000 	D:\android studio\jbr\bin\zip.dll
0x00007ffa1f4b0000 - 0x00007ffa1fd08000 	C:\WINDOWS\System32\SHELL32.dll
0x00007ffa1c390000 - 0x00007ffa1cc82000 	C:\WINDOWS\SYSTEM32\windows.storage.dll
0x00007ffa1c250000 - 0x00007ffa1c38e000 	C:\WINDOWS\SYSTEM32\wintypes.dll
0x00007ffa20f70000 - 0x00007ffa21063000 	C:\WINDOWS\System32\SHCORE.dll
0x00007ffa20f10000 - 0x00007ffa20f6e000 	C:\WINDOWS\System32\shlwapi.dll
0x00007ffa1e360000 - 0x00007ffa1e386000 	C:\WINDOWS\SYSTEM32\profapi.dll
0x00007ffa05e30000 - 0x00007ffa05e49000 	D:\android studio\jbr\bin\net.dll
0x00007ffa17950000 - 0x00007ffa17a87000 	C:\WINDOWS\SYSTEM32\WINHTTP.dll
0x00007ffa1d8f0000 - 0x00007ffa1d959000 	C:\WINDOWS\system32\mswsock.dll
0x00007ffa05e10000 - 0x00007ffa05e26000 	D:\android studio\jbr\bin\nio.dll
0x00007ffa18eb0000 - 0x00007ffa18ec0000 	D:\android studio\jbr\bin\verify.dll
0x00007ff9e8ae0000 - 0x00007ff9e8b07000 	C:\Users\hachem safae\.gradle\native\e1d6ef7f7dcc3fd88c89a11ec53ec762bb8ba0a96d01ffa2cd45eb1d1d8dd5c5\windows-amd64\native-platform.dll
0x00007ff9c44f0000 - 0x00007ff9c4634000 	C:\Users\hachem safae\.gradle\native\5664cfc778a61ccfe75a443a1ab52a65af34e5dc3c78e0209fed803814484fcb\windows-amd64\native-platform-file-events.dll
0x00007ffa06ae0000 - 0x00007ffa06ae9000 	D:\android studio\jbr\bin\management.dll
0x00007ffa068d0000 - 0x00007ffa068db000 	D:\android studio\jbr\bin\management_ext.dll
0x00007ffa20bf0000 - 0x00007ffa20bf8000 	C:\WINDOWS\System32\PSAPI.DLL
0x00007ffa1db40000 - 0x00007ffa1db5b000 	C:\WINDOWS\SYSTEM32\CRYPTSP.dll
0x00007ffa1d3d0000 - 0x00007ffa1d405000 	C:\WINDOWS\system32\rsaenh.dll
0x00007ffa1d9e0000 - 0x00007ffa1da0c000 	C:\WINDOWS\SYSTEM32\USERENV.dll
0x00007ffa1dd00000 - 0x00007ffa1dd28000 	C:\WINDOWS\SYSTEM32\bcrypt.dll
0x00007ffa1db60000 - 0x00007ffa1db6c000 	C:\WINDOWS\SYSTEM32\CRYPTBASE.dll
0x00007ffa1cef0000 - 0x00007ffa1cf1d000 	C:\WINDOWS\SYSTEM32\IPHLPAPI.DLL
0x00007ffa201a0000 - 0x00007ffa201a9000 	C:\WINDOWS\System32\NSI.dll
0x00007ffa17660000 - 0x00007ffa17679000 	C:\WINDOWS\SYSTEM32\dhcpcsvc6.DLL
0x00007ffa17640000 - 0x00007ffa1765f000 	C:\WINDOWS\SYSTEM32\dhcpcsvc.DLL
0x00007ffa1cf60000 - 0x00007ffa1d059000 	C:\WINDOWS\SYSTEM32\DNSAPI.dll
0x00007ffa05e00000 - 0x00007ffa05e08000 	C:\WINDOWS\system32\wshunix.dll
0x00007ff9fd170000 - 0x00007ff9fd187000 	C:\WINDOWS\system32\napinsp.dll
0x00007ff9fd0f0000 - 0x00007ff9fd10b000 	C:\WINDOWS\system32\pnrpnsp.dll
0x00007ffa04830000 - 0x00007ffa04841000 	C:\WINDOWS\System32\winrnr.dll
0x00007ffa04810000 - 0x00007ffa04825000 	C:\WINDOWS\system32\wshbth.dll
0x00007ffa047e0000 - 0x00007ffa04801000 	C:\WINDOWS\system32\nlansp_c.dll
0x00007ffa14060000 - 0x00007ffa1406a000 	C:\Windows\System32\rasadhlp.dll
0x00007ffa16c20000 - 0x00007ffa16ca4000 	C:\WINDOWS\System32\fwpuclnt.dll

dbghelp: loaded successfully - version: 4.0.5 - missing functions: none
symbol engine: initialized successfully - sym options: 0x614 - pdb path: .;D:\android studio\jbr\bin;C:\WINDOWS\SYSTEM32;C:\WINDOWS\WinSxS\amd64_microsoft.windows.common-controls_6595b64144ccf1df_6.0.22621.2361_none_2712ced57382f843;D:\android studio\jbr\bin\server;C:\Users\hachem safae\.gradle\native\e1d6ef7f7dcc3fd88c89a11ec53ec762bb8ba0a96d01ffa2cd45eb1d1d8dd5c5\windows-amd64;C:\Users\hachem safae\.gradle\native\5664cfc778a61ccfe75a443a1ab52a65af34e5dc3c78e0209fed803814484fcb\windows-amd64

VM Arguments:
jvm_args: --add-opens=java.base/java.util=ALL-UNNAMED --add-opens=java.base/java.lang=ALL-UNNAMED --add-opens=java.base/java.lang.invoke=ALL-UNNAMED --add-opens=java.base/java.util=ALL-UNNAMED --add-opens=java.prefs/java.util.prefs=ALL-UNNAMED --add-opens=java.prefs/java.util.prefs=ALL-UNNAMED --add-opens=java.base/java.nio.charset=ALL-UNNAMED --add-opens=java.base/java.net=ALL-UNNAMED --add-opens=java.base/java.util.concurrent.atomic=ALL-UNNAMED -Xmx2048m -Dfile.encoding=UTF-8 -Duser.country=FR -Duser.language=fr -Duser.variant 
java_command: org.gradle.launcher.daemon.bootstrap.GradleDaemon 7.3.3
java_class_path (initial): C:\Users\hachem safae\.gradle\wrapper\dists\gradle-7.3.3-bin\6a41zxkdtcxs8rphpq6y0069z\gradle-7.3.3\lib\gradle-launcher-7.3.3.jar
Launcher Type: SUN_STANDARD

[Global flags]
     intx CICompilerCount                          = 4                                         {product} {ergonomic}
     uint ConcGCThreads                            = 2                                         {product} {ergonomic}
     uint G1ConcRefinementThreads                  = 8                                         {product} {ergonomic}
   size_t G1HeapRegionSize                         = 1048576                                   {product} {ergonomic}
    uintx GCDrainStackTargetSize                   = 64                                        {product} {ergonomic}
   size_t InitialHeapSize                          = 266338304                                 {product} {ergonomic}
   size_t MarkStackSize                            = 4194304                                   {product} {ergonomic}
   size_t MaxHeapSize                              = 2147483648                                {product} {command line}
   size_t MaxNewSize                               = 1287651328                                {product} {ergonomic}
   size_t MinHeapDeltaBytes                        = 1048576                                   {product} {ergonomic}
   size_t MinHeapSize                              = 8388608                                   {product} {ergonomic}
    uintx NonNMethodCodeHeapSize                   = 5839372                                {pd product} {ergonomic}
    uintx NonProfiledCodeHeapSize                  = 122909434                              {pd product} {ergonomic}
    uintx ProfiledCodeHeapSize                     = 122909434                              {pd product} {ergonomic}
    uintx ReservedCodeCacheSize                    = 251658240                              {pd product} {ergonomic}
     bool SegmentedCodeCache                       = true                                      {product} {ergonomic}
   size_t SoftMaxHeapSize                          = 2147483648                             {manageable} {ergonomic}
     bool UseCompressedClassPointers               = true                           {product lp64_product} {ergonomic}
     bool UseCompressedOops                        = true                           {product lp64_product} {ergonomic}
     bool UseG1GC                                  = true                                      {product} {ergonomic}
     bool UseLargePagesIndividualAllocation        = false                                  {pd product} {ergonomic}

Logging:
Log output configuration:
 #0: stdout all=warning uptime,level,tags
 #1: stderr all=off uptime,level,tags

Environment Variables:
JAVA_HOME=C:\Program Files\Java\jdk-11
PATH=C:\Program Files (x86)\Common Files\Oracle\Java\javapath;C:\Program Files (x86)\VMware\VMware Workstation\bin\;D:\oraclexe\app\oracle\product\11.2.0\server\bin;C:\Program Files\Common Files\Oracle\Java\javapath;C:\WINDOWS\system32;C:\WINDOWS;C:\WINDOWS\System32\Wbem;C:\WINDOWS\System32\WindowsPowerShell\v1.0\;C:\WINDOWS\System32\OpenSSH\;c:\Program Files (x86)\Microsoft SQL Server\100\Tools\Binn\;c:\Program Files\Microsoft SQL Server\100\Tools\Binn\;c:\Program Files\Microsoft SQL Server\100\DTS\Binn\;C:\Program Files\Java\jdk-11\bin;C:\Program Files\Java\jdk-19\bin;C:\Program Files\Common Files\Oracle\Java\javapath;C:\ProgramData\ComposerSetup\bin;D:\XAAMP\php\php.exe;D:\xamp\php;C:\Program Files\wkhtmltopdf\bin;D:\node;C:\Program Files\Git\cmd;C:\Program Files\nodejs\;C:\Program Files\MongoDB\Server\6.0\bin;D:\XAAMP\php;C:\Users\hachem safae\AppData\Local\Programs\Python\Python310\Scripts\;C:\Users\hachem safae\AppData\Local\Programs\Python\Python310\;C:\Program Files\MySQL\MySQL Shell 8.0\bin\;C:\Users\hachem safae\AppData\Local\Microsoft\WindowsApps;C:\Users\hachem safae\AppData\Roaming\Dashlane\6.2007.0.32704\bin\Firefox_Extension\{442718d9-475e-452a-b3e1-fb1ee16b8e9f}\components;C:\Users\hachem safae\AppData\Roaming\Dashlane\6.2007.0.32704\ucrt;C:\Users\hachem safae\AppData\Roaming\Dashlane\6.2007.0.32704\bin\Qt;C:\Users\hachem safae\AppData\Roaming\Dashlane\6.2007.0.32704\bin\Ssl;C:\Program Files\JetBrains\IntelliJ IDEA Community Edition 2020.2.2\bin;C:\Users\hachem safae\AppData\Local\Microsoft\WindowsApps;C:\Users\hachem safae\AppData\Local\Programs\Microsoft VS Code\bin;C:\Program Files\IntelliJ IDEA Community Edition 2022.3.2\bin;;C:\Users\hachem safae\AppData\Local\ComposerSetup\bin;C:\Users\hachem safae\AppData\Roaming\Composer\vendor\bin;C:\Users\hachem safae\AppData\Roaming\npm;D:\android2\platform-tools;D:\XAAMP\php;C:\wamp64\bin\php\php5.6.40;
USERNAME=hachem safae
OS=Windows_NT
PROCESSOR_IDENTIFIER=Intel64 Family 6 Model 142 Stepping 12, GenuineIntel
TMP=C:\Users\HACHEM~1\AppData\Local\Temp
TEMP=C:\Users\HACHEM~1\AppData\Local\Temp


JNI global refs:
JNI global refs: 27, weak refs: 6

JNI global refs memory usage: 843, weak refs: 841


---------------  S Y S T E M  ---------------

OS:
 Windows 11 , 64 bit Build 22621 (10.0.22621.2428)
OS uptime: 0 days 2:41 hours

CPU: total 8 (initial active 8) (4 cores per cpu, 2 threads per core) family 6 model 142 stepping 12 microcode 0xf6, cx8, cmov, fxsr, ht, mmx, 3dnowpref, sse, sse2, sse3, ssse3, sse4.1, sse4.2, popcnt, lzcnt, tsc, tscinvbit, avx, avx2, aes, erms, clmul, bmi1, bmi2, adx, fma, vzeroupper, clflush, clflushopt

Memory: 4k page, system-wide physical 16194M (2077M free)
TotalPageFile size 18242M (AvailPageFile size 5M)
current process WorkingSet (physical memory assigned to process): 500M, peak: 504M
current process commit charge ("private bytes"): 552M, peak: 554M

vm_info: OpenJDK 64-Bit Server VM (17.0.6+0-b2043.56-10027231) for windows-amd64 JRE (17.0.6+0-b2043.56-10027231), built on Apr 28 2023 00:43:19 by "androidbuild" with MS VC++ 16.10 / 16.11 (VS2019)

END.
