#
# There is insufficient memory for the Java Runtime Environment to continue.
# Native memory allocation (malloc) failed to allocate 1050016 bytes for Chunk::new
# Possible reasons:
#   The system is out of physical RAM or swap space
#   The process is running with CompressedOops enabled, and the Java Heap may be blocking the growth of the native heap
# Possible solutions:
#   Reduce memory load on the system
#   Increase physical memory or swap space
#   Check if swap backing store is full
#   Decrease Java heap size (-Xmx/-Xms)
#   Decrease number of Java threads
#   Decrease Java thread stack sizes (-Xss)
#   Set larger code cache with -XX:ReservedCodeCacheSize=
#   JVM is running with Unscaled Compressed Oops mode in which the Java heap is
#     placed in the first 4GB address space. The Java Heap base address is the
#     maximum limit for the native heap growth. Please use -XX:HeapBaseMinAddress
#     to set the Java Heap base and to place the Java Heap above 4GB virtual address.
# This output file may be truncated or incomplete.
#
#  Out of Memory Error (arena.cpp:189), pid=22548, tid=21528
#
# JRE version: OpenJDK Runtime Environment (17.0.6) (build 17.0.6+0-b2043.56-10027231)
# Java VM: OpenJDK 64-Bit Server VM (17.0.6+0-b2043.56-10027231, mixed mode, tiered, compressed oops, compressed class ptrs, g1 gc, windows-amd64)
# No core dump will be written. Minidumps are not enabled by default on client versions of Windows
#

---------------  S U M M A R Y ------------

Command Line: --add-opens=java.base/java.util=ALL-UNNAMED --add-opens=java.base/java.lang=ALL-UNNAMED --add-opens=java.base/java.lang.invoke=ALL-UNNAMED --add-opens=java.base/java.util=ALL-UNNAMED --add-opens=java.prefs/java.util.prefs=ALL-UNNAMED --add-opens=java.prefs/java.util.prefs=ALL-UNNAMED --add-opens=java.base/java.nio.charset=ALL-UNNAMED --add-opens=java.base/java.net=ALL-UNNAMED --add-opens=java.base/java.util.concurrent.atomic=ALL-UNNAMED -Xmx2048m -Dfile.encoding=UTF-8 -Duser.country=FR -Duser.language=fr -Duser.variant org.gradle.launcher.daemon.bootstrap.GradleDaemon 7.3.3

Host: Intel(R) Core(TM) i7-8565U CPU @ 1.80GHz, 8 cores, 15G,  Windows 11 , 64 bit Build 22621 (10.0.22621.2428)
Time: Tue Oct 17 09:13:26 2023 Maroc (heure d64 bit Build 22621 (10.0.22621.2428) elapsed time: 12.833381 seconds (0d 0h 0m 12s)

---------------  T H R E A D  ---------------

Current thread (0x0000019c69a91760):  JavaThread "C2 CompilerThread2" daemon [_thread_in_native, id=21528, stack(0x0000009820c00000,0x0000009820d00000)]


Current CompileTask:
C2:  12833 7553       4       java.beans.MethodRef::set (58 bytes)

Stack: [0x0000009820c00000,0x0000009820d00000]
Native frames: (J=compiled Java code, j=interpreted, Vv=VM code, C=native code)
V  [jvm.dll+0x683c9a]
V  [jvm.dll+0x8427a4]
V  [jvm.dll+0x843f9e]
V  [jvm.dll+0x844603]
V  [jvm.dll+0x249b75]
V  [jvm.dll+0xabcac]
V  [jvm.dll+0xac27c]
V  [jvm.dll+0x2b0eef]
V  [jvm.dll+0x58a267]
V  [jvm.dll+0x2243b2]
V  [jvm.dll+0x21ddf4]
V  [jvm.dll+0x21b51b]
V  [jvm.dll+0x1a4fdd]
V  [jvm.dll+0x22b098]
V  [jvm.dll+0x229159]
V  [jvm.dll+0x7f81ec]
V  [jvm.dll+0x7f274a]
V  [jvm.dll+0x682ad5]
C  [ucrtbase.dll+0x29363]
C  [KERNEL32.DLL+0x1257d]
C  [ntdll.dll+0x5aa78]


---------------  P R O C E S S  ---------------

Threads class SMR info:
_java_thread_list=0x0000019c694b36f0, length=126, elements={
0x0000019c4942d300, 0x0000019c63c3a040, 0x0000019c63c3adc0, 0x0000019c63c86c20,
0x0000019c63c87df0, 0x0000019c63c891c0, 0x0000019c63c8bf80, 0x0000019c63c8cd10,
0x0000019c63c8e6d0, 0x0000019c63c92a60, 0x0000019c63e1a020, 0x0000019c63e1a4f0,
0x0000019c63fab190, 0x0000019c66a52fc0, 0x0000019c66aaa470, 0x0000019c66650d50,
0x0000019c6683cc70, 0x0000019c6683d140, 0x0000019c66ed2a20, 0x0000019c66ed2ef0,
0x0000019c63ffb310, 0x0000019c63ffd4c0, 0x0000019c63ffc650, 0x0000019c63ffd990,
0x0000019c63ffa4a0, 0x0000019c63ffc180, 0x0000019c63ffb7e0, 0x0000019c63ffbcb0,
0x0000019c63ffcff0, 0x0000019c63ffde60, 0x0000019c63ffa970, 0x0000019c67db0e70,
0x0000019c67daf190, 0x0000019c67dab300, 0x0000019c67db2680, 0x0000019c69a91760,
0x0000019c67dae7f0, 0x0000019c67db1ce0, 0x0000019c67db2b50, 0x0000019c67dab7d0,
0x0000019c67db0000, 0x0000019c67daecc0, 0x0000019c67dafb30, 0x0000019c67dac640,
0x0000019c67dacb10, 0x0000019c67dacfe0, 0x0000019c67dad980, 0x0000019c67db04d0,
0x0000019c67dad4b0, 0x0000019c67dade50, 0x0000019c67dae320, 0x0000019c67db09a0,
0x0000019c6a312280, 0x0000019c6a3135c0, 0x0000019c6a315c40, 0x0000019c6a317920,
0x0000019c6a3105a0, 0x0000019c6a311410, 0x0000019c6a310a70, 0x0000019c6a3118e0,
0x0000019c6a310f40, 0x0000019c6a311db0, 0x0000019c6a312750, 0x0000019c6a317450,
0x0000019c6a3100d0, 0x0000019c6a312c20, 0x0000019c6a3152a0, 0x0000019c6a3130f0,
0x0000019c6a313a90, 0x0000019c6a313f60, 0x0000019c6a316ab0, 0x0000019c6a314430,
0x0000019c6a316f80, 0x0000019c6a3165e0, 0x0000019c6a314900, 0x0000019c6a315770,
0x0000019c6a314dd0, 0x0000019c6a316110, 0x0000019c66c7e9d0, 0x0000019c66c82d30,
0x0000019c66c7b9b0, 0x0000019c66c82390, 0x0000019c66c7db60, 0x0000019c66c7eea0,
0x0000019c66c7d1c0, 0x0000019c66c82860, 0x0000019c66c7f370, 0x0000019c66c7be80,
0x0000019c66c7d690, 0x0000019c66c81520, 0x0000019c66c801e0, 0x0000019c66c819f0,
0x0000019c66c83200, 0x0000019c66c806b0, 0x0000019c66c7c350, 0x0000019c66c7c820,
0x0000019c66c81ec0, 0x0000019c66c7ccf0, 0x0000019c66c7e030, 0x0000019c66c7f840,
0x0000019c66c80b80, 0x0000019c66c7e500, 0x0000019c66c81050, 0x0000019c66c7fd10,
0x0000019c6429fdf0, 0x0000019c6429ba90, 0x0000019c6429bf60, 0x0000019c6429f920,
0x0000019c6429a750, 0x0000019c6429eab0, 0x0000019c642a1600, 0x0000019c6429b5c0,
0x0000019c6429ac20, 0x0000019c6429c900, 0x0000019c6429c430, 0x0000019c6429cdd0,
0x0000019c6429b0f0, 0x0000019c6429ef80, 0x0000019c6429d770, 0x0000019c642a02c0,
0x0000019c6429d2a0, 0x0000019c6429e110, 0x0000019c6429dc40, 0x0000019c642a0790,
0x0000019c642a0c60, 0x0000019c6429e5e0
}

Java Threads: ( => current thread )
  0x0000019c4942d300 JavaThread "main" [_thread_blocked, id=17164, stack(0x000000981da00000,0x000000981db00000)]
  0x0000019c63c3a040 JavaThread "Reference Handler" daemon [_thread_blocked, id=22748, stack(0x000000981e100000,0x000000981e200000)]
  0x0000019c63c3adc0 JavaThread "Finalizer" daemon [_thread_blocked, id=19268, stack(0x000000981e200000,0x000000981e300000)]
  0x0000019c63c86c20 JavaThread "Signal Dispatcher" daemon [_thread_blocked, id=16876, stack(0x000000981e300000,0x000000981e400000)]
  0x0000019c63c87df0 JavaThread "Attach Listener" daemon [_thread_blocked, id=9984, stack(0x000000981e400000,0x000000981e500000)]
  0x0000019c63c891c0 JavaThread "Service Thread" daemon [_thread_blocked, id=20376, stack(0x000000981e500000,0x000000981e600000)]
  0x0000019c63c8bf80 JavaThread "Monitor Deflation Thread" daemon [_thread_blocked, id=22120, stack(0x000000981e600000,0x000000981e700000)]
  0x0000019c63c8cd10 JavaThread "C2 CompilerThread0" daemon [_thread_in_native, id=21736, stack(0x000000981e700000,0x000000981e800000)]
  0x0000019c63c8e6d0 JavaThread "C1 CompilerThread0" daemon [_thread_blocked, id=13728, stack(0x000000981e800000,0x000000981e900000)]
  0x0000019c63c92a60 JavaThread "Sweeper thread" daemon [_thread_blocked, id=10344, stack(0x000000981e900000,0x000000981ea00000)]
  0x0000019c63e1a020 JavaThread "Common-Cleaner" daemon [_thread_blocked, id=23392, stack(0x000000981ea00000,0x000000981eb00000)]
  0x0000019c63e1a4f0 JavaThread "Notification Thread" daemon [_thread_blocked, id=23524, stack(0x000000981eb00000,0x000000981ec00000)]
  0x0000019c63fab190 JavaThread "C2 CompilerThread1" daemon [_thread_in_native, id=14392, stack(0x000000981ed00000,0x000000981ee00000)]
  0x0000019c66a52fc0 JavaThread "Daemon health stats" [_thread_blocked, id=13492, stack(0x000000981f400000,0x000000981f500000)]
  0x0000019c66aaa470 JavaThread "Incoming local TCP Connector on port 62556" [_thread_in_native, id=16672, stack(0x000000981f500000,0x000000981f600000)]
  0x0000019c66650d50 JavaThread "Daemon periodic checks" [_thread_blocked, id=12616, stack(0x000000981f600000,0x000000981f700000)]
  0x0000019c6683cc70 JavaThread "Daemon" [_thread_blocked, id=17100, stack(0x000000981f700000,0x000000981f800000)]
  0x0000019c6683d140 JavaThread "Handler for socket connection from /127.0.0.1:62556 to /127.0.0.1:62557" [_thread_in_native, id=4916, stack(0x000000981f800000,0x000000981f900000)]
  0x0000019c66ed2a20 JavaThread "Cancel handler" [_thread_blocked, id=9004, stack(0x000000981f900000,0x000000981fa00000)]
  0x0000019c66ed2ef0 JavaThread "Daemon worker" [_thread_in_vm, id=12872, stack(0x000000981fa00000,0x000000981fb00000)]
  0x0000019c63ffb310 JavaThread "Asynchronous log dispatcher for DefaultDaemonConnection: socket connection from /127.0.0.1:62556 to /127.0.0.1:62557" [_thread_blocked, id=22460, stack(0x000000981fb00000,0x000000981fc00000)]
  0x0000019c63ffd4c0 JavaThread "Stdin handler" [_thread_blocked, id=1324, stack(0x000000981fc00000,0x000000981fd00000)]
  0x0000019c63ffc650 JavaThread "Daemon client event forwarder" [_thread_blocked, id=21124, stack(0x000000981fd00000,0x000000981fe00000)]
  0x0000019c63ffd990 JavaThread "Cache worker for journal cache (C:\Users\hachem safae\.gradle\caches\journal-1)" [_thread_blocked, id=13140, stack(0x000000981f300000,0x000000981f400000)]
  0x0000019c63ffa4a0 JavaThread "File lock request listener" [_thread_in_native, id=2512, stack(0x000000981fe00000,0x000000981ff00000)]
  0x0000019c63ffc180 JavaThread "Cache worker for file hash cache (C:\Users\hachem safae\.gradle\caches\7.3.3\fileHashes)" [_thread_blocked, id=9968, stack(0x0000009820200000,0x0000009820300000)]
  0x0000019c63ffb7e0 JavaThread "Cache worker for file hash cache (C:\Users\hachem safae\Downloads\List3\.gradle\7.3.3\fileHashes)" [_thread_blocked, id=19388, stack(0x0000009820300000,0x0000009820400000)]
  0x0000019c63ffbcb0 JavaThread "File watcher server" daemon [_thread_in_native, id=17140, stack(0x0000009820500000,0x0000009820600000)]
  0x0000019c63ffcff0 JavaThread "File watcher consumer" daemon [_thread_blocked, id=10304, stack(0x0000009820600000,0x0000009820700000)]
  0x0000019c63ffde60 JavaThread "Cache worker for checksums cache (C:\Users\hachem safae\Downloads\List3\.gradle\7.3.3\checksums)" [_thread_blocked, id=14596, stack(0x0000009820700000,0x0000009820800000)]
  0x0000019c63ffa970 JavaThread "Cache worker for cache directory md-supplier (C:\Users\hachem safae\.gradle\caches\7.3.3\md-supplier)" [_thread_blocked, id=21828, stack(0x0000009820800000,0x0000009820900000)]
  0x0000019c67db0e70 JavaThread "Cache worker for cache directory md-rule (C:\Users\hachem safae\.gradle\caches\7.3.3\md-rule)" [_thread_blocked, id=19296, stack(0x0000009820900000,0x0000009820a00000)]
  0x0000019c67daf190 JavaThread "Cache worker for execution history cache (C:\Users\hachem safae\.gradle\caches\7.3.3\executionHistory)" [_thread_blocked, id=22172, stack(0x0000009820a00000,0x0000009820b00000)]
  0x0000019c67dab300 JavaThread "jar transforms" [_thread_blocked, id=19160, stack(0x0000009820400000,0x0000009820500000)]
  0x0000019c67db2680 JavaThread "jar transforms Thread 2" [_thread_blocked, id=16640, stack(0x0000009820b00000,0x0000009820c00000)]
=>0x0000019c69a91760 JavaThread "C2 CompilerThread2" daemon [_thread_in_native, id=21528, stack(0x0000009820c00000,0x0000009820d00000)]
  0x0000019c67dae7f0 JavaThread "Cache worker for file content cache (C:\Users\hachem safae\.gradle\caches\7.3.3\fileContent)" [_thread_blocked, id=20896, stack(0x0000009820d00000,0x0000009820e00000)]
  0x0000019c67db1ce0 JavaThread "jar transforms Thread 3" [_thread_blocked, id=22932, stack(0x0000009820e00000,0x0000009820f00000)]
  0x0000019c67db2b50 JavaThread "jar transforms Thread 4" [_thread_blocked, id=7080, stack(0x0000009820f00000,0x0000009821000000)]
  0x0000019c67dab7d0 JavaThread "Cache worker for dependencies-accessors (C:\Users\hachem safae\Downloads\List3\.gradle\7.3.3\dependencies-accessors)" [_thread_blocked, id=23172, stack(0x0000009821000000,0x0000009821100000)]
  0x0000019c67db0000 JavaThread "jar transforms Thread 5" [_thread_blocked, id=15568, stack(0x0000009821100000,0x0000009821200000)]
  0x0000019c67daecc0 JavaThread "Cache worker for Build Output Cleanup Cache (C:\Users\hachem safae\Downloads\List3\.gradle\buildOutputCleanup)" [_thread_blocked, id=16108, stack(0x0000009821200000,0x0000009821300000)]
  0x0000019c67dafb30 JavaThread "Unconstrained build operations" [_thread_blocked, id=5280, stack(0x0000009821300000,0x0000009821400000)]
  0x0000019c67dac640 JavaThread "Unconstrained build operations Thread 2" [_thread_blocked, id=23104, stack(0x0000009821400000,0x0000009821500000)]
  0x0000019c67dacb10 JavaThread "Unconstrained build operations Thread 3" [_thread_blocked, id=22648, stack(0x0000009821500000,0x0000009821600000)]
  0x0000019c67dacfe0 JavaThread "Unconstrained build operations Thread 4" [_thread_blocked, id=21776, stack(0x0000009821600000,0x0000009821700000)]
  0x0000019c67dad980 JavaThread "Unconstrained build operations Thread 5" [_thread_blocked, id=14332, stack(0x0000009821700000,0x0000009821800000)]
  0x0000019c67db04d0 JavaThread "Unconstrained build operations Thread 6" [_thread_blocked, id=20096, stack(0x0000009821800000,0x0000009821900000)]
  0x0000019c67dad4b0 JavaThread "Unconstrained build operations Thread 7" [_thread_blocked, id=22720, stack(0x0000009821900000,0x0000009821a00000)]
  0x0000019c67dade50 JavaThread "Unconstrained build operations Thread 8" [_thread_blocked, id=15880, stack(0x0000009821a00000,0x0000009821b00000)]
  0x0000019c67dae320 JavaThread "Unconstrained build operations Thread 9" [_thread_blocked, id=17136, stack(0x0000009821b00000,0x0000009821c00000)]
  0x0000019c67db09a0 JavaThread "Unconstrained build operations Thread 10" [_thread_blocked, id=21748, stack(0x0000009821c00000,0x0000009821d00000)]
  0x0000019c6a312280 JavaThread "Unconstrained build operations Thread 11" [_thread_blocked, id=16920, stack(0x0000009821d00000,0x0000009821e00000)]
  0x0000019c6a3135c0 JavaThread "Unconstrained build operations Thread 12" [_thread_blocked, id=10676, stack(0x0000009821e00000,0x0000009821f00000)]
  0x0000019c6a315c40 JavaThread "Unconstrained build operations Thread 13" [_thread_blocked, id=12184, stack(0x0000009821f00000,0x0000009822000000)]
  0x0000019c6a317920 JavaThread "Unconstrained build operations Thread 14" [_thread_blocked, id=22804, stack(0x0000009822000000,0x0000009822100000)]
  0x0000019c6a3105a0 JavaThread "Unconstrained build operations Thread 15" [_thread_blocked, id=22756, stack(0x0000009822100000,0x0000009822200000)]
  0x0000019c6a311410 JavaThread "Unconstrained build operations Thread 16" [_thread_blocked, id=22484, stack(0x0000009822200000,0x0000009822300000)]
  0x0000019c6a310a70 JavaThread "Unconstrained build operations Thread 17" [_thread_blocked, id=20256, stack(0x0000009822300000,0x0000009822400000)]
  0x0000019c6a3118e0 JavaThread "Unconstrained build operations Thread 18" [_thread_blocked, id=4900, stack(0x0000009822400000,0x0000009822500000)]
  0x0000019c6a310f40 JavaThread "Unconstrained build operations Thread 19" [_thread_blocked, id=20288, stack(0x0000009822500000,0x0000009822600000)]
  0x0000019c6a311db0 JavaThread "Unconstrained build operations Thread 20" [_thread_blocked, id=18784, stack(0x0000009822600000,0x0000009822700000)]
  0x0000019c6a312750 JavaThread "Unconstrained build operations Thread 21" [_thread_blocked, id=12376, stack(0x0000009822700000,0x0000009822800000)]
  0x0000019c6a317450 JavaThread "Unconstrained build operations Thread 22" [_thread_blocked, id=20264, stack(0x0000009822800000,0x0000009822900000)]
  0x0000019c6a3100d0 JavaThread "Unconstrained build operations Thread 23" [_thread_blocked, id=21768, stack(0x0000009822900000,0x0000009822a00000)]
  0x0000019c6a312c20 JavaThread "Unconstrained build operations Thread 24" [_thread_blocked, id=22200, stack(0x0000009822a00000,0x0000009822b00000)]
  0x0000019c6a3152a0 JavaThread "Unconstrained build operations Thread 25" [_thread_blocked, id=21036, stack(0x0000009822b00000,0x0000009822c00000)]
  0x0000019c6a3130f0 JavaThread "Unconstrained build operations Thread 26" [_thread_blocked, id=5812, stack(0x0000009822c00000,0x0000009822d00000)]
  0x0000019c6a313a90 JavaThread "Unconstrained build operations Thread 27" [_thread_blocked, id=3984, stack(0x0000009822d00000,0x0000009822e00000)]
  0x0000019c6a313f60 JavaThread "Unconstrained build operations Thread 28" [_thread_blocked, id=21760, stack(0x0000009822e00000,0x0000009822f00000)]
  0x0000019c6a316ab0 JavaThread "Unconstrained build operations Thread 29" [_thread_blocked, id=21876, stack(0x0000009822f00000,0x0000009823000000)]
  0x0000019c6a314430 JavaThread "Unconstrained build operations Thread 30" [_thread_blocked, id=14816, stack(0x0000009823000000,0x0000009823100000)]
  0x0000019c6a316f80 JavaThread "Unconstrained build operations Thread 31" [_thread_blocked, id=12156, stack(0x0000009823100000,0x0000009823200000)]
  0x0000019c6a3165e0 JavaThread "Unconstrained build operations Thread 32" [_thread_blocked, id=9556, stack(0x0000009823200000,0x0000009823300000)]
  0x0000019c6a314900 JavaThread "Unconstrained build operations Thread 33" [_thread_blocked, id=20400, stack(0x0000009823300000,0x0000009823400000)]
  0x0000019c6a315770 JavaThread "Unconstrained build operations Thread 34" [_thread_blocked, id=9760, stack(0x0000009823400000,0x0000009823500000)]
  0x0000019c6a314dd0 JavaThread "Unconstrained build operations Thread 35" [_thread_blocked, id=3696, stack(0x0000009823500000,0x0000009823600000)]
  0x0000019c6a316110 JavaThread "Unconstrained build operations Thread 36" [_thread_blocked, id=17016, stack(0x0000009823600000,0x0000009823700000)]
  0x0000019c66c7e9d0 JavaThread "Unconstrained build operations Thread 37" [_thread_blocked, id=21136, stack(0x0000009823700000,0x0000009823800000)]
  0x0000019c66c82d30 JavaThread "Unconstrained build operations Thread 38" [_thread_blocked, id=12084, stack(0x0000009823800000,0x0000009823900000)]
  0x0000019c66c7b9b0 JavaThread "Unconstrained build operations Thread 39" [_thread_blocked, id=12800, stack(0x0000009823900000,0x0000009823a00000)]
  0x0000019c66c82390 JavaThread "Unconstrained build operations Thread 40" [_thread_blocked, id=3224, stack(0x0000009823a00000,0x0000009823b00000)]
  0x0000019c66c7db60 JavaThread "Unconstrained build operations Thread 41" [_thread_blocked, id=1820, stack(0x0000009823b00000,0x0000009823c00000)]
  0x0000019c66c7eea0 JavaThread "Unconstrained build operations Thread 42" [_thread_blocked, id=23028, stack(0x0000009823c00000,0x0000009823d00000)]
  0x0000019c66c7d1c0 JavaThread "Unconstrained build operations Thread 43" [_thread_blocked, id=16700, stack(0x0000009823d00000,0x0000009823e00000)]
  0x0000019c66c82860 JavaThread "Unconstrained build operations Thread 44" [_thread_blocked, id=4420, stack(0x0000009823e00000,0x0000009823f00000)]
  0x0000019c66c7f370 JavaThread "Unconstrained build operations Thread 45" [_thread_blocked, id=11436, stack(0x0000009823f00000,0x0000009824000000)]
  0x0000019c66c7be80 JavaThread "Unconstrained build operations Thread 46" [_thread_blocked, id=17648, stack(0x0000009824000000,0x0000009824100000)]
  0x0000019c66c7d690 JavaThread "Unconstrained build operations Thread 47" [_thread_blocked, id=11220, stack(0x0000009824100000,0x0000009824200000)]
  0x0000019c66c81520 JavaThread "Unconstrained build operations Thread 48" [_thread_blocked, id=20744, stack(0x0000009824200000,0x0000009824300000)]
  0x0000019c66c801e0 JavaThread "Unconstrained build operations Thread 49" [_thread_blocked, id=4864, stack(0x0000009824300000,0x0000009824400000)]
  0x0000019c66c819f0 JavaThread "Unconstrained build operations Thread 50" [_thread_blocked, id=10408, stack(0x0000009824400000,0x0000009824500000)]
  0x0000019c66c83200 JavaThread "Unconstrained build operations Thread 51" [_thread_blocked, id=2804, stack(0x0000009824500000,0x0000009824600000)]
  0x0000019c66c806b0 JavaThread "Unconstrained build operations Thread 52" [_thread_blocked, id=22464, stack(0x0000009824600000,0x0000009824700000)]
  0x0000019c66c7c350 JavaThread "Unconstrained build operations Thread 53" [_thread_blocked, id=13088, stack(0x0000009824700000,0x0000009824800000)]
  0x0000019c66c7c820 JavaThread "Unconstrained build operations Thread 54" [_thread_blocked, id=8, stack(0x0000009824800000,0x0000009824900000)]
  0x0000019c66c81ec0 JavaThread "Unconstrained build operations Thread 55" [_thread_blocked, id=17792, stack(0x0000009824900000,0x0000009824a00000)]
  0x0000019c66c7ccf0 JavaThread "Unconstrained build operations Thread 56" [_thread_blocked, id=16264, stack(0x0000009824a00000,0x0000009824b00000)]
  0x0000019c66c7e030 JavaThread "Unconstrained build operations Thread 57" [_thread_blocked, id=21312, stack(0x0000009824b00000,0x0000009824c00000)]
  0x0000019c66c7f840 JavaThread "Unconstrained build operations Thread 58" [_thread_blocked, id=2312, stack(0x0000009824c00000,0x0000009824d00000)]
  0x0000019c66c80b80 JavaThread "Unconstrained build operations Thread 59" [_thread_blocked, id=23280, stack(0x0000009824d00000,0x0000009824e00000)]
  0x0000019c66c7e500 JavaThread "Unconstrained build operations Thread 60" [_thread_blocked, id=11896, stack(0x0000009824e00000,0x0000009824f00000)]
  0x0000019c66c81050 JavaThread "Unconstrained build operations Thread 61" [_thread_blocked, id=7664, stack(0x0000009824f00000,0x0000009825000000)]
  0x0000019c66c7fd10 JavaThread "Unconstrained build operations Thread 62" [_thread_blocked, id=23144, stack(0x0000009825000000,0x0000009825100000)]
  0x0000019c6429fdf0 JavaThread "Unconstrained build operations Thread 63" [_thread_blocked, id=6180, stack(0x0000009825100000,0x0000009825200000)]
  0x0000019c6429ba90 JavaThread "Unconstrained build operations Thread 64" [_thread_blocked, id=1172, stack(0x0000009825200000,0x0000009825300000)]
  0x0000019c6429bf60 JavaThread "Unconstrained build operations Thread 65" [_thread_blocked, id=5176, stack(0x0000009825300000,0x0000009825400000)]
  0x0000019c6429f920 JavaThread "Unconstrained build operations Thread 66" [_thread_blocked, id=11340, stack(0x0000009825400000,0x0000009825500000)]
  0x0000019c6429a750 JavaThread "Unconstrained build operations Thread 67" [_thread_blocked, id=11204, stack(0x0000009825500000,0x0000009825600000)]
  0x0000019c6429eab0 JavaThread "Unconstrained build operations Thread 68" [_thread_blocked, id=19892, stack(0x0000009825600000,0x0000009825700000)]
  0x0000019c642a1600 JavaThread "Unconstrained build operations Thread 69" [_thread_blocked, id=12660, stack(0x0000009825700000,0x0000009825800000)]
  0x0000019c6429b5c0 JavaThread "Unconstrained build operations Thread 70" [_thread_blocked, id=14836, stack(0x0000009825800000,0x0000009825900000)]
  0x0000019c6429ac20 JavaThread "Unconstrained build operations Thread 71" [_thread_blocked, id=17808, stack(0x0000009825900000,0x0000009825a00000)]
  0x0000019c6429c900 JavaThread "Unconstrained build operations Thread 72" [_thread_blocked, id=5020, stack(0x0000009825a00000,0x0000009825b00000)]
  0x0000019c6429c430 JavaThread "Unconstrained build operations Thread 73" [_thread_blocked, id=23344, stack(0x0000009825b00000,0x0000009825c00000)]
  0x0000019c6429cdd0 JavaThread "Unconstrained build operations Thread 74" [_thread_blocked, id=16280, stack(0x0000009825c00000,0x0000009825d00000)]
  0x0000019c6429b0f0 JavaThread "Unconstrained build operations Thread 75" [_thread_blocked, id=22144, stack(0x0000009825d00000,0x0000009825e00000)]
  0x0000019c6429ef80 JavaThread "Unconstrained build operations Thread 76" [_thread_blocked, id=18772, stack(0x0000009825e00000,0x0000009825f00000)]
  0x0000019c6429d770 JavaThread "Unconstrained build operations Thread 77" [_thread_blocked, id=19572, stack(0x0000009825f00000,0x0000009826000000)]
  0x0000019c642a02c0 JavaThread "Unconstrained build operations Thread 78" [_thread_blocked, id=22320, stack(0x0000009826000000,0x0000009826100000)]
  0x0000019c6429d2a0 JavaThread "Unconstrained build operations Thread 79" [_thread_blocked, id=6580, stack(0x0000009826100000,0x0000009826200000)]
  0x0000019c6429e110 JavaThread "Unconstrained build operations Thread 80" [_thread_blocked, id=7468, stack(0x0000009826200000,0x0000009826300000)]
  0x0000019c6429dc40 JavaThread "jar transforms Thread 6" [_thread_blocked, id=3664, stack(0x0000009826300000,0x0000009826400000)]
  0x0000019c642a0790 JavaThread "jar transforms Thread 7" [_thread_blocked, id=17436, stack(0x0000009826400000,0x0000009826500000)]
  0x0000019c642a0c60 JavaThread "jar transforms Thread 8" [_thread_blocked, id=9424, stack(0x0000009826500000,0x0000009826600000)]
  0x0000019c6429e5e0 JavaThread "Memory manager" [_thread_blocked, id=14708, stack(0x0000009826600000,0x0000009826700000)]

Other Threads:
  0x0000019c6327d9f0 VMThread "VM Thread" [stack: 0x000000981e000000,0x000000981e100000] [id=19700]
  0x0000019c494b70c0 WatcherThread [stack: 0x000000981ec00000,0x000000981ed00000] [id=11096]
  0x0000019c49489c50 GCTaskThread "GC Thread#0" [stack: 0x000000981db00000,0x000000981dc00000] [id=1380]
  0x0000019c6478b990 GCTaskThread "GC Thread#1" [stack: 0x000000981ee00000,0x000000981ef00000] [id=19140]
  0x0000019c64d8ba30 GCTaskThread "GC Thread#2" [stack: 0x000000981ef00000,0x000000981f000000] [id=18988]
  0x0000019c64d8bce0 GCTaskThread "GC Thread#3" [stack: 0x000000981f000000,0x000000981f100000] [id=22672]
  0x0000019c64d8bf90 GCTaskThread "GC Thread#4" [stack: 0x000000981f100000,0x000000981f200000] [id=10740]
  0x0000019c6499de00 GCTaskThread "GC Thread#5" [stack: 0x000000981f200000,0x000000981f300000] [id=22924]
  0x0000019c64f0ee80 GCTaskThread "GC Thread#6" [stack: 0x000000981ff00000,0x0000009820000000] [id=22332]
  0x0000019c64f0de60 GCTaskThread "GC Thread#7" [stack: 0x0000009820000000,0x0000009820100000] [id=22424]
  0x0000019c4949ab90 ConcurrentGCThread "G1 Main Marker" [stack: 0x000000981dc00000,0x000000981dd00000] [id=22660]
  0x0000019c4949b5a0 ConcurrentGCThread "G1 Conc#0" [stack: 0x000000981dd00000,0x000000981de00000] [id=20128]
  0x0000019c64f0e920 ConcurrentGCThread "G1 Conc#1" [stack: 0x0000009820100000,0x0000009820200000] [id=21656]
  0x0000019c494edfe0 ConcurrentGCThread "G1 Refine#0" [stack: 0x000000981de00000,0x000000981df00000] [id=19448]
  0x0000019c494eea00 ConcurrentGCThread "G1 Service" [stack: 0x000000981df00000,0x000000981e000000] [id=3404]

Threads with active compile tasks:
C2 CompilerThread0    12862 7582       4       java.beans.Introspector::addMethod (196 bytes)
C2 CompilerThread1    12862 7552       4       java.lang.Class::privateGetPublicMethods (224 bytes)
C2 CompilerThread2    12862 7553       4       java.beans.MethodRef::set (58 bytes)

VM state: not at safepoint (normal execution)

VM Mutex/Monitor currently owned by a thread: None

Heap address: 0x0000000080000000, size: 2048 MB, Compressed Oops mode: 32-bit

CDS archive(s) not mapped
Compressed class space mapped at: 0x0000000100000000-0x0000000140000000, reserved size: 1073741824
Narrow klass base: 0x0000000000000000, Narrow klass shift: 3, Narrow klass range: 0x140000000

GC Precious Log:
 CPUs: 8 total, 8 available
 Memory: 16194M
 Large Page Support: Disabled
 NUMA Support: Disabled
 Compressed Oops: Enabled (32-bit)
 Heap Region Size: 1M
 Heap Min Capacity: 8M
 Heap Initial Capacity: 254M
 Heap Max Capacity: 2G
 Pre-touch: Disabled
 Parallel Workers: 8
 Concurrent Workers: 2
 Concurrent Refinement Workers: 8
 Periodic GC: Disabled

Heap:
 garbage-first heap   total 135168K, used 80101K [0x0000000080000000, 0x0000000100000000)
  region size 1024K, 15 young (15360K), 2 survivors (2048K)
 Metaspace       used 75654K, committed 76224K, reserved 1122304K
  class space    used 10113K, committed 10368K, reserved 1048576K

Heap Regions: E=young(eden), S=young(survivor), O=old, HS=humongous(starts), HC=humongous(continues), CS=collection set, F=free, OA=open archive, CA=closed archive, TAMS=top-at-mark-start (previous, next)
|   0|0x0000000080000000, 0x0000000080100000, 0x0000000080100000|100%| O|  |TAMS 0x0000000080100000, 0x0000000080000000| Untracked 
|   1|0x0000000080100000, 0x0000000080200000, 0x0000000080200000|100%| O|  |TAMS 0x0000000080200000, 0x0000000080100000| Untracked 
|   2|0x0000000080200000, 0x0000000080300000, 0x0000000080300000|100%| O|  |TAMS 0x0000000080300000, 0x0000000080200000| Untracked 
|   3|0x0000000080300000, 0x0000000080400000, 0x0000000080400000|100%|HS|  |TAMS 0x0000000080400000, 0x0000000080300000| Complete 
|   4|0x0000000080400000, 0x0000000080500000, 0x0000000080500000|100%|HC|  |TAMS 0x0000000080500000, 0x0000000080400000| Complete 
|   5|0x0000000080500000, 0x0000000080600000, 0x0000000080600000|100%|HC|  |TAMS 0x0000000080600000, 0x0000000080500000| Complete 
|   6|0x0000000080600000, 0x0000000080700000, 0x0000000080700000|100%| O|  |TAMS 0x0000000080700000, 0x0000000080600000| Untracked 
|   7|0x0000000080700000, 0x0000000080800000, 0x0000000080800000|100%| O|  |TAMS 0x0000000080800000, 0x0000000080700000| Untracked 
|   8|0x0000000080800000, 0x0000000080900000, 0x0000000080900000|100%| O|  |TAMS 0x0000000080900000, 0x0000000080800000| Untracked 
|   9|0x0000000080900000, 0x0000000080a00000, 0x0000000080a00000|100%| O|  |TAMS 0x0000000080a00000, 0x0000000080900000| Untracked 
|  10|0x0000000080a00000, 0x0000000080b00000, 0x0000000080b00000|100%| O|  |TAMS 0x0000000080b00000, 0x0000000080a00000| Untracked 
|  11|0x0000000080b00000, 0x0000000080c00000, 0x0000000080c00000|100%| O|  |TAMS 0x0000000080c00000, 0x0000000080b00000| Untracked 
|  12|0x0000000080c00000, 0x0000000080d00000, 0x0000000080d00000|100%| O|  |TAMS 0x0000000080d00000, 0x0000000080c00000| Untracked 
|  13|0x0000000080d00000, 0x0000000080e00000, 0x0000000080e00000|100%| O|  |TAMS 0x0000000080e00000, 0x0000000080d00000| Untracked 
|  14|0x0000000080e00000, 0x0000000080f00000, 0x0000000080f00000|100%| O|  |TAMS 0x0000000080f00000, 0x0000000080e00000| Untracked 
|  15|0x0000000080f00000, 0x0000000081000000, 0x0000000081000000|100%| O|  |TAMS 0x0000000081000000, 0x0000000080f00000| Untracked 
|  16|0x0000000081000000, 0x0000000081100000, 0x0000000081100000|100%| O|  |TAMS 0x0000000081100000, 0x0000000081000000| Untracked 
|  17|0x0000000081100000, 0x0000000081200000, 0x0000000081200000|100%| O|  |TAMS 0x0000000081200000, 0x0000000081100000| Untracked 
|  18|0x0000000081200000, 0x0000000081300000, 0x0000000081300000|100%| O|  |TAMS 0x0000000081300000, 0x0000000081200000| Untracked 
|  19|0x0000000081300000, 0x0000000081400000, 0x0000000081400000|100%|HS|  |TAMS 0x0000000081400000, 0x0000000081300000| Complete 
|  20|0x0000000081400000, 0x0000000081500000, 0x0000000081500000|100%| O|  |TAMS 0x0000000081500000, 0x0000000081400000| Untracked 
|  21|0x0000000081500000, 0x0000000081600000, 0x0000000081600000|100%| O|  |TAMS 0x0000000081600000, 0x0000000081500000| Untracked 
|  22|0x0000000081600000, 0x0000000081700000, 0x0000000081700000|100%| O|  |TAMS 0x0000000081700000, 0x0000000081600000| Untracked 
|  23|0x0000000081700000, 0x0000000081800000, 0x0000000081800000|100%| O|  |TAMS 0x0000000081800000, 0x0000000081700000| Untracked 
|  24|0x0000000081800000, 0x0000000081900000, 0x0000000081900000|100%| O|  |TAMS 0x0000000081900000, 0x0000000081800000| Untracked 
|  25|0x0000000081900000, 0x0000000081a00000, 0x0000000081a00000|100%| O|  |TAMS 0x0000000081a00000, 0x0000000081900000| Untracked 
|  26|0x0000000081a00000, 0x0000000081b00000, 0x0000000081b00000|100%| O|  |TAMS 0x0000000081b00000, 0x0000000081a00000| Untracked 
|  27|0x0000000081b00000, 0x0000000081c00000, 0x0000000081c00000|100%| O|  |TAMS 0x0000000081c00000, 0x0000000081b00000| Untracked 
|  28|0x0000000081c00000, 0x0000000081d00000, 0x0000000081d00000|100%|HS|  |TAMS 0x0000000081d00000, 0x0000000081c00000| Complete 
|  29|0x0000000081d00000, 0x0000000081e00000, 0x0000000081e00000|100%|HC|  |TAMS 0x0000000081e00000, 0x0000000081d00000| Complete 
|  30|0x0000000081e00000, 0x0000000081f00000, 0x0000000081f00000|100%|HS|  |TAMS 0x0000000081f00000, 0x0000000081e00000| Complete 
|  31|0x0000000081f00000, 0x0000000082000000, 0x0000000082000000|100%|HS|  |TAMS 0x0000000082000000, 0x0000000081f00000| Complete 
|  32|0x0000000082000000, 0x0000000082100000, 0x0000000082100000|100%|HC|  |TAMS 0x0000000082100000, 0x0000000082000000| Complete 
|  33|0x0000000082100000, 0x0000000082200000, 0x0000000082200000|100%|HC|  |TAMS 0x0000000082200000, 0x0000000082100000| Complete 
|  34|0x0000000082200000, 0x0000000082300000, 0x0000000082300000|100%|HC|  |TAMS 0x0000000082300000, 0x0000000082200000| Complete 
|  35|0x0000000082300000, 0x0000000082400000, 0x0000000082400000|100%|HS|  |TAMS 0x0000000082400000, 0x0000000082300000| Complete 
|  36|0x0000000082400000, 0x0000000082500000, 0x0000000082500000|100%|HC|  |TAMS 0x0000000082500000, 0x0000000082400000| Complete 
|  37|0x0000000082500000, 0x0000000082600000, 0x0000000082600000|100%| O|  |TAMS 0x0000000082600000, 0x0000000082500000| Untracked 
|  38|0x0000000082600000, 0x0000000082700000, 0x0000000082700000|100%| O|  |TAMS 0x0000000082700000, 0x0000000082600000| Untracked 
|  39|0x0000000082700000, 0x0000000082800000, 0x0000000082800000|100%| O|  |TAMS 0x0000000082800000, 0x0000000082700000| Untracked 
|  40|0x0000000082800000, 0x0000000082900000, 0x0000000082900000|100%| O|  |TAMS 0x0000000082900000, 0x0000000082800000| Untracked 
|  41|0x0000000082900000, 0x0000000082a00000, 0x0000000082a00000|100%| O|  |TAMS 0x0000000082a00000, 0x0000000082900000| Untracked 
|  42|0x0000000082a00000, 0x0000000082b00000, 0x0000000082b00000|100%| O|  |TAMS 0x0000000082b00000, 0x0000000082a00000| Untracked 
|  43|0x0000000082b00000, 0x0000000082c00000, 0x0000000082c00000|100%| O|  |TAMS 0x0000000082c00000, 0x0000000082b00000| Untracked 
|  44|0x0000000082c00000, 0x0000000082d00000, 0x0000000082d00000|100%| O|  |TAMS 0x0000000082d00000, 0x0000000082c00000| Untracked 
|  45|0x0000000082d00000, 0x0000000082e00000, 0x0000000082e00000|100%| O|  |TAMS 0x0000000082e00000, 0x0000000082d00000| Untracked 
|  46|0x0000000082e00000, 0x0000000082f00000, 0x0000000082f00000|100%| O|  |TAMS 0x0000000082f00000, 0x0000000082e00000| Untracked 
|  47|0x0000000082f00000, 0x0000000083000000, 0x0000000083000000|100%| O|  |TAMS 0x0000000083000000, 0x0000000082f00000| Untracked 
|  48|0x0000000083000000, 0x0000000083100000, 0x0000000083100000|100%| O|  |TAMS 0x0000000083100000, 0x0000000083000000| Untracked 
|  49|0x0000000083100000, 0x0000000083200000, 0x0000000083200000|100%| O|  |TAMS 0x0000000083200000, 0x0000000083100000| Untracked 
|  50|0x0000000083200000, 0x0000000083300000, 0x0000000083300000|100%| O|  |TAMS 0x0000000083300000, 0x0000000083200000| Untracked 
|  51|0x0000000083300000, 0x0000000083400000, 0x0000000083400000|100%| O|  |TAMS 0x0000000083400000, 0x0000000083300000| Untracked 
|  52|0x0000000083400000, 0x0000000083500000, 0x0000000083500000|100%| O|  |TAMS 0x0000000083500000, 0x0000000083400000| Untracked 
|  53|0x0000000083500000, 0x0000000083600000, 0x0000000083600000|100%| O|  |TAMS 0x0000000083600000, 0x0000000083500000| Untracked 
|  54|0x0000000083600000, 0x0000000083700000, 0x0000000083700000|100%| O|  |TAMS 0x0000000083700000, 0x0000000083600000| Untracked 
|  55|0x0000000083700000, 0x0000000083800000, 0x0000000083800000|100%| O|  |TAMS 0x0000000083800000, 0x0000000083700000| Untracked 
|  56|0x0000000083800000, 0x0000000083900000, 0x0000000083900000|100%| O|  |TAMS 0x0000000083900000, 0x0000000083800000| Untracked 
|  57|0x0000000083900000, 0x0000000083a00000, 0x0000000083a00000|100%| O|  |TAMS 0x0000000083a00000, 0x0000000083900000| Untracked 
|  58|0x0000000083a00000, 0x0000000083b00000, 0x0000000083b00000|100%| O|  |TAMS 0x0000000083b00000, 0x0000000083a00000| Untracked 
|  59|0x0000000083b00000, 0x0000000083c00000, 0x0000000083c00000|100%| O|  |TAMS 0x0000000083c00000, 0x0000000083b00000| Untracked 
|  60|0x0000000083c00000, 0x0000000083d00000, 0x0000000083d00000|100%| O|  |TAMS 0x0000000083ca9a00, 0x0000000083c00000| Untracked 
|  61|0x0000000083d00000, 0x0000000083e00000, 0x0000000083e00000|100%| O|  |TAMS 0x0000000083d00000, 0x0000000083d00000| Untracked 
|  62|0x0000000083e00000, 0x0000000083f00000, 0x0000000083f00000|100%| O|  |TAMS 0x0000000083e00000, 0x0000000083e00000| Untracked 
|  63|0x0000000083f00000, 0x0000000083f3ac00, 0x0000000084000000| 22%| O|  |TAMS 0x0000000083f00000, 0x0000000083f00000| Untracked 
|  64|0x0000000084000000, 0x0000000084000000, 0x0000000084100000|  0%| F|  |TAMS 0x0000000084000000, 0x0000000084000000| Untracked 
|  65|0x0000000084100000, 0x0000000084100000, 0x0000000084200000|  0%| F|  |TAMS 0x0000000084100000, 0x0000000084100000| Untracked 
|  66|0x0000000084200000, 0x0000000084200000, 0x0000000084300000|  0%| F|  |TAMS 0x0000000084200000, 0x0000000084200000| Untracked 
|  67|0x0000000084300000, 0x0000000084300000, 0x0000000084400000|  0%| F|  |TAMS 0x0000000084300000, 0x0000000084300000| Untracked 
|  68|0x0000000084400000, 0x0000000084400000, 0x0000000084500000|  0%| F|  |TAMS 0x0000000084400000, 0x0000000084400000| Untracked 
|  69|0x0000000084500000, 0x0000000084500000, 0x0000000084600000|  0%| F|  |TAMS 0x0000000084500000, 0x0000000084500000| Untracked 
|  70|0x0000000084600000, 0x0000000084600000, 0x0000000084700000|  0%| F|  |TAMS 0x0000000084600000, 0x0000000084600000| Untracked 
|  71|0x0000000084700000, 0x0000000084700000, 0x0000000084800000|  0%| F|  |TAMS 0x0000000084700000, 0x0000000084700000| Untracked 
|  72|0x0000000084800000, 0x0000000084800000, 0x0000000084900000|  0%| F|  |TAMS 0x0000000084800000, 0x0000000084800000| Untracked 
|  73|0x0000000084900000, 0x0000000084900000, 0x0000000084a00000|  0%| F|  |TAMS 0x0000000084900000, 0x0000000084900000| Untracked 
|  74|0x0000000084a00000, 0x0000000084a00000, 0x0000000084b00000|  0%| F|  |TAMS 0x0000000084a00000, 0x0000000084a00000| Untracked 
|  75|0x0000000084b00000, 0x0000000084b00000, 0x0000000084c00000|  0%| F|  |TAMS 0x0000000084b00000, 0x0000000084b00000| Untracked 
|  76|0x0000000084c00000, 0x0000000084c00000, 0x0000000084d00000|  0%| F|  |TAMS 0x0000000084c00000, 0x0000000084c00000| Untracked 
|  77|0x0000000084d00000, 0x0000000084dfe8c8, 0x0000000084e00000| 99%| S|CS|TAMS 0x0000000084d00000, 0x0000000084d00000| Complete 
|  78|0x0000000084e00000, 0x0000000084f00000, 0x0000000084f00000|100%| S|CS|TAMS 0x0000000084e00000, 0x0000000084e00000| Complete 
|  79|0x0000000084f00000, 0x0000000084f00000, 0x0000000085000000|  0%| F|  |TAMS 0x0000000084f00000, 0x0000000084f00000| Untracked 
|  80|0x0000000085000000, 0x0000000085000000, 0x0000000085100000|  0%| F|  |TAMS 0x0000000085000000, 0x0000000085000000| Untracked 
|  81|0x0000000085100000, 0x0000000085100000, 0x0000000085200000|  0%| F|  |TAMS 0x0000000085100000, 0x0000000085100000| Untracked 
|  82|0x0000000085200000, 0x0000000085200000, 0x0000000085300000|  0%| F|  |TAMS 0x0000000085200000, 0x0000000085200000| Untracked 
|  83|0x0000000085300000, 0x0000000085300000, 0x0000000085400000|  0%| F|  |TAMS 0x0000000085300000, 0x0000000085300000| Untracked 
|  84|0x0000000085400000, 0x0000000085400000, 0x0000000085500000|  0%| F|  |TAMS 0x0000000085400000, 0x0000000085400000| Untracked 
|  85|0x0000000085500000, 0x0000000085500000, 0x0000000085600000|  0%| F|  |TAMS 0x0000000085500000, 0x0000000085500000| Untracked 
|  86|0x0000000085600000, 0x0000000085600000, 0x0000000085700000|  0%| F|  |TAMS 0x0000000085600000, 0x0000000085600000| Untracked 
|  87|0x0000000085700000, 0x0000000085700000, 0x0000000085800000|  0%| F|  |TAMS 0x0000000085700000, 0x0000000085700000| Untracked 
|  88|0x0000000085800000, 0x0000000085800000, 0x0000000085900000|  0%| F|  |TAMS 0x0000000085800000, 0x0000000085800000| Untracked 
|  89|0x0000000085900000, 0x0000000085900000, 0x0000000085a00000|  0%| F|  |TAMS 0x0000000085900000, 0x0000000085900000| Untracked 
|  90|0x0000000085a00000, 0x0000000085a00000, 0x0000000085b00000|  0%| F|  |TAMS 0x0000000085a00000, 0x0000000085a00000| Untracked 
|  91|0x0000000085b00000, 0x0000000085b00000, 0x0000000085c00000|  0%| F|  |TAMS 0x0000000085b00000, 0x0000000085b00000| Untracked 
|  92|0x0000000085c00000, 0x0000000085c00000, 0x0000000085d00000|  0%| F|  |TAMS 0x0000000085c00000, 0x0000000085c00000| Untracked 
|  93|0x0000000085d00000, 0x0000000085d00000, 0x0000000085e00000|  0%| F|  |TAMS 0x0000000085d00000, 0x0000000085d00000| Untracked 
|  94|0x0000000085e00000, 0x0000000085e00000, 0x0000000085f00000|  0%| F|  |TAMS 0x0000000085e00000, 0x0000000085e00000| Untracked 
|  95|0x0000000085f00000, 0x0000000085f00000, 0x0000000086000000|  0%| F|  |TAMS 0x0000000085f00000, 0x0000000085f00000| Untracked 
|  96|0x0000000086000000, 0x0000000086000000, 0x0000000086100000|  0%| F|  |TAMS 0x0000000086000000, 0x0000000086000000| Untracked 
|  97|0x0000000086100000, 0x0000000086100000, 0x0000000086200000|  0%| F|  |TAMS 0x0000000086100000, 0x0000000086100000| Untracked 
|  98|0x0000000086200000, 0x0000000086200000, 0x0000000086300000|  0%| F|  |TAMS 0x0000000086200000, 0x0000000086200000| Untracked 
|  99|0x0000000086300000, 0x0000000086300000, 0x0000000086400000|  0%| F|  |TAMS 0x0000000086300000, 0x0000000086300000| Untracked 
| 100|0x0000000086400000, 0x0000000086400000, 0x0000000086500000|  0%| F|  |TAMS 0x0000000086400000, 0x0000000086400000| Untracked 
| 101|0x0000000086500000, 0x0000000086500000, 0x0000000086600000|  0%| F|  |TAMS 0x0000000086500000, 0x0000000086500000| Untracked 
| 102|0x0000000086600000, 0x0000000086600000, 0x0000000086700000|  0%| F|  |TAMS 0x0000000086600000, 0x0000000086600000| Untracked 
| 103|0x0000000086700000, 0x0000000086700000, 0x0000000086800000|  0%| F|  |TAMS 0x0000000086700000, 0x0000000086700000| Untracked 
| 104|0x0000000086800000, 0x0000000086800000, 0x0000000086900000|  0%| F|  |TAMS 0x0000000086800000, 0x0000000086800000| Untracked 
| 105|0x0000000086900000, 0x0000000086900000, 0x0000000086a00000|  0%| F|  |TAMS 0x0000000086900000, 0x0000000086900000| Untracked 
| 106|0x0000000086a00000, 0x0000000086a00000, 0x0000000086b00000|  0%| F|  |TAMS 0x0000000086a00000, 0x0000000086a00000| Untracked 
| 107|0x0000000086b00000, 0x0000000086b00000, 0x0000000086c00000|  0%| F|  |TAMS 0x0000000086b00000, 0x0000000086b00000| Untracked 
| 108|0x0000000086c00000, 0x0000000086c00000, 0x0000000086d00000|  0%| F|  |TAMS 0x0000000086c00000, 0x0000000086c00000| Untracked 
| 109|0x0000000086d00000, 0x0000000086d00000, 0x0000000086e00000|  0%| F|  |TAMS 0x0000000086d00000, 0x0000000086d00000| Untracked 
| 110|0x0000000086e00000, 0x0000000086e00000, 0x0000000086f00000|  0%| F|  |TAMS 0x0000000086e00000, 0x0000000086e00000| Untracked 
| 111|0x0000000086f00000, 0x0000000086f00000, 0x0000000087000000|  0%| F|  |TAMS 0x0000000086f00000, 0x0000000086f00000| Untracked 
| 112|0x0000000087000000, 0x0000000087000000, 0x0000000087100000|  0%| F|  |TAMS 0x0000000087000000, 0x0000000087000000| Untracked 
| 113|0x0000000087100000, 0x0000000087100000, 0x0000000087200000|  0%| F|  |TAMS 0x0000000087100000, 0x0000000087100000| Untracked 
| 114|0x0000000087200000, 0x0000000087200000, 0x0000000087300000|  0%| F|  |TAMS 0x0000000087200000, 0x0000000087200000| Untracked 
| 115|0x0000000087300000, 0x0000000087300000, 0x0000000087400000|  0%| F|  |TAMS 0x0000000087300000, 0x0000000087300000| Untracked 
| 116|0x0000000087400000, 0x0000000087400000, 0x0000000087500000|  0%| F|  |TAMS 0x0000000087400000, 0x0000000087400000| Untracked 
| 117|0x0000000087500000, 0x0000000087500000, 0x0000000087600000|  0%| F|  |TAMS 0x0000000087500000, 0x0000000087500000| Untracked 
| 118|0x0000000087600000, 0x0000000087700000, 0x0000000087700000|100%| E|  |TAMS 0x0000000087600000, 0x0000000087600000| Complete 
| 119|0x0000000087700000, 0x0000000087800000, 0x0000000087800000|100%| E|CS|TAMS 0x0000000087700000, 0x0000000087700000| Complete 
| 120|0x0000000087800000, 0x0000000087900000, 0x0000000087900000|100%| E|CS|TAMS 0x0000000087800000, 0x0000000087800000| Complete 
| 197|0x000000008c500000, 0x000000008c600000, 0x000000008c600000|100%| E|CS|TAMS 0x000000008c500000, 0x000000008c500000| Complete 
| 198|0x000000008c600000, 0x000000008c700000, 0x000000008c700000|100%| E|CS|TAMS 0x000000008c600000, 0x000000008c600000| Complete 
| 199|0x000000008c700000, 0x000000008c800000, 0x000000008c800000|100%| E|CS|TAMS 0x000000008c700000, 0x000000008c700000| Complete 
| 200|0x000000008c800000, 0x000000008c900000, 0x000000008c900000|100%| E|CS|TAMS 0x000000008c800000, 0x000000008c800000| Complete 
| 201|0x000000008c900000, 0x000000008ca00000, 0x000000008ca00000|100%| E|CS|TAMS 0x000000008c900000, 0x000000008c900000| Complete 
| 202|0x000000008ca00000, 0x000000008cb00000, 0x000000008cb00000|100%| E|CS|TAMS 0x000000008ca00000, 0x000000008ca00000| Complete 
| 203|0x000000008cb00000, 0x000000008cc00000, 0x000000008cc00000|100%| E|CS|TAMS 0x000000008cb00000, 0x000000008cb00000| Complete 
| 204|0x000000008cc00000, 0x000000008cd00000, 0x000000008cd00000|100%| E|CS|TAMS 0x000000008cc00000, 0x000000008cc00000| Complete 
| 205|0x000000008cd00000, 0x000000008ce00000, 0x000000008ce00000|100%| E|CS|TAMS 0x000000008cd00000, 0x000000008cd00000| Complete 
| 253|0x000000008fd00000, 0x000000008fe00000, 0x000000008fe00000|100%| E|CS|TAMS 0x000000008fd00000, 0x000000008fd00000| Complete 
|2047|0x00000000fff00000, 0x0000000100000000, 0x0000000100000000|100%| O|  |TAMS 0x0000000100000000, 0x00000000fff00000| Untracked 

Card table byte_map: [0x0000019c5c020000,0x0000019c5c420000] _byte_map_base: 0x0000019c5bc20000

Marking Bits (Prev, Next): (CMBitMap*) 0x0000019c4948a2a0, (CMBitMap*) 0x0000019c4948a260
 Prev Bits: [0x0000019c5e820000, 0x0000019c60820000)
 Next Bits: [0x0000019c5c820000, 0x0000019c5e820000)

Polling page: 0x0000019c47320000

Metaspace:

Usage:
  Non-class:     64.01 MB used.
      Class:      9.88 MB used.
       Both:     73.89 MB used.

Virtual space:
  Non-class space:       72.00 MB reserved,      64.31 MB ( 89%) committed,  9 nodes.
      Class space:        1.00 GB reserved,      10.12 MB ( <1%) committed,  1 nodes.
             Both:        1.07 GB reserved,      74.44 MB (  7%) committed. 

Chunk freelists:
   Non-Class:  3.73 MB
       Class:  1.77 MB
        Both:  5.50 MB

MaxMetaspaceSize: unlimited
CompressedClassSpaceSize: 1.00 GB
Initial GC threshold: 21.00 MB
Current GC threshold: 122.62 MB
CDS: off
MetaspaceReclaimPolicy: balanced
 - commit_granule_bytes: 65536.
 - commit_granule_words: 8192.
 - virtual_space_node_default_size: 1048576.
 - enlarge_chunks_in_place: 1.
 - new_chunks_are_fully_committed: 0.
 - uncommit_free_chunks: 1.
 - use_allocation_guard: 0.
 - handle_deallocations: 1.


Internal statistics:

num_allocs_failed_limit: 9.
num_arena_births: 566.
num_arena_deaths: 0.
num_vsnodes_births: 10.
num_vsnodes_deaths: 0.
num_space_committed: 1191.
num_space_uncommitted: 0.
num_chunks_returned_to_freelist: 9.
num_chunks_taken_from_freelist: 3129.
num_chunk_merges: 0.
num_chunk_splits: 2127.
num_chunks_enlarged: 1489.
num_purges: 0.
num_inconsistent_stats: 0.

CodeHeap 'non-profiled nmethods': size=120000Kb used=4360Kb max_used=4360Kb free=115639Kb
 bounds [0x0000019c543c0000, 0x0000019c54810000, 0x0000019c5b8f0000]
CodeHeap 'profiled nmethods': size=120000Kb used=13342Kb max_used=13342Kb free=106658Kb
 bounds [0x0000019c4c8f0000, 0x0000019c4d600000, 0x0000019c53e20000]
CodeHeap 'non-nmethods': size=5760Kb used=2354Kb max_used=2440Kb free=3405Kb
 bounds [0x0000019c53e20000, 0x0000019c540a0000, 0x0000019c543c0000]
 total_blobs=7734 nmethods=6854 adapters=792
 compilation: enabled
              stopped_count=0, restarted_count=0
 full_count=0

Compilation events (20 events):
Event: 12.824 Thread 0x0000019c63c8e6d0 7632       3       com.android.build.gradle.internal.api.DefaultAndroidSourceSet_Decorated::getName (40 bytes)
Event: 12.825 Thread 0x0000019c63c8e6d0 nmethod 7632 0x0000019c4d5f0790 code [0x0000019c4d5f0960, 0x0000019c4d5f0cb8]
Event: 12.825 Thread 0x0000019c63c8e6d0 7633       3       org.gradle.internal.metaobject.DynamicInvokeResult::isFound (16 bytes)
Event: 12.826 Thread 0x0000019c63c8e6d0 nmethod 7633 0x0000019c4d5f0e10 code [0x0000019c4d5f0fa0, 0x0000019c4d5f1118]
Event: 12.826 Thread 0x0000019c63c8e6d0 7634       1       org.jetbrains.kotlin.gradle.plugin.mpp.KotlinAndroidTarget::getDisambiguationClassifier (5 bytes)
Event: 12.826 Thread 0x0000019c63c8e6d0 nmethod 7634 0x0000019c547f3210 code [0x0000019c547f33a0, 0x0000019c547f3478]
Event: 12.826 Thread 0x0000019c63c8e6d0 7635       3       org.gradle.api.internal.artifacts.configurations.DefaultConfiguration$SelectedArtifactsProvider::<init> (6 bytes)
Event: 12.826 Thread 0x0000019c63c8e6d0 nmethod 7635 0x0000019c4d5f1190 code [0x0000019c4d5f1340, 0x0000019c4d5f1558]
Event: 12.826 Thread 0x0000019c63c8e6d0 7636       3       org.gradle.api.internal.artifacts.configurations.DefaultConfiguration$SelectedArtifactsProvider::<init> (10 bytes)
Event: 12.826 Thread 0x0000019c63c8e6d0 nmethod 7636 0x0000019c4d5f1690 code [0x0000019c4d5f1820, 0x0000019c4d5f19f8]
Event: 12.826 Thread 0x0000019c63c8e6d0 7637       3       org.gradle.api.internal.artifacts.configurations.DefaultConfiguration$ConfigurationFileCollection::<init> (16 bytes)
Event: 12.827 Thread 0x0000019c63c8e6d0 nmethod 7637 0x0000019c4d5f1b10 code [0x0000019c4d5f1ca0, 0x0000019c4d5f1de8]
Event: 12.828 Thread 0x0000019c63c8e6d0 7641       1       org.gradle.util.internal.DefaultGradleVersion::getVersion (5 bytes)
Event: 12.828 Thread 0x0000019c63c8e6d0 nmethod 7641 0x0000019c547f3510 code [0x0000019c547f36a0, 0x0000019c547f3778]
Event: 12.828 Thread 0x0000019c63c8e6d0 7642       3       org.gradle.api.internal.AbstractNamedDomainObjectContainer::create (32 bytes)
Event: 12.828 Thread 0x0000019c63c8e6d0 nmethod 7642 0x0000019c4d5f1f10 code [0x0000019c4d5f2160, 0x0000019c4d5f2bc8]
Event: 12.829 Thread 0x0000019c63c8e6d0 7643       3       org.gradle.internal.reflect.JavaReflectionUtil::getWrapperTypeForPrimitiveType (101 bytes)
Event: 12.830 Thread 0x0000019c63c8e6d0 nmethod 7643 0x0000019c4d5f2f10 code [0x0000019c4d5f3240, 0x0000019c4d5f4558]
Event: 12.830 Thread 0x0000019c63c8e6d0 7644       1       kotlin.collections.ArrayDeque::getSize (5 bytes)
Event: 12.830 Thread 0x0000019c63c8e6d0 nmethod 7644 0x0000019c547f3810 code [0x0000019c547f39a0, 0x0000019c547f3a78]

GC Heap History (20 events):
Event: 7.318 GC heap before
{Heap before GC invocations=13 (full 0):
 garbage-first heap   total 102400K, used 73072K [0x0000000080000000, 0x0000000100000000)
  region size 1024K, 44 young (45056K), 1 survivors (1024K)
 Metaspace       used 47492K, committed 47872K, reserved 1097728K
  class space    used 6239K, committed 6400K, reserved 1048576K
}
Event: 7.328 GC heap after
{Heap after GC invocations=14 (full 0):
 garbage-first heap   total 102400K, used 30612K [0x0000000080000000, 0x0000000100000000)
  region size 1024K, 4 young (4096K), 4 survivors (4096K)
 Metaspace       used 47492K, committed 47872K, reserved 1097728K
  class space    used 6239K, committed 6400K, reserved 1048576K
}
Event: 8.235 GC heap before
{Heap before GC invocations=14 (full 0):
 garbage-first heap   total 102400K, used 73620K [0x0000000080000000, 0x0000000100000000)
  region size 1024K, 47 young (48128K), 4 survivors (4096K)
 Metaspace       used 49795K, committed 50176K, reserved 1097728K
  class space    used 6537K, committed 6720K, reserved 1048576K
}
Event: 8.240 GC heap after
{Heap after GC invocations=15 (full 0):
 garbage-first heap   total 102400K, used 33545K [0x0000000080000000, 0x0000000100000000)
  region size 1024K, 6 young (6144K), 6 survivors (6144K)
 Metaspace       used 49795K, committed 50176K, reserved 1097728K
  class space    used 6537K, committed 6720K, reserved 1048576K
}
Event: 8.941 GC heap before
{Heap before GC invocations=15 (full 0):
 garbage-first heap   total 102400K, used 87817K [0x0000000080000000, 0x0000000100000000)
  region size 1024K, 49 young (50176K), 6 survivors (6144K)
 Metaspace       used 54230K, committed 54720K, reserved 1097728K
  class space    used 7108K, committed 7360K, reserved 1048576K
}
Event: 8.949 GC heap after
{Heap after GC invocations=16 (full 0):
 garbage-first heap   total 103424K, used 52796K [0x0000000080000000, 0x0000000100000000)
  region size 1024K, 7 young (7168K), 7 survivors (7168K)
 Metaspace       used 54230K, committed 54720K, reserved 1097728K
  class space    used 7108K, committed 7360K, reserved 1048576K
}
Event: 9.583 GC heap before
{Heap before GC invocations=16 (full 0):
 garbage-first heap   total 103424K, used 82492K [0x0000000080000000, 0x0000000100000000)
  region size 1024K, 36 young (36864K), 7 survivors (7168K)
 Metaspace       used 59806K, committed 60288K, reserved 1105920K
  class space    used 7828K, committed 8064K, reserved 1048576K
}
Event: 9.589 GC heap after
{Heap after GC invocations=17 (full 0):
 garbage-first heap   total 103424K, used 54518K [0x0000000080000000, 0x0000000100000000)
  region size 1024K, 2 young (2048K), 2 survivors (2048K)
 Metaspace       used 59806K, committed 60288K, reserved 1105920K
  class space    used 7828K, committed 8064K, reserved 1048576K
}
Event: 10.131 GC heap before
{Heap before GC invocations=17 (full 0):
 garbage-first heap   total 103424K, used 83190K [0x0000000080000000, 0x0000000100000000)
  region size 1024K, 31 young (31744K), 2 survivors (2048K)
 Metaspace       used 63820K, committed 64256K, reserved 1105920K
  class space    used 8328K, committed 8512K, reserved 1048576K
}
Event: 10.136 GC heap after
{Heap after GC invocations=18 (full 0):
 garbage-first heap   total 103424K, used 57822K [0x0000000080000000, 0x0000000100000000)
  region size 1024K, 4 young (4096K), 4 survivors (4096K)
 Metaspace       used 63820K, committed 64256K, reserved 1105920K
  class space    used 8328K, committed 8512K, reserved 1048576K
}
Event: 10.506 GC heap before
{Heap before GC invocations=19 (full 0):
 garbage-first heap   total 103424K, used 76254K [0x0000000080000000, 0x0000000100000000)
  region size 1024K, 24 young (24576K), 4 survivors (4096K)
 Metaspace       used 65459K, committed 65856K, reserved 1105920K
  class space    used 8522K, committed 8704K, reserved 1048576K
}
Event: 10.513 GC heap after
{Heap after GC invocations=20 (full 0):
 garbage-first heap   total 103424K, used 59723K [0x0000000080000000, 0x0000000100000000)
  region size 1024K, 2 young (2048K), 2 survivors (2048K)
 Metaspace       used 65459K, committed 65856K, reserved 1105920K
  class space    used 8522K, committed 8704K, reserved 1048576K
}
Event: 11.027 GC heap before
{Heap before GC invocations=21 (full 0):
 garbage-first heap   total 107520K, used 85323K [0x0000000080000000, 0x0000000100000000)
  region size 1024K, 26 young (26624K), 2 survivors (2048K)
 Metaspace       used 68280K, committed 68800K, reserved 1114112K
  class space    used 8917K, committed 9152K, reserved 1048576K
}
Event: 11.031 GC heap after
{Heap after GC invocations=22 (full 0):
 garbage-first heap   total 107520K, used 60419K [0x0000000080000000, 0x0000000100000000)
  region size 1024K, 3 young (3072K), 3 survivors (3072K)
 Metaspace       used 68280K, committed 68800K, reserved 1114112K
  class space    used 8917K, committed 9152K, reserved 1048576K
}
Event: 11.518 GC heap before
{Heap before GC invocations=22 (full 0):
 garbage-first heap   total 107520K, used 88067K [0x0000000080000000, 0x0000000100000000)
  region size 1024K, 30 young (30720K), 3 survivors (3072K)
 Metaspace       used 69129K, committed 69632K, reserved 1114112K
  class space    used 9019K, committed 9280K, reserved 1048576K
}
Event: 11.523 GC heap after
{Heap after GC invocations=23 (full 0):
 garbage-first heap   total 107520K, used 63338K [0x0000000080000000, 0x0000000100000000)
  region size 1024K, 4 young (4096K), 4 survivors (4096K)
 Metaspace       used 69129K, committed 69632K, reserved 1114112K
  class space    used 9019K, committed 9280K, reserved 1048576K
}
Event: 12.057 GC heap before
{Heap before GC invocations=24 (full 0):
 garbage-first heap   total 112640K, used 87914K [0x0000000080000000, 0x0000000100000000)
  region size 1024K, 29 young (29696K), 4 survivors (4096K)
 Metaspace       used 70806K, committed 71360K, reserved 1114112K
  class space    used 9266K, committed 9536K, reserved 1048576K
}
Event: 12.065 GC heap after
{Heap after GC invocations=25 (full 0):
 garbage-first heap   total 112640K, used 65871K [0x0000000080000000, 0x0000000100000000)
  region size 1024K, 3 young (3072K), 3 survivors (3072K)
 Metaspace       used 70806K, committed 71360K, reserved 1114112K
  class space    used 9266K, committed 9536K, reserved 1048576K
}
Event: 12.615 GC heap before
{Heap before GC invocations=25 (full 0):
 garbage-first heap   total 112640K, used 93519K [0x0000000080000000, 0x0000000100000000)
  region size 1024K, 30 young (30720K), 3 survivors (3072K)
 Metaspace       used 74385K, committed 74944K, reserved 1114112K
  class space    used 9927K, committed 10176K, reserved 1048576K
}
Event: 12.621 GC heap after
{Heap after GC invocations=26 (full 0):
 garbage-first heap   total 135168K, used 67813K [0x0000000080000000, 0x0000000100000000)
  region size 1024K, 2 young (2048K), 2 survivors (2048K)
 Metaspace       used 74385K, committed 74944K, reserved 1114112K
  class space    used 9927K, committed 10176K, reserved 1048576K
}

Dll operation events (2 events):
Event: 0.012 Loaded shared library D:\android studio\jbr\bin\java.dll
Event: 0.705 Loaded shared library D:\android studio\jbr\bin\verify.dll

Deoptimization events (20 events):
Event: 11.752 Thread 0x0000019c66ed2ef0 DEOPT PACKING pc=0x0000019c54691fb0 sp=0x000000981faf74f0
Event: 11.752 Thread 0x0000019c66ed2ef0 DEOPT UNPACKING pc=0x0000019c53e769a3 sp=0x000000981faf74a8 mode 2
Event: 11.752 Thread 0x0000019c66ed2ef0 Uncommon trap: trap_request=0xffffff45 fr.pc=0x0000019c54693134 relative=0x00000000000006d4
Event: 11.752 Thread 0x0000019c66ed2ef0 Uncommon trap: reason=unstable_if action=reinterpret pc=0x0000019c54693134 method=org.gradle.util.internal.SimpleMapInterner.intern(Ljava/lang/String;)Ljava/lang/String; @ 1 c2
Event: 11.752 Thread 0x0000019c66ed2ef0 DEOPT PACKING pc=0x0000019c54693134 sp=0x000000981faf7480
Event: 11.752 Thread 0x0000019c66ed2ef0 DEOPT UNPACKING pc=0x0000019c53e769a3 sp=0x000000981faf7438 mode 2
Event: 12.031 Thread 0x0000019c66ed2ef0 DEOPT PACKING pc=0x0000019c4cc882f6 sp=0x000000981faf8a30
Event: 12.031 Thread 0x0000019c66ed2ef0 DEOPT UNPACKING pc=0x0000019c53e77143 sp=0x000000981faf7fd0 mode 0
Event: 12.069 Thread 0x0000019c66ed2ef0 Uncommon trap: trap_request=0xffffff45 fr.pc=0x0000019c54700ed4 relative=0x0000000000000214
Event: 12.069 Thread 0x0000019c66ed2ef0 Uncommon trap: reason=unstable_if action=reinterpret pc=0x0000019c54700ed4 method=java.lang.ThreadLocal$ThreadLocalMap.getEntryAfterMiss(Ljava/lang/ThreadLocal;ILjava/lang/ThreadLocal$ThreadLocalMap$Entry;)Ljava/lang/ThreadLocal$ThreadLocalMap$Entry; @ 30
Event: 12.069 Thread 0x0000019c66ed2ef0 DEOPT PACKING pc=0x0000019c54700ed4 sp=0x000000981faf8a70
Event: 12.069 Thread 0x0000019c66ed2ef0 DEOPT UNPACKING pc=0x0000019c53e769a3 sp=0x000000981faf88f8 mode 2
Event: 12.579 Thread 0x0000019c66ed2ef0 Uncommon trap: trap_request=0xffffffde fr.pc=0x0000019c544b4464 relative=0x0000000000000d84
Event: 12.579 Thread 0x0000019c66ed2ef0 Uncommon trap: reason=class_check action=maybe_recompile pc=0x0000019c544b4464 method=org.gradle.internal.instantiation.generator.AbstractClassGenerator$InjectionAnnotationValidator.validateMethod(Ljava/lang/reflect/Method;Lorg/gradle/internal/reflect/Pro
Event: 12.579 Thread 0x0000019c66ed2ef0 DEOPT PACKING pc=0x0000019c544b4464 sp=0x000000981faf8cb0
Event: 12.579 Thread 0x0000019c66ed2ef0 DEOPT UNPACKING pc=0x0000019c53e769a3 sp=0x000000981faf8c78 mode 2
Event: 12.742 Thread 0x0000019c66ed2ef0 Uncommon trap: trap_request=0xffffff45 fr.pc=0x0000019c546c3b78 relative=0x00000000000013d8
Event: 12.742 Thread 0x0000019c66ed2ef0 Uncommon trap: reason=unstable_if action=reinterpret pc=0x0000019c546c3b78 method=java.util.concurrent.ConcurrentHashMap.putVal(Ljava/lang/Object;Ljava/lang/Object;Z)Ljava/lang/Object; @ 245 c2
Event: 12.742 Thread 0x0000019c66ed2ef0 DEOPT PACKING pc=0x0000019c546c3b78 sp=0x000000981faf8240
Event: 12.742 Thread 0x0000019c66ed2ef0 DEOPT UNPACKING pc=0x0000019c53e769a3 sp=0x000000981faf81c8 mode 2

Classes unloaded (0 events):
No events

Classes redefined (0 events):
No events

Internal exceptions (20 events):
Event: 11.723 Thread 0x0000019c66ed2ef0 Exception <a 'java/lang/ClassNotFoundException'{0x0000000086144be8}: com/android/build/gradle/internal/dsl/decorator/LockableSetBeanInfo> (0x0000000086144be8) 
thrown [s\src\hotspot\share\classfile\systemDictionary.cpp, line 256]
Event: 11.724 Thread 0x0000019c66ed2ef0 Exception <a 'java/lang/ClassNotFoundException'{0x000000008614cef0}: java/util/AbstractSetBeanInfo> (0x000000008614cef0) 
thrown [s\src\hotspot\share\classfile\systemDictionary.cpp, line 256]
Event: 11.725 Thread 0x0000019c66ed2ef0 Exception <a 'java/lang/ClassNotFoundException'{0x00000000861551f8}: java/util/AbstractSetCustomizer> (0x00000000861551f8) 
thrown [s\src\hotspot\share\classfile\systemDictionary.cpp, line 256]
Event: 11.727 Thread 0x0000019c66ed2ef0 Exception <a 'java/lang/ClassNotFoundException'{0x00000000861655f8}: com/android/build/gradle/internal/dsl/decorator/LockableSetCustomizer> (0x00000000861655f8) 
thrown [s\src\hotspot\share\classfile\systemDictionary.cpp, line 256]
Event: 11.740 Thread 0x0000019c66ed2ef0 Exception <a 'java/lang/ClassNotFoundException'{0x00000000861d5d20}: org/gradle/api/internal/artifacts/dsl/dependencies/DefaultDependencyHandler_DecoratedBeanInfo> (0x00000000861d5d20) 
thrown [s\src\hotspot\share\classfile\systemDictionary.cpp, line 256]
Event: 11.742 Thread 0x0000019c66ed2ef0 Exception <a 'java/lang/ClassNotFoundException'{0x00000000861ebff8}: org/gradle/api/internal/artifacts/dsl/dependencies/DefaultDependencyHandlerBeanInfo> (0x00000000861ebff8) 
thrown [s\src\hotspot\share\classfile\systemDictionary.cpp, line 256]
Event: 11.743 Thread 0x0000019c66ed2ef0 Exception <a 'java/lang/ClassNotFoundException'{0x0000000086002210}: org/gradle/api/internal/artifacts/dsl/dependencies/DefaultDependencyHandlerCustomizer> (0x0000000086002210) 
thrown [s\src\hotspot\share\classfile\systemDictionary.cpp, line 256]
Event: 11.747 Thread 0x0000019c66ed2ef0 Exception <a 'java/lang/ClassNotFoundException'{0x000000008603c5c0}: org/gradle/api/internal/artifacts/dsl/dependencies/DefaultDependencyHandler_DecoratedCustomizer> (0x000000008603c5c0) 
thrown [s\src\hotspot\share\classfile\systemDictionary.cpp, line 256]
Event: 11.752 Thread 0x0000019c66ed2ef0 Implicit null exception at 0x0000019c54691912 to 0x0000019c54691fa0
Event: 11.752 Thread 0x0000019c66ed2ef0 Implicit null exception at 0x0000019c54692a94 to 0x0000019c5469311c
Event: 12.658 Thread 0x0000019c66ed2ef0 Exception <a 'java/lang/ClassNotFoundException'{0x000000008cccf178}: com/android/build/gradle/internal/api/ApkVariantOutputImpl_DecoratedBeanInfo> (0x000000008cccf178) 
thrown [s\src\hotspot\share\classfile\systemDictionary.cpp, line 256]
Event: 12.659 Thread 0x0000019c66ed2ef0 Exception <a 'java/lang/ClassNotFoundException'{0x000000008ccda778}: com/android/build/gradle/internal/api/ApkVariantOutputImplBeanInfo> (0x000000008ccda778) 
thrown [s\src\hotspot\share\classfile\systemDictionary.cpp, line 256]
Event: 12.659 Thread 0x0000019c66ed2ef0 Exception <a 'java/lang/ClassNotFoundException'{0x000000008cce5d88}: com/android/build/gradle/internal/api/BaseVariantOutputImplBeanInfo> (0x000000008cce5d88) 
thrown [s\src\hotspot\share\classfile\systemDictionary.cpp, line 256]
Event: 12.660 Thread 0x0000019c66ed2ef0 Exception <a 'java/lang/ClassNotFoundException'{0x000000008ccf1370}: com/android/build/gradle/internal/api/BaseVariantOutputImplCustomizer> (0x000000008ccf1370) 
thrown [s\src\hotspot\share\classfile\systemDictionary.cpp, line 256]
Event: 12.661 Thread 0x0000019c66ed2ef0 Exception <a 'java/lang/ClassNotFoundException'{0x000000008cb0fd18}: com/android/build/gradle/internal/api/ApkVariantOutputImplCustomizer> (0x000000008cb0fd18) 
thrown [s\src\hotspot\share\classfile\systemDictionary.cpp, line 256]
Event: 12.662 Thread 0x0000019c66ed2ef0 Exception <a 'java/lang/ClassNotFoundException'{0x000000008cb291a0}: com/android/build/gradle/internal/api/ApkVariantOutputImpl_DecoratedCustomizer> (0x000000008cb291a0) 
thrown [s\src\hotspot\share\classfile\systemDictionary.cpp, line 256]
Event: 12.757 Thread 0x0000019c66ed2ef0 Exception <a 'java/lang/ClassNotFoundException'{0x000000008c7ba918}: com/android/build/gradle/internal/api/ReadOnlyBuildTypeBeanInfo> (0x000000008c7ba918) 
thrown [s\src\hotspot\share\classfile\systemDictionary.cpp, line 256]
Event: 12.758 Thread 0x0000019c66ed2ef0 Exception <a 'java/lang/ClassNotFoundException'{0x000000008c7c6168}: com/android/build/gradle/internal/api/ReadOnlyBaseConfigBeanInfo> (0x000000008c7c6168) 
thrown [s\src\hotspot\share\classfile\systemDictionary.cpp, line 256]
Event: 12.759 Thread 0x0000019c66ed2ef0 Exception <a 'java/lang/ClassNotFoundException'{0x000000008c7d1730}: com/android/build/gradle/internal/api/ReadOnlyBaseConfigCustomizer> (0x000000008c7d1730) 
thrown [s\src\hotspot\share\classfile\systemDictionary.cpp, line 256]
Event: 12.760 Thread 0x0000019c66ed2ef0 Exception <a 'java/lang/ClassNotFoundException'{0x000000008c7ed978}: com/android/build/gradle/internal/api/ReadOnlyBuildTypeCustomizer> (0x000000008c7ed978) 
thrown [s\src\hotspot\share\classfile\systemDictionary.cpp, line 256]

VM Operations (20 events):
Event: 11.635 Executing VM operation: G1Concurrent
Event: 11.635 Executing VM operation: G1Concurrent done
Event: 11.729 Executing VM operation: HandshakeAllThreads
Event: 11.730 Executing VM operation: HandshakeAllThreads done
Event: 11.790 Executing VM operation: HandshakeAllThreads
Event: 11.791 Executing VM operation: HandshakeAllThreads done
Event: 12.057 Executing VM operation: G1CollectForAllocation
Event: 12.065 Executing VM operation: G1CollectForAllocation done
Event: 12.416 Executing VM operation: HandshakeAllThreads
Event: 12.416 Executing VM operation: HandshakeAllThreads done
Event: 12.615 Executing VM operation: G1CollectForAllocation
Event: 12.621 Executing VM operation: G1CollectForAllocation done
Event: 12.687 Executing VM operation: G1Concurrent
Event: 12.692 Executing VM operation: G1Concurrent done
Event: 12.705 Executing VM operation: HandshakeAllThreads
Event: 12.705 Executing VM operation: HandshakeAllThreads done
Event: 12.723 Executing VM operation: G1Concurrent
Event: 12.723 Executing VM operation: G1Concurrent done
Event: 12.742 Executing VM operation: HandshakeAllThreads
Event: 12.742 Executing VM operation: HandshakeAllThreads done

Events (20 events):
Event: 10.834 loading class java/time/format/DateTimeFormatterBuilder$WeekBasedFieldPrinterParser done
Event: 10.848 loading class com/sun/jmx/mbeanserver/StandardMBeanSupport
Event: 10.848 loading class com/sun/jmx/mbeanserver/StandardMBeanSupport done
Event: 10.849 loading class com/sun/jmx/mbeanserver/StandardMBeanIntrospector
Event: 10.849 loading class com/sun/jmx/mbeanserver/StandardMBeanIntrospector done
Event: 11.446 loading class java/beans/IntrospectionException
Event: 11.446 loading class java/beans/IntrospectionException done
Event: 11.723 loading class java/util/AbstractSetBeanInfo
Event: 11.723 loading class java/util/AbstractSetBeanInfo done
Event: 11.724 loading class java/util/AbstractSetBeanInfo
Event: 11.724 loading class java/util/AbstractSetBeanInfo done
Event: 11.724 loading class java/util/AbstractSetCustomizer
Event: 11.724 loading class java/util/AbstractSetCustomizer done
Event: 11.725 loading class java/util/AbstractSetCustomizer
Event: 11.725 loading class java/util/AbstractSetCustomizer done
Event: 12.696 loading class java/util/concurrent/LinkedBlockingDeque$Itr
Event: 12.696 loading class java/util/concurrent/LinkedBlockingDeque$AbstractItr
Event: 12.696 loading class java/util/concurrent/LinkedBlockingDeque$AbstractItr done
Event: 12.696 loading class java/util/concurrent/LinkedBlockingDeque$Itr done
Event: 12.748 Thread 0x0000019c63c92a60 flushing nmethod 0x0000019c4ccc2910


Dynamic libraries:
0x00007ff6aa360000 - 0x00007ff6aa36a000 	D:\android studio\jbr\bin\java.exe
0x00007ffa210b0000 - 0x00007ffa212c7000 	C:\WINDOWS\SYSTEM32\ntdll.dll
0x00007ffa20580000 - 0x00007ffa20644000 	C:\WINDOWS\System32\KERNEL32.DLL
0x00007ffa1e4a0000 - 0x00007ffa1e846000 	C:\WINDOWS\System32\KERNELBASE.dll
0x00007ffa1eb90000 - 0x00007ffa1eca1000 	C:\WINDOWS\System32\ucrtbase.dll
0x00007ff9e3660000 - 0x00007ff9e3677000 	D:\android studio\jbr\bin\jli.dll
0x00007ffa08dc0000 - 0x00007ffa08ddb000 	D:\android studio\jbr\bin\VCRUNTIME140.dll
0x00007ffa1f280000 - 0x00007ffa1f42d000 	C:\WINDOWS\System32\USER32.dll
0x00007ffa1e9f0000 - 0x00007ffa1ea16000 	C:\WINDOWS\System32\win32u.dll
0x00007ffa20d80000 - 0x00007ffa20da9000 	C:\WINDOWS\System32\GDI32.dll
0x00007ffa02e80000 - 0x00007ffa03113000 	C:\WINDOWS\WinSxS\amd64_microsoft.windows.common-controls_6595b64144ccf1df_6.0.22621.2361_none_2712ced57382f843\COMCTL32.dll
0x00007ffa1e8d0000 - 0x00007ffa1e9e8000 	C:\WINDOWS\System32\gdi32full.dll
0x00007ffa20cd0000 - 0x00007ffa20d77000 	C:\WINDOWS\System32\msvcrt.dll
0x00007ffa1ecb0000 - 0x00007ffa1ed4a000 	C:\WINDOWS\System32\msvcp_win.dll
0x00007ffa20490000 - 0x00007ffa204c1000 	C:\WINDOWS\System32\IMM32.DLL
0x00007ffa08d80000 - 0x00007ffa08d8c000 	D:\android studio\jbr\bin\vcruntime140_1.dll
0x00007ff9f79f0000 - 0x00007ff9f7a7d000 	D:\android studio\jbr\bin\msvcp140.dll
0x00007ff977ee0000 - 0x00007ff978b4e000 	D:\android studio\jbr\bin\server\jvm.dll
0x00007ffa204d0000 - 0x00007ffa20580000 	C:\WINDOWS\System32\ADVAPI32.dll
0x00007ffa209e0000 - 0x00007ffa20a86000 	C:\WINDOWS\System32\sechost.dll
0x00007ffa201b0000 - 0x00007ffa202c7000 	C:\WINDOWS\System32\RPCRT4.dll
0x00007ffa033d0000 - 0x00007ffa033d9000 	C:\WINDOWS\SYSTEM32\WSOCK32.dll
0x00007ffa20db0000 - 0x00007ffa20e21000 	C:\WINDOWS\System32\WS2_32.dll
0x00007ffa17680000 - 0x00007ffa176b4000 	C:\WINDOWS\SYSTEM32\WINMM.dll
0x00007ffa18370000 - 0x00007ffa1837a000 	C:\WINDOWS\SYSTEM32\VERSION.dll
0x00007ffa1d470000 - 0x00007ffa1d488000 	C:\WINDOWS\SYSTEM32\kernel.appcore.dll
0x00007ffa07e50000 - 0x00007ffa07e5a000 	D:\android studio\jbr\bin\jimage.dll
0x00007ffa1bd80000 - 0x00007ffa1bfae000 	C:\WINDOWS\SYSTEM32\DBGHELP.DLL
0x00007ffa20650000 - 0x00007ffa209da000 	C:\WINDOWS\System32\combase.dll
0x00007ffa20e30000 - 0x00007ffa20f07000 	C:\WINDOWS\System32\OLEAUT32.dll
0x00007ffa02780000 - 0x00007ffa027b2000 	C:\WINDOWS\SYSTEM32\dbgcore.DLL
0x00007ffa1e850000 - 0x00007ffa1e8ca000 	C:\WINDOWS\System32\bcryptPrimitives.dll
0x00007ff9f7080000 - 0x00007ff9f70a5000 	D:\android studio\jbr\bin\java.dll
0x00007ff9f00e0000 - 0x00007ff9f00f8000 	D:\android studio\jbr\bin\zip.dll
0x00007ffa1f4b0000 - 0x00007ffa1fd08000 	C:\WINDOWS\System32\SHELL32.dll
0x00007ffa1c390000 - 0x00007ffa1cc82000 	C:\WINDOWS\SYSTEM32\windows.storage.dll
0x00007ffa1c250000 - 0x00007ffa1c38e000 	C:\WINDOWS\SYSTEM32\wintypes.dll
0x00007ffa20f70000 - 0x00007ffa21063000 	C:\WINDOWS\System32\SHCORE.dll
0x00007ffa20f10000 - 0x00007ffa20f6e000 	C:\WINDOWS\System32\shlwapi.dll
0x00007ffa1e360000 - 0x00007ffa1e386000 	C:\WINDOWS\SYSTEM32\profapi.dll
0x00007ff9f00c0000 - 0x00007ff9f00d9000 	D:\android studio\jbr\bin\net.dll
0x00007ffa17950000 - 0x00007ffa17a87000 	C:\WINDOWS\SYSTEM32\WINHTTP.dll
0x00007ffa1d8f0000 - 0x00007ffa1d959000 	C:\WINDOWS\system32\mswsock.dll
0x00007ff9e8bf0000 - 0x00007ff9e8c06000 	D:\android studio\jbr\bin\nio.dll
0x00007ff9fcf10000 - 0x00007ff9fcf20000 	D:\android studio\jbr\bin\verify.dll
0x00007ffa06b60000 - 0x00007ffa06b87000 	C:\Users\hachem safae\.gradle\native\e1d6ef7f7dcc3fd88c89a11ec53ec762bb8ba0a96d01ffa2cd45eb1d1d8dd5c5\windows-amd64\native-platform.dll
0x00007ff984f40000 - 0x00007ff985084000 	C:\Users\hachem safae\.gradle\native\5664cfc778a61ccfe75a443a1ab52a65af34e5dc3c78e0209fed803814484fcb\windows-amd64\native-platform-file-events.dll
0x00007ff9f7850000 - 0x00007ff9f7859000 	D:\android studio\jbr\bin\management.dll
0x00007ff9f7070000 - 0x00007ff9f707b000 	D:\android studio\jbr\bin\management_ext.dll
0x00007ffa20bf0000 - 0x00007ffa20bf8000 	C:\WINDOWS\System32\PSAPI.DLL
0x00007ffa1db40000 - 0x00007ffa1db5b000 	C:\WINDOWS\SYSTEM32\CRYPTSP.dll
0x00007ffa1d3d0000 - 0x00007ffa1d405000 	C:\WINDOWS\system32\rsaenh.dll
0x00007ffa1d9e0000 - 0x00007ffa1da0c000 	C:\WINDOWS\SYSTEM32\USERENV.dll
0x00007ffa1dd00000 - 0x00007ffa1dd28000 	C:\WINDOWS\SYSTEM32\bcrypt.dll
0x00007ffa1db60000 - 0x00007ffa1db6c000 	C:\WINDOWS\SYSTEM32\CRYPTBASE.dll
0x00007ffa1cef0000 - 0x00007ffa1cf1d000 	C:\WINDOWS\SYSTEM32\IPHLPAPI.DLL
0x00007ffa201a0000 - 0x00007ffa201a9000 	C:\WINDOWS\System32\NSI.dll
0x00007ffa17660000 - 0x00007ffa17679000 	C:\WINDOWS\SYSTEM32\dhcpcsvc6.DLL
0x00007ffa17640000 - 0x00007ffa1765f000 	C:\WINDOWS\SYSTEM32\dhcpcsvc.DLL
0x00007ffa1cf60000 - 0x00007ffa1d059000 	C:\WINDOWS\SYSTEM32\DNSAPI.dll
0x00007ff9f34e0000 - 0x00007ff9f34e8000 	C:\WINDOWS\system32\wshunix.dll

dbghelp: loaded successfully - version: 4.0.5 - missing functions: none
symbol engine: initialized successfully - sym options: 0x614 - pdb path: .;D:\android studio\jbr\bin;C:\WINDOWS\SYSTEM32;C:\WINDOWS\WinSxS\amd64_microsoft.windows.common-controls_6595b64144ccf1df_6.0.22621.2361_none_2712ced57382f843;D:\android studio\jbr\bin\server;C:\Users\hachem safae\.gradle\native\e1d6ef7f7dcc3fd88c89a11ec53ec762bb8ba0a96d01ffa2cd45eb1d1d8dd5c5\windows-amd64;C:\Users\hachem safae\.gradle\native\5664cfc778a61ccfe75a443a1ab52a65af34e5dc3c78e0209fed803814484fcb\windows-amd64

VM Arguments:
jvm_args: --add-opens=java.base/java.util=ALL-UNNAMED --add-opens=java.base/java.lang=ALL-UNNAMED --add-opens=java.base/java.lang.invoke=ALL-UNNAMED --add-opens=java.base/java.util=ALL-UNNAMED --add-opens=java.prefs/java.util.prefs=ALL-UNNAMED --add-opens=java.prefs/java.util.prefs=ALL-UNNAMED --add-opens=java.base/java.nio.charset=ALL-UNNAMED --add-opens=java.base/java.net=ALL-UNNAMED --add-opens=java.base/java.util.concurrent.atomic=ALL-UNNAMED -Xmx2048m -Dfile.encoding=UTF-8 -Duser.country=FR -Duser.language=fr -Duser.variant 
java_command: org.gradle.launcher.daemon.bootstrap.GradleDaemon 7.3.3
java_class_path (initial): C:\Users\hachem safae\.gradle\wrapper\dists\gradle-7.3.3-bin\6a41zxkdtcxs8rphpq6y0069z\gradle-7.3.3\lib\gradle-launcher-7.3.3.jar
Launcher Type: SUN_STANDARD

[Global flags]
     intx CICompilerCount                          = 4                                         {product} {ergonomic}
     uint ConcGCThreads                            = 2                                         {product} {ergonomic}
     uint G1ConcRefinementThreads                  = 8                                         {product} {ergonomic}
   size_t G1HeapRegionSize                         = 1048576                                   {product} {ergonomic}
    uintx GCDrainStackTargetSize                   = 64                                        {product} {ergonomic}
   size_t InitialHeapSize                          = 266338304                                 {product} {ergonomic}
   size_t MarkStackSize                            = 4194304                                   {product} {ergonomic}
   size_t MaxHeapSize                              = 2147483648                                {product} {command line}
   size_t MaxNewSize                               = 1287651328                                {product} {ergonomic}
   size_t MinHeapDeltaBytes                        = 1048576                                   {product} {ergonomic}
   size_t MinHeapSize                              = 8388608                                   {product} {ergonomic}
    uintx NonNMethodCodeHeapSize                   = 5839372                                {pd product} {ergonomic}
    uintx NonProfiledCodeHeapSize                  = 122909434                              {pd product} {ergonomic}
    uintx ProfiledCodeHeapSize                     = 122909434                              {pd product} {ergonomic}
    uintx ReservedCodeCacheSize                    = 251658240                              {pd product} {ergonomic}
     bool SegmentedCodeCache                       = true                                      {product} {ergonomic}
   size_t SoftMaxHeapSize                          = 2147483648                             {manageable} {ergonomic}
     bool UseCompressedClassPointers               = true                           {product lp64_product} {ergonomic}
     bool UseCompressedOops                        = true                           {product lp64_product} {ergonomic}
     bool UseG1GC                                  = true                                      {product} {ergonomic}
     bool UseLargePagesIndividualAllocation        = false                                  {pd product} {ergonomic}

Logging:
Log output configuration:
 #0: stdout all=warning uptime,level,tags
 #1: stderr all=off uptime,level,tags

Environment Variables:
JAVA_HOME=C:\Program Files\Java\jdk-11
PATH=C:\Program Files (x86)\Common Files\Oracle\Java\javapath;C:\Program Files (x86)\VMware\VMware Workstation\bin\;D:\oraclexe\app\oracle\product\11.2.0\server\bin;C:\Program Files\Common Files\Oracle\Java\javapath;C:\WINDOWS\system32;C:\WINDOWS;C:\WINDOWS\System32\Wbem;C:\WINDOWS\System32\WindowsPowerShell\v1.0\;C:\WINDOWS\System32\OpenSSH\;c:\Program Files (x86)\Microsoft SQL Server\100\Tools\Binn\;c:\Program Files\Microsoft SQL Server\100\Tools\Binn\;c:\Program Files\Microsoft SQL Server\100\DTS\Binn\;C:\Program Files\Java\jdk-11\bin;C:\Program Files\Java\jdk-19\bin;C:\Program Files\Common Files\Oracle\Java\javapath;C:\ProgramData\ComposerSetup\bin;D:\XAAMP\php\php.exe;D:\xamp\php;C:\Program Files\wkhtmltopdf\bin;D:\node;C:\Program Files\Git\cmd;C:\Program Files\nodejs\;C:\Program Files\MongoDB\Server\6.0\bin;D:\XAAMP\php;C:\Users\hachem safae\AppData\Local\Programs\Python\Python310\Scripts\;C:\Users\hachem safae\AppData\Local\Programs\Python\Python310\;C:\Program Files\MySQL\MySQL Shell 8.0\bin\;C:\Users\hachem safae\AppData\Local\Microsoft\WindowsApps;C:\Users\hachem safae\AppData\Roaming\Dashlane\6.2007.0.32704\bin\Firefox_Extension\{442718d9-475e-452a-b3e1-fb1ee16b8e9f}\components;C:\Users\hachem safae\AppData\Roaming\Dashlane\6.2007.0.32704\ucrt;C:\Users\hachem safae\AppData\Roaming\Dashlane\6.2007.0.32704\bin\Qt;C:\Users\hachem safae\AppData\Roaming\Dashlane\6.2007.0.32704\bin\Ssl;C:\Program Files\JetBrains\IntelliJ IDEA Community Edition 2020.2.2\bin;C:\Users\hachem safae\AppData\Local\Microsoft\WindowsApps;C:\Users\hachem safae\AppData\Local\Programs\Microsoft VS Code\bin;C:\Program Files\IntelliJ IDEA Community Edition 2022.3.2\bin;;C:\Users\hachem safae\AppData\Local\ComposerSetup\bin;C:\Users\hachem safae\AppData\Roaming\Composer\vendor\bin;C:\Users\hachem safae\AppData\Roaming\npm;D:\android2\platform-tools;D:\XAAMP\php;C:\wamp64\bin\php\php5.6.40;C:\
USERNAME=hachem safae
OS=Windows_NT
PROCESSOR_IDENTIFIER=Intel64 Family 6 Model 142 Stepping 12, GenuineIntel
TMP=C:\Users\HACHEM~1\AppData\Local\Temp
TEMP=C:\Users\HACHEM~1\AppData\Local\Temp


JNI global refs:
JNI global refs: 25, weak refs: 1

JNI global refs memory usage: 843, weak refs: 841


---------------  S Y S T E M  ---------------

OS:
 Windows 11 , 64 bit Build 22621 (10.0.22621.2428)
OS uptime: 0 days 15:08 hours

CPU: total 8 (initial active 8) (4 cores per cpu, 2 threads per core) family 6 model 142 stepping 12 microcode 0xf6, cx8, cmov, fxsr, ht, mmx, 3dnowpref, sse, sse2, sse3, ssse3, sse4.1, sse4.2, popcnt, lzcnt, tsc, tscinvbit, avx, avx2, aes, erms, clmul, bmi1, bmi2, adx, fma, vzeroupper, clflush, clflushopt

Memory: 4k page, system-wide physical 16194M (1769M free)
TotalPageFile size 18242M (AvailPageFile size 11M)
current process WorkingSet (physical memory assigned to process): 334M, peak: 339M
current process commit charge ("private bytes"): 385M, peak: 397M

vm_info: OpenJDK 64-Bit Server VM (17.0.6+0-b2043.56-10027231) for windows-amd64 JRE (17.0.6+0-b2043.56-10027231), built on Apr 28 2023 00:43:19 by "androidbuild" with MS VC++ 16.10 / 16.11 (VS2019)

END.
